#-----------------------------------------------------------
# Webtalk v2019.2 (64-bit)
# SW Build 2708876 on Wed Nov  6 21:40:23 MST 2019
# 
# Start of session at: Fri Nov 17 16:45:35 2023
# Process ID: 4112
# Current directory: F:/Ian_Jung/workplace/Harman_Vitis/webtalk
# Command line: wbtcv.exe -mode batch -source vitis_webtalk.tcl
# Log file: F:/Ian_Jung/workplace/Harman_Vitis/webtalk/webtalk.log
# Journal file: F:/Ian_Jung/workplace/Harman_Vitis/webtalk\webtalk.jou
#-----------------------------------------------------------
source vitis_webtalk.tcl
# webtalk_init -webtalk_dir F:\\Ian_Jung\\workplace\\Harman_Vitis\\webtalk
# webtalk_register_client -client project
# webtalk_add_data -client project -key date_generated -value "2023-11-17 16:45:33" -context "software_version_and_target_device"
# webtalk_add_data -client project -key product_version -value "Vitis v2019.2" -context "software_version_and_target_device"
# webtalk_add_data -client project -key build_version -value "2019.2" -context "software_version_and_target_device"
# webtalk_add_data -client project -key os_platform -value "amd64" -context "software_version_and_target_device"
# webtalk_add_data -client project -key registration_id -value "NA" -context "software_version_and_target_device"
# webtalk_add_data -client project -key tool_flow -value "Vitis" -context "software_version_and_target_device"
# webtalk_add_data -client project -key beta -value "false" -context "software_version_and_target_device"
# webtalk_add_data -client project -key route_design -value "NA" -context "software_version_and_target_device"
# webtalk_add_data -client project -key target_family -value "NA" -context "software_version_and_target_device"
# webtalk_add_data -client project -key target_device -value "NA" -context "software_version_and_target_device"
# webtalk_add_data -client project -key target_package -value "NA" -context "software_version_and_target_device"
# webtalk_add_data -client project -key target_speed -value "NA" -context "software_version_and_target_device"
# webtalk_add_data -client project -key random_id -value "8icthghnts0u11pt8q2fe5hcti" -context "software_version_and_target_device"
# webtalk_add_data -client project -key project_id -value "2019.2_1" -context "software_version_and_target_device"
# webtalk_add_data -client project -key project_iteration -value "1" -context "software_version_and_target_device"
# webtalk_add_data -client project -key os_name -value "Microsoft Windows 8 or later , 64-bit" -context "user_environment"
# webtalk_add_data -client project -key os_release -value "major release  (build 9200)" -context "user_environment"
# webtalk_add_data -client project -key cpu_name -value "Intel(R) Core(TM) i7-8750H CPU @ 2.20GHz" -context "user_environment"
# webtalk_add_data -client project -key cpu_speed -value "2208 MHz" -context "user_environment"
# webtalk_add_data -client project -key total_processors -value "1" -context "user_environment"
# webtalk_add_data -client project -key system_ram -value "17.016 GB" -context "user_environment"
# webtalk_register_client -client vitis
# webtalk_add_data -client vitis -key uid -value "1700180569883" -context "vitis\\\\platform/1700180569883"
# webtalk_add_data -client vitis -key platform_source -value "dsa" -context "vitis\\\\platform/1700180569883"
# webtalk_add_data -client vitis -key os -value "standalone" -context "vitis\\\\platform/1700180569883"
# webtalk_add_data -client vitis -key processor -value "microblaze" -context "vitis\\\\platform/1700180569883"
# webtalk_add_data -client vitis -key platform -value "NA" -context "vitis\\\\platform/1700180569883"
# webtalk_add_data -client vitis -key uid -value "1700181488480" -context "vitis\\\\application/1700181488480"
# webtalk_add_data -client vitis -key project_type -value "sdk" -context "vitis\\\\application/1700181488480"
# webtalk_add_data -client vitis -key os -value "standalone" -context "vitis\\\\application/1700181488480"
# webtalk_add_data -client vitis -key processor -value "microblaze_0" -context "vitis\\\\application/1700181488480"
# webtalk_add_data -client vitis -key runtime -value "C/C++" -context "vitis\\\\application/1700181488480"
# webtalk_add_data -client vitis -key template -value "empty" -context "vitis\\\\application/1700181488480"
# webtalk_add_data -client vitis -key platform -value "custom" -context "vitis\\\\application/1700181488480"
# webtalk_add_data -client vitis -key platform_type -value "fixed" -context "vitis\\\\application/1700181488480"
# webtalk_add_data -client vitis -key application_type -value "application" -context "vitis\\\\application/1700181488480"
# webtalk_add_data -client vitis -key platform_source -value "platform" -context "vitis\\\\application/1700181488480"
# webtalk_add_data -client vitis -key device_family -value "artix7" -context "vitis\\\\application/1700181488480"
# webtalk_add_data -client vitis -key fpga -value "xc7a35t" -context "vitis\\\\application/1700181488480"
# webtalk_add_data -client vitis -key uid -value "1700181622311" -context "vitis\\\\application/1700181622311"
# webtalk_add_data -client vitis -key project_type -value "sdk" -context "vitis\\\\application/1700181622311"
# webtalk_add_data -client vitis -key os -value "standalone" -context "vitis\\\\application/1700181622311"
# webtalk_add_data -client vitis -key processor -value "microblaze_0" -context "vitis\\\\application/1700181622311"
# webtalk_add_data -client vitis -key runtime -value "C/C++" -context "vitis\\\\application/1700181622311"
# webtalk_add_data -client vitis -key template -value "sdk" -context "vitis\\\\application/1700181622311"
# webtalk_add_data -client vitis -key platform -value "custom" -context "vitis\\\\application/1700181622311"
# webtalk_add_data -client vitis -key platform_type -value "fixed" -context "vitis\\\\application/1700181622311"
# webtalk_add_data -client vitis -key application_type -value "application" -context "vitis\\\\application/1700181622311"
# webtalk_add_data -client vitis -key platform_source -value "platform" -context "vitis\\\\application/1700181622311"
# webtalk_add_data -client vitis -key device_family -value "artix7" -context "vitis\\\\application/1700181622311"
# webtalk_add_data -client vitis -key fpga -value "xc7a35t" -context "vitis\\\\application/1700181622311"
# webtalk_add_data -client vitis -key uid -value "1700187185802" -context "vitis\\\\platform/1700187185802"
# webtalk_add_data -client vitis -key platform_source -value "dsa" -context "vitis\\\\platform/1700187185802"
# webtalk_add_data -client vitis -key os -value "standalone" -context "vitis\\\\platform/1700187185802"
# webtalk_add_data -client vitis -key processor -value "microblaze" -context "vitis\\\\platform/1700187185802"
# webtalk_add_data -client vitis -key platform -value "NA" -context "vitis\\\\platform/1700187185802"
# webtalk_add_data -client vitis -key uid -value "1700187360762" -context "vitis\\\\application/1700187360762"
# webtalk_add_data -client vitis -key project_type -value "sdk" -context "vitis\\\\application/1700187360762"
# webtalk_add_data -client vitis -key os -value "standalone" -context "vitis\\\\application/1700187360762"
# webtalk_add_data -client vitis -key processor -value "microblaze_0" -context "vitis\\\\application/1700187360762"
# webtalk_add_data -client vitis -key runtime -value "C/C++" -context "vitis\\\\application/1700187360762"
# webtalk_add_data -client vitis -key template -value "sdk" -context "vitis\\\\application/1700187360762"
# webtalk_add_data -client vitis -key platform -value "custom" -context "vitis\\\\application/1700187360762"
# webtalk_add_data -client vitis -key platform_type -value "fixed" -context "vitis\\\\application/1700187360762"
# webtalk_add_data -client vitis -key application_type -value "application" -context "vitis\\\\application/1700187360762"
# webtalk_add_data -client vitis -key platform_source -value "platform" -context "vitis\\\\application/1700187360762"
# webtalk_add_data -client vitis -key device_family -value "artix7" -context "vitis\\\\application/1700187360762"
# webtalk_add_data -client vitis -key fpga -value "xc7a35t" -context "vitis\\\\application/1700187360762"
# webtalk_add_data -client vitis -key uid -value "1700191958699" -context "vitis\\\\platform/1700191958699"
# webtalk_add_data -client vitis -key platform_source -value "dsa" -context "vitis\\\\platform/1700191958699"
# webtalk_add_data -client vitis -key os -value "standalone" -context "vitis\\\\platform/1700191958699"
# webtalk_add_data -client vitis -key processor -value "microblaze" -context "vitis\\\\platform/1700191958699"
# webtalk_add_data -client vitis -key platform -value "NA" -context "vitis\\\\platform/1700191958699"
# webtalk_add_data -client vitis -key uid -value "1700192026473" -context "vitis\\\\application/1700192026473"
# webtalk_add_data -client vitis -key project_type -value "sdk" -context "vitis\\\\application/1700192026473"
# webtalk_add_data -client vitis -key os -value "standalone" -context "vitis\\\\application/1700192026473"
# webtalk_add_data -client vitis -key processor -value "microblaze_0" -context "vitis\\\\application/1700192026473"
# webtalk_add_data -client vitis -key runtime -value "C/C++" -context "vitis\\\\application/1700192026473"
# webtalk_add_data -client vitis -key template -value "sdk" -context "vitis\\\\application/1700192026473"
# webtalk_add_data -client vitis -key platform -value "custom" -context "vitis\\\\application/1700192026473"
# webtalk_add_data -client vitis -key platform_type -value "fixed" -context "vitis\\\\application/1700192026473"
# webtalk_add_data -client vitis -key application_type -value "application" -context "vitis\\\\application/1700192026473"
# webtalk_add_data -client vitis -key platform_source -value "platform" -context "vitis\\\\application/1700192026473"
# webtalk_add_data -client vitis -key device_family -value "artix7" -context "vitis\\\\application/1700192026473"
# webtalk_add_data -client vitis -key fpga -value "xc7a35t" -context "vitis\\\\application/1700192026473"
# webtalk_add_data -client vitis -key uid -value "1700196872701" -context "vitis\\\\platform/1700196872701"
# webtalk_add_data -client vitis -key platform_source -value "dsa" -context "vitis\\\\platform/1700196872701"
# webtalk_add_data -client vitis -key os -value "standalone" -context "vitis\\\\platform/1700196872701"
# webtalk_add_data -client vitis -key processor -value "microblaze" -context "vitis\\\\platform/1700196872701"
# webtalk_add_data -client vitis -key platform -value "NA" -context "vitis\\\\platform/1700196872701"
# webtalk_add_data -client vitis -key uid -value "1700196952148" -context "vitis\\\\application/1700196952148"
# webtalk_add_data -client vitis -key project_type -value "sdk" -context "vitis\\\\application/1700196952148"
# webtalk_add_data -client vitis -key os -value "standalone" -context "vitis\\\\application/1700196952148"
# webtalk_add_data -client vitis -key processor -value "microblaze_0" -context "vitis\\\\application/1700196952148"
# webtalk_add_data -client vitis -key runtime -value "C/C++" -context "vitis\\\\application/1700196952148"
# webtalk_add_data -client vitis -key template -value "sdk" -context "vitis\\\\application/1700196952148"
# webtalk_add_data -client vitis -key platform -value "custom" -context "vitis\\\\application/1700196952148"
# webtalk_add_data -client vitis -key platform_type -value "fixed" -context "vitis\\\\application/1700196952148"
# webtalk_add_data -client vitis -key application_type -value "application" -context "vitis\\\\application/1700196952148"
# webtalk_add_data -client vitis -key platform_source -value "platform" -context "vitis\\\\application/1700196952148"
# webtalk_add_data -client vitis -key device_family -value "artix7" -context "vitis\\\\application/1700196952148"
# webtalk_add_data -client vitis -key fpga -value "xc7a35t" -context "vitis\\\\application/1700196952148"
# webtalk_add_data -client vitis -key uid -value "1700198291440" -context "vitis\\\\platform/1700198291440"
# webtalk_add_data -client vitis -key platform_source -value "dsa" -context "vitis\\\\platform/1700198291440"
# webtalk_add_data -client vitis -key os -value "standalone" -context "vitis\\\\platform/1700198291440"
# webtalk_add_data -client vitis -key processor -value "microblaze" -context "vitis\\\\platform/1700198291440"
# webtalk_add_data -client vitis -key platform -value "NA" -context "vitis\\\\platform/1700198291440"
# webtalk_add_data -client vitis -key uid -value "1700198346910" -context "vitis\\\\application/1700198346910"
# webtalk_add_data -client vitis -key project_type -value "sdk" -context "vitis\\\\application/1700198346910"
# webtalk_add_data -client vitis -key os -value "standalone" -context "vitis\\\\application/1700198346910"
# webtalk_add_data -client vitis -key processor -value "microblaze_0" -context "vitis\\\\application/1700198346910"
# webtalk_add_data -client vitis -key runtime -value "C/C++" -context "vitis\\\\application/1700198346910"
# webtalk_add_data -client vitis -key template -value "sdk" -context "vitis\\\\application/1700198346910"
# webtalk_add_data -client vitis -key platform -value "custom" -context "vitis\\\\application/1700198346910"
# webtalk_add_data -client vitis -key platform_type -value "fixed" -context "vitis\\\\application/1700198346910"
# webtalk_add_data -client vitis -key application_type -value "application" -context "vitis\\\\application/1700198346910"
# webtalk_add_data -client vitis -key platform_source -value "platform" -context "vitis\\\\application/1700198346910"
# webtalk_add_data -client vitis -key device_family -value "artix7" -context "vitis\\\\application/1700198346910"
# webtalk_add_data -client vitis -key fpga -value "xc7a35t" -context "vitis\\\\application/1700198346910"
# webtalk_add_data -client vitis -key uid -value "NA" -context "vitis\\\\tool/1700207132806"
# webtalk_add_data -client vitis -key RecordType -value "ToolUsage" -context "vitis\\\\tool/1700207132806"
# webtalk_add_data -client vitis -key BOOTGEN_count -value "0" -context "vitis\\\\tool/1700207132806"
# webtalk_add_data -client vitis -key FLASH_count -value "0" -context "vitis\\\\tool/1700207132806"
# webtalk_add_data -client vitis -key MOVE_APP_TO_SYSTEM_count -value "0" -context "vitis\\\\tool/1700207132806"
# webtalk_add_data -client vitis -key SDX_EXPORT_count -value "0" -context "vitis\\\\tool/1700207132806"
# webtalk_add_data -client vitis -key SDX_IMPORT_count -value "0" -context "vitis\\\\tool/1700207132806"
# webtalk_add_data -client vitis -key SDX_BUILD_count -value "0" -context "vitis\\\\tool/1700207132806"
# webtalk_add_data -client vitis -key SDX_NO_OP_BUILD_count -value "3" -context "vitis\\\\tool/1700207132806"
# webtalk_add_data -client vitis -key TCF_APP_DEBUG_count -value "60" -context "vitis\\\\tool/1700207132806"
# webtalk_add_data -client vitis -key TCF_SYSTEM_DEBUG_count -value "8" -context "vitis\\\\tool/1700207132806"
# webtalk_add_data -client vitis -key GDB_DEBUG_count -value "0" -context "vitis\\\\tool/1700207132806"
# webtalk_add_data -client vitis -key QEMU_DEBUG_count -value "0" -context "vitis\\\\tool/1700207132806"
# webtalk_add_data -client vitis -key ESTIMATION_DEBUG_count -value "0" -context "vitis\\\\tool/1700207132806"
# webtalk_add_data -client vitis -key SDSOC_TRACE_count -value "0" -context "vitis\\\\tool/1700207132806"
# webtalk_add_data -client vitis -key PERFORMANCE_ANALYSIS_count -value "0" -context "vitis\\\\tool/1700207132806"
# webtalk_add_data -client vitis -key SPM_ANALYSIS_count -value "0" -context "vitis\\\\tool/1700207132806"
# webtalk_add_data -client vitis -key CROSS_TRIGGER_count -value "0" -context "vitis\\\\tool/1700207132806"
# webtalk_add_data -client vitis -key TCF_PROFILER_count -value "0" -context "vitis\\\\tool/1700207132806"
# webtalk_add_data -client vitis -key APPLICATION_PLATFORM_CHANGE_count -value "0" -context "vitis\\\\tool/1700207132806"
# webtalk_add_data -client vitis -key APPLICATION_SYS_CONFIG_CHANGE_count -value "0" -context "vitis\\\\tool/1700207132806"
# webtalk_add_data -client vitis -key SYSTEM_PLATFORM_CHANGE_count -value "0" -context "vitis\\\\tool/1700207132806"
# webtalk_transmit -clientid 114372997 -regid "" -xml F:\\Ian_Jung\\workplace\\Harman_Vitis\\webtalk\\usage_statistics_ext_vitis.xml -html F:\\Ian_Jung\\workplace\\Harman_Vitis\\webtalk\\usage_statistics_ext_vitis.html -wdm F:\\Ian_Jung\\workplace\\Harman_Vitis\\webtalk\\vitis_webtalk.wdm -intro "<H3>Vitis Usage Report</H3><BR>"
# webtalk_terminate
INFO: [Common 17-206] Exiting Webtalk at Fri Nov 17 16:45:47 2023...
