
*** Running vivado
    with args -log mblaze_led_wrapper.vds -m64 -product Vivado -mode batch -messageDb vivado.pb -notrace -source mblaze_led_wrapper.tcl


****** Vivado v2019.2 (64-bit)
  **** SW Build 2708876 on Wed Nov  6 21:40:23 MST 2019
  **** IP Build 2700528 on Thu Nov  7 00:09:20 MST 2019
    ** Copyright 1986-2019 Xilinx, Inc. All Rights Reserved.

source mblaze_led_wrapper.tcl -notrace
INFO: [IP_Flow 19-234] Refreshing IP repositories
INFO: [IP_Flow 19-1704] No user IP repositories specified
INFO: [IP_Flow 19-2313] Loaded Vivado IP repository 'F:/Vivado/2019.2/data/ip'.
add_files: Time (s): cpu = 00:00:03 ; elapsed = 00:00:06 . Memory (MB): peak = 512.355 ; gain = 38.668
Command: synth_design -top mblaze_led_wrapper -part xc7a35tcpg236-1
Starting synth_design
Attempting to get a license for feature 'Synthesis' and/or device 'xc7a35t'
INFO: [Common 17-349] Got license for feature 'Synthesis' and/or device 'xc7a35t'
INFO: [Device 21-403] Loading part xc7a35tcpg236-1
INFO: Launching helper process for spawning children vivado processes
INFO: Helper process launched with PID 2660 
---------------------------------------------------------------------------------
Starting RTL Elaboration : Time (s): cpu = 00:00:04 ; elapsed = 00:00:04 . Memory (MB): peak = 1026.332 ; gain = 233.480
---------------------------------------------------------------------------------
INFO: [Synth 8-6157] synthesizing module 'mblaze_led_wrapper' [F:/Ian_Jung/workplace/cora_z7/cora_cpu_2019/Basys3_Microblaze_real/Basys3_Microblaze_real.srcs/sources_1/bd/mblaze_led/hdl/mblaze_led_wrapper.v:12]
INFO: [Synth 8-6157] synthesizing module 'mblaze_led' [F:/Ian_Jung/workplace/cora_z7/cora_cpu_2019/Basys3_Microblaze_real/Basys3_Microblaze_real.srcs/sources_1/bd/mblaze_led/synth/mblaze_led.v:541]
INFO: [Synth 8-6157] synthesizing module 'mblaze_led_axi_gpio_0_1' [F:/Ian_Jung/workplace/cora_z7/cora_cpu_2019/Basys3_Microblaze_real/Basys3_Microblaze_real.runs/synth_1/.Xil/Vivado-9280-DESKTOP-CPLDPO1/realtime/mblaze_led_axi_gpio_0_1_stub.v:6]
INFO: [Synth 8-6155] done synthesizing module 'mblaze_led_axi_gpio_0_1' (1#1) [F:/Ian_Jung/workplace/cora_z7/cora_cpu_2019/Basys3_Microblaze_real/Basys3_Microblaze_real.runs/synth_1/.Xil/Vivado-9280-DESKTOP-CPLDPO1/realtime/mblaze_led_axi_gpio_0_1_stub.v:6]
WARNING: [Synth 8-7023] instance 'axi_gpio_FND' of module 'mblaze_led_axi_gpio_0_1' has 22 connections declared, but only 21 given [F:/Ian_Jung/workplace/cora_z7/cora_cpu_2019/Basys3_Microblaze_real/Basys3_Microblaze_real.srcs/sources_1/bd/mblaze_led/synth/mblaze_led.v:697]
INFO: [Synth 8-6157] synthesizing module 'mblaze_led_axi_gpio_0_0' [F:/Ian_Jung/workplace/cora_z7/cora_cpu_2019/Basys3_Microblaze_real/Basys3_Microblaze_real.runs/synth_1/.Xil/Vivado-9280-DESKTOP-CPLDPO1/realtime/mblaze_led_axi_gpio_0_0_stub.v:6]
INFO: [Synth 8-6155] done synthesizing module 'mblaze_led_axi_gpio_0_0' (2#1) [F:/Ian_Jung/workplace/cora_z7/cora_cpu_2019/Basys3_Microblaze_real/Basys3_Microblaze_real.runs/synth_1/.Xil/Vivado-9280-DESKTOP-CPLDPO1/realtime/mblaze_led_axi_gpio_0_0_stub.v:6]
INFO: [Synth 8-6157] synthesizing module 'mblaze_led_axi_gpio_1_0' [F:/Ian_Jung/workplace/cora_z7/cora_cpu_2019/Basys3_Microblaze_real/Basys3_Microblaze_real.runs/synth_1/.Xil/Vivado-9280-DESKTOP-CPLDPO1/realtime/mblaze_led_axi_gpio_1_0_stub.v:6]
INFO: [Synth 8-6155] done synthesizing module 'mblaze_led_axi_gpio_1_0' (3#1) [F:/Ian_Jung/workplace/cora_z7/cora_cpu_2019/Basys3_Microblaze_real/Basys3_Microblaze_real.runs/synth_1/.Xil/Vivado-9280-DESKTOP-CPLDPO1/realtime/mblaze_led_axi_gpio_1_0_stub.v:6]
INFO: [Synth 8-6157] synthesizing module 'mblaze_led_axi_uartlite_0_0' [F:/Ian_Jung/workplace/cora_z7/cora_cpu_2019/Basys3_Microblaze_real/Basys3_Microblaze_real.runs/synth_1/.Xil/Vivado-9280-DESKTOP-CPLDPO1/realtime/mblaze_led_axi_uartlite_0_0_stub.v:6]
INFO: [Synth 8-6155] done synthesizing module 'mblaze_led_axi_uartlite_0_0' (4#1) [F:/Ian_Jung/workplace/cora_z7/cora_cpu_2019/Basys3_Microblaze_real/Basys3_Microblaze_real.runs/synth_1/.Xil/Vivado-9280-DESKTOP-CPLDPO1/realtime/mblaze_led_axi_uartlite_0_0_stub.v:6]
WARNING: [Synth 8-7023] instance 'axi_uartlite_0' of module 'mblaze_led_axi_uartlite_0_0' has 22 connections declared, but only 21 given [F:/Ian_Jung/workplace/cora_z7/cora_cpu_2019/Basys3_Microblaze_real/Basys3_Microblaze_real.srcs/sources_1/bd/mblaze_led/synth/mblaze_led.v:761]
INFO: [Synth 8-6157] synthesizing module 'mblaze_led_clk_wiz_0_0' [F:/Ian_Jung/workplace/cora_z7/cora_cpu_2019/Basys3_Microblaze_real/Basys3_Microblaze_real.runs/synth_1/.Xil/Vivado-9280-DESKTOP-CPLDPO1/realtime/mblaze_led_clk_wiz_0_0_stub.v:5]
INFO: [Synth 8-6155] done synthesizing module 'mblaze_led_clk_wiz_0_0' (5#1) [F:/Ian_Jung/workplace/cora_z7/cora_cpu_2019/Basys3_Microblaze_real/Basys3_Microblaze_real.runs/synth_1/.Xil/Vivado-9280-DESKTOP-CPLDPO1/realtime/mblaze_led_clk_wiz_0_0_stub.v:5]
INFO: [Synth 8-6157] synthesizing module 'mblaze_led_mdm_1_0' [F:/Ian_Jung/workplace/cora_z7/cora_cpu_2019/Basys3_Microblaze_real/Basys3_Microblaze_real.runs/synth_1/.Xil/Vivado-9280-DESKTOP-CPLDPO1/realtime/mblaze_led_mdm_1_0_stub.v:6]
INFO: [Synth 8-6155] done synthesizing module 'mblaze_led_mdm_1_0' (6#1) [F:/Ian_Jung/workplace/cora_z7/cora_cpu_2019/Basys3_Microblaze_real/Basys3_Microblaze_real.runs/synth_1/.Xil/Vivado-9280-DESKTOP-CPLDPO1/realtime/mblaze_led_mdm_1_0_stub.v:6]
INFO: [Synth 8-6157] synthesizing module 'mblaze_led_microblaze_0_0' [F:/Ian_Jung/workplace/cora_z7/cora_cpu_2019/Basys3_Microblaze_real/Basys3_Microblaze_real.runs/synth_1/.Xil/Vivado-9280-DESKTOP-CPLDPO1/realtime/mblaze_led_microblaze_0_0_stub.v:6]
INFO: [Synth 8-6155] done synthesizing module 'mblaze_led_microblaze_0_0' (7#1) [F:/Ian_Jung/workplace/cora_z7/cora_cpu_2019/Basys3_Microblaze_real/Basys3_Microblaze_real.runs/synth_1/.Xil/Vivado-9280-DESKTOP-CPLDPO1/realtime/mblaze_led_microblaze_0_0_stub.v:6]
WARNING: [Synth 8-7023] instance 'microblaze_0' of module 'mblaze_led_microblaze_0_0' has 52 connections declared, but only 51 given [F:/Ian_Jung/workplace/cora_z7/cora_cpu_2019/Basys3_Microblaze_real/Basys3_Microblaze_real.srcs/sources_1/bd/mblaze_led/synth/mblaze_led.v:801]
INFO: [Synth 8-6157] synthesizing module 'mblaze_led_microblaze_0_axi_periph_0' [F:/Ian_Jung/workplace/cora_z7/cora_cpu_2019/Basys3_Microblaze_real/Basys3_Microblaze_real.srcs/sources_1/bd/mblaze_led/synth/mblaze_led.v:986]
INFO: [Synth 8-6157] synthesizing module 'm00_couplers_imp_1EMXBWZ' [F:/Ian_Jung/workplace/cora_z7/cora_cpu_2019/Basys3_Microblaze_real/Basys3_Microblaze_real.srcs/sources_1/bd/mblaze_led/synth/mblaze_led.v:12]
INFO: [Synth 8-6155] done synthesizing module 'm00_couplers_imp_1EMXBWZ' (8#1) [F:/Ian_Jung/workplace/cora_z7/cora_cpu_2019/Basys3_Microblaze_real/Basys3_Microblaze_real.srcs/sources_1/bd/mblaze_led/synth/mblaze_led.v:12]
INFO: [Synth 8-6157] synthesizing module 'm01_couplers_imp_1MKKXQT' [F:/Ian_Jung/workplace/cora_z7/cora_cpu_2019/Basys3_Microblaze_real/Basys3_Microblaze_real.srcs/sources_1/bd/mblaze_led/synth/mblaze_led.v:144]
INFO: [Synth 8-6155] done synthesizing module 'm01_couplers_imp_1MKKXQT' (9#1) [F:/Ian_Jung/workplace/cora_z7/cora_cpu_2019/Basys3_Microblaze_real/Basys3_Microblaze_real.srcs/sources_1/bd/mblaze_led/synth/mblaze_led.v:144]
INFO: [Synth 8-6157] synthesizing module 'm02_couplers_imp_YLJL0F' [F:/Ian_Jung/workplace/cora_z7/cora_cpu_2019/Basys3_Microblaze_real/Basys3_Microblaze_real.srcs/sources_1/bd/mblaze_led/synth/mblaze_led.v:276]
INFO: [Synth 8-6155] done synthesizing module 'm02_couplers_imp_YLJL0F' (10#1) [F:/Ian_Jung/workplace/cora_z7/cora_cpu_2019/Basys3_Microblaze_real/Basys3_Microblaze_real.srcs/sources_1/bd/mblaze_led/synth/mblaze_led.v:276]
INFO: [Synth 8-6157] synthesizing module 'm03_couplers_imp_763M8P' [F:/Ian_Jung/workplace/cora_z7/cora_cpu_2019/Basys3_Microblaze_real/Basys3_Microblaze_real.srcs/sources_1/bd/mblaze_led/synth/mblaze_led.v:408]
INFO: [Synth 8-6155] done synthesizing module 'm03_couplers_imp_763M8P' (11#1) [F:/Ian_Jung/workplace/cora_z7/cora_cpu_2019/Basys3_Microblaze_real/Basys3_Microblaze_real.srcs/sources_1/bd/mblaze_led/synth/mblaze_led.v:408]
INFO: [Synth 8-6157] synthesizing module 's00_couplers_imp_1MVWCIA' [F:/Ian_Jung/workplace/cora_z7/cora_cpu_2019/Basys3_Microblaze_real/Basys3_Microblaze_real.srcs/sources_1/bd/mblaze_led/synth/mblaze_led.v:1926]
INFO: [Synth 8-6155] done synthesizing module 's00_couplers_imp_1MVWCIA' (12#1) [F:/Ian_Jung/workplace/cora_z7/cora_cpu_2019/Basys3_Microblaze_real/Basys3_Microblaze_real.srcs/sources_1/bd/mblaze_led/synth/mblaze_led.v:1926]
INFO: [Synth 8-6157] synthesizing module 'mblaze_led_xbar_0' [F:/Ian_Jung/workplace/cora_z7/cora_cpu_2019/Basys3_Microblaze_real/Basys3_Microblaze_real.runs/synth_1/.Xil/Vivado-9280-DESKTOP-CPLDPO1/realtime/mblaze_led_xbar_0_stub.v:6]
INFO: [Synth 8-6155] done synthesizing module 'mblaze_led_xbar_0' (13#1) [F:/Ian_Jung/workplace/cora_z7/cora_cpu_2019/Basys3_Microblaze_real/Basys3_Microblaze_real.runs/synth_1/.Xil/Vivado-9280-DESKTOP-CPLDPO1/realtime/mblaze_led_xbar_0_stub.v:6]
WARNING: [Synth 8-7023] instance 'xbar' of module 'mblaze_led_xbar_0' has 40 connections declared, but only 38 given [F:/Ian_Jung/workplace/cora_z7/cora_cpu_2019/Basys3_Microblaze_real/Basys3_Microblaze_real.srcs/sources_1/bd/mblaze_led/synth/mblaze_led.v:1651]
INFO: [Synth 8-6155] done synthesizing module 'mblaze_led_microblaze_0_axi_periph_0' (14#1) [F:/Ian_Jung/workplace/cora_z7/cora_cpu_2019/Basys3_Microblaze_real/Basys3_Microblaze_real.srcs/sources_1/bd/mblaze_led/synth/mblaze_led.v:986]
INFO: [Synth 8-6157] synthesizing module 'microblaze_0_local_memory_imp_10JTYMX' [F:/Ian_Jung/workplace/cora_z7/cora_cpu_2019/Basys3_Microblaze_real/Basys3_Microblaze_real.srcs/sources_1/bd/mblaze_led/synth/mblaze_led.v:1692]
INFO: [Synth 8-6157] synthesizing module 'mblaze_led_dlmb_bram_if_cntlr_0' [F:/Ian_Jung/workplace/cora_z7/cora_cpu_2019/Basys3_Microblaze_real/Basys3_Microblaze_real.runs/synth_1/.Xil/Vivado-9280-DESKTOP-CPLDPO1/realtime/mblaze_led_dlmb_bram_if_cntlr_0_stub.v:6]
INFO: [Synth 8-6155] done synthesizing module 'mblaze_led_dlmb_bram_if_cntlr_0' (15#1) [F:/Ian_Jung/workplace/cora_z7/cora_cpu_2019/Basys3_Microblaze_real/Basys3_Microblaze_real.runs/synth_1/.Xil/Vivado-9280-DESKTOP-CPLDPO1/realtime/mblaze_led_dlmb_bram_if_cntlr_0_stub.v:6]
INFO: [Synth 8-6157] synthesizing module 'mblaze_led_dlmb_v10_0' [F:/Ian_Jung/workplace/cora_z7/cora_cpu_2019/Basys3_Microblaze_real/Basys3_Microblaze_real.runs/synth_1/.Xil/Vivado-9280-DESKTOP-CPLDPO1/realtime/mblaze_led_dlmb_v10_0_stub.v:6]
INFO: [Synth 8-6155] done synthesizing module 'mblaze_led_dlmb_v10_0' (16#1) [F:/Ian_Jung/workplace/cora_z7/cora_cpu_2019/Basys3_Microblaze_real/Basys3_Microblaze_real.runs/synth_1/.Xil/Vivado-9280-DESKTOP-CPLDPO1/realtime/mblaze_led_dlmb_v10_0_stub.v:6]
WARNING: [Synth 8-7023] instance 'dlmb_v10' of module 'mblaze_led_dlmb_v10_0' has 25 connections declared, but only 24 given [F:/Ian_Jung/workplace/cora_z7/cora_cpu_2019/Basys3_Microblaze_real/Basys3_Microblaze_real.srcs/sources_1/bd/mblaze_led/synth/mblaze_led.v:1838]
INFO: [Synth 8-6157] synthesizing module 'mblaze_led_ilmb_bram_if_cntlr_0' [F:/Ian_Jung/workplace/cora_z7/cora_cpu_2019/Basys3_Microblaze_real/Basys3_Microblaze_real.runs/synth_1/.Xil/Vivado-9280-DESKTOP-CPLDPO1/realtime/mblaze_led_ilmb_bram_if_cntlr_0_stub.v:6]
INFO: [Synth 8-6155] done synthesizing module 'mblaze_led_ilmb_bram_if_cntlr_0' (17#1) [F:/Ian_Jung/workplace/cora_z7/cora_cpu_2019/Basys3_Microblaze_real/Basys3_Microblaze_real.runs/synth_1/.Xil/Vivado-9280-DESKTOP-CPLDPO1/realtime/mblaze_led_ilmb_bram_if_cntlr_0_stub.v:6]
INFO: [Synth 8-6157] synthesizing module 'mblaze_led_ilmb_v10_0' [F:/Ian_Jung/workplace/cora_z7/cora_cpu_2019/Basys3_Microblaze_real/Basys3_Microblaze_real.runs/synth_1/.Xil/Vivado-9280-DESKTOP-CPLDPO1/realtime/mblaze_led_ilmb_v10_0_stub.v:6]
INFO: [Synth 8-6155] done synthesizing module 'mblaze_led_ilmb_v10_0' (18#1) [F:/Ian_Jung/workplace/cora_z7/cora_cpu_2019/Basys3_Microblaze_real/Basys3_Microblaze_real.runs/synth_1/.Xil/Vivado-9280-DESKTOP-CPLDPO1/realtime/mblaze_led_ilmb_v10_0_stub.v:6]
WARNING: [Synth 8-7023] instance 'ilmb_v10' of module 'mblaze_led_ilmb_v10_0' has 25 connections declared, but only 24 given [F:/Ian_Jung/workplace/cora_z7/cora_cpu_2019/Basys3_Microblaze_real/Basys3_Microblaze_real.srcs/sources_1/bd/mblaze_led/synth/mblaze_led.v:1884]
INFO: [Synth 8-6157] synthesizing module 'mblaze_led_lmb_bram_0' [F:/Ian_Jung/workplace/cora_z7/cora_cpu_2019/Basys3_Microblaze_real/Basys3_Microblaze_real.runs/synth_1/.Xil/Vivado-9280-DESKTOP-CPLDPO1/realtime/mblaze_led_lmb_bram_0_stub.v:6]
INFO: [Synth 8-6155] done synthesizing module 'mblaze_led_lmb_bram_0' (19#1) [F:/Ian_Jung/workplace/cora_z7/cora_cpu_2019/Basys3_Microblaze_real/Basys3_Microblaze_real.runs/synth_1/.Xil/Vivado-9280-DESKTOP-CPLDPO1/realtime/mblaze_led_lmb_bram_0_stub.v:6]
WARNING: [Synth 8-7023] instance 'lmb_bram' of module 'mblaze_led_lmb_bram_0' has 16 connections declared, but only 14 given [F:/Ian_Jung/workplace/cora_z7/cora_cpu_2019/Basys3_Microblaze_real/Basys3_Microblaze_real.srcs/sources_1/bd/mblaze_led/synth/mblaze_led.v:1909]
INFO: [Synth 8-6155] done synthesizing module 'microblaze_0_local_memory_imp_10JTYMX' (20#1) [F:/Ian_Jung/workplace/cora_z7/cora_cpu_2019/Basys3_Microblaze_real/Basys3_Microblaze_real.srcs/sources_1/bd/mblaze_led/synth/mblaze_led.v:1692]
INFO: [Synth 8-6157] synthesizing module 'mblaze_led_rst_clk_wiz_0_100M_0' [F:/Ian_Jung/workplace/cora_z7/cora_cpu_2019/Basys3_Microblaze_real/Basys3_Microblaze_real.runs/synth_1/.Xil/Vivado-9280-DESKTOP-CPLDPO1/realtime/mblaze_led_rst_clk_wiz_0_100M_0_stub.v:6]
INFO: [Synth 8-6155] done synthesizing module 'mblaze_led_rst_clk_wiz_0_100M_0' (21#1) [F:/Ian_Jung/workplace/cora_z7/cora_cpu_2019/Basys3_Microblaze_real/Basys3_Microblaze_real.runs/synth_1/.Xil/Vivado-9280-DESKTOP-CPLDPO1/realtime/mblaze_led_rst_clk_wiz_0_100M_0_stub.v:6]
WARNING: [Synth 8-7023] instance 'rst_clk_wiz_0_100M' of module 'mblaze_led_rst_clk_wiz_0_100M_0' has 10 connections declared, but only 8 given [F:/Ian_Jung/workplace/cora_z7/cora_cpu_2019/Basys3_Microblaze_real/Basys3_Microblaze_real.srcs/sources_1/bd/mblaze_led/synth/mblaze_led.v:975]
INFO: [Synth 8-6155] done synthesizing module 'mblaze_led' (22#1) [F:/Ian_Jung/workplace/cora_z7/cora_cpu_2019/Basys3_Microblaze_real/Basys3_Microblaze_real.srcs/sources_1/bd/mblaze_led/synth/mblaze_led.v:541]
INFO: [Synth 8-6155] done synthesizing module 'mblaze_led_wrapper' (23#1) [F:/Ian_Jung/workplace/cora_z7/cora_cpu_2019/Basys3_Microblaze_real/Basys3_Microblaze_real.srcs/sources_1/bd/mblaze_led/hdl/mblaze_led_wrapper.v:12]
WARNING: [Synth 8-3331] design s00_couplers_imp_1MVWCIA has unconnected port M_ACLK
WARNING: [Synth 8-3331] design s00_couplers_imp_1MVWCIA has unconnected port M_ARESETN
WARNING: [Synth 8-3331] design s00_couplers_imp_1MVWCIA has unconnected port S_ACLK
WARNING: [Synth 8-3331] design s00_couplers_imp_1MVWCIA has unconnected port S_ARESETN
WARNING: [Synth 8-3331] design m03_couplers_imp_763M8P has unconnected port M_ACLK
WARNING: [Synth 8-3331] design m03_couplers_imp_763M8P has unconnected port M_ARESETN
WARNING: [Synth 8-3331] design m03_couplers_imp_763M8P has unconnected port S_ACLK
WARNING: [Synth 8-3331] design m03_couplers_imp_763M8P has unconnected port S_ARESETN
WARNING: [Synth 8-3331] design m02_couplers_imp_YLJL0F has unconnected port M_ACLK
WARNING: [Synth 8-3331] design m02_couplers_imp_YLJL0F has unconnected port M_ARESETN
WARNING: [Synth 8-3331] design m02_couplers_imp_YLJL0F has unconnected port S_ACLK
WARNING: [Synth 8-3331] design m02_couplers_imp_YLJL0F has unconnected port S_ARESETN
WARNING: [Synth 8-3331] design m01_couplers_imp_1MKKXQT has unconnected port M_ACLK
WARNING: [Synth 8-3331] design m01_couplers_imp_1MKKXQT has unconnected port M_ARESETN
WARNING: [Synth 8-3331] design m01_couplers_imp_1MKKXQT has unconnected port S_ACLK
WARNING: [Synth 8-3331] design m01_couplers_imp_1MKKXQT has unconnected port S_ARESETN
WARNING: [Synth 8-3331] design m00_couplers_imp_1EMXBWZ has unconnected port M_ACLK
WARNING: [Synth 8-3331] design m00_couplers_imp_1EMXBWZ has unconnected port M_ARESETN
WARNING: [Synth 8-3331] design m00_couplers_imp_1EMXBWZ has unconnected port S_ACLK
WARNING: [Synth 8-3331] design m00_couplers_imp_1EMXBWZ has unconnected port S_ARESETN
WARNING: [Synth 8-3331] design mblaze_led_microblaze_0_axi_periph_0 has unconnected port M00_ACLK
WARNING: [Synth 8-3331] design mblaze_led_microblaze_0_axi_periph_0 has unconnected port M00_ARESETN
WARNING: [Synth 8-3331] design mblaze_led_microblaze_0_axi_periph_0 has unconnected port M01_ACLK
WARNING: [Synth 8-3331] design mblaze_led_microblaze_0_axi_periph_0 has unconnected port M01_ARESETN
WARNING: [Synth 8-3331] design mblaze_led_microblaze_0_axi_periph_0 has unconnected port M02_ACLK
WARNING: [Synth 8-3331] design mblaze_led_microblaze_0_axi_periph_0 has unconnected port M02_ARESETN
WARNING: [Synth 8-3331] design mblaze_led_microblaze_0_axi_periph_0 has unconnected port M03_ACLK
WARNING: [Synth 8-3331] design mblaze_led_microblaze_0_axi_periph_0 has unconnected port M03_ARESETN
WARNING: [Synth 8-3331] design mblaze_led_microblaze_0_axi_periph_0 has unconnected port S00_ACLK
WARNING: [Synth 8-3331] design mblaze_led_microblaze_0_axi_periph_0 has unconnected port S00_ARESETN
---------------------------------------------------------------------------------
Finished RTL Elaboration : Time (s): cpu = 00:00:05 ; elapsed = 00:00:05 . Memory (MB): peak = 1104.105 ; gain = 311.254
---------------------------------------------------------------------------------

Report Check Netlist: 
+------+------------------+-------+---------+-------+------------------+
|      |Item              |Errors |Warnings |Status |Description       |
+------+------------------+-------+---------+-------+------------------+
|1     |multi_driven_nets |      0|        0|Passed |Multi driven nets |
+------+------------------+-------+---------+-------+------------------+
---------------------------------------------------------------------------------
Start Handling Custom Attributes
---------------------------------------------------------------------------------
---------------------------------------------------------------------------------
Finished Handling Custom Attributes : Time (s): cpu = 00:00:05 ; elapsed = 00:00:05 . Memory (MB): peak = 1104.105 ; gain = 311.254
---------------------------------------------------------------------------------
---------------------------------------------------------------------------------
Finished RTL Optimization Phase 1 : Time (s): cpu = 00:00:05 ; elapsed = 00:00:05 . Memory (MB): peak = 1104.105 ; gain = 311.254
---------------------------------------------------------------------------------
Netlist sorting complete. Time (s): cpu = 00:00:00 ; elapsed = 00:00:00.030 . Memory (MB): peak = 1104.105 ; gain = 0.000
INFO: [Project 1-570] Preparing netlist for logic optimization

Processing XDC Constraints
Initializing timing engine
Parsing XDC File [f:/Ian_Jung/workplace/cora_z7/cora_cpu_2019/Basys3_Microblaze_real/Basys3_Microblaze_real.srcs/sources_1/bd/mblaze_led/ip/mblaze_led_clk_wiz_0_0/mblaze_led_clk_wiz_0_0/mblaze_led_clk_wiz_0_0_in_context.xdc] for cell 'mblaze_led_i/clk_wiz_0'
Finished Parsing XDC File [f:/Ian_Jung/workplace/cora_z7/cora_cpu_2019/Basys3_Microblaze_real/Basys3_Microblaze_real.srcs/sources_1/bd/mblaze_led/ip/mblaze_led_clk_wiz_0_0/mblaze_led_clk_wiz_0_0/mblaze_led_clk_wiz_0_0_in_context.xdc] for cell 'mblaze_led_i/clk_wiz_0'
Parsing XDC File [f:/Ian_Jung/workplace/cora_z7/cora_cpu_2019/Basys3_Microblaze_real/Basys3_Microblaze_real.srcs/sources_1/bd/mblaze_led/ip/mblaze_led_microblaze_0_0/mblaze_led_microblaze_0_0/mblaze_led_microblaze_0_0_in_context.xdc] for cell 'mblaze_led_i/microblaze_0'
Finished Parsing XDC File [f:/Ian_Jung/workplace/cora_z7/cora_cpu_2019/Basys3_Microblaze_real/Basys3_Microblaze_real.srcs/sources_1/bd/mblaze_led/ip/mblaze_led_microblaze_0_0/mblaze_led_microblaze_0_0/mblaze_led_microblaze_0_0_in_context.xdc] for cell 'mblaze_led_i/microblaze_0'
Parsing XDC File [f:/Ian_Jung/workplace/cora_z7/cora_cpu_2019/Basys3_Microblaze_real/Basys3_Microblaze_real.srcs/sources_1/bd/mblaze_led/ip/mblaze_led_dlmb_v10_0/mblaze_led_dlmb_v10_0/Microblaze_hello_dlmb_v10_0_in_context.xdc] for cell 'mblaze_led_i/microblaze_0_local_memory/dlmb_v10'
Finished Parsing XDC File [f:/Ian_Jung/workplace/cora_z7/cora_cpu_2019/Basys3_Microblaze_real/Basys3_Microblaze_real.srcs/sources_1/bd/mblaze_led/ip/mblaze_led_dlmb_v10_0/mblaze_led_dlmb_v10_0/Microblaze_hello_dlmb_v10_0_in_context.xdc] for cell 'mblaze_led_i/microblaze_0_local_memory/dlmb_v10'
Parsing XDC File [f:/Ian_Jung/workplace/cora_z7/cora_cpu_2019/Basys3_Microblaze_real/Basys3_Microblaze_real.srcs/sources_1/bd/mblaze_led/ip/mblaze_led_ilmb_v10_0/mblaze_led_ilmb_v10_0/Microblaze_hello_dlmb_v10_0_in_context.xdc] for cell 'mblaze_led_i/microblaze_0_local_memory/ilmb_v10'
Finished Parsing XDC File [f:/Ian_Jung/workplace/cora_z7/cora_cpu_2019/Basys3_Microblaze_real/Basys3_Microblaze_real.srcs/sources_1/bd/mblaze_led/ip/mblaze_led_ilmb_v10_0/mblaze_led_ilmb_v10_0/Microblaze_hello_dlmb_v10_0_in_context.xdc] for cell 'mblaze_led_i/microblaze_0_local_memory/ilmb_v10'
Parsing XDC File [f:/Ian_Jung/workplace/cora_z7/cora_cpu_2019/Basys3_Microblaze_real/Basys3_Microblaze_real.srcs/sources_1/bd/mblaze_led/ip/mblaze_led_dlmb_bram_if_cntlr_0/mblaze_led_dlmb_bram_if_cntlr_0/mblaze_led_dlmb_bram_if_cntlr_0_in_context.xdc] for cell 'mblaze_led_i/microblaze_0_local_memory/dlmb_bram_if_cntlr'
Finished Parsing XDC File [f:/Ian_Jung/workplace/cora_z7/cora_cpu_2019/Basys3_Microblaze_real/Basys3_Microblaze_real.srcs/sources_1/bd/mblaze_led/ip/mblaze_led_dlmb_bram_if_cntlr_0/mblaze_led_dlmb_bram_if_cntlr_0/mblaze_led_dlmb_bram_if_cntlr_0_in_context.xdc] for cell 'mblaze_led_i/microblaze_0_local_memory/dlmb_bram_if_cntlr'
Parsing XDC File [f:/Ian_Jung/workplace/cora_z7/cora_cpu_2019/Basys3_Microblaze_real/Basys3_Microblaze_real.srcs/sources_1/bd/mblaze_led/ip/mblaze_led_ilmb_bram_if_cntlr_0/mblaze_led_ilmb_bram_if_cntlr_0/Microblaze_hello_ilmb_bram_if_cntlr_0_in_context.xdc] for cell 'mblaze_led_i/microblaze_0_local_memory/ilmb_bram_if_cntlr'
Finished Parsing XDC File [f:/Ian_Jung/workplace/cora_z7/cora_cpu_2019/Basys3_Microblaze_real/Basys3_Microblaze_real.srcs/sources_1/bd/mblaze_led/ip/mblaze_led_ilmb_bram_if_cntlr_0/mblaze_led_ilmb_bram_if_cntlr_0/Microblaze_hello_ilmb_bram_if_cntlr_0_in_context.xdc] for cell 'mblaze_led_i/microblaze_0_local_memory/ilmb_bram_if_cntlr'
Parsing XDC File [f:/Ian_Jung/workplace/cora_z7/cora_cpu_2019/Basys3_Microblaze_real/Basys3_Microblaze_real.srcs/sources_1/bd/mblaze_led/ip/mblaze_led_lmb_bram_0/mblaze_led_lmb_bram_0/mblaze_led_lmb_bram_0_in_context.xdc] for cell 'mblaze_led_i/microblaze_0_local_memory/lmb_bram'
Finished Parsing XDC File [f:/Ian_Jung/workplace/cora_z7/cora_cpu_2019/Basys3_Microblaze_real/Basys3_Microblaze_real.srcs/sources_1/bd/mblaze_led/ip/mblaze_led_lmb_bram_0/mblaze_led_lmb_bram_0/mblaze_led_lmb_bram_0_in_context.xdc] for cell 'mblaze_led_i/microblaze_0_local_memory/lmb_bram'
Parsing XDC File [f:/Ian_Jung/workplace/cora_z7/cora_cpu_2019/Basys3_Microblaze_real/Basys3_Microblaze_real.srcs/sources_1/bd/mblaze_led/ip/mblaze_led_mdm_1_0/mblaze_led_mdm_1_0/Microblaze_hello_mdm_1_0_in_context.xdc] for cell 'mblaze_led_i/mdm_1'
Finished Parsing XDC File [f:/Ian_Jung/workplace/cora_z7/cora_cpu_2019/Basys3_Microblaze_real/Basys3_Microblaze_real.srcs/sources_1/bd/mblaze_led/ip/mblaze_led_mdm_1_0/mblaze_led_mdm_1_0/Microblaze_hello_mdm_1_0_in_context.xdc] for cell 'mblaze_led_i/mdm_1'
Parsing XDC File [f:/Ian_Jung/workplace/cora_z7/cora_cpu_2019/Basys3_Microblaze_real/Basys3_Microblaze_real.srcs/sources_1/bd/mblaze_led/ip/mblaze_led_rst_clk_wiz_0_100M_0/mblaze_led_rst_clk_wiz_0_100M_0/Microblaze_hello_rst_clk_wiz_0_100M_0_in_context.xdc] for cell 'mblaze_led_i/rst_clk_wiz_0_100M'
Finished Parsing XDC File [f:/Ian_Jung/workplace/cora_z7/cora_cpu_2019/Basys3_Microblaze_real/Basys3_Microblaze_real.srcs/sources_1/bd/mblaze_led/ip/mblaze_led_rst_clk_wiz_0_100M_0/mblaze_led_rst_clk_wiz_0_100M_0/Microblaze_hello_rst_clk_wiz_0_100M_0_in_context.xdc] for cell 'mblaze_led_i/rst_clk_wiz_0_100M'
Parsing XDC File [f:/Ian_Jung/workplace/cora_z7/cora_cpu_2019/Basys3_Microblaze_real/Basys3_Microblaze_real.srcs/sources_1/bd/mblaze_led/ip/mblaze_led_axi_uartlite_0_0/mblaze_led_axi_uartlite_0_0/Microblaze_hello_axi_uartlite_0_0_in_context.xdc] for cell 'mblaze_led_i/axi_uartlite_0'
Finished Parsing XDC File [f:/Ian_Jung/workplace/cora_z7/cora_cpu_2019/Basys3_Microblaze_real/Basys3_Microblaze_real.srcs/sources_1/bd/mblaze_led/ip/mblaze_led_axi_uartlite_0_0/mblaze_led_axi_uartlite_0_0/Microblaze_hello_axi_uartlite_0_0_in_context.xdc] for cell 'mblaze_led_i/axi_uartlite_0'
Parsing XDC File [f:/Ian_Jung/workplace/cora_z7/cora_cpu_2019/Basys3_Microblaze_real/Basys3_Microblaze_real.srcs/sources_1/bd/mblaze_led/ip/mblaze_led_axi_gpio_0_0/mblaze_led_axi_gpio_0_0/mblaze_led_axi_gpio_0_0_in_context.xdc] for cell 'mblaze_led_i/axi_gpio_led'
Finished Parsing XDC File [f:/Ian_Jung/workplace/cora_z7/cora_cpu_2019/Basys3_Microblaze_real/Basys3_Microblaze_real.srcs/sources_1/bd/mblaze_led/ip/mblaze_led_axi_gpio_0_0/mblaze_led_axi_gpio_0_0/mblaze_led_axi_gpio_0_0_in_context.xdc] for cell 'mblaze_led_i/axi_gpio_led'
Parsing XDC File [f:/Ian_Jung/workplace/cora_z7/cora_cpu_2019/Basys3_Microblaze_real/Basys3_Microblaze_real.srcs/sources_1/bd/mblaze_led/ip/mblaze_led_xbar_0/mblaze_led_xbar_0/mblaze_led_xbar_0_in_context.xdc] for cell 'mblaze_led_i/microblaze_0_axi_periph/xbar'
Finished Parsing XDC File [f:/Ian_Jung/workplace/cora_z7/cora_cpu_2019/Basys3_Microblaze_real/Basys3_Microblaze_real.srcs/sources_1/bd/mblaze_led/ip/mblaze_led_xbar_0/mblaze_led_xbar_0/mblaze_led_xbar_0_in_context.xdc] for cell 'mblaze_led_i/microblaze_0_axi_periph/xbar'
Parsing XDC File [f:/Ian_Jung/workplace/cora_z7/cora_cpu_2019/Basys3_Microblaze_real/Basys3_Microblaze_real.srcs/sources_1/bd/mblaze_led/ip/mblaze_led_axi_gpio_1_0/mblaze_led_axi_gpio_1_0/mblaze_led_axi_gpio_1_0_in_context.xdc] for cell 'mblaze_led_i/axi_gpio_switch'
Finished Parsing XDC File [f:/Ian_Jung/workplace/cora_z7/cora_cpu_2019/Basys3_Microblaze_real/Basys3_Microblaze_real.srcs/sources_1/bd/mblaze_led/ip/mblaze_led_axi_gpio_1_0/mblaze_led_axi_gpio_1_0/mblaze_led_axi_gpio_1_0_in_context.xdc] for cell 'mblaze_led_i/axi_gpio_switch'
Parsing XDC File [f:/Ian_Jung/workplace/cora_z7/cora_cpu_2019/Basys3_Microblaze_real/Basys3_Microblaze_real.srcs/sources_1/bd/mblaze_led/ip/mblaze_led_axi_gpio_0_1/mblaze_led_axi_gpio_0_1/mblaze_led_axi_gpio_0_1_in_context.xdc] for cell 'mblaze_led_i/axi_gpio_FND'
Finished Parsing XDC File [f:/Ian_Jung/workplace/cora_z7/cora_cpu_2019/Basys3_Microblaze_real/Basys3_Microblaze_real.srcs/sources_1/bd/mblaze_led/ip/mblaze_led_axi_gpio_0_1/mblaze_led_axi_gpio_0_1/mblaze_led_axi_gpio_0_1_in_context.xdc] for cell 'mblaze_led_i/axi_gpio_FND'
Parsing XDC File [F:/Ian_Jung/workplace/cora_z7/cora_cpu_2019/Basys3_Microblaze_real/Basys3_Microblaze_real.srcs/constrs_1/imports/digilent-xdc-master/Basys-3-Master.xdc]
WARNING: [Vivado 12-584] No ports matched 'clk'. [F:/Ian_Jung/workplace/cora_z7/cora_cpu_2019/Basys3_Microblaze_real/Basys3_Microblaze_real.srcs/constrs_1/imports/digilent-xdc-master/Basys-3-Master.xdc:7]
WARNING: [Vivado 12-584] No ports matched 'clk'. [F:/Ian_Jung/workplace/cora_z7/cora_cpu_2019/Basys3_Microblaze_real/Basys3_Microblaze_real.srcs/constrs_1/imports/digilent-xdc-master/Basys-3-Master.xdc:8]
Finished Parsing XDC File [F:/Ian_Jung/workplace/cora_z7/cora_cpu_2019/Basys3_Microblaze_real/Basys3_Microblaze_real.srcs/constrs_1/imports/digilent-xdc-master/Basys-3-Master.xdc]
WARNING: [Project 1-498] One or more constraints failed evaluation while reading constraint file [F:/Ian_Jung/workplace/cora_z7/cora_cpu_2019/Basys3_Microblaze_real/Basys3_Microblaze_real.srcs/constrs_1/imports/digilent-xdc-master/Basys-3-Master.xdc] and the design contains unresolved black boxes. These constraints will be read post-synthesis (as long as their source constraint file is marked as used_in_implementation) and should be applied correctly then. You should review the constraints listed in the file [.Xil/mblaze_led_wrapper_propImpl.xdc] and check the run log file to verify that these constraints were correctly applied.
Parsing XDC File [F:/Ian_Jung/workplace/cora_z7/cora_cpu_2019/Basys3_Microblaze_real/Basys3_Microblaze_real.runs/synth_1/dont_touch.xdc]
Finished Parsing XDC File [F:/Ian_Jung/workplace/cora_z7/cora_cpu_2019/Basys3_Microblaze_real/Basys3_Microblaze_real.runs/synth_1/dont_touch.xdc]
Completed Processing XDC Constraints

Netlist sorting complete. Time (s): cpu = 00:00:00 ; elapsed = 00:00:00 . Memory (MB): peak = 1179.133 ; gain = 0.000
INFO: [Project 1-111] Unisim Transformation Summary:
No Unisim elements were transformed.

Constraint Validation Runtime : Time (s): cpu = 00:00:00 ; elapsed = 00:00:00.024 . Memory (MB): peak = 1179.133 ; gain = 0.000
WARNING: [Timing 38-316] Clock period '20.000' specified during out-of-context synthesis of instance 'mblaze_led_i/microblaze_0_local_memory/lmb_bram' at clock pin 'clka' is different from the actual clock period '10.000', this can lead to different synthesis results.
---------------------------------------------------------------------------------
Finished Constraint Validation : Time (s): cpu = 00:00:11 ; elapsed = 00:00:12 . Memory (MB): peak = 1181.156 ; gain = 388.305
---------------------------------------------------------------------------------
---------------------------------------------------------------------------------
Start Loading Part and Timing Information
---------------------------------------------------------------------------------
Loading part: xc7a35tcpg236-1
---------------------------------------------------------------------------------
Finished Loading Part and Timing Information : Time (s): cpu = 00:00:11 ; elapsed = 00:00:12 . Memory (MB): peak = 1181.156 ; gain = 388.305
---------------------------------------------------------------------------------
---------------------------------------------------------------------------------
Start Applying 'set_property' XDC Constraints
---------------------------------------------------------------------------------
Applied set_property IO_BUFFER_TYPE = NONE for sys_clock. (constraint file  f:/Ian_Jung/workplace/cora_z7/cora_cpu_2019/Basys3_Microblaze_real/Basys3_Microblaze_real.srcs/sources_1/bd/mblaze_led/ip/mblaze_led_clk_wiz_0_0/mblaze_led_clk_wiz_0_0/mblaze_led_clk_wiz_0_0_in_context.xdc, line 3).
Applied set_property CLOCK_BUFFER_TYPE = NONE for sys_clock. (constraint file  f:/Ian_Jung/workplace/cora_z7/cora_cpu_2019/Basys3_Microblaze_real/Basys3_Microblaze_real.srcs/sources_1/bd/mblaze_led/ip/mblaze_led_clk_wiz_0_0/mblaze_led_clk_wiz_0_0/mblaze_led_clk_wiz_0_0_in_context.xdc, line 4).
Applied set_property DONT_TOUCH = true for mblaze_led_i. (constraint file  auto generated constraint, line ).
Applied set_property DONT_TOUCH = true for mblaze_led_i/clk_wiz_0. (constraint file  auto generated constraint, line ).
Applied set_property DONT_TOUCH = true for mblaze_led_i/microblaze_0. (constraint file  auto generated constraint, line ).
Applied set_property DONT_TOUCH = true for mblaze_led_i/microblaze_0_local_memory/dlmb_v10. (constraint file  auto generated constraint, line ).
Applied set_property DONT_TOUCH = true for mblaze_led_i/microblaze_0_local_memory/ilmb_v10. (constraint file  auto generated constraint, line ).
Applied set_property DONT_TOUCH = true for mblaze_led_i/microblaze_0_local_memory/dlmb_bram_if_cntlr. (constraint file  auto generated constraint, line ).
Applied set_property DONT_TOUCH = true for mblaze_led_i/microblaze_0_local_memory/ilmb_bram_if_cntlr. (constraint file  auto generated constraint, line ).
Applied set_property DONT_TOUCH = true for mblaze_led_i/microblaze_0_local_memory/lmb_bram. (constraint file  auto generated constraint, line ).
Applied set_property DONT_TOUCH = true for mblaze_led_i/mdm_1. (constraint file  auto generated constraint, line ).
Applied set_property DONT_TOUCH = true for mblaze_led_i/rst_clk_wiz_0_100M. (constraint file  auto generated constraint, line ).
Applied set_property DONT_TOUCH = true for mblaze_led_i/axi_uartlite_0. (constraint file  auto generated constraint, line ).
Applied set_property DONT_TOUCH = true for mblaze_led_i/axi_gpio_led. (constraint file  auto generated constraint, line ).
Applied set_property DONT_TOUCH = true for mblaze_led_i/microblaze_0_axi_periph/xbar. (constraint file  auto generated constraint, line ).
Applied set_property DONT_TOUCH = true for mblaze_led_i/microblaze_0_axi_periph. (constraint file  auto generated constraint, line ).
Applied set_property DONT_TOUCH = true for mblaze_led_i/axi_gpio_switch. (constraint file  auto generated constraint, line ).
Applied set_property DONT_TOUCH = true for mblaze_led_i/axi_gpio_FND. (constraint file  auto generated constraint, line ).
---------------------------------------------------------------------------------
Finished applying 'set_property' XDC Constraints : Time (s): cpu = 00:00:11 ; elapsed = 00:00:12 . Memory (MB): peak = 1181.156 ; gain = 388.305
---------------------------------------------------------------------------------
---------------------------------------------------------------------------------
Finished RTL Optimization Phase 2 : Time (s): cpu = 00:00:11 ; elapsed = 00:00:12 . Memory (MB): peak = 1181.156 ; gain = 388.305
---------------------------------------------------------------------------------

Report RTL Partitions: 
+-+--------------+------------+----------+
| |RTL Partition |Replication |Instances |
+-+--------------+------------+----------+
+-+--------------+------------+----------+
---------------------------------------------------------------------------------
Start RTL Component Statistics 
---------------------------------------------------------------------------------
Detailed RTL Component Info : 
---------------------------------------------------------------------------------
Finished RTL Component Statistics 
---------------------------------------------------------------------------------
---------------------------------------------------------------------------------
Start RTL Hierarchical Component Statistics 
---------------------------------------------------------------------------------
Hierarchical RTL Component report 
---------------------------------------------------------------------------------
Finished RTL Hierarchical Component Statistics
---------------------------------------------------------------------------------
---------------------------------------------------------------------------------
Start Part Resource Summary
---------------------------------------------------------------------------------
Part Resources:
DSPs: 90 (col length:60)
BRAMs: 100 (col length: RAMB18 60 RAMB36 30)
---------------------------------------------------------------------------------
Finished Part Resource Summary
---------------------------------------------------------------------------------
---------------------------------------------------------------------------------
Start Cross Boundary and Area Optimization
---------------------------------------------------------------------------------
Warning: Parallel synthesis criteria is not met 
WARNING: [Synth 8-3331] design mblaze_led_microblaze_0_axi_periph_0 has unconnected port M00_ACLK
WARNING: [Synth 8-3331] design mblaze_led_microblaze_0_axi_periph_0 has unconnected port M00_ARESETN
WARNING: [Synth 8-3331] design mblaze_led_microblaze_0_axi_periph_0 has unconnected port M01_ACLK
WARNING: [Synth 8-3331] design mblaze_led_microblaze_0_axi_periph_0 has unconnected port M01_ARESETN
WARNING: [Synth 8-3331] design mblaze_led_microblaze_0_axi_periph_0 has unconnected port M02_ACLK
WARNING: [Synth 8-3331] design mblaze_led_microblaze_0_axi_periph_0 has unconnected port M02_ARESETN
WARNING: [Synth 8-3331] design mblaze_led_microblaze_0_axi_periph_0 has unconnected port M03_ACLK
WARNING: [Synth 8-3331] design mblaze_led_microblaze_0_axi_periph_0 has unconnected port M03_ARESETN
WARNING: [Synth 8-3331] design mblaze_led_microblaze_0_axi_periph_0 has unconnected port S00_ACLK
WARNING: [Synth 8-3331] design mblaze_led_microblaze_0_axi_periph_0 has unconnected port S00_ARESETN
---------------------------------------------------------------------------------
Finished Cross Boundary and Area Optimization : Time (s): cpu = 00:00:13 ; elapsed = 00:00:13 . Memory (MB): peak = 1181.156 ; gain = 388.305
---------------------------------------------------------------------------------

Report RTL Partitions: 
+-+--------------+------------+----------+
| |RTL Partition |Replication |Instances |
+-+--------------+------------+----------+
+-+--------------+------------+----------+
---------------------------------------------------------------------------------
Start Applying XDC Timing Constraints
---------------------------------------------------------------------------------
---------------------------------------------------------------------------------
Finished Applying XDC Timing Constraints : Time (s): cpu = 00:00:19 ; elapsed = 00:00:20 . Memory (MB): peak = 1181.156 ; gain = 388.305
---------------------------------------------------------------------------------
---------------------------------------------------------------------------------
Start Timing Optimization
---------------------------------------------------------------------------------
---------------------------------------------------------------------------------
Finished Timing Optimization : Time (s): cpu = 00:00:19 ; elapsed = 00:00:20 . Memory (MB): peak = 1181.156 ; gain = 388.305
---------------------------------------------------------------------------------

Report RTL Partitions: 
+-+--------------+------------+----------+
| |RTL Partition |Replication |Instances |
+-+--------------+------------+----------+
+-+--------------+------------+----------+
---------------------------------------------------------------------------------
Start Technology Mapping
---------------------------------------------------------------------------------
---------------------------------------------------------------------------------
Finished Technology Mapping : Time (s): cpu = 00:00:19 ; elapsed = 00:00:20 . Memory (MB): peak = 1181.156 ; gain = 388.305
---------------------------------------------------------------------------------

Report RTL Partitions: 
+-+--------------+------------+----------+
| |RTL Partition |Replication |Instances |
+-+--------------+------------+----------+
+-+--------------+------------+----------+
---------------------------------------------------------------------------------
Start IO Insertion
---------------------------------------------------------------------------------
---------------------------------------------------------------------------------
Start Flattening Before IO Insertion
---------------------------------------------------------------------------------
---------------------------------------------------------------------------------
Finished Flattening Before IO Insertion
---------------------------------------------------------------------------------
---------------------------------------------------------------------------------
Start Final Netlist Cleanup
---------------------------------------------------------------------------------
---------------------------------------------------------------------------------
Finished Final Netlist Cleanup
---------------------------------------------------------------------------------
---------------------------------------------------------------------------------
Finished IO Insertion : Time (s): cpu = 00:00:23 ; elapsed = 00:00:24 . Memory (MB): peak = 1192.012 ; gain = 399.160
---------------------------------------------------------------------------------
---------------------------------------------------------------------------------
Start Renaming Generated Instances
---------------------------------------------------------------------------------
---------------------------------------------------------------------------------
Finished Renaming Generated Instances : Time (s): cpu = 00:00:23 ; elapsed = 00:00:24 . Memory (MB): peak = 1192.012 ; gain = 399.160
---------------------------------------------------------------------------------

Report RTL Partitions: 
+-+--------------+------------+----------+
| |RTL Partition |Replication |Instances |
+-+--------------+------------+----------+
+-+--------------+------------+----------+

Report Check Netlist: 
+------+------------------+-------+---------+-------+------------------+
|      |Item              |Errors |Warnings |Status |Description       |
+------+------------------+-------+---------+-------+------------------+
|1     |multi_driven_nets |      0|        0|Passed |Multi driven nets |
+------+------------------+-------+---------+-------+------------------+
---------------------------------------------------------------------------------
Start Rebuilding User Hierarchy
---------------------------------------------------------------------------------
---------------------------------------------------------------------------------
Finished Rebuilding User Hierarchy : Time (s): cpu = 00:00:23 ; elapsed = 00:00:24 . Memory (MB): peak = 1192.012 ; gain = 399.160
---------------------------------------------------------------------------------
---------------------------------------------------------------------------------
Start Renaming Generated Ports
---------------------------------------------------------------------------------
---------------------------------------------------------------------------------
Finished Renaming Generated Ports : Time (s): cpu = 00:00:23 ; elapsed = 00:00:24 . Memory (MB): peak = 1192.012 ; gain = 399.160
---------------------------------------------------------------------------------
---------------------------------------------------------------------------------
Start Handling Custom Attributes
---------------------------------------------------------------------------------
---------------------------------------------------------------------------------
Finished Handling Custom Attributes : Time (s): cpu = 00:00:23 ; elapsed = 00:00:24 . Memory (MB): peak = 1192.012 ; gain = 399.160
---------------------------------------------------------------------------------
---------------------------------------------------------------------------------
Start Renaming Generated Nets
---------------------------------------------------------------------------------
---------------------------------------------------------------------------------
Finished Renaming Generated Nets : Time (s): cpu = 00:00:23 ; elapsed = 00:00:24 . Memory (MB): peak = 1192.012 ; gain = 399.160
---------------------------------------------------------------------------------
---------------------------------------------------------------------------------
Start Writing Synthesis Report
---------------------------------------------------------------------------------

Report BlackBoxes: 
+------+--------------------------------+----------+
|      |BlackBox name                   |Instances |
+------+--------------------------------+----------+
|1     |mblaze_led_xbar_0               |         1|
|2     |mblaze_led_axi_gpio_0_1         |         1|
|3     |mblaze_led_axi_gpio_0_0         |         1|
|4     |mblaze_led_axi_gpio_1_0         |         1|
|5     |mblaze_led_axi_uartlite_0_0     |         1|
|6     |mblaze_led_clk_wiz_0_0          |         1|
|7     |mblaze_led_mdm_1_0              |         1|
|8     |mblaze_led_microblaze_0_0       |         1|
|9     |mblaze_led_rst_clk_wiz_0_100M_0 |         1|
|10    |mblaze_led_dlmb_bram_if_cntlr_0 |         1|
|11    |mblaze_led_dlmb_v10_0           |         1|
|12    |mblaze_led_ilmb_bram_if_cntlr_0 |         1|
|13    |mblaze_led_ilmb_v10_0           |         1|
|14    |mblaze_led_lmb_bram_0           |         1|
+------+--------------------------------+----------+

Report Cell Usage: 
+------+--------------------------------+------+
|      |Cell                            |Count |
+------+--------------------------------+------+
|1     |mblaze_led_axi_gpio_0_0         |     1|
|2     |mblaze_led_axi_gpio_0_1         |     1|
|3     |mblaze_led_axi_gpio_1_0         |     1|
|4     |mblaze_led_axi_uartlite_0_0     |     1|
|5     |mblaze_led_clk_wiz_0_0          |     1|
|6     |mblaze_led_dlmb_bram_if_cntlr_0 |     1|
|7     |mblaze_led_dlmb_v10_0           |     1|
|8     |mblaze_led_ilmb_bram_if_cntlr_0 |     1|
|9     |mblaze_led_ilmb_v10_0           |     1|
|10    |mblaze_led_lmb_bram_0           |     1|
|11    |mblaze_led_mdm_1_0              |     1|
|12    |mblaze_led_microblaze_0_0       |     1|
|13    |mblaze_led_rst_clk_wiz_0_100M_0 |     1|
|14    |mblaze_led_xbar_0               |     1|
|15    |IBUF                            |    18|
|16    |OBUF                            |    29|
+------+--------------------------------+------+

Report Instance Areas: 
+------+------------------------------+--------------------------------------+------+
|      |Instance                      |Module                                |Cells |
+------+------------------------------+--------------------------------------+------+
|1     |top                           |                                      |  1465|
|2     |  mblaze_led_i                |mblaze_led                            |  1418|
|3     |    microblaze_0_axi_periph   |mblaze_led_microblaze_0_axi_periph_0  |   485|
|4     |    microblaze_0_local_memory |microblaze_0_local_memory_imp_10JTYMX |   496|
+------+------------------------------+--------------------------------------+------+
---------------------------------------------------------------------------------
Finished Writing Synthesis Report : Time (s): cpu = 00:00:23 ; elapsed = 00:00:24 . Memory (MB): peak = 1192.012 ; gain = 399.160
---------------------------------------------------------------------------------
Synthesis finished with 0 errors, 0 critical warnings and 10 warnings.
Synthesis Optimization Runtime : Time (s): cpu = 00:00:15 ; elapsed = 00:00:21 . Memory (MB): peak = 1192.012 ; gain = 322.109
Synthesis Optimization Complete : Time (s): cpu = 00:00:23 ; elapsed = 00:00:24 . Memory (MB): peak = 1192.012 ; gain = 399.160
INFO: [Project 1-571] Translating synthesized netlist
Netlist sorting complete. Time (s): cpu = 00:00:01 ; elapsed = 00:00:00.020 . Memory (MB): peak = 1204.074 ; gain = 0.000
INFO: [Project 1-570] Preparing netlist for logic optimization
INFO: [Opt 31-138] Pushed 0 inverter(s) to 0 load pin(s).
Netlist sorting complete. Time (s): cpu = 00:00:00 ; elapsed = 00:00:00 . Memory (MB): peak = 1208.957 ; gain = 0.000
INFO: [Project 1-111] Unisim Transformation Summary:
No Unisim elements were transformed.

INFO: [Common 17-83] Releasing license: Synthesis
58 Infos, 52 Warnings, 0 Critical Warnings and 0 Errors encountered.
synth_design completed successfully
synth_design: Time (s): cpu = 00:00:27 ; elapsed = 00:00:30 . Memory (MB): peak = 1208.957 ; gain = 696.602
Netlist sorting complete. Time (s): cpu = 00:00:00 ; elapsed = 00:00:00 . Memory (MB): peak = 1208.957 ; gain = 0.000
WARNING: [Constraints 18-5210] No constraints selected for write.
Resolution: This message can indicate that there are no constraints for the design, or it can indicate that the used_in flags are set such that the constraints are ignored. This later case is used when running synth_design to not write synthesis constraints to the resulting checkpoint. Instead, project constraints are read when the synthesized design is opened.
INFO: [Common 17-1381] The checkpoint 'F:/Ian_Jung/workplace/cora_z7/cora_cpu_2019/Basys3_Microblaze_real/Basys3_Microblaze_real.runs/synth_1/mblaze_led_wrapper.dcp' has been generated.
INFO: [runtcl-4] Executing : report_utilization -file mblaze_led_wrapper_utilization_synth.rpt -pb mblaze_led_wrapper_utilization_synth.pb
INFO: [Common 17-206] Exiting Vivado at Fri Nov 17 14:14:51 2023...
