Copyright 1986-2019 Xilinx, Inc. All Rights Reserved.
------------------------------------------------------------------------------------
| Tool Version : Vivado v.2019.2 (win64) Build 2708876 Wed Nov  6 21:40:23 MST 2019
| Date         : Tue Nov 21 15:49:28 2023
| Host         : DESKTOP-CPLDPO1 running 64-bit major release  (build 9200)
| Command      : upgrade_ip
| Device       : xc7a35tcpg236-1
------------------------------------------------------------------------------------

Upgrade Log for IP 'mblaze_PWM_1000x_myip_PWM_1000x_0_0'

1. Summary
----------

CAUTION (success, with warnings) in the upgrade of mblaze_PWM_1000x_myip_PWM_1000x_0_0 (xilinx.com:user:myip_PWM_1000x:1.0) from (Rev. 1) to (Rev. 3)

After upgrade, an IP may have parameter and port differences compared to the original customization. Please review the parameters within the IP customization GUI to ensure proper functionality. Also, please review the updated IP instantiation template to ensure proper connectivity, and update your design if required.

2. Connection Warnings
----------------------

Detected external port differences while upgrading 'mblaze_PWM_1000x_myip_PWM_1000x_0_0'. These changes may impact your design.


-Upgrade has added port 'pwm_1000pc'







Copyright 1986-2019 Xilinx, Inc. All Rights Reserved.
------------------------------------------------------------------------------------
| Tool Version : Vivado v.2019.2 (win64) Build 2708876 Wed Nov  6 21:40:23 MST 2019
| Date         : Tue Nov 21 14:51:16 2023
| Host         : DESKTOP-CPLDPO1 running 64-bit major release  (build 9200)
| Command      : upgrade_ip
| Device       : xc7a35tcpg236-1
------------------------------------------------------------------------------------

Upgrade Log for IP 'mblaze_PWM_myip_PWM_1_0'

1. Summary
----------

SUCCESS in the upgrade of mblaze_PWM_myip_PWM_1_0 (xilinx.com:user:myip_PWM:1.0) from (Rev. 2) to (Rev. 4)






Copyright 1986-2019 Xilinx, Inc. All Rights Reserved.
------------------------------------------------------------------------------------
| Tool Version : Vivado v.2019.2 (win64) Build 2708876 Wed Nov  6 21:40:23 MST 2019
| Date         : Tue Nov 21 14:51:16 2023
| Host         : DESKTOP-CPLDPO1 running 64-bit major release  (build 9200)
| Command      : upgrade_ip
| Device       : xc7a35tcpg236-1
------------------------------------------------------------------------------------

Upgrade Log for IP 'mblaze_PWM_myip_PWM_0_0'

1. Summary
----------

SUCCESS in the upgrade of mblaze_PWM_myip_PWM_0_0 (xilinx.com:user:myip_PWM:1.0) from (Rev. 2) to (Rev. 4)

