TRACE::2023-11-17.14:18:11::SCWPlatform::Trying to open the hw design at F:/Ian_Jung/workplace/Harman_Vitis/mblaze_FND_led_swtich_hw/hw/mblaze_FND_led_switch.xsa
TRACE::2023-11-17.14:18:11::SCWPlatform::DSA given F:/Ian_Jung/workplace/Harman_Vitis/mblaze_FND_led_swtich_hw/hw/mblaze_FND_led_switch.xsa
TRACE::2023-11-17.14:18:11::SCWPlatform::DSA absoulate path F:/Ian_Jung/workplace/Harman_Vitis/mblaze_FND_led_swtich_hw/hw/mblaze_FND_led_switch.xsa
TRACE::2023-11-17.14:18:11::SCWPlatform::DSA directory F:/Ian_Jung/workplace/Harman_Vitis/mblaze_FND_led_swtich_hw/hw
TRACE::2023-11-17.14:18:11::SCWPlatform:: Platform Path F:/Ian_Jung/workplace/Harman_Vitis/mblaze_FND_led_swtich_hw/hw/mblaze_FND_led_switch.xsa
TRACE::2023-11-17.14:18:11::SCWPlatform:: Unique name xilinx:basys3::0.0
TRACE::2023-11-17.14:18:11::SCWPlatform::Do not have an existing db opened. 
TRACE::2023-11-17.14:18:11::SCWPlatform::Opened new HwDB with name mblaze_led_wrapper_12
TRACE::2023-11-17.14:18:11::SCWWriter::formatted JSON is {
	"platformName":	"mblaze_FND_led_swtich_hw",
	"sprVersion":	"2.0",
	"mode":	"gui",
	"dsaType":	"Fixed",
	"platformDesc":	"mblaze_FND_led_swtich_hw",
	"platHandOff":	"F:/Ian_Jung/workplace/cora_z7/cora_cpu_2019/Basys3_Microblaze_real/mblaze_FND_led_switch.xsa",
	"platIntHandOff":	"<platformDir>/hw/mblaze_FND_led_switch.xsa",
	"deviceType":	"FPGA",
	"platIsPrebuiltAutogen":	"false",
	"platIsNoBootBsp":	"false",
	"hasFsblMakeHasChanges":	"false",
	"hasPmufwMakeHasChanges":	"false",
	"platPreBuiltFlag":	false,
	"platformSamplesDir":	""
}
TRACE::2023-11-17.14:18:11::SCWWriter::formatted JSON is {
	"platformName":	"mblaze_FND_led_swtich_hw",
	"sprVersion":	"2.0",
	"mode":	"gui",
	"dsaType":	"Fixed",
	"platformDesc":	"mblaze_FND_led_swtich_hw",
	"platHandOff":	"F:/Ian_Jung/workplace/cora_z7/cora_cpu_2019/Basys3_Microblaze_real/mblaze_FND_led_switch.xsa",
	"platIntHandOff":	"<platformDir>/hw/mblaze_FND_led_switch.xsa",
	"deviceType":	"FPGA",
	"platIsPrebuiltAutogen":	"false",
	"platIsNoBootBsp":	"false",
	"hasFsblMakeHasChanges":	"false",
	"hasPmufwMakeHasChanges":	"false",
	"platPreBuiltFlag":	false,
	"platformSamplesDir":	"",
	"platActiveSys":	"mblaze_FND_led_swtich_hw",
	"systems":	[{
			"systemName":	"mblaze_FND_led_swtich_hw",
			"systemDesc":	"mblaze_FND_led_swtich_hw",
			"sysIsBootAutoGen":	"true",
			"systemDispName":	"mblaze_FND_led_swtich_hw"
		}]
}
TRACE::2023-11-17.14:18:11::SCWPlatform::Boot application domains not present, creating them
TRACE::2023-11-17.14:18:11::SCWPlatform::Pure FPGA device, no boot application will be created.
TRACE::2023-11-17.14:18:11::SCWWriter::formatted JSON is {
	"platformName":	"mblaze_FND_led_swtich_hw",
	"sprVersion":	"2.0",
	"mode":	"gui",
	"dsaType":	"Fixed",
	"platformDesc":	"mblaze_FND_led_swtich_hw",
	"platHandOff":	"F:/Ian_Jung/workplace/cora_z7/cora_cpu_2019/Basys3_Microblaze_real/mblaze_FND_led_switch.xsa",
	"platIntHandOff":	"<platformDir>/hw/mblaze_FND_led_switch.xsa",
	"deviceType":	"FPGA",
	"platIsPrebuiltAutogen":	"false",
	"platIsNoBootBsp":	"false",
	"hasFsblMakeHasChanges":	"false",
	"hasPmufwMakeHasChanges":	"false",
	"platPreBuiltFlag":	false,
	"platformSamplesDir":	"",
	"platActiveSys":	"mblaze_FND_led_swtich_hw",
	"systems":	[{
			"systemName":	"mblaze_FND_led_swtich_hw",
			"systemDesc":	"mblaze_FND_led_swtich_hw",
			"sysIsBootAutoGen":	"true",
			"systemDispName":	"mblaze_FND_led_swtich_hw"
		}]
}
TRACE::2023-11-17.14:18:11::SCWPlatform::Trying to open the hw design at F:/Ian_Jung/workplace/Harman_Vitis/mblaze_FND_led_swtich_hw/hw/mblaze_FND_led_switch.xsa
TRACE::2023-11-17.14:18:11::SCWPlatform::DSA given F:/Ian_Jung/workplace/Harman_Vitis/mblaze_FND_led_swtich_hw/hw/mblaze_FND_led_switch.xsa
TRACE::2023-11-17.14:18:11::SCWPlatform::DSA absoulate path F:/Ian_Jung/workplace/Harman_Vitis/mblaze_FND_led_swtich_hw/hw/mblaze_FND_led_switch.xsa
TRACE::2023-11-17.14:18:11::SCWPlatform::DSA directory F:/Ian_Jung/workplace/Harman_Vitis/mblaze_FND_led_swtich_hw/hw
TRACE::2023-11-17.14:18:11::SCWPlatform:: Platform Path F:/Ian_Jung/workplace/Harman_Vitis/mblaze_FND_led_swtich_hw/hw/mblaze_FND_led_switch.xsa
TRACE::2023-11-17.14:18:11::SCWPlatform:: Unique name xilinx:basys3::0.0
TRACE::2023-11-17.14:18:11::SCWPlatform::Trying to set the existing hwdb with name mblaze_led_wrapper_12
TRACE::2023-11-17.14:18:11::SCWPlatform::Opened existing hwdb mblaze_led_wrapper_12
TRACE::2023-11-17.14:18:11::SCWPlatform::Found the Hw Db part of the input DSA
TRACE::2023-11-17.14:18:11::SCWDomain::checking for install qemu data   : 
TRACE::2023-11-17.14:18:11::SCWPlatform::Trying to open the hw design at F:/Ian_Jung/workplace/Harman_Vitis/mblaze_FND_led_swtich_hw/hw/mblaze_FND_led_switch.xsa
TRACE::2023-11-17.14:18:11::SCWPlatform::DSA given F:/Ian_Jung/workplace/Harman_Vitis/mblaze_FND_led_swtich_hw/hw/mblaze_FND_led_switch.xsa
TRACE::2023-11-17.14:18:11::SCWPlatform::DSA absoulate path F:/Ian_Jung/workplace/Harman_Vitis/mblaze_FND_led_swtich_hw/hw/mblaze_FND_led_switch.xsa
TRACE::2023-11-17.14:18:11::SCWPlatform::DSA directory F:/Ian_Jung/workplace/Harman_Vitis/mblaze_FND_led_swtich_hw/hw
TRACE::2023-11-17.14:18:11::SCWPlatform:: Platform Path F:/Ian_Jung/workplace/Harman_Vitis/mblaze_FND_led_swtich_hw/hw/mblaze_FND_led_switch.xsa
TRACE::2023-11-17.14:18:11::SCWPlatform:: Unique name xilinx:basys3::0.0
TRACE::2023-11-17.14:18:11::SCWPlatform::Trying to set the existing hwdb with name mblaze_led_wrapper_12
TRACE::2023-11-17.14:18:11::SCWPlatform::Opened existing hwdb mblaze_led_wrapper_12
TRACE::2023-11-17.14:18:11::SCWPlatform::Found the Hw Db part of the input DSA
TRACE::2023-11-17.14:18:11::SCWPlatform::Trying to open the hw design at F:/Ian_Jung/workplace/Harman_Vitis/mblaze_FND_led_swtich_hw/hw/mblaze_FND_led_switch.xsa
TRACE::2023-11-17.14:18:11::SCWPlatform::DSA given F:/Ian_Jung/workplace/Harman_Vitis/mblaze_FND_led_swtich_hw/hw/mblaze_FND_led_switch.xsa
TRACE::2023-11-17.14:18:11::SCWPlatform::DSA absoulate path F:/Ian_Jung/workplace/Harman_Vitis/mblaze_FND_led_swtich_hw/hw/mblaze_FND_led_switch.xsa
TRACE::2023-11-17.14:18:11::SCWPlatform::DSA directory F:/Ian_Jung/workplace/Harman_Vitis/mblaze_FND_led_swtich_hw/hw
TRACE::2023-11-17.14:18:11::SCWPlatform:: Platform Path F:/Ian_Jung/workplace/Harman_Vitis/mblaze_FND_led_swtich_hw/hw/mblaze_FND_led_switch.xsa
TRACE::2023-11-17.14:18:11::SCWPlatform:: Unique name xilinx:basys3::0.0
TRACE::2023-11-17.14:18:11::SCWPlatform::Trying to set the existing hwdb with name mblaze_led_wrapper_12
TRACE::2023-11-17.14:18:11::SCWPlatform::Opened existing hwdb mblaze_led_wrapper_12
TRACE::2023-11-17.14:18:11::SCWPlatform::Found the Hw Db part of the input DSA
TRACE::2023-11-17.14:18:11::SCWMssOS::Checking the sw design at  F:/Ian_Jung/workplace/Harman_Vitis/mblaze_FND_led_swtich_hw/microblaze_0/standalone_domain/bsp/system.mss
TRACE::2023-11-17.14:18:11::SCWMssOS::DEBUG:  swdes dump  F:/Ian_Jung/workplace/Harman_Vitis/mBlaze_hello/microblaze_0/standalone_domain/bsp/system.mss|system||
F:/Ian_Jung/workplace/Harman_Vitis/mblaze_led_hw/microblaze_0/standalone_domain/bsp/system.mss|system_0||
F:/Ian_Jung/workplace/Harman_Vitis/mblaze_led_switch_hw/microblaze_0/standalone_domain/bsp/system.mss|system_1||
F:/Ian_Jung/workplace/Harman_Vitis/mblaze_led_switch_hw_r/microblaze_0/standalone_domain/bsp/system.mss|system_2||

TRACE::2023-11-17.14:18:11::SCWMssOS::No sw design opened at  F:/Ian_Jung/workplace/Harman_Vitis/mblaze_FND_led_swtich_hw/microblaze_0/standalone_domain/bsp/system.mss
TRACE::2023-11-17.14:18:11::SCWMssOS::mss does not exists at F:/Ian_Jung/workplace/Harman_Vitis/mblaze_FND_led_swtich_hw/microblaze_0/standalone_domain/bsp/system.mss
TRACE::2023-11-17.14:18:11::SCWMssOS::Creating sw design at  F:/Ian_Jung/workplace/Harman_Vitis/mblaze_FND_led_swtich_hw/microblaze_0/standalone_domain/bsp/system.mss
TRACE::2023-11-17.14:18:11::SCWMssOS::Adding the swdes entry, created swdb F:/Ian_Jung/workplace/Harman_Vitis/mblaze_FND_led_swtich_hw/microblaze_0/standalone_domain/bsp/system.mss with des name F:/Ian_Jung/workplace/Harman_Vitis/mblaze_FND_led_swtich_hw/microblaze_0/standalone_domain/bsp/system.mss
TRACE::2023-11-17.14:18:11::SCWMssOS::updating the scw layer changes to swdes at   F:/Ian_Jung/workplace/Harman_Vitis/mblaze_FND_led_swtich_hw/microblaze_0/standalone_domain/bsp/system.mss
TRACE::2023-11-17.14:18:11::SCWMssOS::Writing mss at F:/Ian_Jung/workplace/Harman_Vitis/mblaze_FND_led_swtich_hw/microblaze_0/standalone_domain/bsp/system.mss
TRACE::2023-11-17.14:18:11::SCWMssOS::Completed writing the mss file at F:/Ian_Jung/workplace/Harman_Vitis/mblaze_FND_led_swtich_hw/microblaze_0/standalone_domain/bsp
TRACE::2023-11-17.14:18:11::SCWMssOS::Picking up changes from newly written mss file into SCW Layer. 
TRACE::2023-11-17.14:18:11::SCWMssOS::Updated the changes from newly written mss file into SCW Layer. 
TRACE::2023-11-17.14:18:11::SCWPlatform::Trying to open the hw design at F:/Ian_Jung/workplace/Harman_Vitis/mblaze_FND_led_swtich_hw/hw/mblaze_FND_led_switch.xsa
TRACE::2023-11-17.14:18:11::SCWPlatform::DSA given F:/Ian_Jung/workplace/Harman_Vitis/mblaze_FND_led_swtich_hw/hw/mblaze_FND_led_switch.xsa
TRACE::2023-11-17.14:18:11::SCWPlatform::DSA absoulate path F:/Ian_Jung/workplace/Harman_Vitis/mblaze_FND_led_swtich_hw/hw/mblaze_FND_led_switch.xsa
TRACE::2023-11-17.14:18:11::SCWPlatform::DSA directory F:/Ian_Jung/workplace/Harman_Vitis/mblaze_FND_led_swtich_hw/hw
TRACE::2023-11-17.14:18:11::SCWPlatform:: Platform Path F:/Ian_Jung/workplace/Harman_Vitis/mblaze_FND_led_swtich_hw/hw/mblaze_FND_led_switch.xsa
TRACE::2023-11-17.14:18:11::SCWPlatform:: Unique name xilinx:basys3::0.0
TRACE::2023-11-17.14:18:11::SCWPlatform::Trying to set the existing hwdb with name mblaze_led_wrapper_12
TRACE::2023-11-17.14:18:11::SCWPlatform::Opened existing hwdb mblaze_led_wrapper_12
TRACE::2023-11-17.14:18:11::SCWPlatform::Found the Hw Db part of the input DSA
TRACE::2023-11-17.14:18:11::SCWMssOS::Checking the sw design at  F:/Ian_Jung/workplace/Harman_Vitis/mblaze_FND_led_swtich_hw/microblaze_0/standalone_domain/bsp/system.mss
TRACE::2023-11-17.14:18:11::SCWMssOS::DEBUG:  swdes dump  F:/Ian_Jung/workplace/Harman_Vitis/mBlaze_hello/microblaze_0/standalone_domain/bsp/system.mss|system||
F:/Ian_Jung/workplace/Harman_Vitis/mblaze_FND_led_swtich_hw/microblaze_0/standalone_domain/bsp/system.mss|F:/Ian_Jung/workplace/Harman_Vitis/mblaze_FND_led_swtich_hw/microblaze_0/standalone_domain/bsp/system.mss||
F:/Ian_Jung/workplace/Harman_Vitis/mblaze_led_hw/microblaze_0/standalone_domain/bsp/system.mss|system_0||
F:/Ian_Jung/workplace/Harman_Vitis/mblaze_led_switch_hw/microblaze_0/standalone_domain/bsp/system.mss|system_1||
F:/Ian_Jung/workplace/Harman_Vitis/mblaze_led_switch_hw_r/microblaze_0/standalone_domain/bsp/system.mss|system_2||

TRACE::2023-11-17.14:18:11::SCWMssOS::Sw design exists and opened at  F:/Ian_Jung/workplace/Harman_Vitis/mblaze_FND_led_swtich_hw/microblaze_0/standalone_domain/bsp/system.mss
TRACE::2023-11-17.14:18:11::SCWPlatform::Trying to open the hw design at F:/Ian_Jung/workplace/Harman_Vitis/mblaze_FND_led_swtich_hw/hw/mblaze_FND_led_switch.xsa
TRACE::2023-11-17.14:18:11::SCWPlatform::DSA given F:/Ian_Jung/workplace/Harman_Vitis/mblaze_FND_led_swtich_hw/hw/mblaze_FND_led_switch.xsa
TRACE::2023-11-17.14:18:11::SCWPlatform::DSA absoulate path F:/Ian_Jung/workplace/Harman_Vitis/mblaze_FND_led_swtich_hw/hw/mblaze_FND_led_switch.xsa
TRACE::2023-11-17.14:18:11::SCWPlatform::DSA directory F:/Ian_Jung/workplace/Harman_Vitis/mblaze_FND_led_swtich_hw/hw
TRACE::2023-11-17.14:18:11::SCWPlatform:: Platform Path F:/Ian_Jung/workplace/Harman_Vitis/mblaze_FND_led_swtich_hw/hw/mblaze_FND_led_switch.xsa
TRACE::2023-11-17.14:18:11::SCWPlatform:: Unique name xilinx:basys3::0.0
TRACE::2023-11-17.14:18:11::SCWPlatform::Trying to set the existing hwdb with name mblaze_led_wrapper_12
TRACE::2023-11-17.14:18:11::SCWPlatform::Opened existing hwdb mblaze_led_wrapper_12
TRACE::2023-11-17.14:18:11::SCWPlatform::Found the Hw Db part of the input DSA
TRACE::2023-11-17.14:18:11::SCWMssOS::Checking the sw design at  F:/Ian_Jung/workplace/Harman_Vitis/mblaze_FND_led_swtich_hw/microblaze_0/standalone_domain/bsp/system.mss
TRACE::2023-11-17.14:18:11::SCWMssOS::DEBUG:  swdes dump  F:/Ian_Jung/workplace/Harman_Vitis/mBlaze_hello/microblaze_0/standalone_domain/bsp/system.mss|system||
F:/Ian_Jung/workplace/Harman_Vitis/mblaze_FND_led_swtich_hw/microblaze_0/standalone_domain/bsp/system.mss|F:/Ian_Jung/workplace/Harman_Vitis/mblaze_FND_led_swtich_hw/microblaze_0/standalone_domain/bsp/system.mss||
F:/Ian_Jung/workplace/Harman_Vitis/mblaze_led_hw/microblaze_0/standalone_domain/bsp/system.mss|system_0||
F:/Ian_Jung/workplace/Harman_Vitis/mblaze_led_switch_hw/microblaze_0/standalone_domain/bsp/system.mss|system_1||
F:/Ian_Jung/workplace/Harman_Vitis/mblaze_led_switch_hw_r/microblaze_0/standalone_domain/bsp/system.mss|system_2||

TRACE::2023-11-17.14:18:11::SCWMssOS::Sw design exists and opened at  F:/Ian_Jung/workplace/Harman_Vitis/mblaze_FND_led_swtich_hw/microblaze_0/standalone_domain/bsp/system.mss
TRACE::2023-11-17.14:18:11::SCWPlatform::Trying to open the hw design at F:/Ian_Jung/workplace/Harman_Vitis/mblaze_FND_led_swtich_hw/hw/mblaze_FND_led_switch.xsa
TRACE::2023-11-17.14:18:11::SCWPlatform::DSA given F:/Ian_Jung/workplace/Harman_Vitis/mblaze_FND_led_swtich_hw/hw/mblaze_FND_led_switch.xsa
TRACE::2023-11-17.14:18:11::SCWPlatform::DSA absoulate path F:/Ian_Jung/workplace/Harman_Vitis/mblaze_FND_led_swtich_hw/hw/mblaze_FND_led_switch.xsa
TRACE::2023-11-17.14:18:11::SCWPlatform::DSA directory F:/Ian_Jung/workplace/Harman_Vitis/mblaze_FND_led_swtich_hw/hw
TRACE::2023-11-17.14:18:11::SCWPlatform:: Platform Path F:/Ian_Jung/workplace/Harman_Vitis/mblaze_FND_led_swtich_hw/hw/mblaze_FND_led_switch.xsa
TRACE::2023-11-17.14:18:11::SCWPlatform:: Unique name xilinx:basys3::0.0
TRACE::2023-11-17.14:18:11::SCWPlatform::Trying to set the existing hwdb with name mblaze_led_wrapper_12
TRACE::2023-11-17.14:18:11::SCWPlatform::Opened existing hwdb mblaze_led_wrapper_12
TRACE::2023-11-17.14:18:11::SCWPlatform::Found the Hw Db part of the input DSA
TRACE::2023-11-17.14:18:11::SCWMssOS::Checking the sw design at  F:/Ian_Jung/workplace/Harman_Vitis/mblaze_FND_led_swtich_hw/microblaze_0/standalone_domain/bsp/system.mss
TRACE::2023-11-17.14:18:11::SCWMssOS::DEBUG:  swdes dump  F:/Ian_Jung/workplace/Harman_Vitis/mBlaze_hello/microblaze_0/standalone_domain/bsp/system.mss|system||
F:/Ian_Jung/workplace/Harman_Vitis/mblaze_FND_led_swtich_hw/microblaze_0/standalone_domain/bsp/system.mss|F:/Ian_Jung/workplace/Harman_Vitis/mblaze_FND_led_swtich_hw/microblaze_0/standalone_domain/bsp/system.mss||
F:/Ian_Jung/workplace/Harman_Vitis/mblaze_led_hw/microblaze_0/standalone_domain/bsp/system.mss|system_0||
F:/Ian_Jung/workplace/Harman_Vitis/mblaze_led_switch_hw/microblaze_0/standalone_domain/bsp/system.mss|system_1||
F:/Ian_Jung/workplace/Harman_Vitis/mblaze_led_switch_hw_r/microblaze_0/standalone_domain/bsp/system.mss|system_2||

TRACE::2023-11-17.14:18:11::SCWMssOS::Sw design exists and opened at  F:/Ian_Jung/workplace/Harman_Vitis/mblaze_FND_led_swtich_hw/microblaze_0/standalone_domain/bsp/system.mss
TRACE::2023-11-17.14:18:11::SCWWriter::formatted JSON is {
	"platformName":	"mblaze_FND_led_swtich_hw",
	"sprVersion":	"2.0",
	"mode":	"gui",
	"dsaType":	"Fixed",
	"platformDesc":	"mblaze_FND_led_swtich_hw",
	"platHandOff":	"F:/Ian_Jung/workplace/cora_z7/cora_cpu_2019/Basys3_Microblaze_real/mblaze_FND_led_switch.xsa",
	"platIntHandOff":	"<platformDir>/hw/mblaze_FND_led_switch.xsa",
	"deviceType":	"FPGA",
	"platIsPrebuiltAutogen":	"false",
	"platIsNoBootBsp":	"false",
	"hasFsblMakeHasChanges":	"false",
	"hasPmufwMakeHasChanges":	"false",
	"platPreBuiltFlag":	false,
	"platformSamplesDir":	"",
	"platActiveSys":	"mblaze_FND_led_swtich_hw",
	"systems":	[{
			"systemName":	"mblaze_FND_led_swtich_hw",
			"systemDesc":	"mblaze_FND_led_swtich_hw",
			"sysIsBootAutoGen":	"true",
			"systemDispName":	"mblaze_FND_led_swtich_hw",
			"sysActiveDom":	"standalone_domain",
			"sysDefaultDom":	"standalone_domain",
			"domains":	[{
					"domainName":	"standalone_domain",
					"domainDispName":	"standalone_domain",
					"domainDesc":	"standalone_domain",
					"processors":	"microblaze_0",
					"os":	"standalone",
					"sdxOs":	"standalone",
					"debugEnable":	"False",
					"domRuntimes":	["cpp"],
					"swRepo":	"",
					"mssOsVer":	"7.1",
					"mssFile":	"",
					"md5Digest":	"",
					"compatibleApp":	"",
					"domType":	"mssDomain",
					"appSettings":	{
						"appCompilerFlags":	"",
						"appLinkerFlags":	""
					},
					"addedLibs":	[],
					"libOptions":	{
						"libsContainingOptions":	[]
					},
					"prebuiltLibs":	{
						"prebuiltIncPath":	[],
						"prebuiltLibPath":	[]
					},
					"isolation":	{
					}
				}]
		}]
}
TRACE::2023-11-17.14:18:11::SCWPlatform::Trying to open the hw design at F:/Ian_Jung/workplace/Harman_Vitis/mblaze_FND_led_swtich_hw/hw/mblaze_FND_led_switch.xsa
TRACE::2023-11-17.14:18:11::SCWPlatform::DSA given F:/Ian_Jung/workplace/Harman_Vitis/mblaze_FND_led_swtich_hw/hw/mblaze_FND_led_switch.xsa
TRACE::2023-11-17.14:18:11::SCWPlatform::DSA absoulate path F:/Ian_Jung/workplace/Harman_Vitis/mblaze_FND_led_swtich_hw/hw/mblaze_FND_led_switch.xsa
TRACE::2023-11-17.14:18:11::SCWPlatform::DSA directory F:/Ian_Jung/workplace/Harman_Vitis/mblaze_FND_led_swtich_hw/hw
TRACE::2023-11-17.14:18:11::SCWPlatform:: Platform Path F:/Ian_Jung/workplace/Harman_Vitis/mblaze_FND_led_swtich_hw/hw/mblaze_FND_led_switch.xsa
TRACE::2023-11-17.14:18:11::SCWPlatform:: Unique name xilinx:basys3::0.0
TRACE::2023-11-17.14:18:11::SCWPlatform::Trying to set the existing hwdb with name mblaze_led_wrapper_12
TRACE::2023-11-17.14:18:11::SCWPlatform::Opened existing hwdb mblaze_led_wrapper_12
TRACE::2023-11-17.14:18:11::SCWPlatform::Found the Hw Db part of the input DSA
TRACE::2023-11-17.14:18:11::SCWMssOS::Checking the sw design at  F:/Ian_Jung/workplace/Harman_Vitis/mblaze_FND_led_swtich_hw/microblaze_0/standalone_domain/bsp/system.mss
TRACE::2023-11-17.14:18:11::SCWMssOS::DEBUG:  swdes dump  F:/Ian_Jung/workplace/Harman_Vitis/mBlaze_hello/microblaze_0/standalone_domain/bsp/system.mss|system||
F:/Ian_Jung/workplace/Harman_Vitis/mblaze_FND_led_swtich_hw/microblaze_0/standalone_domain/bsp/system.mss|F:/Ian_Jung/workplace/Harman_Vitis/mblaze_FND_led_swtich_hw/microblaze_0/standalone_domain/bsp/system.mss||
F:/Ian_Jung/workplace/Harman_Vitis/mblaze_led_hw/microblaze_0/standalone_domain/bsp/system.mss|system_0||
F:/Ian_Jung/workplace/Harman_Vitis/mblaze_led_switch_hw/microblaze_0/standalone_domain/bsp/system.mss|system_1||
F:/Ian_Jung/workplace/Harman_Vitis/mblaze_led_switch_hw_r/microblaze_0/standalone_domain/bsp/system.mss|system_2||

TRACE::2023-11-17.14:18:11::SCWMssOS::Sw design exists and opened at  F:/Ian_Jung/workplace/Harman_Vitis/mblaze_FND_led_swtich_hw/microblaze_0/standalone_domain/bsp/system.mss
TRACE::2023-11-17.14:18:11::SCWMssOS::Completed writing the mss file at F:/Ian_Jung/workplace/Harman_Vitis/mblaze_FND_led_swtich_hw/microblaze_0/standalone_domain/bsp
TRACE::2023-11-17.14:18:11::SCWMssOS::Forcing BSP Sources regeneration.
LOG::2023-11-17.14:18:12::SCWPlatform::Started generating the artifacts platform mblaze_FND_led_swtich_hw
TRACE::2023-11-17.14:18:12::SCWPlatform::Sanity checking of platform is completed
LOG::2023-11-17.14:18:12::SCWPlatform::Started generating the artifacts for system configuration mblaze_FND_led_swtich_hw
LOG::2023-11-17.14:18:12::SCWSystem::Checking the domain standalone_domain
LOG::2023-11-17.14:18:12::SCWSystem::Not a boot domain 
LOG::2023-11-17.14:18:12::SCWSystem::Started Processing the domain standalone_domain
TRACE::2023-11-17.14:18:12::SCWDomain::Generating domain artifcats
TRACE::2023-11-17.14:18:12::SCWMssOS::Generating standalone artifcats
TRACE::2023-11-17.14:18:12::SCWMssOS:: Copying the user libraries. 
TRACE::2023-11-17.14:18:12::SCWPlatform::Trying to open the hw design at F:/Ian_Jung/workplace/Harman_Vitis/mblaze_FND_led_swtich_hw/hw/mblaze_FND_led_switch.xsa
TRACE::2023-11-17.14:18:12::SCWPlatform::DSA given F:/Ian_Jung/workplace/Harman_Vitis/mblaze_FND_led_swtich_hw/hw/mblaze_FND_led_switch.xsa
TRACE::2023-11-17.14:18:12::SCWPlatform::DSA absoulate path F:/Ian_Jung/workplace/Harman_Vitis/mblaze_FND_led_swtich_hw/hw/mblaze_FND_led_switch.xsa
TRACE::2023-11-17.14:18:12::SCWPlatform::DSA directory F:/Ian_Jung/workplace/Harman_Vitis/mblaze_FND_led_swtich_hw/hw
TRACE::2023-11-17.14:18:12::SCWPlatform:: Platform Path F:/Ian_Jung/workplace/Harman_Vitis/mblaze_FND_led_swtich_hw/hw/mblaze_FND_led_switch.xsa
TRACE::2023-11-17.14:18:12::SCWPlatform:: Unique name xilinx:basys3::0.0
TRACE::2023-11-17.14:18:12::SCWPlatform::Trying to set the existing hwdb with name mblaze_led_wrapper_12
TRACE::2023-11-17.14:18:12::SCWPlatform::Opened existing hwdb mblaze_led_wrapper_12
TRACE::2023-11-17.14:18:12::SCWPlatform::Found the Hw Db part of the input DSA
TRACE::2023-11-17.14:18:12::SCWMssOS::Checking the sw design at  F:/Ian_Jung/workplace/Harman_Vitis/mblaze_FND_led_swtich_hw/microblaze_0/standalone_domain/bsp/system.mss
TRACE::2023-11-17.14:18:12::SCWMssOS::DEBUG:  swdes dump  F:/Ian_Jung/workplace/Harman_Vitis/mBlaze_hello/microblaze_0/standalone_domain/bsp/system.mss|system||
F:/Ian_Jung/workplace/Harman_Vitis/mblaze_FND_led_swtich_hw/microblaze_0/standalone_domain/bsp/system.mss|F:/Ian_Jung/workplace/Harman_Vitis/mblaze_FND_led_swtich_hw/microblaze_0/standalone_domain/bsp/system.mss||
F:/Ian_Jung/workplace/Harman_Vitis/mblaze_led_hw/microblaze_0/standalone_domain/bsp/system.mss|system_0||
F:/Ian_Jung/workplace/Harman_Vitis/mblaze_led_switch_hw/microblaze_0/standalone_domain/bsp/system.mss|system_1||
F:/Ian_Jung/workplace/Harman_Vitis/mblaze_led_switch_hw_r/microblaze_0/standalone_domain/bsp/system.mss|system_2||

KEYINFO::2023-11-17.14:18:12::SCWMssOS::Could not open the swdb for F:/Ian_Jung/workplace/Harman_Vitis/mblaze_FND_led_swtich_hw/microblaze_0/standalone_domain/bsp/system.mss
KEYINFO::2023-11-17.14:18:12::SCWMssOS::Could not open the sw design at  F:/Ian_Jung/workplace/Harman_Vitis/mblaze_FND_led_swtich_hw/microblaze_0/standalone_domain/bsp/system.mss
ERROR: [Hsi 55-1558] Software Design F:/Ian_Jung/workplace/Harman_Vitis/mblaze_FND_led_swtich_hw/microblaze_0/standalone_domain/bsp/system.mss is not found

TRACE::2023-11-17.14:18:12::SCWMssOS::Cleared the swdb table entry
TRACE::2023-11-17.14:18:12::SCWMssOS::No sw design opened at  F:/Ian_Jung/workplace/Harman_Vitis/mblaze_FND_led_swtich_hw/microblaze_0/standalone_domain/bsp/system.mss
TRACE::2023-11-17.14:18:12::SCWMssOS::mss exists loading the mss file  F:/Ian_Jung/workplace/Harman_Vitis/mblaze_FND_led_swtich_hw/microblaze_0/standalone_domain/bsp/system.mss
TRACE::2023-11-17.14:18:12::SCWMssOS::Opened the sw design from mss  F:/Ian_Jung/workplace/Harman_Vitis/mblaze_FND_led_swtich_hw/microblaze_0/standalone_domain/bsp/system.mss
TRACE::2023-11-17.14:18:12::SCWMssOS::Adding the swdes entry F:/Ian_Jung/workplace/Harman_Vitis/mblaze_FND_led_swtich_hw/microblaze_0/standalone_domain/bsp/system.mss with des name system_3
TRACE::2023-11-17.14:18:12::SCWMssOS::updating the scw layer about changes
TRACE::2023-11-17.14:18:12::SCWMssOS::Opened the sw design.  F:/Ian_Jung/workplace/Harman_Vitis/mblaze_FND_led_swtich_hw/microblaze_0/standalone_domain/bsp/system.mss
TRACE::2023-11-17.14:18:12::SCWMssOS::Completed writing the mss file at F:/Ian_Jung/workplace/Harman_Vitis/mblaze_FND_led_swtich_hw/microblaze_0/standalone_domain/bsp
TRACE::2023-11-17.14:18:12::SCWMssOS::Mss edits present, copying mssfile into export location F:/Ian_Jung/workplace/Harman_Vitis/mblaze_FND_led_swtich_hw/microblaze_0/standalone_domain/bsp/system.mss
TRACE::2023-11-17.14:18:12::SCWMssOS::bsp generated is upto date with the mss file. Skipping bsp generation.
TRACE::2023-11-17.14:18:12::SCWMssOS::BSP is already built. skipping the bsp build ... 
TRACE::2023-11-17.14:18:12::SCWDomain::Skipping the build for domain :  standalone_domain
TRACE::2023-11-17.14:18:12::SCWMssOS::skipping the bsp build ... 
TRACE::2023-11-17.14:18:12::SCWMssOS::Copying to export directory.
TRACE::2023-11-17.14:18:12::SCWMssOS:: Checking if to create the Supporting Applications
TRACE::2023-11-17.14:18:12::SCWMssOS:: No Linux domain exists, trying to generate FSBL 
LOG::2023-11-17.14:18:12::SCWSystem::Completed Processing the domain standalone_domain
LOG::2023-11-17.14:18:12::SCWSystem::Completed Processing the sysconfig mblaze_FND_led_swtich_hw
LOG::2023-11-17.14:18:12::SCWPlatform::Completed generating the artifacts for system configuration mblaze_FND_led_swtich_hw
TRACE::2023-11-17.14:18:12::SCWPlatform::Started preparing the platform 
TRACE::2023-11-17.14:18:12::SCWSystem::Writing the bif file for system config mblaze_FND_led_swtich_hw
TRACE::2023-11-17.14:18:12::SCWSystem::dir created 
TRACE::2023-11-17.14:18:12::SCWSystem::Writing the bif 
TRACE::2023-11-17.14:18:12::SCWPlatform::Started writing the spfm file 
TRACE::2023-11-17.14:18:12::SCWPlatform::Started writing the xpfm file 
TRACE::2023-11-17.14:18:12::SCWPlatform::Completed generating the platform
TRACE::2023-11-17.14:18:12::SCWPlatform::Trying to open the hw design at F:/Ian_Jung/workplace/Harman_Vitis/mblaze_FND_led_swtich_hw/hw/mblaze_FND_led_switch.xsa
TRACE::2023-11-17.14:18:12::SCWPlatform::DSA given F:/Ian_Jung/workplace/Harman_Vitis/mblaze_FND_led_swtich_hw/hw/mblaze_FND_led_switch.xsa
TRACE::2023-11-17.14:18:12::SCWPlatform::DSA absoulate path F:/Ian_Jung/workplace/Harman_Vitis/mblaze_FND_led_swtich_hw/hw/mblaze_FND_led_switch.xsa
TRACE::2023-11-17.14:18:12::SCWPlatform::DSA directory F:/Ian_Jung/workplace/Harman_Vitis/mblaze_FND_led_swtich_hw/hw
TRACE::2023-11-17.14:18:12::SCWPlatform:: Platform Path F:/Ian_Jung/workplace/Harman_Vitis/mblaze_FND_led_swtich_hw/hw/mblaze_FND_led_switch.xsa
TRACE::2023-11-17.14:18:12::SCWPlatform:: Unique name xilinx:basys3::0.0
TRACE::2023-11-17.14:18:12::SCWPlatform::Trying to set the existing hwdb with name mblaze_led_wrapper_12
TRACE::2023-11-17.14:18:12::SCWPlatform::Opened existing hwdb mblaze_led_wrapper_12
TRACE::2023-11-17.14:18:12::SCWPlatform::Found the Hw Db part of the input DSA
TRACE::2023-11-17.14:18:12::SCWMssOS::Checking the sw design at  F:/Ian_Jung/workplace/Harman_Vitis/mblaze_FND_led_swtich_hw/microblaze_0/standalone_domain/bsp/system.mss
TRACE::2023-11-17.14:18:12::SCWMssOS::DEBUG:  swdes dump  F:/Ian_Jung/workplace/Harman_Vitis/mBlaze_hello/microblaze_0/standalone_domain/bsp/system.mss|system||
F:/Ian_Jung/workplace/Harman_Vitis/mblaze_FND_led_swtich_hw/microblaze_0/standalone_domain/bsp/system.mss|system_3||
F:/Ian_Jung/workplace/Harman_Vitis/mblaze_led_hw/microblaze_0/standalone_domain/bsp/system.mss|system_0||
F:/Ian_Jung/workplace/Harman_Vitis/mblaze_led_switch_hw/microblaze_0/standalone_domain/bsp/system.mss|system_1||
F:/Ian_Jung/workplace/Harman_Vitis/mblaze_led_switch_hw_r/microblaze_0/standalone_domain/bsp/system.mss|system_2||

TRACE::2023-11-17.14:18:12::SCWMssOS::Sw design exists and opened at  F:/Ian_Jung/workplace/Harman_Vitis/mblaze_FND_led_swtich_hw/microblaze_0/standalone_domain/bsp/system.mss
TRACE::2023-11-17.14:18:12::SCWPlatform::Trying to open the hw design at F:/Ian_Jung/workplace/Harman_Vitis/mblaze_FND_led_swtich_hw/hw/mblaze_FND_led_switch.xsa
TRACE::2023-11-17.14:18:12::SCWPlatform::DSA given F:/Ian_Jung/workplace/Harman_Vitis/mblaze_FND_led_swtich_hw/hw/mblaze_FND_led_switch.xsa
TRACE::2023-11-17.14:18:12::SCWPlatform::DSA absoulate path F:/Ian_Jung/workplace/Harman_Vitis/mblaze_FND_led_swtich_hw/hw/mblaze_FND_led_switch.xsa
TRACE::2023-11-17.14:18:12::SCWPlatform::DSA directory F:/Ian_Jung/workplace/Harman_Vitis/mblaze_FND_led_swtich_hw/hw
TRACE::2023-11-17.14:18:12::SCWPlatform:: Platform Path F:/Ian_Jung/workplace/Harman_Vitis/mblaze_FND_led_swtich_hw/hw/mblaze_FND_led_switch.xsa
TRACE::2023-11-17.14:18:12::SCWPlatform:: Unique name xilinx:basys3::0.0
TRACE::2023-11-17.14:18:12::SCWPlatform::Trying to set the existing hwdb with name mblaze_led_wrapper_12
TRACE::2023-11-17.14:18:12::SCWPlatform::Opened existing hwdb mblaze_led_wrapper_12
TRACE::2023-11-17.14:18:12::SCWPlatform::Found the Hw Db part of the input DSA
TRACE::2023-11-17.14:18:12::SCWMssOS::Checking the sw design at  F:/Ian_Jung/workplace/Harman_Vitis/mblaze_FND_led_swtich_hw/microblaze_0/standalone_domain/bsp/system.mss
TRACE::2023-11-17.14:18:12::SCWMssOS::DEBUG:  swdes dump  F:/Ian_Jung/workplace/Harman_Vitis/mBlaze_hello/microblaze_0/standalone_domain/bsp/system.mss|system||
F:/Ian_Jung/workplace/Harman_Vitis/mblaze_FND_led_swtich_hw/microblaze_0/standalone_domain/bsp/system.mss|system_3||
F:/Ian_Jung/workplace/Harman_Vitis/mblaze_led_hw/microblaze_0/standalone_domain/bsp/system.mss|system_0||
F:/Ian_Jung/workplace/Harman_Vitis/mblaze_led_switch_hw/microblaze_0/standalone_domain/bsp/system.mss|system_1||
F:/Ian_Jung/workplace/Harman_Vitis/mblaze_led_switch_hw_r/microblaze_0/standalone_domain/bsp/system.mss|system_2||

TRACE::2023-11-17.14:18:12::SCWMssOS::Sw design exists and opened at  F:/Ian_Jung/workplace/Harman_Vitis/mblaze_FND_led_swtich_hw/microblaze_0/standalone_domain/bsp/system.mss
TRACE::2023-11-17.14:18:12::SCWPlatform::Trying to open the hw design at F:/Ian_Jung/workplace/Harman_Vitis/mblaze_FND_led_swtich_hw/hw/mblaze_FND_led_switch.xsa
TRACE::2023-11-17.14:18:12::SCWPlatform::DSA given F:/Ian_Jung/workplace/Harman_Vitis/mblaze_FND_led_swtich_hw/hw/mblaze_FND_led_switch.xsa
TRACE::2023-11-17.14:18:12::SCWPlatform::DSA absoulate path F:/Ian_Jung/workplace/Harman_Vitis/mblaze_FND_led_swtich_hw/hw/mblaze_FND_led_switch.xsa
TRACE::2023-11-17.14:18:12::SCWPlatform::DSA directory F:/Ian_Jung/workplace/Harman_Vitis/mblaze_FND_led_swtich_hw/hw
TRACE::2023-11-17.14:18:12::SCWPlatform:: Platform Path F:/Ian_Jung/workplace/Harman_Vitis/mblaze_FND_led_swtich_hw/hw/mblaze_FND_led_switch.xsa
TRACE::2023-11-17.14:18:12::SCWPlatform:: Unique name xilinx:basys3::0.0
TRACE::2023-11-17.14:18:13::SCWPlatform::Trying to set the existing hwdb with name mblaze_led_wrapper_12
TRACE::2023-11-17.14:18:13::SCWPlatform::Opened existing hwdb mblaze_led_wrapper_12
TRACE::2023-11-17.14:18:13::SCWPlatform::Found the Hw Db part of the input DSA
TRACE::2023-11-17.14:18:13::SCWMssOS::Checking the sw design at  F:/Ian_Jung/workplace/Harman_Vitis/mblaze_FND_led_swtich_hw/microblaze_0/standalone_domain/bsp/system.mss
TRACE::2023-11-17.14:18:13::SCWMssOS::DEBUG:  swdes dump  F:/Ian_Jung/workplace/Harman_Vitis/mBlaze_hello/microblaze_0/standalone_domain/bsp/system.mss|system||
F:/Ian_Jung/workplace/Harman_Vitis/mblaze_FND_led_swtich_hw/microblaze_0/standalone_domain/bsp/system.mss|system_3||
F:/Ian_Jung/workplace/Harman_Vitis/mblaze_led_hw/microblaze_0/standalone_domain/bsp/system.mss|system_0||
F:/Ian_Jung/workplace/Harman_Vitis/mblaze_led_switch_hw/microblaze_0/standalone_domain/bsp/system.mss|system_1||
F:/Ian_Jung/workplace/Harman_Vitis/mblaze_led_switch_hw_r/microblaze_0/standalone_domain/bsp/system.mss|system_2||

TRACE::2023-11-17.14:18:13::SCWMssOS::Sw design exists and opened at  F:/Ian_Jung/workplace/Harman_Vitis/mblaze_FND_led_swtich_hw/microblaze_0/standalone_domain/bsp/system.mss
TRACE::2023-11-17.14:18:13::SCWWriter::formatted JSON is {
	"platformName":	"mblaze_FND_led_swtich_hw",
	"sprVersion":	"2.0",
	"mode":	"gui",
	"dsaType":	"Fixed",
	"platformDesc":	"mblaze_FND_led_swtich_hw",
	"platHandOff":	"F:/Ian_Jung/workplace/cora_z7/cora_cpu_2019/Basys3_Microblaze_real/mblaze_FND_led_switch.xsa",
	"platIntHandOff":	"<platformDir>/hw/mblaze_FND_led_switch.xsa",
	"deviceType":	"FPGA",
	"platIsPrebuiltAutogen":	"false",
	"platIsNoBootBsp":	"false",
	"hasFsblMakeHasChanges":	"false",
	"hasPmufwMakeHasChanges":	"false",
	"platPreBuiltFlag":	false,
	"platformSamplesDir":	"",
	"platActiveSys":	"mblaze_FND_led_swtich_hw",
	"systems":	[{
			"systemName":	"mblaze_FND_led_swtich_hw",
			"systemDesc":	"mblaze_FND_led_swtich_hw",
			"sysIsBootAutoGen":	"true",
			"systemDispName":	"mblaze_FND_led_swtich_hw",
			"sysActiveDom":	"standalone_domain",
			"sysDefaultDom":	"standalone_domain",
			"domains":	[{
					"domainName":	"standalone_domain",
					"domainDispName":	"standalone_domain",
					"domainDesc":	"standalone_domain",
					"processors":	"microblaze_0",
					"os":	"standalone",
					"sdxOs":	"standalone",
					"debugEnable":	"False",
					"domRuntimes":	["cpp"],
					"swRepo":	"",
					"mssOsVer":	"7.1",
					"mssFile":	"",
					"md5Digest":	"84804953c0e2c14b77f3fc760ee677c6",
					"compatibleApp":	"",
					"domType":	"mssDomain",
					"appSettings":	{
						"appCompilerFlags":	"",
						"appLinkerFlags":	""
					},
					"addedLibs":	[],
					"libOptions":	{
						"libsContainingOptions":	[]
					},
					"prebuiltLibs":	{
						"prebuiltIncPath":	[],
						"prebuiltLibPath":	[]
					},
					"isolation":	{
					}
				}]
		}]
}
KEYINFO::2023-11-17.14:18:13::SCWPlatform::updated the xpfm file.
TRACE::2023-11-17.14:18:13::SCWPlatform::Trying to open the hw design at F:/Ian_Jung/workplace/Harman_Vitis/mblaze_FND_led_swtich_hw/hw/mblaze_FND_led_switch.xsa
TRACE::2023-11-17.14:18:13::SCWPlatform::DSA given F:/Ian_Jung/workplace/Harman_Vitis/mblaze_FND_led_swtich_hw/hw/mblaze_FND_led_switch.xsa
TRACE::2023-11-17.14:18:13::SCWPlatform::DSA absoulate path F:/Ian_Jung/workplace/Harman_Vitis/mblaze_FND_led_swtich_hw/hw/mblaze_FND_led_switch.xsa
TRACE::2023-11-17.14:18:13::SCWPlatform::DSA directory F:/Ian_Jung/workplace/Harman_Vitis/mblaze_FND_led_swtich_hw/hw
TRACE::2023-11-17.14:18:13::SCWPlatform:: Platform Path F:/Ian_Jung/workplace/Harman_Vitis/mblaze_FND_led_swtich_hw/hw/mblaze_FND_led_switch.xsa
TRACE::2023-11-17.14:18:13::SCWPlatform:: Unique name xilinx:basys3::0.0
TRACE::2023-11-17.14:18:13::SCWPlatform::Trying to set the existing hwdb with name mblaze_led_wrapper_12
TRACE::2023-11-17.14:18:13::SCWPlatform::Opened existing hwdb mblaze_led_wrapper_12
TRACE::2023-11-17.14:18:13::SCWPlatform::Found the Hw Db part of the input DSA
TRACE::2023-11-17.14:18:13::SCWMssOS::Checking the sw design at  F:/Ian_Jung/workplace/Harman_Vitis/mblaze_FND_led_swtich_hw/microblaze_0/standalone_domain/bsp/system.mss
TRACE::2023-11-17.14:18:13::SCWMssOS::DEBUG:  swdes dump  F:/Ian_Jung/workplace/Harman_Vitis/mBlaze_hello/microblaze_0/standalone_domain/bsp/system.mss|system||
F:/Ian_Jung/workplace/Harman_Vitis/mblaze_FND_led_swtich_hw/microblaze_0/standalone_domain/bsp/system.mss|system_3||
F:/Ian_Jung/workplace/Harman_Vitis/mblaze_led_hw/microblaze_0/standalone_domain/bsp/system.mss|system_0||
F:/Ian_Jung/workplace/Harman_Vitis/mblaze_led_switch_hw/microblaze_0/standalone_domain/bsp/system.mss|system_1||
F:/Ian_Jung/workplace/Harman_Vitis/mblaze_led_switch_hw_r/microblaze_0/standalone_domain/bsp/system.mss|system_2||

TRACE::2023-11-17.14:18:13::SCWMssOS::Sw design exists and opened at  F:/Ian_Jung/workplace/Harman_Vitis/mblaze_FND_led_swtich_hw/microblaze_0/standalone_domain/bsp/system.mss
TRACE::2023-11-17.14:18:13::SCWPlatform::Trying to open the hw design at F:/Ian_Jung/workplace/Harman_Vitis/mblaze_FND_led_swtich_hw/hw/mblaze_FND_led_switch.xsa
TRACE::2023-11-17.14:18:13::SCWPlatform::DSA given F:/Ian_Jung/workplace/Harman_Vitis/mblaze_FND_led_swtich_hw/hw/mblaze_FND_led_switch.xsa
TRACE::2023-11-17.14:18:13::SCWPlatform::DSA absoulate path F:/Ian_Jung/workplace/Harman_Vitis/mblaze_FND_led_swtich_hw/hw/mblaze_FND_led_switch.xsa
TRACE::2023-11-17.14:18:13::SCWPlatform::DSA directory F:/Ian_Jung/workplace/Harman_Vitis/mblaze_FND_led_swtich_hw/hw
TRACE::2023-11-17.14:18:13::SCWPlatform:: Platform Path F:/Ian_Jung/workplace/Harman_Vitis/mblaze_FND_led_swtich_hw/hw/mblaze_FND_led_switch.xsa
TRACE::2023-11-17.14:18:13::SCWPlatform:: Unique name xilinx:basys3::0.0
TRACE::2023-11-17.14:18:13::SCWPlatform::Trying to set the existing hwdb with name mblaze_led_wrapper_12
TRACE::2023-11-17.14:18:13::SCWPlatform::Opened existing hwdb mblaze_led_wrapper_12
TRACE::2023-11-17.14:18:13::SCWPlatform::Found the Hw Db part of the input DSA
TRACE::2023-11-17.14:18:13::SCWMssOS::Checking the sw design at  F:/Ian_Jung/workplace/Harman_Vitis/mblaze_FND_led_swtich_hw/microblaze_0/standalone_domain/bsp/system.mss
TRACE::2023-11-17.14:18:13::SCWMssOS::DEBUG:  swdes dump  F:/Ian_Jung/workplace/Harman_Vitis/mBlaze_hello/microblaze_0/standalone_domain/bsp/system.mss|system||
F:/Ian_Jung/workplace/Harman_Vitis/mblaze_FND_led_swtich_hw/microblaze_0/standalone_domain/bsp/system.mss|system_3||
F:/Ian_Jung/workplace/Harman_Vitis/mblaze_led_hw/microblaze_0/standalone_domain/bsp/system.mss|system_0||
F:/Ian_Jung/workplace/Harman_Vitis/mblaze_led_switch_hw/microblaze_0/standalone_domain/bsp/system.mss|system_1||
F:/Ian_Jung/workplace/Harman_Vitis/mblaze_led_switch_hw_r/microblaze_0/standalone_domain/bsp/system.mss|system_2||

TRACE::2023-11-17.14:18:13::SCWMssOS::Sw design exists and opened at  F:/Ian_Jung/workplace/Harman_Vitis/mblaze_FND_led_swtich_hw/microblaze_0/standalone_domain/bsp/system.mss
TRACE::2023-11-17.14:18:13::SCWPlatform::Trying to open the hw design at F:/Ian_Jung/workplace/Harman_Vitis/mblaze_FND_led_swtich_hw/hw/mblaze_FND_led_switch.xsa
TRACE::2023-11-17.14:18:13::SCWPlatform::DSA given F:/Ian_Jung/workplace/Harman_Vitis/mblaze_FND_led_swtich_hw/hw/mblaze_FND_led_switch.xsa
TRACE::2023-11-17.14:18:13::SCWPlatform::DSA absoulate path F:/Ian_Jung/workplace/Harman_Vitis/mblaze_FND_led_swtich_hw/hw/mblaze_FND_led_switch.xsa
TRACE::2023-11-17.14:18:13::SCWPlatform::DSA directory F:/Ian_Jung/workplace/Harman_Vitis/mblaze_FND_led_swtich_hw/hw
TRACE::2023-11-17.14:18:13::SCWPlatform:: Platform Path F:/Ian_Jung/workplace/Harman_Vitis/mblaze_FND_led_swtich_hw/hw/mblaze_FND_led_switch.xsa
TRACE::2023-11-17.14:18:13::SCWPlatform:: Unique name xilinx:basys3::0.0
TRACE::2023-11-17.14:18:13::SCWPlatform::Trying to set the existing hwdb with name mblaze_led_wrapper_12
TRACE::2023-11-17.14:18:13::SCWPlatform::Opened existing hwdb mblaze_led_wrapper_12
TRACE::2023-11-17.14:18:13::SCWPlatform::Found the Hw Db part of the input DSA
TRACE::2023-11-17.14:18:13::SCWMssOS::Checking the sw design at  F:/Ian_Jung/workplace/Harman_Vitis/mblaze_FND_led_swtich_hw/microblaze_0/standalone_domain/bsp/system.mss
TRACE::2023-11-17.14:18:13::SCWMssOS::DEBUG:  swdes dump  F:/Ian_Jung/workplace/Harman_Vitis/mBlaze_hello/microblaze_0/standalone_domain/bsp/system.mss|system||
F:/Ian_Jung/workplace/Harman_Vitis/mblaze_FND_led_swtich_hw/microblaze_0/standalone_domain/bsp/system.mss|system_3||
F:/Ian_Jung/workplace/Harman_Vitis/mblaze_led_hw/microblaze_0/standalone_domain/bsp/system.mss|system_0||
F:/Ian_Jung/workplace/Harman_Vitis/mblaze_led_switch_hw/microblaze_0/standalone_domain/bsp/system.mss|system_1||
F:/Ian_Jung/workplace/Harman_Vitis/mblaze_led_switch_hw_r/microblaze_0/standalone_domain/bsp/system.mss|system_2||

TRACE::2023-11-17.14:18:13::SCWMssOS::Sw design exists and opened at  F:/Ian_Jung/workplace/Harman_Vitis/mblaze_FND_led_swtich_hw/microblaze_0/standalone_domain/bsp/system.mss
TRACE::2023-11-17.14:18:13::SCWPlatform::Trying to open the hw design at F:/Ian_Jung/workplace/Harman_Vitis/mblaze_FND_led_swtich_hw/hw/mblaze_FND_led_switch.xsa
TRACE::2023-11-17.14:18:13::SCWPlatform::DSA given F:/Ian_Jung/workplace/Harman_Vitis/mblaze_FND_led_swtich_hw/hw/mblaze_FND_led_switch.xsa
TRACE::2023-11-17.14:18:13::SCWPlatform::DSA absoulate path F:/Ian_Jung/workplace/Harman_Vitis/mblaze_FND_led_swtich_hw/hw/mblaze_FND_led_switch.xsa
TRACE::2023-11-17.14:18:13::SCWPlatform::DSA directory F:/Ian_Jung/workplace/Harman_Vitis/mblaze_FND_led_swtich_hw/hw
TRACE::2023-11-17.14:18:13::SCWPlatform:: Platform Path F:/Ian_Jung/workplace/Harman_Vitis/mblaze_FND_led_swtich_hw/hw/mblaze_FND_led_switch.xsa
TRACE::2023-11-17.14:18:13::SCWPlatform:: Unique name xilinx:basys3::0.0
TRACE::2023-11-17.14:18:13::SCWPlatform::Trying to set the existing hwdb with name mblaze_led_wrapper_12
TRACE::2023-11-17.14:18:13::SCWPlatform::Opened existing hwdb mblaze_led_wrapper_12
TRACE::2023-11-17.14:18:13::SCWPlatform::Found the Hw Db part of the input DSA
TRACE::2023-11-17.14:18:13::SCWMssOS::Checking the sw design at  F:/Ian_Jung/workplace/Harman_Vitis/mblaze_FND_led_swtich_hw/microblaze_0/standalone_domain/bsp/system.mss
TRACE::2023-11-17.14:18:13::SCWMssOS::DEBUG:  swdes dump  F:/Ian_Jung/workplace/Harman_Vitis/mBlaze_hello/microblaze_0/standalone_domain/bsp/system.mss|system||
F:/Ian_Jung/workplace/Harman_Vitis/mblaze_FND_led_swtich_hw/microblaze_0/standalone_domain/bsp/system.mss|system_3||
F:/Ian_Jung/workplace/Harman_Vitis/mblaze_led_hw/microblaze_0/standalone_domain/bsp/system.mss|system_0||
F:/Ian_Jung/workplace/Harman_Vitis/mblaze_led_switch_hw/microblaze_0/standalone_domain/bsp/system.mss|system_1||
F:/Ian_Jung/workplace/Harman_Vitis/mblaze_led_switch_hw_r/microblaze_0/standalone_domain/bsp/system.mss|system_2||

TRACE::2023-11-17.14:18:13::SCWMssOS::Sw design exists and opened at  F:/Ian_Jung/workplace/Harman_Vitis/mblaze_FND_led_swtich_hw/microblaze_0/standalone_domain/bsp/system.mss
TRACE::2023-11-17.14:18:13::SCWWriter::formatted JSON is {
	"platformName":	"mblaze_FND_led_swtich_hw",
	"sprVersion":	"2.0",
	"mode":	"gui",
	"dsaType":	"Fixed",
	"platformDesc":	"mblaze_FND_led_swtich_hw",
	"platHandOff":	"F:/Ian_Jung/workplace/cora_z7/cora_cpu_2019/Basys3_Microblaze_real/mblaze_FND_led_switch.xsa",
	"platIntHandOff":	"<platformDir>/hw/mblaze_FND_led_switch.xsa",
	"deviceType":	"FPGA",
	"platIsPrebuiltAutogen":	"false",
	"platIsNoBootBsp":	"false",
	"hasFsblMakeHasChanges":	"false",
	"hasPmufwMakeHasChanges":	"false",
	"platPreBuiltFlag":	false,
	"platformSamplesDir":	"",
	"platActiveSys":	"mblaze_FND_led_swtich_hw",
	"systems":	[{
			"systemName":	"mblaze_FND_led_swtich_hw",
			"systemDesc":	"mblaze_FND_led_swtich_hw",
			"sysIsBootAutoGen":	"true",
			"systemDispName":	"mblaze_FND_led_swtich_hw",
			"sysActiveDom":	"standalone_domain",
			"sysDefaultDom":	"standalone_domain",
			"domains":	[{
					"domainName":	"standalone_domain",
					"domainDispName":	"standalone_domain",
					"domainDesc":	"standalone_domain",
					"processors":	"microblaze_0",
					"os":	"standalone",
					"sdxOs":	"standalone",
					"debugEnable":	"False",
					"domRuntimes":	["cpp"],
					"swRepo":	"",
					"mssOsVer":	"7.1",
					"mssFile":	"",
					"md5Digest":	"84804953c0e2c14b77f3fc760ee677c6",
					"compatibleApp":	"",
					"domType":	"mssDomain",
					"appSettings":	{
						"appCompilerFlags":	"",
						"appLinkerFlags":	""
					},
					"addedLibs":	[],
					"libOptions":	{
						"libsContainingOptions":	[]
					},
					"prebuiltLibs":	{
						"prebuiltIncPath":	[],
						"prebuiltLibPath":	[]
					},
					"isolation":	{
					}
				}]
		}]
}
TRACE::2023-11-17.14:18:13::SCWPlatform::Trying to open the hw design at F:/Ian_Jung/workplace/Harman_Vitis/mblaze_FND_led_swtich_hw/hw/mblaze_FND_led_switch.xsa
TRACE::2023-11-17.14:18:13::SCWPlatform::DSA given F:/Ian_Jung/workplace/Harman_Vitis/mblaze_FND_led_swtich_hw/hw/mblaze_FND_led_switch.xsa
TRACE::2023-11-17.14:18:13::SCWPlatform::DSA absoulate path F:/Ian_Jung/workplace/Harman_Vitis/mblaze_FND_led_swtich_hw/hw/mblaze_FND_led_switch.xsa
TRACE::2023-11-17.14:18:13::SCWPlatform::DSA directory F:/Ian_Jung/workplace/Harman_Vitis/mblaze_FND_led_swtich_hw/hw
TRACE::2023-11-17.14:18:13::SCWPlatform:: Platform Path F:/Ian_Jung/workplace/Harman_Vitis/mblaze_FND_led_swtich_hw/hw/mblaze_FND_led_switch.xsa
TRACE::2023-11-17.14:18:13::SCWPlatform:: Unique name xilinx:basys3::0.0
TRACE::2023-11-17.14:18:13::SCWPlatform::Trying to set the existing hwdb with name mblaze_led_wrapper_12
TRACE::2023-11-17.14:18:13::SCWPlatform::Opened existing hwdb mblaze_led_wrapper_12
TRACE::2023-11-17.14:18:13::SCWPlatform::Found the Hw Db part of the input DSA
TRACE::2023-11-17.14:18:13::SCWMssOS::Checking the sw design at  F:/Ian_Jung/workplace/Harman_Vitis/mblaze_FND_led_swtich_hw/microblaze_0/standalone_domain/bsp/system.mss
TRACE::2023-11-17.14:18:13::SCWMssOS::DEBUG:  swdes dump  F:/Ian_Jung/workplace/Harman_Vitis/mBlaze_hello/microblaze_0/standalone_domain/bsp/system.mss|system||
F:/Ian_Jung/workplace/Harman_Vitis/mblaze_FND_led_swtich_hw/microblaze_0/standalone_domain/bsp/system.mss|system_3||
F:/Ian_Jung/workplace/Harman_Vitis/mblaze_led_hw/microblaze_0/standalone_domain/bsp/system.mss|system_0||
F:/Ian_Jung/workplace/Harman_Vitis/mblaze_led_switch_hw/microblaze_0/standalone_domain/bsp/system.mss|system_1||
F:/Ian_Jung/workplace/Harman_Vitis/mblaze_led_switch_hw_r/microblaze_0/standalone_domain/bsp/system.mss|system_2||

TRACE::2023-11-17.14:18:13::SCWMssOS::Sw design exists and opened at  F:/Ian_Jung/workplace/Harman_Vitis/mblaze_FND_led_swtich_hw/microblaze_0/standalone_domain/bsp/system.mss
TRACE::2023-11-17.14:18:13::SCWPlatform::Trying to open the hw design at F:/Ian_Jung/workplace/Harman_Vitis/mblaze_FND_led_swtich_hw/hw/mblaze_FND_led_switch.xsa
TRACE::2023-11-17.14:18:13::SCWPlatform::DSA given F:/Ian_Jung/workplace/Harman_Vitis/mblaze_FND_led_swtich_hw/hw/mblaze_FND_led_switch.xsa
TRACE::2023-11-17.14:18:13::SCWPlatform::DSA absoulate path F:/Ian_Jung/workplace/Harman_Vitis/mblaze_FND_led_swtich_hw/hw/mblaze_FND_led_switch.xsa
TRACE::2023-11-17.14:18:13::SCWPlatform::DSA directory F:/Ian_Jung/workplace/Harman_Vitis/mblaze_FND_led_swtich_hw/hw
TRACE::2023-11-17.14:18:13::SCWPlatform:: Platform Path F:/Ian_Jung/workplace/Harman_Vitis/mblaze_FND_led_swtich_hw/hw/mblaze_FND_led_switch.xsa
TRACE::2023-11-17.14:18:13::SCWPlatform:: Unique name xilinx:basys3::0.0
TRACE::2023-11-17.14:18:13::SCWPlatform::Trying to set the existing hwdb with name mblaze_led_wrapper_12
TRACE::2023-11-17.14:18:13::SCWPlatform::Opened existing hwdb mblaze_led_wrapper_12
TRACE::2023-11-17.14:18:13::SCWPlatform::Found the Hw Db part of the input DSA
TRACE::2023-11-17.14:18:13::SCWMssOS::Checking the sw design at  F:/Ian_Jung/workplace/Harman_Vitis/mblaze_FND_led_swtich_hw/microblaze_0/standalone_domain/bsp/system.mss
TRACE::2023-11-17.14:18:13::SCWMssOS::DEBUG:  swdes dump  F:/Ian_Jung/workplace/Harman_Vitis/mBlaze_hello/microblaze_0/standalone_domain/bsp/system.mss|system||
F:/Ian_Jung/workplace/Harman_Vitis/mblaze_FND_led_swtich_hw/microblaze_0/standalone_domain/bsp/system.mss|system_3||
F:/Ian_Jung/workplace/Harman_Vitis/mblaze_led_hw/microblaze_0/standalone_domain/bsp/system.mss|system_0||
F:/Ian_Jung/workplace/Harman_Vitis/mblaze_led_switch_hw/microblaze_0/standalone_domain/bsp/system.mss|system_1||
F:/Ian_Jung/workplace/Harman_Vitis/mblaze_led_switch_hw_r/microblaze_0/standalone_domain/bsp/system.mss|system_2||

TRACE::2023-11-17.14:18:13::SCWMssOS::Sw design exists and opened at  F:/Ian_Jung/workplace/Harman_Vitis/mblaze_FND_led_swtich_hw/microblaze_0/standalone_domain/bsp/system.mss
TRACE::2023-11-17.14:18:13::SCWPlatform::Trying to open the hw design at F:/Ian_Jung/workplace/Harman_Vitis/mblaze_FND_led_swtich_hw/hw/mblaze_FND_led_switch.xsa
TRACE::2023-11-17.14:18:13::SCWPlatform::DSA given F:/Ian_Jung/workplace/Harman_Vitis/mblaze_FND_led_swtich_hw/hw/mblaze_FND_led_switch.xsa
TRACE::2023-11-17.14:18:13::SCWPlatform::DSA absoulate path F:/Ian_Jung/workplace/Harman_Vitis/mblaze_FND_led_swtich_hw/hw/mblaze_FND_led_switch.xsa
TRACE::2023-11-17.14:18:13::SCWPlatform::DSA directory F:/Ian_Jung/workplace/Harman_Vitis/mblaze_FND_led_swtich_hw/hw
TRACE::2023-11-17.14:18:13::SCWPlatform:: Platform Path F:/Ian_Jung/workplace/Harman_Vitis/mblaze_FND_led_swtich_hw/hw/mblaze_FND_led_switch.xsa
TRACE::2023-11-17.14:18:13::SCWPlatform:: Unique name xilinx:basys3::0.0
TRACE::2023-11-17.14:18:13::SCWPlatform::Trying to set the existing hwdb with name mblaze_led_wrapper_12
TRACE::2023-11-17.14:18:13::SCWPlatform::Opened existing hwdb mblaze_led_wrapper_12
TRACE::2023-11-17.14:18:13::SCWPlatform::Found the Hw Db part of the input DSA
TRACE::2023-11-17.14:18:13::SCWMssOS::Checking the sw design at  F:/Ian_Jung/workplace/Harman_Vitis/mblaze_FND_led_swtich_hw/microblaze_0/standalone_domain/bsp/system.mss
TRACE::2023-11-17.14:18:13::SCWMssOS::DEBUG:  swdes dump  F:/Ian_Jung/workplace/Harman_Vitis/mBlaze_hello/microblaze_0/standalone_domain/bsp/system.mss|system||
F:/Ian_Jung/workplace/Harman_Vitis/mblaze_FND_led_swtich_hw/microblaze_0/standalone_domain/bsp/system.mss|system_3||
F:/Ian_Jung/workplace/Harman_Vitis/mblaze_led_hw/microblaze_0/standalone_domain/bsp/system.mss|system_0||
F:/Ian_Jung/workplace/Harman_Vitis/mblaze_led_switch_hw/microblaze_0/standalone_domain/bsp/system.mss|system_1||
F:/Ian_Jung/workplace/Harman_Vitis/mblaze_led_switch_hw_r/microblaze_0/standalone_domain/bsp/system.mss|system_2||

TRACE::2023-11-17.14:18:13::SCWMssOS::Sw design exists and opened at  F:/Ian_Jung/workplace/Harman_Vitis/mblaze_FND_led_swtich_hw/microblaze_0/standalone_domain/bsp/system.mss
TRACE::2023-11-17.14:18:13::SCWPlatform::Trying to open the hw design at F:/Ian_Jung/workplace/Harman_Vitis/mblaze_FND_led_swtich_hw/hw/mblaze_FND_led_switch.xsa
TRACE::2023-11-17.14:18:13::SCWPlatform::DSA given F:/Ian_Jung/workplace/Harman_Vitis/mblaze_FND_led_swtich_hw/hw/mblaze_FND_led_switch.xsa
TRACE::2023-11-17.14:18:13::SCWPlatform::DSA absoulate path F:/Ian_Jung/workplace/Harman_Vitis/mblaze_FND_led_swtich_hw/hw/mblaze_FND_led_switch.xsa
TRACE::2023-11-17.14:18:13::SCWPlatform::DSA directory F:/Ian_Jung/workplace/Harman_Vitis/mblaze_FND_led_swtich_hw/hw
TRACE::2023-11-17.14:18:13::SCWPlatform:: Platform Path F:/Ian_Jung/workplace/Harman_Vitis/mblaze_FND_led_swtich_hw/hw/mblaze_FND_led_switch.xsa
TRACE::2023-11-17.14:18:13::SCWPlatform:: Unique name xilinx:basys3::0.0
TRACE::2023-11-17.14:18:13::SCWPlatform::Trying to set the existing hwdb with name mblaze_led_wrapper_12
TRACE::2023-11-17.14:18:13::SCWPlatform::Opened existing hwdb mblaze_led_wrapper_12
TRACE::2023-11-17.14:18:13::SCWPlatform::Found the Hw Db part of the input DSA
TRACE::2023-11-17.14:18:13::SCWMssOS::Checking the sw design at  F:/Ian_Jung/workplace/Harman_Vitis/mblaze_FND_led_swtich_hw/microblaze_0/standalone_domain/bsp/system.mss
TRACE::2023-11-17.14:18:13::SCWMssOS::DEBUG:  swdes dump  F:/Ian_Jung/workplace/Harman_Vitis/mBlaze_hello/microblaze_0/standalone_domain/bsp/system.mss|system||
F:/Ian_Jung/workplace/Harman_Vitis/mblaze_FND_led_swtich_hw/microblaze_0/standalone_domain/bsp/system.mss|system_3||
F:/Ian_Jung/workplace/Harman_Vitis/mblaze_led_hw/microblaze_0/standalone_domain/bsp/system.mss|system_0||
F:/Ian_Jung/workplace/Harman_Vitis/mblaze_led_switch_hw/microblaze_0/standalone_domain/bsp/system.mss|system_1||
F:/Ian_Jung/workplace/Harman_Vitis/mblaze_led_switch_hw_r/microblaze_0/standalone_domain/bsp/system.mss|system_2||

TRACE::2023-11-17.14:18:13::SCWMssOS::Sw design exists and opened at  F:/Ian_Jung/workplace/Harman_Vitis/mblaze_FND_led_swtich_hw/microblaze_0/standalone_domain/bsp/system.mss
TRACE::2023-11-17.14:18:13::SCWPlatform::Trying to open the hw design at F:/Ian_Jung/workplace/Harman_Vitis/mblaze_FND_led_swtich_hw/hw/mblaze_FND_led_switch.xsa
TRACE::2023-11-17.14:18:13::SCWPlatform::DSA given F:/Ian_Jung/workplace/Harman_Vitis/mblaze_FND_led_swtich_hw/hw/mblaze_FND_led_switch.xsa
TRACE::2023-11-17.14:18:13::SCWPlatform::DSA absoulate path F:/Ian_Jung/workplace/Harman_Vitis/mblaze_FND_led_swtich_hw/hw/mblaze_FND_led_switch.xsa
TRACE::2023-11-17.14:18:13::SCWPlatform::DSA directory F:/Ian_Jung/workplace/Harman_Vitis/mblaze_FND_led_swtich_hw/hw
TRACE::2023-11-17.14:18:13::SCWPlatform:: Platform Path F:/Ian_Jung/workplace/Harman_Vitis/mblaze_FND_led_swtich_hw/hw/mblaze_FND_led_switch.xsa
TRACE::2023-11-17.14:18:13::SCWPlatform:: Unique name xilinx:basys3::0.0
TRACE::2023-11-17.14:18:13::SCWPlatform::Trying to set the existing hwdb with name mblaze_led_wrapper_12
TRACE::2023-11-17.14:18:13::SCWPlatform::Opened existing hwdb mblaze_led_wrapper_12
TRACE::2023-11-17.14:18:13::SCWPlatform::Found the Hw Db part of the input DSA
TRACE::2023-11-17.14:18:13::SCWMssOS::Checking the sw design at  F:/Ian_Jung/workplace/Harman_Vitis/mblaze_FND_led_swtich_hw/microblaze_0/standalone_domain/bsp/system.mss
TRACE::2023-11-17.14:18:13::SCWMssOS::DEBUG:  swdes dump  F:/Ian_Jung/workplace/Harman_Vitis/mBlaze_hello/microblaze_0/standalone_domain/bsp/system.mss|system||
F:/Ian_Jung/workplace/Harman_Vitis/mblaze_FND_led_swtich_hw/microblaze_0/standalone_domain/bsp/system.mss|system_3||
F:/Ian_Jung/workplace/Harman_Vitis/mblaze_led_hw/microblaze_0/standalone_domain/bsp/system.mss|system_0||
F:/Ian_Jung/workplace/Harman_Vitis/mblaze_led_switch_hw/microblaze_0/standalone_domain/bsp/system.mss|system_1||
F:/Ian_Jung/workplace/Harman_Vitis/mblaze_led_switch_hw_r/microblaze_0/standalone_domain/bsp/system.mss|system_2||

TRACE::2023-11-17.14:18:13::SCWMssOS::Sw design exists and opened at  F:/Ian_Jung/workplace/Harman_Vitis/mblaze_FND_led_swtich_hw/microblaze_0/standalone_domain/bsp/system.mss
TRACE::2023-11-17.14:18:13::SCWPlatform::Trying to open the hw design at F:/Ian_Jung/workplace/Harman_Vitis/mblaze_FND_led_swtich_hw/hw/mblaze_FND_led_switch.xsa
TRACE::2023-11-17.14:18:13::SCWPlatform::DSA given F:/Ian_Jung/workplace/Harman_Vitis/mblaze_FND_led_swtich_hw/hw/mblaze_FND_led_switch.xsa
TRACE::2023-11-17.14:18:13::SCWPlatform::DSA absoulate path F:/Ian_Jung/workplace/Harman_Vitis/mblaze_FND_led_swtich_hw/hw/mblaze_FND_led_switch.xsa
TRACE::2023-11-17.14:18:13::SCWPlatform::DSA directory F:/Ian_Jung/workplace/Harman_Vitis/mblaze_FND_led_swtich_hw/hw
TRACE::2023-11-17.14:18:13::SCWPlatform:: Platform Path F:/Ian_Jung/workplace/Harman_Vitis/mblaze_FND_led_swtich_hw/hw/mblaze_FND_led_switch.xsa
TRACE::2023-11-17.14:18:13::SCWPlatform:: Unique name xilinx:basys3::0.0
TRACE::2023-11-17.14:18:13::SCWPlatform::Trying to set the existing hwdb with name mblaze_led_wrapper_12
TRACE::2023-11-17.14:18:13::SCWPlatform::Opened existing hwdb mblaze_led_wrapper_12
TRACE::2023-11-17.14:18:13::SCWPlatform::Found the Hw Db part of the input DSA
TRACE::2023-11-17.14:18:13::SCWMssOS::Checking the sw design at  F:/Ian_Jung/workplace/Harman_Vitis/mblaze_FND_led_swtich_hw/microblaze_0/standalone_domain/bsp/system.mss
TRACE::2023-11-17.14:18:13::SCWMssOS::DEBUG:  swdes dump  F:/Ian_Jung/workplace/Harman_Vitis/mBlaze_hello/microblaze_0/standalone_domain/bsp/system.mss|system||
F:/Ian_Jung/workplace/Harman_Vitis/mblaze_FND_led_swtich_hw/microblaze_0/standalone_domain/bsp/system.mss|system_3||
F:/Ian_Jung/workplace/Harman_Vitis/mblaze_led_hw/microblaze_0/standalone_domain/bsp/system.mss|system_0||
F:/Ian_Jung/workplace/Harman_Vitis/mblaze_led_switch_hw/microblaze_0/standalone_domain/bsp/system.mss|system_1||
F:/Ian_Jung/workplace/Harman_Vitis/mblaze_led_switch_hw_r/microblaze_0/standalone_domain/bsp/system.mss|system_2||

TRACE::2023-11-17.14:18:13::SCWMssOS::Sw design exists and opened at  F:/Ian_Jung/workplace/Harman_Vitis/mblaze_FND_led_swtich_hw/microblaze_0/standalone_domain/bsp/system.mss
TRACE::2023-11-17.14:18:13::SCWWriter::formatted JSON is {
	"platformName":	"mblaze_FND_led_swtich_hw",
	"sprVersion":	"2.0",
	"mode":	"gui",
	"dsaType":	"Fixed",
	"platformDesc":	"mblaze_FND_led_swtich_hw",
	"platHandOff":	"F:/Ian_Jung/workplace/cora_z7/cora_cpu_2019/Basys3_Microblaze_real/mblaze_FND_led_switch.xsa",
	"platIntHandOff":	"<platformDir>/hw/mblaze_FND_led_switch.xsa",
	"deviceType":	"FPGA",
	"platIsPrebuiltAutogen":	"false",
	"platIsNoBootBsp":	"false",
	"hasFsblMakeHasChanges":	"false",
	"hasPmufwMakeHasChanges":	"false",
	"platPreBuiltFlag":	false,
	"platformSamplesDir":	"",
	"platActiveSys":	"mblaze_FND_led_swtich_hw",
	"systems":	[{
			"systemName":	"mblaze_FND_led_swtich_hw",
			"systemDesc":	"mblaze_FND_led_swtich_hw",
			"sysIsBootAutoGen":	"true",
			"systemDispName":	"mblaze_FND_led_swtich_hw",
			"sysActiveDom":	"standalone_domain",
			"sysDefaultDom":	"standalone_domain",
			"domains":	[{
					"domainName":	"standalone_domain",
					"domainDispName":	"standalone on microblaze_0",
					"domainDesc":	"standalone_domain",
					"processors":	"microblaze_0",
					"os":	"standalone",
					"sdxOs":	"standalone",
					"debugEnable":	"False",
					"domRuntimes":	["cpp"],
					"swRepo":	"",
					"mssOsVer":	"7.1",
					"mssFile":	"",
					"md5Digest":	"84804953c0e2c14b77f3fc760ee677c6",
					"compatibleApp":	"",
					"domType":	"mssDomain",
					"appSettings":	{
						"appCompilerFlags":	"",
						"appLinkerFlags":	""
					},
					"addedLibs":	[],
					"libOptions":	{
						"libsContainingOptions":	[]
					},
					"prebuiltLibs":	{
						"prebuiltIncPath":	[],
						"prebuiltLibPath":	[]
					},
					"isolation":	{
					}
				}]
		}]
}
TRACE::2023-11-17.14:18:13::SCWPlatform::Trying to open the hw design at F:/Ian_Jung/workplace/Harman_Vitis/mblaze_FND_led_swtich_hw/hw/mblaze_FND_led_switch.xsa
TRACE::2023-11-17.14:18:13::SCWPlatform::DSA given F:/Ian_Jung/workplace/Harman_Vitis/mblaze_FND_led_swtich_hw/hw/mblaze_FND_led_switch.xsa
TRACE::2023-11-17.14:18:13::SCWPlatform::DSA absoulate path F:/Ian_Jung/workplace/Harman_Vitis/mblaze_FND_led_swtich_hw/hw/mblaze_FND_led_switch.xsa
TRACE::2023-11-17.14:18:13::SCWPlatform::DSA directory F:/Ian_Jung/workplace/Harman_Vitis/mblaze_FND_led_swtich_hw/hw
TRACE::2023-11-17.14:18:13::SCWPlatform:: Platform Path F:/Ian_Jung/workplace/Harman_Vitis/mblaze_FND_led_swtich_hw/hw/mblaze_FND_led_switch.xsa
TRACE::2023-11-17.14:18:13::SCWPlatform:: Unique name xilinx:basys3::0.0
TRACE::2023-11-17.14:18:13::SCWPlatform::Trying to set the existing hwdb with name mblaze_led_wrapper_12
TRACE::2023-11-17.14:18:13::SCWPlatform::Opened existing hwdb mblaze_led_wrapper_12
TRACE::2023-11-17.14:18:13::SCWPlatform::Found the Hw Db part of the input DSA
TRACE::2023-11-17.14:18:13::SCWMssOS::Checking the sw design at  F:/Ian_Jung/workplace/Harman_Vitis/mblaze_FND_led_swtich_hw/microblaze_0/standalone_domain/bsp/system.mss
TRACE::2023-11-17.14:18:13::SCWMssOS::DEBUG:  swdes dump  F:/Ian_Jung/workplace/Harman_Vitis/mBlaze_hello/microblaze_0/standalone_domain/bsp/system.mss|system||
F:/Ian_Jung/workplace/Harman_Vitis/mblaze_FND_led_swtich_hw/microblaze_0/standalone_domain/bsp/system.mss|system_3||
F:/Ian_Jung/workplace/Harman_Vitis/mblaze_led_hw/microblaze_0/standalone_domain/bsp/system.mss|system_0||
F:/Ian_Jung/workplace/Harman_Vitis/mblaze_led_switch_hw/microblaze_0/standalone_domain/bsp/system.mss|system_1||
F:/Ian_Jung/workplace/Harman_Vitis/mblaze_led_switch_hw_r/microblaze_0/standalone_domain/bsp/system.mss|system_2||

TRACE::2023-11-17.14:18:13::SCWMssOS::Sw design exists and opened at  F:/Ian_Jung/workplace/Harman_Vitis/mblaze_FND_led_swtich_hw/microblaze_0/standalone_domain/bsp/system.mss
TRACE::2023-11-17.14:18:13::SCWPlatform::Trying to open the hw design at F:/Ian_Jung/workplace/Harman_Vitis/mblaze_FND_led_swtich_hw/hw/mblaze_FND_led_switch.xsa
TRACE::2023-11-17.14:18:13::SCWPlatform::DSA given F:/Ian_Jung/workplace/Harman_Vitis/mblaze_FND_led_swtich_hw/hw/mblaze_FND_led_switch.xsa
TRACE::2023-11-17.14:18:13::SCWPlatform::DSA absoulate path F:/Ian_Jung/workplace/Harman_Vitis/mblaze_FND_led_swtich_hw/hw/mblaze_FND_led_switch.xsa
TRACE::2023-11-17.14:18:13::SCWPlatform::DSA directory F:/Ian_Jung/workplace/Harman_Vitis/mblaze_FND_led_swtich_hw/hw
TRACE::2023-11-17.14:18:13::SCWPlatform:: Platform Path F:/Ian_Jung/workplace/Harman_Vitis/mblaze_FND_led_swtich_hw/hw/mblaze_FND_led_switch.xsa
TRACE::2023-11-17.14:18:13::SCWPlatform:: Unique name xilinx:basys3::0.0
TRACE::2023-11-17.14:18:13::SCWPlatform::Trying to set the existing hwdb with name mblaze_led_wrapper_12
TRACE::2023-11-17.14:18:13::SCWPlatform::Opened existing hwdb mblaze_led_wrapper_12
TRACE::2023-11-17.14:18:13::SCWPlatform::Found the Hw Db part of the input DSA
TRACE::2023-11-17.14:18:13::SCWMssOS::Checking the sw design at  F:/Ian_Jung/workplace/Harman_Vitis/mblaze_FND_led_swtich_hw/microblaze_0/standalone_domain/bsp/system.mss
TRACE::2023-11-17.14:18:13::SCWMssOS::DEBUG:  swdes dump  F:/Ian_Jung/workplace/Harman_Vitis/mBlaze_hello/microblaze_0/standalone_domain/bsp/system.mss|system||
F:/Ian_Jung/workplace/Harman_Vitis/mblaze_FND_led_swtich_hw/microblaze_0/standalone_domain/bsp/system.mss|system_3||
F:/Ian_Jung/workplace/Harman_Vitis/mblaze_led_hw/microblaze_0/standalone_domain/bsp/system.mss|system_0||
F:/Ian_Jung/workplace/Harman_Vitis/mblaze_led_switch_hw/microblaze_0/standalone_domain/bsp/system.mss|system_1||
F:/Ian_Jung/workplace/Harman_Vitis/mblaze_led_switch_hw_r/microblaze_0/standalone_domain/bsp/system.mss|system_2||

TRACE::2023-11-17.14:18:13::SCWMssOS::Sw design exists and opened at  F:/Ian_Jung/workplace/Harman_Vitis/mblaze_FND_led_swtich_hw/microblaze_0/standalone_domain/bsp/system.mss
TRACE::2023-11-17.14:18:13::SCWPlatform::Trying to open the hw design at F:/Ian_Jung/workplace/Harman_Vitis/mblaze_FND_led_swtich_hw/hw/mblaze_FND_led_switch.xsa
TRACE::2023-11-17.14:18:13::SCWPlatform::DSA given F:/Ian_Jung/workplace/Harman_Vitis/mblaze_FND_led_swtich_hw/hw/mblaze_FND_led_switch.xsa
TRACE::2023-11-17.14:18:13::SCWPlatform::DSA absoulate path F:/Ian_Jung/workplace/Harman_Vitis/mblaze_FND_led_swtich_hw/hw/mblaze_FND_led_switch.xsa
TRACE::2023-11-17.14:18:13::SCWPlatform::DSA directory F:/Ian_Jung/workplace/Harman_Vitis/mblaze_FND_led_swtich_hw/hw
TRACE::2023-11-17.14:18:13::SCWPlatform:: Platform Path F:/Ian_Jung/workplace/Harman_Vitis/mblaze_FND_led_swtich_hw/hw/mblaze_FND_led_switch.xsa
TRACE::2023-11-17.14:18:13::SCWPlatform:: Unique name xilinx:basys3::0.0
TRACE::2023-11-17.14:18:13::SCWPlatform::Trying to set the existing hwdb with name mblaze_led_wrapper_12
TRACE::2023-11-17.14:18:13::SCWPlatform::Opened existing hwdb mblaze_led_wrapper_12
TRACE::2023-11-17.14:18:13::SCWPlatform::Found the Hw Db part of the input DSA
TRACE::2023-11-17.14:18:13::SCWMssOS::Checking the sw design at  F:/Ian_Jung/workplace/Harman_Vitis/mblaze_FND_led_swtich_hw/microblaze_0/standalone_domain/bsp/system.mss
TRACE::2023-11-17.14:18:13::SCWMssOS::DEBUG:  swdes dump  F:/Ian_Jung/workplace/Harman_Vitis/mBlaze_hello/microblaze_0/standalone_domain/bsp/system.mss|system||
F:/Ian_Jung/workplace/Harman_Vitis/mblaze_FND_led_swtich_hw/microblaze_0/standalone_domain/bsp/system.mss|system_3||
F:/Ian_Jung/workplace/Harman_Vitis/mblaze_led_hw/microblaze_0/standalone_domain/bsp/system.mss|system_0||
F:/Ian_Jung/workplace/Harman_Vitis/mblaze_led_switch_hw/microblaze_0/standalone_domain/bsp/system.mss|system_1||
F:/Ian_Jung/workplace/Harman_Vitis/mblaze_led_switch_hw_r/microblaze_0/standalone_domain/bsp/system.mss|system_2||

TRACE::2023-11-17.14:18:13::SCWMssOS::Sw design exists and opened at  F:/Ian_Jung/workplace/Harman_Vitis/mblaze_FND_led_swtich_hw/microblaze_0/standalone_domain/bsp/system.mss
TRACE::2023-11-17.14:18:13::SCWWriter::formatted JSON is {
	"platformName":	"mblaze_FND_led_swtich_hw",
	"sprVersion":	"2.0",
	"mode":	"gui",
	"dsaType":	"Fixed",
	"platformDesc":	"mblaze_FND_led_swtich_hw",
	"platHandOff":	"F:/Ian_Jung/workplace/cora_z7/cora_cpu_2019/Basys3_Microblaze_real/mblaze_FND_led_switch.xsa",
	"platIntHandOff":	"<platformDir>/hw/mblaze_FND_led_switch.xsa",
	"deviceType":	"FPGA",
	"platIsPrebuiltAutogen":	"false",
	"platIsNoBootBsp":	"false",
	"hasFsblMakeHasChanges":	"false",
	"hasPmufwMakeHasChanges":	"false",
	"platPreBuiltFlag":	false,
	"platformSamplesDir":	"",
	"platActiveSys":	"mblaze_FND_led_swtich_hw",
	"systems":	[{
			"systemName":	"mblaze_FND_led_swtich_hw",
			"systemDesc":	"mblaze_FND_led_swtich_hw",
			"sysIsBootAutoGen":	"true",
			"systemDispName":	"mblaze_FND_led_swtich_hw",
			"sysActiveDom":	"standalone_domain",
			"sysDefaultDom":	"standalone_domain",
			"domains":	[{
					"domainName":	"standalone_domain",
					"domainDispName":	"standalone on microblaze_0",
					"domainDesc":	"standalone_domain",
					"processors":	"microblaze_0",
					"os":	"standalone",
					"sdxOs":	"standalone",
					"debugEnable":	"False",
					"domRuntimes":	["cpp"],
					"swRepo":	"",
					"mssOsVer":	"7.1",
					"mssFile":	"",
					"md5Digest":	"84804953c0e2c14b77f3fc760ee677c6",
					"compatibleApp":	"",
					"domType":	"mssDomain",
					"appSettings":	{
						"appCompilerFlags":	"",
						"appLinkerFlags":	""
					},
					"addedLibs":	[],
					"libOptions":	{
						"libsContainingOptions":	[]
					},
					"prebuiltLibs":	{
						"prebuiltIncPath":	[],
						"prebuiltLibPath":	[]
					},
					"isolation":	{
					}
				}]
		}]
}
TRACE::2023-11-17.14:18:13::SCWPlatform::Clearing the existing platform
TRACE::2023-11-17.14:18:13::SCWSystem::Clearing the existing sysconfig
TRACE::2023-11-17.14:18:13::SCWMssOS::Removing the swdes entry for  F:/Ian_Jung/workplace/Harman_Vitis/mblaze_FND_led_swtich_hw/microblaze_0/standalone_domain/bsp/system.mss
TRACE::2023-11-17.14:18:13::SCWSystem::Clearing the domains completed.
TRACE::2023-11-17.14:18:13::SCWPlatform::Clearing the opened hw db.
TRACE::2023-11-17.14:18:13::SCWPlatform::DSA given F:/Ian_Jung/workplace/Harman_Vitis/mblaze_FND_led_swtich_hw/hw/mblaze_FND_led_switch.xsa
TRACE::2023-11-17.14:18:13::SCWPlatform::DSA absoulate path F:/Ian_Jung/workplace/Harman_Vitis/mblaze_FND_led_swtich_hw/hw/mblaze_FND_led_switch.xsa
TRACE::2023-11-17.14:18:13::SCWPlatform:: Platform location is F:/Ian_Jung/workplace/Harman_Vitis/mblaze_FND_led_swtich_hw/hw
TRACE::2023-11-17.14:18:13::SCWPlatform:: Platform Path F:/Ian_Jung/workplace/Harman_Vitis/mblaze_FND_led_swtich_hw/hw/mblaze_FND_led_switch.xsa
TRACE::2023-11-17.14:18:13::SCWPlatform:: Unique name xilinx:basys3::0.0
TRACE::2023-11-17.14:18:13::SCWPlatform::Removing the HwDB with name F:/Ian_Jung/workplace/Harman_Vitis/mblaze_FND_led_swtich_hw/hw/mblaze_FND_led_switch.xsa
TRACE::2023-11-17.14:18:13::SCWPlatform::Trying to open the hw design at F:/Ian_Jung/workplace/Harman_Vitis/mblaze_FND_led_swtich_hw/hw/mblaze_FND_led_switch.xsa
TRACE::2023-11-17.14:18:13::SCWPlatform::DSA given F:/Ian_Jung/workplace/Harman_Vitis/mblaze_FND_led_swtich_hw/hw/mblaze_FND_led_switch.xsa
TRACE::2023-11-17.14:18:13::SCWPlatform::DSA absoulate path F:/Ian_Jung/workplace/Harman_Vitis/mblaze_FND_led_swtich_hw/hw/mblaze_FND_led_switch.xsa
TRACE::2023-11-17.14:18:13::SCWPlatform::DSA directory F:/Ian_Jung/workplace/Harman_Vitis/mblaze_FND_led_swtich_hw/hw
TRACE::2023-11-17.14:18:13::SCWPlatform:: Platform Path F:/Ian_Jung/workplace/Harman_Vitis/mblaze_FND_led_swtich_hw/hw/mblaze_FND_led_switch.xsa
TRACE::2023-11-17.14:18:13::SCWPlatform:: Unique name xilinx:basys3::0.0
TRACE::2023-11-17.14:18:13::SCWPlatform::Do not have an existing db opened. 
TRACE::2023-11-17.14:18:13::SCWPlatform::Opened new HwDB with name mblaze_led_wrapper_13
TRACE::2023-11-17.14:18:13::SCWReader::Active system found as  mblaze_FND_led_swtich_hw
TRACE::2023-11-17.14:18:13::SCWReader::Handling sysconfig mblaze_FND_led_swtich_hw
TRACE::2023-11-17.14:18:13::SCWDomain::checking for install qemu data   : 
TRACE::2023-11-17.14:18:13::SCWPlatform::Trying to open the hw design at F:/Ian_Jung/workplace/Harman_Vitis/mblaze_FND_led_swtich_hw/hw/mblaze_FND_led_switch.xsa
TRACE::2023-11-17.14:18:13::SCWPlatform::DSA given F:/Ian_Jung/workplace/Harman_Vitis/mblaze_FND_led_swtich_hw/hw/mblaze_FND_led_switch.xsa
TRACE::2023-11-17.14:18:13::SCWPlatform::DSA absoulate path F:/Ian_Jung/workplace/Harman_Vitis/mblaze_FND_led_swtich_hw/hw/mblaze_FND_led_switch.xsa
TRACE::2023-11-17.14:18:13::SCWPlatform::DSA directory F:/Ian_Jung/workplace/Harman_Vitis/mblaze_FND_led_swtich_hw/hw
TRACE::2023-11-17.14:18:13::SCWPlatform:: Platform Path F:/Ian_Jung/workplace/Harman_Vitis/mblaze_FND_led_swtich_hw/hw/mblaze_FND_led_switch.xsa
TRACE::2023-11-17.14:18:13::SCWPlatform:: Unique name xilinx:basys3::0.0
TRACE::2023-11-17.14:18:13::SCWPlatform::Trying to set the existing hwdb with name mblaze_led_wrapper_13
TRACE::2023-11-17.14:18:13::SCWPlatform::Opened existing hwdb mblaze_led_wrapper_13
TRACE::2023-11-17.14:18:13::SCWPlatform::Found the Hw Db part of the input DSA
TRACE::2023-11-17.14:18:13::SCWPlatform::Trying to open the hw design at F:/Ian_Jung/workplace/Harman_Vitis/mblaze_FND_led_swtich_hw/hw/mblaze_FND_led_switch.xsa
TRACE::2023-11-17.14:18:13::SCWPlatform::DSA given F:/Ian_Jung/workplace/Harman_Vitis/mblaze_FND_led_swtich_hw/hw/mblaze_FND_led_switch.xsa
TRACE::2023-11-17.14:18:13::SCWPlatform::DSA absoulate path F:/Ian_Jung/workplace/Harman_Vitis/mblaze_FND_led_swtich_hw/hw/mblaze_FND_led_switch.xsa
TRACE::2023-11-17.14:18:13::SCWPlatform::DSA directory F:/Ian_Jung/workplace/Harman_Vitis/mblaze_FND_led_swtich_hw/hw
TRACE::2023-11-17.14:18:13::SCWPlatform:: Platform Path F:/Ian_Jung/workplace/Harman_Vitis/mblaze_FND_led_swtich_hw/hw/mblaze_FND_led_switch.xsa
TRACE::2023-11-17.14:18:13::SCWPlatform:: Unique name xilinx:basys3::0.0
TRACE::2023-11-17.14:18:13::SCWPlatform::Trying to set the existing hwdb with name mblaze_led_wrapper_13
TRACE::2023-11-17.14:18:13::SCWPlatform::Opened existing hwdb mblaze_led_wrapper_13
TRACE::2023-11-17.14:18:13::SCWPlatform::Found the Hw Db part of the input DSA
TRACE::2023-11-17.14:18:13::SCWPlatform::Trying to open the hw design at F:/Ian_Jung/workplace/Harman_Vitis/mblaze_FND_led_swtich_hw/hw/mblaze_FND_led_switch.xsa
TRACE::2023-11-17.14:18:13::SCWPlatform::DSA given F:/Ian_Jung/workplace/Harman_Vitis/mblaze_FND_led_swtich_hw/hw/mblaze_FND_led_switch.xsa
TRACE::2023-11-17.14:18:13::SCWPlatform::DSA absoulate path F:/Ian_Jung/workplace/Harman_Vitis/mblaze_FND_led_swtich_hw/hw/mblaze_FND_led_switch.xsa
TRACE::2023-11-17.14:18:13::SCWPlatform::DSA directory F:/Ian_Jung/workplace/Harman_Vitis/mblaze_FND_led_swtich_hw/hw
TRACE::2023-11-17.14:18:13::SCWPlatform:: Platform Path F:/Ian_Jung/workplace/Harman_Vitis/mblaze_FND_led_swtich_hw/hw/mblaze_FND_led_switch.xsa
TRACE::2023-11-17.14:18:13::SCWPlatform:: Unique name xilinx:basys3::0.0
TRACE::2023-11-17.14:18:13::SCWPlatform::Trying to set the existing hwdb with name mblaze_led_wrapper_13
TRACE::2023-11-17.14:18:13::SCWPlatform::Opened existing hwdb mblaze_led_wrapper_13
TRACE::2023-11-17.14:18:13::SCWPlatform::Found the Hw Db part of the input DSA
TRACE::2023-11-17.14:18:13::SCWMssOS::Checking the sw design at  F:/Ian_Jung/workplace/Harman_Vitis/mblaze_FND_led_swtich_hw/microblaze_0/standalone_domain/bsp/system.mss
TRACE::2023-11-17.14:18:13::SCWMssOS::DEBUG:  swdes dump  F:/Ian_Jung/workplace/Harman_Vitis/mBlaze_hello/microblaze_0/standalone_domain/bsp/system.mss|system||
F:/Ian_Jung/workplace/Harman_Vitis/mblaze_led_hw/microblaze_0/standalone_domain/bsp/system.mss|system_0||
F:/Ian_Jung/workplace/Harman_Vitis/mblaze_led_switch_hw/microblaze_0/standalone_domain/bsp/system.mss|system_1||
F:/Ian_Jung/workplace/Harman_Vitis/mblaze_led_switch_hw_r/microblaze_0/standalone_domain/bsp/system.mss|system_2||

TRACE::2023-11-17.14:18:13::SCWMssOS::No sw design opened at  F:/Ian_Jung/workplace/Harman_Vitis/mblaze_FND_led_swtich_hw/microblaze_0/standalone_domain/bsp/system.mss
TRACE::2023-11-17.14:18:13::SCWMssOS::mss exists loading the mss file  F:/Ian_Jung/workplace/Harman_Vitis/mblaze_FND_led_swtich_hw/microblaze_0/standalone_domain/bsp/system.mss
TRACE::2023-11-17.14:18:13::SCWMssOS::Opened the sw design from mss  F:/Ian_Jung/workplace/Harman_Vitis/mblaze_FND_led_swtich_hw/microblaze_0/standalone_domain/bsp/system.mss
TRACE::2023-11-17.14:18:13::SCWMssOS::Adding the swdes entry F:/Ian_Jung/workplace/Harman_Vitis/mblaze_FND_led_swtich_hw/microblaze_0/standalone_domain/bsp/system.mss with des name system_3
TRACE::2023-11-17.14:18:13::SCWMssOS::updating the scw layer about changes
TRACE::2023-11-17.14:18:13::SCWMssOS::Opened the sw design.  F:/Ian_Jung/workplace/Harman_Vitis/mblaze_FND_led_swtich_hw/microblaze_0/standalone_domain/bsp/system.mss
TRACE::2023-11-17.14:18:13::SCWReader::Adding prebuilt librarypaths as   
TRACE::2023-11-17.14:18:13::SCWReader::Adding prebuilt incpaths  as   
TRACE::2023-11-17.14:18:13::SCWPlatform::Trying to open the hw design at F:/Ian_Jung/workplace/Harman_Vitis/mblaze_FND_led_swtich_hw/hw/mblaze_FND_led_switch.xsa
TRACE::2023-11-17.14:18:13::SCWPlatform::DSA given F:/Ian_Jung/workplace/Harman_Vitis/mblaze_FND_led_swtich_hw/hw/mblaze_FND_led_switch.xsa
TRACE::2023-11-17.14:18:13::SCWPlatform::DSA absoulate path F:/Ian_Jung/workplace/Harman_Vitis/mblaze_FND_led_swtich_hw/hw/mblaze_FND_led_switch.xsa
TRACE::2023-11-17.14:18:13::SCWPlatform::DSA directory F:/Ian_Jung/workplace/Harman_Vitis/mblaze_FND_led_swtich_hw/hw
TRACE::2023-11-17.14:18:13::SCWPlatform:: Platform Path F:/Ian_Jung/workplace/Harman_Vitis/mblaze_FND_led_swtich_hw/hw/mblaze_FND_led_switch.xsa
TRACE::2023-11-17.14:18:13::SCWPlatform:: Unique name xilinx:basys3::0.0
TRACE::2023-11-17.14:18:13::SCWPlatform::Trying to set the existing hwdb with name mblaze_led_wrapper_13
TRACE::2023-11-17.14:18:13::SCWPlatform::Opened existing hwdb mblaze_led_wrapper_13
TRACE::2023-11-17.14:18:13::SCWPlatform::Found the Hw Db part of the input DSA
TRACE::2023-11-17.14:18:13::SCWMssOS::Checking the sw design at  F:/Ian_Jung/workplace/Harman_Vitis/mblaze_FND_led_swtich_hw/microblaze_0/standalone_domain/bsp/system.mss
TRACE::2023-11-17.14:18:13::SCWMssOS::DEBUG:  swdes dump  F:/Ian_Jung/workplace/Harman_Vitis/mBlaze_hello/microblaze_0/standalone_domain/bsp/system.mss|system||
F:/Ian_Jung/workplace/Harman_Vitis/mblaze_FND_led_swtich_hw/microblaze_0/standalone_domain/bsp/system.mss|system_3||
F:/Ian_Jung/workplace/Harman_Vitis/mblaze_led_hw/microblaze_0/standalone_domain/bsp/system.mss|system_0||
F:/Ian_Jung/workplace/Harman_Vitis/mblaze_led_switch_hw/microblaze_0/standalone_domain/bsp/system.mss|system_1||
F:/Ian_Jung/workplace/Harman_Vitis/mblaze_led_switch_hw_r/microblaze_0/standalone_domain/bsp/system.mss|system_2||

TRACE::2023-11-17.14:18:13::SCWMssOS::Sw design exists and opened at  F:/Ian_Jung/workplace/Harman_Vitis/mblaze_FND_led_swtich_hw/microblaze_0/standalone_domain/bsp/system.mss
TRACE::2023-11-17.14:18:13::SCWReader::No isolation master present  
TRACE::2023-11-17.14:18:13::SCWPlatform::Trying to open the hw design at F:/Ian_Jung/workplace/Harman_Vitis/mblaze_FND_led_swtich_hw/hw/mblaze_FND_led_switch.xsa
TRACE::2023-11-17.14:18:13::SCWPlatform::DSA given F:/Ian_Jung/workplace/Harman_Vitis/mblaze_FND_led_swtich_hw/hw/mblaze_FND_led_switch.xsa
TRACE::2023-11-17.14:18:13::SCWPlatform::DSA absoulate path F:/Ian_Jung/workplace/Harman_Vitis/mblaze_FND_led_swtich_hw/hw/mblaze_FND_led_switch.xsa
TRACE::2023-11-17.14:18:13::SCWPlatform::DSA directory F:/Ian_Jung/workplace/Harman_Vitis/mblaze_FND_led_swtich_hw/hw
TRACE::2023-11-17.14:18:13::SCWPlatform:: Platform Path F:/Ian_Jung/workplace/Harman_Vitis/mblaze_FND_led_swtich_hw/hw/mblaze_FND_led_switch.xsa
TRACE::2023-11-17.14:18:13::SCWPlatform:: Unique name xilinx:basys3::0.0
TRACE::2023-11-17.14:18:13::SCWPlatform::Trying to set the existing hwdb with name mblaze_led_wrapper_13
TRACE::2023-11-17.14:18:13::SCWPlatform::Opened existing hwdb mblaze_led_wrapper_13
TRACE::2023-11-17.14:18:13::SCWPlatform::Found the Hw Db part of the input DSA
TRACE::2023-11-17.14:18:13::SCWMssOS::Checking the sw design at  F:/Ian_Jung/workplace/Harman_Vitis/mblaze_FND_led_swtich_hw/microblaze_0/standalone_domain/bsp/system.mss
TRACE::2023-11-17.14:18:13::SCWMssOS::DEBUG:  swdes dump  F:/Ian_Jung/workplace/Harman_Vitis/mBlaze_hello/microblaze_0/standalone_domain/bsp/system.mss|system||
F:/Ian_Jung/workplace/Harman_Vitis/mblaze_FND_led_swtich_hw/microblaze_0/standalone_domain/bsp/system.mss|system_3||
F:/Ian_Jung/workplace/Harman_Vitis/mblaze_led_hw/microblaze_0/standalone_domain/bsp/system.mss|system_0||
F:/Ian_Jung/workplace/Harman_Vitis/mblaze_led_switch_hw/microblaze_0/standalone_domain/bsp/system.mss|system_1||
F:/Ian_Jung/workplace/Harman_Vitis/mblaze_led_switch_hw_r/microblaze_0/standalone_domain/bsp/system.mss|system_2||

TRACE::2023-11-17.14:18:13::SCWMssOS::Sw design exists and opened at  F:/Ian_Jung/workplace/Harman_Vitis/mblaze_FND_led_swtich_hw/microblaze_0/standalone_domain/bsp/system.mss
TRACE::2023-11-17.14:18:13::SCWMssOS::In reload Mss file.
TRACE::2023-11-17.14:18:13::SCWPlatform::Trying to open the hw design at F:/Ian_Jung/workplace/Harman_Vitis/mblaze_FND_led_swtich_hw/hw/mblaze_FND_led_switch.xsa
TRACE::2023-11-17.14:18:13::SCWPlatform::DSA given F:/Ian_Jung/workplace/Harman_Vitis/mblaze_FND_led_swtich_hw/hw/mblaze_FND_led_switch.xsa
TRACE::2023-11-17.14:18:13::SCWPlatform::DSA absoulate path F:/Ian_Jung/workplace/Harman_Vitis/mblaze_FND_led_swtich_hw/hw/mblaze_FND_led_switch.xsa
TRACE::2023-11-17.14:18:13::SCWPlatform::DSA directory F:/Ian_Jung/workplace/Harman_Vitis/mblaze_FND_led_swtich_hw/hw
TRACE::2023-11-17.14:18:13::SCWPlatform:: Platform Path F:/Ian_Jung/workplace/Harman_Vitis/mblaze_FND_led_swtich_hw/hw/mblaze_FND_led_switch.xsa
TRACE::2023-11-17.14:18:13::SCWPlatform:: Unique name xilinx:basys3::0.0
TRACE::2023-11-17.14:18:13::SCWPlatform::Trying to set the existing hwdb with name mblaze_led_wrapper_13
TRACE::2023-11-17.14:18:13::SCWPlatform::Opened existing hwdb mblaze_led_wrapper_13
TRACE::2023-11-17.14:18:13::SCWPlatform::Found the Hw Db part of the input DSA
TRACE::2023-11-17.14:18:13::SCWMssOS::Checking the sw design at  F:/Ian_Jung/workplace/Harman_Vitis/mblaze_FND_led_swtich_hw/microblaze_0/standalone_domain/bsp/system.mss
TRACE::2023-11-17.14:18:13::SCWMssOS::DEBUG:  swdes dump  F:/Ian_Jung/workplace/Harman_Vitis/mBlaze_hello/microblaze_0/standalone_domain/bsp/system.mss|system||
F:/Ian_Jung/workplace/Harman_Vitis/mblaze_FND_led_swtich_hw/microblaze_0/standalone_domain/bsp/system.mss|system_3||
F:/Ian_Jung/workplace/Harman_Vitis/mblaze_led_hw/microblaze_0/standalone_domain/bsp/system.mss|system_0||
F:/Ian_Jung/workplace/Harman_Vitis/mblaze_led_switch_hw/microblaze_0/standalone_domain/bsp/system.mss|system_1||
F:/Ian_Jung/workplace/Harman_Vitis/mblaze_led_switch_hw_r/microblaze_0/standalone_domain/bsp/system.mss|system_2||

KEYINFO::2023-11-17.14:18:13::SCWMssOS::Could not open the swdb for system_3
KEYINFO::2023-11-17.14:18:13::SCWMssOS::Could not open the sw design at  system_3
ERROR: [Hsi 55-1558] Software Design system_3 is not found

TRACE::2023-11-17.14:18:13::SCWMssOS::Cleared the swdb table entry
TRACE::2023-11-17.14:18:13::SCWMssOS::No sw design opened at  F:/Ian_Jung/workplace/Harman_Vitis/mblaze_FND_led_swtich_hw/microblaze_0/standalone_domain/bsp/system.mss
TRACE::2023-11-17.14:18:13::SCWMssOS::mss exists loading the mss file  F:/Ian_Jung/workplace/Harman_Vitis/mblaze_FND_led_swtich_hw/microblaze_0/standalone_domain/bsp/system.mss
TRACE::2023-11-17.14:18:13::SCWMssOS::Opened the sw design from mss  F:/Ian_Jung/workplace/Harman_Vitis/mblaze_FND_led_swtich_hw/microblaze_0/standalone_domain/bsp/system.mss
TRACE::2023-11-17.14:18:13::SCWMssOS::Adding the swdes entry F:/Ian_Jung/workplace/Harman_Vitis/mblaze_FND_led_swtich_hw/microblaze_0/standalone_domain/bsp/system.mss with des name system_3
TRACE::2023-11-17.14:18:13::SCWMssOS::updating the scw layer about changes
TRACE::2023-11-17.14:18:13::SCWMssOS::Opened the sw design.  F:/Ian_Jung/workplace/Harman_Vitis/mblaze_FND_led_swtich_hw/microblaze_0/standalone_domain/bsp/system.mss
TRACE::2023-11-17.14:18:13::SCWPlatform::Trying to open the hw design at F:/Ian_Jung/workplace/Harman_Vitis/mblaze_FND_led_swtich_hw/hw/mblaze_FND_led_switch.xsa
TRACE::2023-11-17.14:18:13::SCWPlatform::DSA given F:/Ian_Jung/workplace/Harman_Vitis/mblaze_FND_led_swtich_hw/hw/mblaze_FND_led_switch.xsa
TRACE::2023-11-17.14:18:13::SCWPlatform::DSA absoulate path F:/Ian_Jung/workplace/Harman_Vitis/mblaze_FND_led_swtich_hw/hw/mblaze_FND_led_switch.xsa
TRACE::2023-11-17.14:18:13::SCWPlatform::DSA directory F:/Ian_Jung/workplace/Harman_Vitis/mblaze_FND_led_swtich_hw/hw
TRACE::2023-11-17.14:18:13::SCWPlatform:: Platform Path F:/Ian_Jung/workplace/Harman_Vitis/mblaze_FND_led_swtich_hw/hw/mblaze_FND_led_switch.xsa
TRACE::2023-11-17.14:18:13::SCWPlatform:: Unique name xilinx:basys3::0.0
TRACE::2023-11-17.14:18:13::SCWPlatform::Trying to set the existing hwdb with name mblaze_led_wrapper_13
TRACE::2023-11-17.14:18:13::SCWPlatform::Opened existing hwdb mblaze_led_wrapper_13
TRACE::2023-11-17.14:18:13::SCWPlatform::Found the Hw Db part of the input DSA
TRACE::2023-11-17.14:18:13::SCWMssOS::Checking the sw design at  F:/Ian_Jung/workplace/Harman_Vitis/mblaze_FND_led_swtich_hw/microblaze_0/standalone_domain/bsp/system.mss
TRACE::2023-11-17.14:18:13::SCWMssOS::DEBUG:  swdes dump  F:/Ian_Jung/workplace/Harman_Vitis/mBlaze_hello/microblaze_0/standalone_domain/bsp/system.mss|system||
F:/Ian_Jung/workplace/Harman_Vitis/mblaze_FND_led_swtich_hw/microblaze_0/standalone_domain/bsp/system.mss|system_3||
F:/Ian_Jung/workplace/Harman_Vitis/mblaze_led_hw/microblaze_0/standalone_domain/bsp/system.mss|system_0||
F:/Ian_Jung/workplace/Harman_Vitis/mblaze_led_switch_hw/microblaze_0/standalone_domain/bsp/system.mss|system_1||
F:/Ian_Jung/workplace/Harman_Vitis/mblaze_led_switch_hw_r/microblaze_0/standalone_domain/bsp/system.mss|system_2||

TRACE::2023-11-17.14:18:13::SCWMssOS::Sw design exists and opened at  F:/Ian_Jung/workplace/Harman_Vitis/mblaze_FND_led_swtich_hw/microblaze_0/standalone_domain/bsp/system.mss
TRACE::2023-11-17.14:18:13::SCWMssOS::Removing the swdes entry for  F:/Ian_Jung/workplace/Harman_Vitis/mblaze_FND_led_swtich_hw/microblaze_0/standalone_domain/bsp/system.mss
LOG::2023-11-17.14:18:23::SCWPlatform::Started generating the artifacts platform mblaze_FND_led_swtich_hw
TRACE::2023-11-17.14:18:23::SCWPlatform::Sanity checking of platform is completed
LOG::2023-11-17.14:18:23::SCWPlatform::Started generating the artifacts for system configuration mblaze_FND_led_swtich_hw
LOG::2023-11-17.14:18:23::SCWSystem::Checking the domain standalone_domain
LOG::2023-11-17.14:18:23::SCWSystem::Not a boot domain 
LOG::2023-11-17.14:18:23::SCWSystem::Started Processing the domain standalone_domain
TRACE::2023-11-17.14:18:23::SCWDomain::Generating domain artifcats
TRACE::2023-11-17.14:18:23::SCWMssOS::Generating standalone artifcats
TRACE::2023-11-17.14:18:23::SCWMssOS:: Copying the user libraries. 
TRACE::2023-11-17.14:18:23::SCWPlatform::Trying to open the hw design at F:/Ian_Jung/workplace/Harman_Vitis/mblaze_FND_led_swtich_hw/hw/mblaze_FND_led_switch.xsa
TRACE::2023-11-17.14:18:23::SCWPlatform::DSA given F:/Ian_Jung/workplace/Harman_Vitis/mblaze_FND_led_swtich_hw/hw/mblaze_FND_led_switch.xsa
TRACE::2023-11-17.14:18:23::SCWPlatform::DSA absoulate path F:/Ian_Jung/workplace/Harman_Vitis/mblaze_FND_led_swtich_hw/hw/mblaze_FND_led_switch.xsa
TRACE::2023-11-17.14:18:23::SCWPlatform::DSA directory F:/Ian_Jung/workplace/Harman_Vitis/mblaze_FND_led_swtich_hw/hw
TRACE::2023-11-17.14:18:23::SCWPlatform:: Platform Path F:/Ian_Jung/workplace/Harman_Vitis/mblaze_FND_led_swtich_hw/hw/mblaze_FND_led_switch.xsa
TRACE::2023-11-17.14:18:23::SCWPlatform:: Unique name xilinx:basys3::0.0
TRACE::2023-11-17.14:18:23::SCWPlatform::Trying to set the existing hwdb with name mblaze_led_wrapper_13
TRACE::2023-11-17.14:18:23::SCWPlatform::Opened existing hwdb mblaze_led_wrapper_13
TRACE::2023-11-17.14:18:23::SCWPlatform::Found the Hw Db part of the input DSA
TRACE::2023-11-17.14:18:23::SCWMssOS::Checking the sw design at  F:/Ian_Jung/workplace/Harman_Vitis/mblaze_FND_led_swtich_hw/microblaze_0/standalone_domain/bsp/system.mss
TRACE::2023-11-17.14:18:23::SCWMssOS::DEBUG:  swdes dump  F:/Ian_Jung/workplace/Harman_Vitis/mBlaze_hello/microblaze_0/standalone_domain/bsp/system.mss|system||
F:/Ian_Jung/workplace/Harman_Vitis/mblaze_led_hw/microblaze_0/standalone_domain/bsp/system.mss|system_0||
F:/Ian_Jung/workplace/Harman_Vitis/mblaze_led_switch_hw/microblaze_0/standalone_domain/bsp/system.mss|system_1||
F:/Ian_Jung/workplace/Harman_Vitis/mblaze_led_switch_hw_r/microblaze_0/standalone_domain/bsp/system.mss|system_2||

TRACE::2023-11-17.14:18:23::SCWMssOS::No sw design opened at  F:/Ian_Jung/workplace/Harman_Vitis/mblaze_FND_led_swtich_hw/microblaze_0/standalone_domain/bsp/system.mss
TRACE::2023-11-17.14:18:23::SCWMssOS::mss exists loading the mss file  F:/Ian_Jung/workplace/Harman_Vitis/mblaze_FND_led_swtich_hw/microblaze_0/standalone_domain/bsp/system.mss
TRACE::2023-11-17.14:18:23::SCWMssOS::Opened the sw design from mss  F:/Ian_Jung/workplace/Harman_Vitis/mblaze_FND_led_swtich_hw/microblaze_0/standalone_domain/bsp/system.mss
TRACE::2023-11-17.14:18:23::SCWMssOS::Adding the swdes entry F:/Ian_Jung/workplace/Harman_Vitis/mblaze_FND_led_swtich_hw/microblaze_0/standalone_domain/bsp/system.mss with des name system_3
TRACE::2023-11-17.14:18:23::SCWMssOS::updating the scw layer about changes
TRACE::2023-11-17.14:18:23::SCWMssOS::Opened the sw design.  F:/Ian_Jung/workplace/Harman_Vitis/mblaze_FND_led_swtich_hw/microblaze_0/standalone_domain/bsp/system.mss
TRACE::2023-11-17.14:18:23::SCWMssOS::Completed writing the mss file at F:/Ian_Jung/workplace/Harman_Vitis/mblaze_FND_led_swtich_hw/microblaze_0/standalone_domain/bsp
TRACE::2023-11-17.14:18:23::SCWMssOS::Mss edits present, copying mssfile into export location F:/Ian_Jung/workplace/Harman_Vitis/mblaze_FND_led_swtich_hw/microblaze_0/standalone_domain/bsp/system.mss
TRACE::2023-11-17.14:18:23::SCWMssOS::bsp generated is upto date with the mss file. Skipping bsp generation.
TRACE::2023-11-17.14:18:23::SCWMssOS::BSP is already built. skipping the bsp build ... 
TRACE::2023-11-17.14:18:23::SCWDomain::Building the domain as part of full build :  standalone_domain
TRACE::2023-11-17.14:18:23::SCWMssOS::doing bsp build ... 
TRACE::2023-11-17.14:18:23::SCWMssOS::System Command Ran  F: & cd  F:/Ian_Jung/workplace/Harman_Vitis/mblaze_FND_led_swtich_hw/microblaze_0/standalone_domain/bsp & make 
TRACE::2023-11-17.14:18:23::SCWMssOS::"Running Make include in microblaze_0/libsrc/bram_v4_3/src"

TRACE::2023-11-17.14:18:23::SCWMssOS::make -C microblaze_0/libsrc/bram_v4_3/src -s include  "SHELL=CMD" "COMPILER=mb-gcc" "ASSEMBLER=mb-as" "ARCHIVER=mb-ar" "COMPILE
TRACE::2023-11-17.14:18:23::SCWMssOS::R_FLAGS=  -O2 -c -mcpu=v11.0 -mlittle-endian -mxl-soft-mul" "EXTRA_COMPILER_FLAGS=-g -ffunction-sections -fdata-sections -Wall 
TRACE::2023-11-17.14:18:23::SCWMssOS::-Wextra"

TRACE::2023-11-17.14:18:23::SCWMssOS::"Running Make include in microblaze_0/libsrc/cpu_v2_10/src"

TRACE::2023-11-17.14:18:23::SCWMssOS::make -C microblaze_0/libsrc/cpu_v2_10/src -s include  "SHELL=CMD" "COMPILER=mb-gcc" "ASSEMBLER=mb-as" "ARCHIVER=mb-ar" "COMPILE
TRACE::2023-11-17.14:18:23::SCWMssOS::R_FLAGS=  -O2 -c -mcpu=v11.0 -mlittle-endian -mxl-soft-mul" "EXTRA_COMPILER_FLAGS=-g -ffunction-sections -fdata-sections -Wall 
TRACE::2023-11-17.14:18:23::SCWMssOS::-Wextra"

TRACE::2023-11-17.14:18:23::SCWMssOS::"Running Make include in microblaze_0/libsrc/gpio_v4_5/src"

TRACE::2023-11-17.14:18:23::SCWMssOS::make -C microblaze_0/libsrc/gpio_v4_5/src -s include  "SHELL=CMD" "COMPILER=mb-gcc" "ASSEMBLER=mb-as" "ARCHIVER=mb-ar" "COMPILE
TRACE::2023-11-17.14:18:23::SCWMssOS::R_FLAGS=  -O2 -c -mcpu=v11.0 -mlittle-endian -mxl-soft-mul" "EXTRA_COMPILER_FLAGS=-g -ffunction-sections -fdata-sections -Wall 
TRACE::2023-11-17.14:18:23::SCWMssOS::-Wextra"

TRACE::2023-11-17.14:18:23::SCWMssOS::"Running Make include in microblaze_0/libsrc/standalone_v7_1/src"

TRACE::2023-11-17.14:18:23::SCWMssOS::make -C microblaze_0/libsrc/standalone_v7_1/src -s include  "SHELL=CMD" "COMPILER=mb-gcc" "ASSEMBLER=mb-as" "ARCHIVER=mb-ar" "C
TRACE::2023-11-17.14:18:23::SCWMssOS::OMPILER_FLAGS=  -O2 -c -mcpu=v11.0 -mlittle-endian -mxl-soft-mul" "EXTRA_COMPILER_FLAGS=-g -ffunction-sections -fdata-sections 
TRACE::2023-11-17.14:18:23::SCWMssOS::-Wall -Wextra"

TRACE::2023-11-17.14:18:24::SCWMssOS::"Running Make include in microblaze_0/libsrc/uartlite_v3_3/src"

TRACE::2023-11-17.14:18:24::SCWMssOS::make -C microblaze_0/libsrc/uartlite_v3_3/src -s include  "SHELL=CMD" "COMPILER=mb-gcc" "ASSEMBLER=mb-as" "ARCHIVER=mb-ar" "COM
TRACE::2023-11-17.14:18:24::SCWMssOS::PILER_FLAGS=  -O2 -c -mcpu=v11.0 -mlittle-endian -mxl-soft-mul" "EXTRA_COMPILER_FLAGS=-g -ffunction-sections -fdata-sections -W
TRACE::2023-11-17.14:18:24::SCWMssOS::all -Wextra"

TRACE::2023-11-17.14:18:24::SCWMssOS::"Running Make libs in microblaze_0/libsrc/bram_v4_3/src"

TRACE::2023-11-17.14:18:24::SCWMssOS::make -C microblaze_0/libsrc/bram_v4_3/src -s libs  "SHELL=CMD" "COMPILER=mb-gcc" "ASSEMBLER=mb-as" "ARCHIVER=mb-ar" "COMPILER_F
TRACE::2023-11-17.14:18:24::SCWMssOS::LAGS=  -O2 -c -mcpu=v11.0 -mlittle-endian -mxl-soft-mul" "EXTRA_COMPILER_FLAGS=-g -ffunction-sections -fdata-sections -Wall -We
TRACE::2023-11-17.14:18:24::SCWMssOS::xtra"

TRACE::2023-11-17.14:18:24::SCWMssOS::"Compiling bram"

TRACE::2023-11-17.14:18:25::SCWMssOS::"Running Make libs in microblaze_0/libsrc/cpu_v2_10/src"

TRACE::2023-11-17.14:18:25::SCWMssOS::make -C microblaze_0/libsrc/cpu_v2_10/src -s libs  "SHELL=CMD" "COMPILER=mb-gcc" "ASSEMBLER=mb-as" "ARCHIVER=mb-ar" "COMPILER_F
TRACE::2023-11-17.14:18:25::SCWMssOS::LAGS=  -O2 -c -mcpu=v11.0 -mlittle-endian -mxl-soft-mul" "EXTRA_COMPILER_FLAGS=-g -ffunction-sections -fdata-sections -Wall -We
TRACE::2023-11-17.14:18:25::SCWMssOS::xtra"

TRACE::2023-11-17.14:18:25::SCWMssOS::"Compiling cpu"

TRACE::2023-11-17.14:18:26::SCWMssOS::"Running Make libs in microblaze_0/libsrc/gpio_v4_5/src"

TRACE::2023-11-17.14:18:26::SCWMssOS::make -C microblaze_0/libsrc/gpio_v4_5/src -s libs  "SHELL=CMD" "COMPILER=mb-gcc" "ASSEMBLER=mb-as" "ARCHIVER=mb-ar" "COMPILER_F
TRACE::2023-11-17.14:18:26::SCWMssOS::LAGS=  -O2 -c -mcpu=v11.0 -mlittle-endian -mxl-soft-mul" "EXTRA_COMPILER_FLAGS=-g -ffunction-sections -fdata-sections -Wall -We
TRACE::2023-11-17.14:18:26::SCWMssOS::xtra"

TRACE::2023-11-17.14:18:26::SCWMssOS::"Compiling gpio"

TRACE::2023-11-17.14:18:27::SCWMssOS::"Running Make libs in microblaze_0/libsrc/standalone_v7_1/src"

TRACE::2023-11-17.14:18:27::SCWMssOS::make -C microblaze_0/libsrc/standalone_v7_1/src -s libs  "SHELL=CMD" "COMPILER=mb-gcc" "ASSEMBLER=mb-as" "ARCHIVER=mb-ar" "COMP
TRACE::2023-11-17.14:18:27::SCWMssOS::ILER_FLAGS=  -O2 -c -mcpu=v11.0 -mlittle-endian -mxl-soft-mul" "EXTRA_COMPILER_FLAGS=-g -ffunction-sections -fdata-sections -Wa
TRACE::2023-11-17.14:18:27::SCWMssOS::ll -Wextra"

TRACE::2023-11-17.14:18:27::SCWMssOS::"Compiling standalone";

TRACE::2023-11-17.14:18:31::SCWMssOS::"Running Make libs in microblaze_0/libsrc/uartlite_v3_3/src"

TRACE::2023-11-17.14:18:31::SCWMssOS::make -C microblaze_0/libsrc/uartlite_v3_3/src -s libs  "SHELL=CMD" "COMPILER=mb-gcc" "ASSEMBLER=mb-as" "ARCHIVER=mb-ar" "COMPIL
TRACE::2023-11-17.14:18:31::SCWMssOS::ER_FLAGS=  -O2 -c -mcpu=v11.0 -mlittle-endian -mxl-soft-mul" "EXTRA_COMPILER_FLAGS=-g -ffunction-sections -fdata-sections -Wall
TRACE::2023-11-17.14:18:31::SCWMssOS:: -Wextra"

TRACE::2023-11-17.14:18:31::SCWMssOS::"Compiling uartlite"

TRACE::2023-11-17.14:18:32::SCWMssOS::'Finished building libraries'

TRACE::2023-11-17.14:18:32::SCWMssOS::Copying to export directory.
TRACE::2023-11-17.14:18:32::SCWMssOS:: Checking if to create the Supporting Applications
TRACE::2023-11-17.14:18:32::SCWMssOS:: No Linux domain exists, trying to generate FSBL 
LOG::2023-11-17.14:18:32::SCWSystem::Completed Processing the domain standalone_domain
LOG::2023-11-17.14:18:32::SCWSystem::Completed Processing the sysconfig mblaze_FND_led_swtich_hw
LOG::2023-11-17.14:18:32::SCWPlatform::Completed generating the artifacts for system configuration mblaze_FND_led_swtich_hw
TRACE::2023-11-17.14:18:32::SCWPlatform::Started preparing the platform 
TRACE::2023-11-17.14:18:32::SCWSystem::Writing the bif file for system config mblaze_FND_led_swtich_hw
TRACE::2023-11-17.14:18:32::SCWSystem::dir created 
TRACE::2023-11-17.14:18:32::SCWSystem::Writing the bif 
TRACE::2023-11-17.14:18:32::SCWPlatform::Started writing the spfm file 
TRACE::2023-11-17.14:18:32::SCWPlatform::Started writing the xpfm file 
TRACE::2023-11-17.14:18:32::SCWPlatform::Completed generating the platform
TRACE::2023-11-17.14:18:32::SCWPlatform::Trying to open the hw design at F:/Ian_Jung/workplace/Harman_Vitis/mblaze_FND_led_swtich_hw/hw/mblaze_FND_led_switch.xsa
TRACE::2023-11-17.14:18:32::SCWPlatform::DSA given F:/Ian_Jung/workplace/Harman_Vitis/mblaze_FND_led_swtich_hw/hw/mblaze_FND_led_switch.xsa
TRACE::2023-11-17.14:18:32::SCWPlatform::DSA absoulate path F:/Ian_Jung/workplace/Harman_Vitis/mblaze_FND_led_swtich_hw/hw/mblaze_FND_led_switch.xsa
TRACE::2023-11-17.14:18:32::SCWPlatform::DSA directory F:/Ian_Jung/workplace/Harman_Vitis/mblaze_FND_led_swtich_hw/hw
TRACE::2023-11-17.14:18:32::SCWPlatform:: Platform Path F:/Ian_Jung/workplace/Harman_Vitis/mblaze_FND_led_swtich_hw/hw/mblaze_FND_led_switch.xsa
TRACE::2023-11-17.14:18:32::SCWPlatform:: Unique name xilinx:basys3::0.0
TRACE::2023-11-17.14:18:32::SCWPlatform::Trying to set the existing hwdb with name mblaze_led_wrapper_13
TRACE::2023-11-17.14:18:32::SCWPlatform::Opened existing hwdb mblaze_led_wrapper_13
TRACE::2023-11-17.14:18:32::SCWPlatform::Found the Hw Db part of the input DSA
TRACE::2023-11-17.14:18:32::SCWMssOS::Checking the sw design at  F:/Ian_Jung/workplace/Harman_Vitis/mblaze_FND_led_swtich_hw/microblaze_0/standalone_domain/bsp/system.mss
TRACE::2023-11-17.14:18:32::SCWMssOS::DEBUG:  swdes dump  F:/Ian_Jung/workplace/Harman_Vitis/mBlaze_hello/microblaze_0/standalone_domain/bsp/system.mss|system||
F:/Ian_Jung/workplace/Harman_Vitis/mblaze_FND_led_swtich_hw/microblaze_0/standalone_domain/bsp/system.mss|system_3||
F:/Ian_Jung/workplace/Harman_Vitis/mblaze_led_hw/microblaze_0/standalone_domain/bsp/system.mss|system_0||
F:/Ian_Jung/workplace/Harman_Vitis/mblaze_led_switch_hw/microblaze_0/standalone_domain/bsp/system.mss|system_1||
F:/Ian_Jung/workplace/Harman_Vitis/mblaze_led_switch_hw_r/microblaze_0/standalone_domain/bsp/system.mss|system_2||

TRACE::2023-11-17.14:18:32::SCWMssOS::Sw design exists and opened at  F:/Ian_Jung/workplace/Harman_Vitis/mblaze_FND_led_swtich_hw/microblaze_0/standalone_domain/bsp/system.mss
TRACE::2023-11-17.14:18:32::SCWWriter::formatted JSON is {
	"platformName":	"mblaze_FND_led_swtich_hw",
	"sprVersion":	"2.0",
	"mode":	"gui",
	"dsaType":	"Fixed",
	"platformDesc":	"mblaze_FND_led_swtich_hw",
	"platHandOff":	"F:/Ian_Jung/workplace/cora_z7/cora_cpu_2019/Basys3_Microblaze_real/mblaze_FND_led_switch.xsa",
	"platIntHandOff":	"<platformDir>/hw/mblaze_FND_led_switch.xsa",
	"deviceType":	"FPGA",
	"platIsPrebuiltAutogen":	"false",
	"platIsNoBootBsp":	"false",
	"hasFsblMakeHasChanges":	"false",
	"hasPmufwMakeHasChanges":	"false",
	"platPreBuiltFlag":	false,
	"platformSamplesDir":	"",
	"platActiveSys":	"mblaze_FND_led_swtich_hw",
	"systems":	[{
			"systemName":	"mblaze_FND_led_swtich_hw",
			"systemDesc":	"mblaze_FND_led_swtich_hw",
			"sysIsBootAutoGen":	"true",
			"systemDispName":	"mblaze_FND_led_swtich_hw",
			"sysActiveDom":	"standalone_domain",
			"sysDefaultDom":	"standalone_domain",
			"domains":	[{
					"domainName":	"standalone_domain",
					"domainDispName":	"standalone on microblaze_0",
					"domainDesc":	"standalone_domain",
					"processors":	"microblaze_0",
					"os":	"standalone",
					"sdxOs":	"standalone",
					"debugEnable":	"False",
					"domRuntimes":	["cpp"],
					"swRepo":	"",
					"mssOsVer":	"7.1",
					"mssFile":	"",
					"md5Digest":	"84804953c0e2c14b77f3fc760ee677c6",
					"compatibleApp":	"",
					"domType":	"mssDomain",
					"appSettings":	{
						"appCompilerFlags":	"",
						"appLinkerFlags":	""
					},
					"addedLibs":	[],
					"libOptions":	{
						"libsContainingOptions":	[]
					},
					"prebuiltLibs":	{
						"prebuiltIncPath":	[],
						"prebuiltLibPath":	[]
					},
					"isolation":	{
					}
				}]
		}]
}
KEYINFO::2023-11-17.14:18:32::SCWPlatform::updated the xpfm file.
TRACE::2023-11-17.14:18:32::SCWPlatform::Trying to open the hw design at F:/Ian_Jung/workplace/Harman_Vitis/mblaze_FND_led_swtich_hw/hw/mblaze_FND_led_switch.xsa
TRACE::2023-11-17.14:18:32::SCWPlatform::DSA given F:/Ian_Jung/workplace/Harman_Vitis/mblaze_FND_led_swtich_hw/hw/mblaze_FND_led_switch.xsa
TRACE::2023-11-17.14:18:32::SCWPlatform::DSA absoulate path F:/Ian_Jung/workplace/Harman_Vitis/mblaze_FND_led_swtich_hw/hw/mblaze_FND_led_switch.xsa
TRACE::2023-11-17.14:18:32::SCWPlatform::DSA directory F:/Ian_Jung/workplace/Harman_Vitis/mblaze_FND_led_swtich_hw/hw
TRACE::2023-11-17.14:18:32::SCWPlatform:: Platform Path F:/Ian_Jung/workplace/Harman_Vitis/mblaze_FND_led_swtich_hw/hw/mblaze_FND_led_switch.xsa
TRACE::2023-11-17.14:18:32::SCWPlatform:: Unique name xilinx:basys3::0.0
TRACE::2023-11-17.14:18:32::SCWPlatform::Trying to set the existing hwdb with name mblaze_led_wrapper_13
TRACE::2023-11-17.14:18:32::SCWPlatform::Opened existing hwdb mblaze_led_wrapper_13
TRACE::2023-11-17.14:18:32::SCWPlatform::Found the Hw Db part of the input DSA
TRACE::2023-11-17.14:18:32::SCWMssOS::Checking the sw design at  F:/Ian_Jung/workplace/Harman_Vitis/mblaze_FND_led_swtich_hw/microblaze_0/standalone_domain/bsp/system.mss
TRACE::2023-11-17.14:18:32::SCWMssOS::DEBUG:  swdes dump  F:/Ian_Jung/workplace/Harman_Vitis/mBlaze_hello/microblaze_0/standalone_domain/bsp/system.mss|system||
F:/Ian_Jung/workplace/Harman_Vitis/mblaze_FND_led_swtich_hw/microblaze_0/standalone_domain/bsp/system.mss|system_3||
F:/Ian_Jung/workplace/Harman_Vitis/mblaze_led_hw/microblaze_0/standalone_domain/bsp/system.mss|system_0||
F:/Ian_Jung/workplace/Harman_Vitis/mblaze_led_switch_hw/microblaze_0/standalone_domain/bsp/system.mss|system_1||
F:/Ian_Jung/workplace/Harman_Vitis/mblaze_led_switch_hw_r/microblaze_0/standalone_domain/bsp/system.mss|system_2||

TRACE::2023-11-17.14:18:32::SCWMssOS::Sw design exists and opened at  F:/Ian_Jung/workplace/Harman_Vitis/mblaze_FND_led_swtich_hw/microblaze_0/standalone_domain/bsp/system.mss
