TRACE::2023-11-22.10:53:21::SCWPlatform::Trying to open the hw design at F:/Ian_Jung/workplace/Harman_Vitis/mblaze_UltraSonic_hw/hw/mblaze_UltraSonic.xsa
TRACE::2023-11-22.10:53:21::SCWPlatform::DSA given F:/Ian_Jung/workplace/Harman_Vitis/mblaze_UltraSonic_hw/hw/mblaze_UltraSonic.xsa
TRACE::2023-11-22.10:53:21::SCWPlatform::DSA absoulate path F:/Ian_Jung/workplace/Harman_Vitis/mblaze_UltraSonic_hw/hw/mblaze_UltraSonic.xsa
TRACE::2023-11-22.10:53:31::SCWPlatform::DSA directory F:/Ian_Jung/workplace/Harman_Vitis/mblaze_UltraSonic_hw/hw
TRACE::2023-11-22.10:53:31::SCWPlatform:: Platform Path F:/Ian_Jung/workplace/Harman_Vitis/mblaze_UltraSonic_hw/hw/mblaze_UltraSonic.xsa
TRACE::2023-11-22.10:53:31::SCWPlatform:: Unique name xilinx:basys3::0.0
TRACE::2023-11-22.10:53:31::SCWPlatform::Do not have an existing db opened. 
TRACE::2023-11-22.10:53:32::SCWPlatform::Opened new HwDB with name mblaze_UltraSonic_wrapper_0
TRACE::2023-11-22.10:53:32::SCWWriter::formatted JSON is {
	"platformName":	"mblaze_UltraSonic_hw",
	"sprVersion":	"2.0",
	"mode":	"gui",
	"dsaType":	"Fixed",
	"platformDesc":	"mblaze_UltraSonic_hw",
	"platHandOff":	"F:/Ian_Jung/workplace/cora_z7/cora_cpu_2019/Basys3_Microblaze_real/mblaze_UltraSonic.xsa",
	"platIntHandOff":	"<platformDir>/hw/mblaze_UltraSonic.xsa",
	"deviceType":	"FPGA",
	"platIsPrebuiltAutogen":	"false",
	"platIsNoBootBsp":	"false",
	"hasFsblMakeHasChanges":	"false",
	"hasPmufwMakeHasChanges":	"false",
	"platPreBuiltFlag":	false,
	"platformSamplesDir":	""
}
TRACE::2023-11-22.10:53:32::SCWWriter::formatted JSON is {
	"platformName":	"mblaze_UltraSonic_hw",
	"sprVersion":	"2.0",
	"mode":	"gui",
	"dsaType":	"Fixed",
	"platformDesc":	"mblaze_UltraSonic_hw",
	"platHandOff":	"F:/Ian_Jung/workplace/cora_z7/cora_cpu_2019/Basys3_Microblaze_real/mblaze_UltraSonic.xsa",
	"platIntHandOff":	"<platformDir>/hw/mblaze_UltraSonic.xsa",
	"deviceType":	"FPGA",
	"platIsPrebuiltAutogen":	"false",
	"platIsNoBootBsp":	"false",
	"hasFsblMakeHasChanges":	"false",
	"hasPmufwMakeHasChanges":	"false",
	"platPreBuiltFlag":	false,
	"platformSamplesDir":	"",
	"platActiveSys":	"mblaze_UltraSonic_hw",
	"systems":	[{
			"systemName":	"mblaze_UltraSonic_hw",
			"systemDesc":	"mblaze_UltraSonic_hw",
			"sysIsBootAutoGen":	"true",
			"systemDispName":	"mblaze_UltraSonic_hw"
		}]
}
TRACE::2023-11-22.10:53:32::SCWPlatform::Boot application domains not present, creating them
TRACE::2023-11-22.10:53:32::SCWPlatform::Pure FPGA device, no boot application will be created.
TRACE::2023-11-22.10:53:32::SCWWriter::formatted JSON is {
	"platformName":	"mblaze_UltraSonic_hw",
	"sprVersion":	"2.0",
	"mode":	"gui",
	"dsaType":	"Fixed",
	"platformDesc":	"mblaze_UltraSonic_hw",
	"platHandOff":	"F:/Ian_Jung/workplace/cora_z7/cora_cpu_2019/Basys3_Microblaze_real/mblaze_UltraSonic.xsa",
	"platIntHandOff":	"<platformDir>/hw/mblaze_UltraSonic.xsa",
	"deviceType":	"FPGA",
	"platIsPrebuiltAutogen":	"false",
	"platIsNoBootBsp":	"false",
	"hasFsblMakeHasChanges":	"false",
	"hasPmufwMakeHasChanges":	"false",
	"platPreBuiltFlag":	false,
	"platformSamplesDir":	"",
	"platActiveSys":	"mblaze_UltraSonic_hw",
	"systems":	[{
			"systemName":	"mblaze_UltraSonic_hw",
			"systemDesc":	"mblaze_UltraSonic_hw",
			"sysIsBootAutoGen":	"true",
			"systemDispName":	"mblaze_UltraSonic_hw"
		}]
}
TRACE::2023-11-22.10:53:32::SCWPlatform::Trying to open the hw design at F:/Ian_Jung/workplace/Harman_Vitis/mblaze_UltraSonic_hw/hw/mblaze_UltraSonic.xsa
TRACE::2023-11-22.10:53:32::SCWPlatform::DSA given F:/Ian_Jung/workplace/Harman_Vitis/mblaze_UltraSonic_hw/hw/mblaze_UltraSonic.xsa
TRACE::2023-11-22.10:53:32::SCWPlatform::DSA absoulate path F:/Ian_Jung/workplace/Harman_Vitis/mblaze_UltraSonic_hw/hw/mblaze_UltraSonic.xsa
TRACE::2023-11-22.10:53:32::SCWPlatform::DSA directory F:/Ian_Jung/workplace/Harman_Vitis/mblaze_UltraSonic_hw/hw
TRACE::2023-11-22.10:53:32::SCWPlatform:: Platform Path F:/Ian_Jung/workplace/Harman_Vitis/mblaze_UltraSonic_hw/hw/mblaze_UltraSonic.xsa
TRACE::2023-11-22.10:53:32::SCWPlatform:: Unique name xilinx:basys3::0.0
TRACE::2023-11-22.10:53:32::SCWPlatform::Trying to set the existing hwdb with name mblaze_UltraSonic_wrapper_0
TRACE::2023-11-22.10:53:32::SCWPlatform::Opened existing hwdb mblaze_UltraSonic_wrapper_0
TRACE::2023-11-22.10:53:32::SCWPlatform::Found the Hw Db part of the input DSA
TRACE::2023-11-22.10:53:32::SCWDomain::checking for install qemu data   : 
TRACE::2023-11-22.10:53:32::SCWPlatform::Trying to open the hw design at F:/Ian_Jung/workplace/Harman_Vitis/mblaze_UltraSonic_hw/hw/mblaze_UltraSonic.xsa
TRACE::2023-11-22.10:53:32::SCWPlatform::DSA given F:/Ian_Jung/workplace/Harman_Vitis/mblaze_UltraSonic_hw/hw/mblaze_UltraSonic.xsa
TRACE::2023-11-22.10:53:32::SCWPlatform::DSA absoulate path F:/Ian_Jung/workplace/Harman_Vitis/mblaze_UltraSonic_hw/hw/mblaze_UltraSonic.xsa
TRACE::2023-11-22.10:53:32::SCWPlatform::DSA directory F:/Ian_Jung/workplace/Harman_Vitis/mblaze_UltraSonic_hw/hw
TRACE::2023-11-22.10:53:32::SCWPlatform:: Platform Path F:/Ian_Jung/workplace/Harman_Vitis/mblaze_UltraSonic_hw/hw/mblaze_UltraSonic.xsa
TRACE::2023-11-22.10:53:32::SCWPlatform:: Unique name xilinx:basys3::0.0
TRACE::2023-11-22.10:53:32::SCWPlatform::Trying to set the existing hwdb with name mblaze_UltraSonic_wrapper_0
TRACE::2023-11-22.10:53:32::SCWPlatform::Opened existing hwdb mblaze_UltraSonic_wrapper_0
TRACE::2023-11-22.10:53:32::SCWPlatform::Found the Hw Db part of the input DSA
TRACE::2023-11-22.10:53:32::SCWPlatform::Trying to open the hw design at F:/Ian_Jung/workplace/Harman_Vitis/mblaze_UltraSonic_hw/hw/mblaze_UltraSonic.xsa
TRACE::2023-11-22.10:53:32::SCWPlatform::DSA given F:/Ian_Jung/workplace/Harman_Vitis/mblaze_UltraSonic_hw/hw/mblaze_UltraSonic.xsa
TRACE::2023-11-22.10:53:32::SCWPlatform::DSA absoulate path F:/Ian_Jung/workplace/Harman_Vitis/mblaze_UltraSonic_hw/hw/mblaze_UltraSonic.xsa
TRACE::2023-11-22.10:53:32::SCWPlatform::DSA directory F:/Ian_Jung/workplace/Harman_Vitis/mblaze_UltraSonic_hw/hw
TRACE::2023-11-22.10:53:32::SCWPlatform:: Platform Path F:/Ian_Jung/workplace/Harman_Vitis/mblaze_UltraSonic_hw/hw/mblaze_UltraSonic.xsa
TRACE::2023-11-22.10:53:32::SCWPlatform:: Unique name xilinx:basys3::0.0
TRACE::2023-11-22.10:53:32::SCWPlatform::Trying to set the existing hwdb with name mblaze_UltraSonic_wrapper_0
TRACE::2023-11-22.10:53:32::SCWPlatform::Opened existing hwdb mblaze_UltraSonic_wrapper_0
TRACE::2023-11-22.10:53:32::SCWPlatform::Found the Hw Db part of the input DSA
TRACE::2023-11-22.10:53:32::SCWMssOS::Checking the sw design at  F:/Ian_Jung/workplace/Harman_Vitis/mblaze_UltraSonic_hw/microblaze_0/standalone_domain/bsp/system.mss
TRACE::2023-11-22.10:53:32::SCWMssOS::DEBUG:  swdes dump  
TRACE::2023-11-22.10:53:32::SCWMssOS::No sw design opened at  F:/Ian_Jung/workplace/Harman_Vitis/mblaze_UltraSonic_hw/microblaze_0/standalone_domain/bsp/system.mss
TRACE::2023-11-22.10:53:32::SCWMssOS::mss does not exists at F:/Ian_Jung/workplace/Harman_Vitis/mblaze_UltraSonic_hw/microblaze_0/standalone_domain/bsp/system.mss
TRACE::2023-11-22.10:53:32::SCWMssOS::Creating sw design at  F:/Ian_Jung/workplace/Harman_Vitis/mblaze_UltraSonic_hw/microblaze_0/standalone_domain/bsp/system.mss
TRACE::2023-11-22.10:53:32::SCWMssOS::Adding the swdes entry, created swdb F:/Ian_Jung/workplace/Harman_Vitis/mblaze_UltraSonic_hw/microblaze_0/standalone_domain/bsp/system.mss with des name F:/Ian_Jung/workplace/Harman_Vitis/mblaze_UltraSonic_hw/microblaze_0/standalone_domain/bsp/system.mss
TRACE::2023-11-22.10:53:32::SCWMssOS::updating the scw layer changes to swdes at   F:/Ian_Jung/workplace/Harman_Vitis/mblaze_UltraSonic_hw/microblaze_0/standalone_domain/bsp/system.mss
TRACE::2023-11-22.10:53:32::SCWMssOS::Writing mss at F:/Ian_Jung/workplace/Harman_Vitis/mblaze_UltraSonic_hw/microblaze_0/standalone_domain/bsp/system.mss
TRACE::2023-11-22.10:53:32::SCWMssOS::Completed writing the mss file at F:/Ian_Jung/workplace/Harman_Vitis/mblaze_UltraSonic_hw/microblaze_0/standalone_domain/bsp
TRACE::2023-11-22.10:53:32::SCWMssOS::Picking up changes from newly written mss file into SCW Layer. 
TRACE::2023-11-22.10:53:32::SCWMssOS::Updated the changes from newly written mss file into SCW Layer. 
TRACE::2023-11-22.10:53:32::SCWPlatform::Trying to open the hw design at F:/Ian_Jung/workplace/Harman_Vitis/mblaze_UltraSonic_hw/hw/mblaze_UltraSonic.xsa
TRACE::2023-11-22.10:53:32::SCWPlatform::DSA given F:/Ian_Jung/workplace/Harman_Vitis/mblaze_UltraSonic_hw/hw/mblaze_UltraSonic.xsa
TRACE::2023-11-22.10:53:32::SCWPlatform::DSA absoulate path F:/Ian_Jung/workplace/Harman_Vitis/mblaze_UltraSonic_hw/hw/mblaze_UltraSonic.xsa
TRACE::2023-11-22.10:53:32::SCWPlatform::DSA directory F:/Ian_Jung/workplace/Harman_Vitis/mblaze_UltraSonic_hw/hw
TRACE::2023-11-22.10:53:32::SCWPlatform:: Platform Path F:/Ian_Jung/workplace/Harman_Vitis/mblaze_UltraSonic_hw/hw/mblaze_UltraSonic.xsa
TRACE::2023-11-22.10:53:32::SCWPlatform:: Unique name xilinx:basys3::0.0
TRACE::2023-11-22.10:53:32::SCWPlatform::Trying to set the existing hwdb with name mblaze_UltraSonic_wrapper_0
TRACE::2023-11-22.10:53:32::SCWPlatform::Opened existing hwdb mblaze_UltraSonic_wrapper_0
TRACE::2023-11-22.10:53:32::SCWPlatform::Found the Hw Db part of the input DSA
TRACE::2023-11-22.10:53:32::SCWMssOS::Checking the sw design at  F:/Ian_Jung/workplace/Harman_Vitis/mblaze_UltraSonic_hw/microblaze_0/standalone_domain/bsp/system.mss
TRACE::2023-11-22.10:53:32::SCWMssOS::DEBUG:  swdes dump  F:/Ian_Jung/workplace/Harman_Vitis/mblaze_UltraSonic_hw/microblaze_0/standalone_domain/bsp/system.mss|F:/Ian_Jung/workplace/Harman_Vitis/mblaze_UltraSonic_hw/microblaze_0/standalone_domain/bsp/system.mss||

TRACE::2023-11-22.10:53:32::SCWMssOS::Sw design exists and opened at  F:/Ian_Jung/workplace/Harman_Vitis/mblaze_UltraSonic_hw/microblaze_0/standalone_domain/bsp/system.mss
TRACE::2023-11-22.10:53:32::SCWPlatform::Trying to open the hw design at F:/Ian_Jung/workplace/Harman_Vitis/mblaze_UltraSonic_hw/hw/mblaze_UltraSonic.xsa
TRACE::2023-11-22.10:53:32::SCWPlatform::DSA given F:/Ian_Jung/workplace/Harman_Vitis/mblaze_UltraSonic_hw/hw/mblaze_UltraSonic.xsa
TRACE::2023-11-22.10:53:32::SCWPlatform::DSA absoulate path F:/Ian_Jung/workplace/Harman_Vitis/mblaze_UltraSonic_hw/hw/mblaze_UltraSonic.xsa
TRACE::2023-11-22.10:53:32::SCWPlatform::DSA directory F:/Ian_Jung/workplace/Harman_Vitis/mblaze_UltraSonic_hw/hw
TRACE::2023-11-22.10:53:32::SCWPlatform:: Platform Path F:/Ian_Jung/workplace/Harman_Vitis/mblaze_UltraSonic_hw/hw/mblaze_UltraSonic.xsa
TRACE::2023-11-22.10:53:32::SCWPlatform:: Unique name xilinx:basys3::0.0
TRACE::2023-11-22.10:53:32::SCWPlatform::Trying to set the existing hwdb with name mblaze_UltraSonic_wrapper_0
TRACE::2023-11-22.10:53:32::SCWPlatform::Opened existing hwdb mblaze_UltraSonic_wrapper_0
TRACE::2023-11-22.10:53:32::SCWPlatform::Found the Hw Db part of the input DSA
TRACE::2023-11-22.10:53:32::SCWMssOS::Checking the sw design at  F:/Ian_Jung/workplace/Harman_Vitis/mblaze_UltraSonic_hw/microblaze_0/standalone_domain/bsp/system.mss
TRACE::2023-11-22.10:53:32::SCWMssOS::DEBUG:  swdes dump  F:/Ian_Jung/workplace/Harman_Vitis/mblaze_UltraSonic_hw/microblaze_0/standalone_domain/bsp/system.mss|F:/Ian_Jung/workplace/Harman_Vitis/mblaze_UltraSonic_hw/microblaze_0/standalone_domain/bsp/system.mss||

TRACE::2023-11-22.10:53:32::SCWMssOS::Sw design exists and opened at  F:/Ian_Jung/workplace/Harman_Vitis/mblaze_UltraSonic_hw/microblaze_0/standalone_domain/bsp/system.mss
TRACE::2023-11-22.10:53:32::SCWPlatform::Trying to open the hw design at F:/Ian_Jung/workplace/Harman_Vitis/mblaze_UltraSonic_hw/hw/mblaze_UltraSonic.xsa
TRACE::2023-11-22.10:53:32::SCWPlatform::DSA given F:/Ian_Jung/workplace/Harman_Vitis/mblaze_UltraSonic_hw/hw/mblaze_UltraSonic.xsa
TRACE::2023-11-22.10:53:32::SCWPlatform::DSA absoulate path F:/Ian_Jung/workplace/Harman_Vitis/mblaze_UltraSonic_hw/hw/mblaze_UltraSonic.xsa
TRACE::2023-11-22.10:53:32::SCWPlatform::DSA directory F:/Ian_Jung/workplace/Harman_Vitis/mblaze_UltraSonic_hw/hw
TRACE::2023-11-22.10:53:32::SCWPlatform:: Platform Path F:/Ian_Jung/workplace/Harman_Vitis/mblaze_UltraSonic_hw/hw/mblaze_UltraSonic.xsa
TRACE::2023-11-22.10:53:32::SCWPlatform:: Unique name xilinx:basys3::0.0
TRACE::2023-11-22.10:53:32::SCWPlatform::Trying to set the existing hwdb with name mblaze_UltraSonic_wrapper_0
TRACE::2023-11-22.10:53:32::SCWPlatform::Opened existing hwdb mblaze_UltraSonic_wrapper_0
TRACE::2023-11-22.10:53:32::SCWPlatform::Found the Hw Db part of the input DSA
TRACE::2023-11-22.10:53:32::SCWMssOS::Checking the sw design at  F:/Ian_Jung/workplace/Harman_Vitis/mblaze_UltraSonic_hw/microblaze_0/standalone_domain/bsp/system.mss
TRACE::2023-11-22.10:53:32::SCWMssOS::DEBUG:  swdes dump  F:/Ian_Jung/workplace/Harman_Vitis/mblaze_UltraSonic_hw/microblaze_0/standalone_domain/bsp/system.mss|F:/Ian_Jung/workplace/Harman_Vitis/mblaze_UltraSonic_hw/microblaze_0/standalone_domain/bsp/system.mss||

TRACE::2023-11-22.10:53:32::SCWMssOS::Sw design exists and opened at  F:/Ian_Jung/workplace/Harman_Vitis/mblaze_UltraSonic_hw/microblaze_0/standalone_domain/bsp/system.mss
TRACE::2023-11-22.10:53:32::SCWWriter::formatted JSON is {
	"platformName":	"mblaze_UltraSonic_hw",
	"sprVersion":	"2.0",
	"mode":	"gui",
	"dsaType":	"Fixed",
	"platformDesc":	"mblaze_UltraSonic_hw",
	"platHandOff":	"F:/Ian_Jung/workplace/cora_z7/cora_cpu_2019/Basys3_Microblaze_real/mblaze_UltraSonic.xsa",
	"platIntHandOff":	"<platformDir>/hw/mblaze_UltraSonic.xsa",
	"deviceType":	"FPGA",
	"platIsPrebuiltAutogen":	"false",
	"platIsNoBootBsp":	"false",
	"hasFsblMakeHasChanges":	"false",
	"hasPmufwMakeHasChanges":	"false",
	"platPreBuiltFlag":	false,
	"platformSamplesDir":	"",
	"platActiveSys":	"mblaze_UltraSonic_hw",
	"systems":	[{
			"systemName":	"mblaze_UltraSonic_hw",
			"systemDesc":	"mblaze_UltraSonic_hw",
			"sysIsBootAutoGen":	"true",
			"systemDispName":	"mblaze_UltraSonic_hw",
			"sysActiveDom":	"standalone_domain",
			"sysDefaultDom":	"standalone_domain",
			"domains":	[{
					"domainName":	"standalone_domain",
					"domainDispName":	"standalone_domain",
					"domainDesc":	"standalone_domain",
					"processors":	"microblaze_0",
					"os":	"standalone",
					"sdxOs":	"standalone",
					"debugEnable":	"False",
					"domRuntimes":	["cpp"],
					"swRepo":	"",
					"mssOsVer":	"7.1",
					"mssFile":	"",
					"md5Digest":	"",
					"compatibleApp":	"",
					"domType":	"mssDomain",
					"appSettings":	{
						"appCompilerFlags":	"",
						"appLinkerFlags":	""
					},
					"addedLibs":	[],
					"libOptions":	{
						"libsContainingOptions":	[]
					},
					"prebuiltLibs":	{
						"prebuiltIncPath":	[],
						"prebuiltLibPath":	[]
					},
					"isolation":	{
					}
				}]
		}]
}
TRACE::2023-11-22.10:53:32::SCWPlatform::Trying to open the hw design at F:/Ian_Jung/workplace/Harman_Vitis/mblaze_UltraSonic_hw/hw/mblaze_UltraSonic.xsa
TRACE::2023-11-22.10:53:32::SCWPlatform::DSA given F:/Ian_Jung/workplace/Harman_Vitis/mblaze_UltraSonic_hw/hw/mblaze_UltraSonic.xsa
TRACE::2023-11-22.10:53:32::SCWPlatform::DSA absoulate path F:/Ian_Jung/workplace/Harman_Vitis/mblaze_UltraSonic_hw/hw/mblaze_UltraSonic.xsa
TRACE::2023-11-22.10:53:32::SCWPlatform::DSA directory F:/Ian_Jung/workplace/Harman_Vitis/mblaze_UltraSonic_hw/hw
TRACE::2023-11-22.10:53:32::SCWPlatform:: Platform Path F:/Ian_Jung/workplace/Harman_Vitis/mblaze_UltraSonic_hw/hw/mblaze_UltraSonic.xsa
TRACE::2023-11-22.10:53:32::SCWPlatform:: Unique name xilinx:basys3::0.0
TRACE::2023-11-22.10:53:32::SCWPlatform::Trying to set the existing hwdb with name mblaze_UltraSonic_wrapper_0
TRACE::2023-11-22.10:53:32::SCWPlatform::Opened existing hwdb mblaze_UltraSonic_wrapper_0
TRACE::2023-11-22.10:53:32::SCWPlatform::Found the Hw Db part of the input DSA
TRACE::2023-11-22.10:53:32::SCWMssOS::Checking the sw design at  F:/Ian_Jung/workplace/Harman_Vitis/mblaze_UltraSonic_hw/microblaze_0/standalone_domain/bsp/system.mss
TRACE::2023-11-22.10:53:32::SCWMssOS::DEBUG:  swdes dump  F:/Ian_Jung/workplace/Harman_Vitis/mblaze_UltraSonic_hw/microblaze_0/standalone_domain/bsp/system.mss|F:/Ian_Jung/workplace/Harman_Vitis/mblaze_UltraSonic_hw/microblaze_0/standalone_domain/bsp/system.mss||

TRACE::2023-11-22.10:53:32::SCWMssOS::Sw design exists and opened at  F:/Ian_Jung/workplace/Harman_Vitis/mblaze_UltraSonic_hw/microblaze_0/standalone_domain/bsp/system.mss
TRACE::2023-11-22.10:53:32::SCWMssOS::Completed writing the mss file at F:/Ian_Jung/workplace/Harman_Vitis/mblaze_UltraSonic_hw/microblaze_0/standalone_domain/bsp
TRACE::2023-11-22.10:53:32::SCWMssOS::Forcing BSP Sources regeneration.
LOG::2023-11-22.10:53:47::SCWPlatform::Started generating the artifacts platform mblaze_UltraSonic_hw
TRACE::2023-11-22.10:53:47::SCWPlatform::Sanity checking of platform is completed
LOG::2023-11-22.10:53:47::SCWPlatform::Started generating the artifacts for system configuration mblaze_UltraSonic_hw
LOG::2023-11-22.10:53:47::SCWSystem::Checking the domain standalone_domain
LOG::2023-11-22.10:53:47::SCWSystem::Not a boot domain 
LOG::2023-11-22.10:53:47::SCWSystem::Started Processing the domain standalone_domain
TRACE::2023-11-22.10:53:47::SCWDomain::Generating domain artifcats
TRACE::2023-11-22.10:53:47::SCWMssOS::Generating standalone artifcats
TRACE::2023-11-22.10:53:47::SCWMssOS:: Copying the user libraries. 
TRACE::2023-11-22.10:53:47::SCWPlatform::Trying to open the hw design at F:/Ian_Jung/workplace/Harman_Vitis/mblaze_UltraSonic_hw/hw/mblaze_UltraSonic.xsa
TRACE::2023-11-22.10:53:47::SCWPlatform::DSA given F:/Ian_Jung/workplace/Harman_Vitis/mblaze_UltraSonic_hw/hw/mblaze_UltraSonic.xsa
TRACE::2023-11-22.10:53:47::SCWPlatform::DSA absoulate path F:/Ian_Jung/workplace/Harman_Vitis/mblaze_UltraSonic_hw/hw/mblaze_UltraSonic.xsa
TRACE::2023-11-22.10:53:47::SCWPlatform::DSA directory F:/Ian_Jung/workplace/Harman_Vitis/mblaze_UltraSonic_hw/hw
TRACE::2023-11-22.10:53:47::SCWPlatform:: Platform Path F:/Ian_Jung/workplace/Harman_Vitis/mblaze_UltraSonic_hw/hw/mblaze_UltraSonic.xsa
TRACE::2023-11-22.10:53:47::SCWPlatform:: Unique name xilinx:basys3::0.0
TRACE::2023-11-22.10:53:47::SCWPlatform::Trying to set the existing hwdb with name mblaze_UltraSonic_wrapper_0
TRACE::2023-11-22.10:53:47::SCWPlatform::Opened existing hwdb mblaze_UltraSonic_wrapper_0
TRACE::2023-11-22.10:53:47::SCWPlatform::Found the Hw Db part of the input DSA
TRACE::2023-11-22.10:53:47::SCWMssOS::Checking the sw design at  F:/Ian_Jung/workplace/Harman_Vitis/mblaze_UltraSonic_hw/microblaze_0/standalone_domain/bsp/system.mss
TRACE::2023-11-22.10:53:47::SCWMssOS::DEBUG:  swdes dump  F:/Ian_Jung/workplace/Harman_Vitis/mblaze_UltraSonic_hw/microblaze_0/standalone_domain/bsp/system.mss|F:/Ian_Jung/workplace/Harman_Vitis/mblaze_UltraSonic_hw/microblaze_0/standalone_domain/bsp/system.mss||

KEYINFO::2023-11-22.10:53:47::SCWMssOS::Could not open the swdb for F:/Ian_Jung/workplace/Harman_Vitis/mblaze_UltraSonic_hw/microblaze_0/standalone_domain/bsp/system.mss
KEYINFO::2023-11-22.10:53:47::SCWMssOS::Could not open the sw design at  F:/Ian_Jung/workplace/Harman_Vitis/mblaze_UltraSonic_hw/microblaze_0/standalone_domain/bsp/system.mss
ERROR: [Hsi 55-1558] Software Design F:/Ian_Jung/workplace/Harman_Vitis/mblaze_UltraSonic_hw/microblaze_0/standalone_domain/bsp/system.mss is not found

TRACE::2023-11-22.10:53:47::SCWMssOS::Cleared the swdb table entry
TRACE::2023-11-22.10:53:47::SCWMssOS::No sw design opened at  F:/Ian_Jung/workplace/Harman_Vitis/mblaze_UltraSonic_hw/microblaze_0/standalone_domain/bsp/system.mss
TRACE::2023-11-22.10:53:47::SCWMssOS::mss exists loading the mss file  F:/Ian_Jung/workplace/Harman_Vitis/mblaze_UltraSonic_hw/microblaze_0/standalone_domain/bsp/system.mss
TRACE::2023-11-22.10:53:47::SCWMssOS::Opened the sw design from mss  F:/Ian_Jung/workplace/Harman_Vitis/mblaze_UltraSonic_hw/microblaze_0/standalone_domain/bsp/system.mss
TRACE::2023-11-22.10:53:47::SCWMssOS::Adding the swdes entry F:/Ian_Jung/workplace/Harman_Vitis/mblaze_UltraSonic_hw/microblaze_0/standalone_domain/bsp/system.mss with des name system
TRACE::2023-11-22.10:53:47::SCWMssOS::updating the scw layer about changes
TRACE::2023-11-22.10:53:47::SCWMssOS::Opened the sw design.  F:/Ian_Jung/workplace/Harman_Vitis/mblaze_UltraSonic_hw/microblaze_0/standalone_domain/bsp/system.mss
TRACE::2023-11-22.10:53:47::SCWMssOS::Completed writing the mss file at F:/Ian_Jung/workplace/Harman_Vitis/mblaze_UltraSonic_hw/microblaze_0/standalone_domain/bsp
TRACE::2023-11-22.10:53:47::SCWMssOS::Mss edits present, copying mssfile into export location F:/Ian_Jung/workplace/Harman_Vitis/mblaze_UltraSonic_hw/microblaze_0/standalone_domain/bsp/system.mss
TRACE::2023-11-22.10:53:47::SCWMssOS::bsp generated is upto date with the mss file. Skipping bsp generation.
TRACE::2023-11-22.10:53:47::SCWMssOS::BSP is already built. skipping the bsp build ... 
TRACE::2023-11-22.10:53:47::SCWDomain::Skipping the build for domain :  standalone_domain
TRACE::2023-11-22.10:53:47::SCWMssOS::skipping the bsp build ... 
TRACE::2023-11-22.10:53:47::SCWMssOS::Copying to export directory.
TRACE::2023-11-22.10:53:48::SCWMssOS:: Checking if to create the Supporting Applications
TRACE::2023-11-22.10:53:48::SCWMssOS:: No Linux domain exists, trying to generate FSBL 
LOG::2023-11-22.10:53:48::SCWSystem::Completed Processing the domain standalone_domain
LOG::2023-11-22.10:53:48::SCWSystem::Completed Processing the sysconfig mblaze_UltraSonic_hw
LOG::2023-11-22.10:53:48::SCWPlatform::Completed generating the artifacts for system configuration mblaze_UltraSonic_hw
TRACE::2023-11-22.10:53:48::SCWPlatform::Started preparing the platform 
TRACE::2023-11-22.10:53:48::SCWSystem::Writing the bif file for system config mblaze_UltraSonic_hw
TRACE::2023-11-22.10:53:48::SCWSystem::dir created 
TRACE::2023-11-22.10:53:48::SCWSystem::Writing the bif 
TRACE::2023-11-22.10:53:48::SCWPlatform::Started writing the spfm file 
TRACE::2023-11-22.10:53:48::SCWPlatform::Started writing the xpfm file 
TRACE::2023-11-22.10:53:48::SCWPlatform::Completed generating the platform
TRACE::2023-11-22.10:53:48::SCWPlatform::Trying to open the hw design at F:/Ian_Jung/workplace/Harman_Vitis/mblaze_UltraSonic_hw/hw/mblaze_UltraSonic.xsa
TRACE::2023-11-22.10:53:48::SCWPlatform::DSA given F:/Ian_Jung/workplace/Harman_Vitis/mblaze_UltraSonic_hw/hw/mblaze_UltraSonic.xsa
TRACE::2023-11-22.10:53:48::SCWPlatform::DSA absoulate path F:/Ian_Jung/workplace/Harman_Vitis/mblaze_UltraSonic_hw/hw/mblaze_UltraSonic.xsa
TRACE::2023-11-22.10:53:48::SCWPlatform::DSA directory F:/Ian_Jung/workplace/Harman_Vitis/mblaze_UltraSonic_hw/hw
TRACE::2023-11-22.10:53:48::SCWPlatform:: Platform Path F:/Ian_Jung/workplace/Harman_Vitis/mblaze_UltraSonic_hw/hw/mblaze_UltraSonic.xsa
TRACE::2023-11-22.10:53:48::SCWPlatform:: Unique name xilinx:basys3::0.0
TRACE::2023-11-22.10:53:48::SCWPlatform::Trying to set the existing hwdb with name mblaze_UltraSonic_wrapper_0
TRACE::2023-11-22.10:53:48::SCWPlatform::Opened existing hwdb mblaze_UltraSonic_wrapper_0
TRACE::2023-11-22.10:53:48::SCWPlatform::Found the Hw Db part of the input DSA
TRACE::2023-11-22.10:53:48::SCWMssOS::Checking the sw design at  F:/Ian_Jung/workplace/Harman_Vitis/mblaze_UltraSonic_hw/microblaze_0/standalone_domain/bsp/system.mss
TRACE::2023-11-22.10:53:48::SCWMssOS::DEBUG:  swdes dump  F:/Ian_Jung/workplace/Harman_Vitis/mblaze_UltraSonic_hw/microblaze_0/standalone_domain/bsp/system.mss|system||

TRACE::2023-11-22.10:53:48::SCWMssOS::Sw design exists and opened at  F:/Ian_Jung/workplace/Harman_Vitis/mblaze_UltraSonic_hw/microblaze_0/standalone_domain/bsp/system.mss
TRACE::2023-11-22.10:53:48::SCWPlatform::Trying to open the hw design at F:/Ian_Jung/workplace/Harman_Vitis/mblaze_UltraSonic_hw/hw/mblaze_UltraSonic.xsa
TRACE::2023-11-22.10:53:48::SCWPlatform::DSA given F:/Ian_Jung/workplace/Harman_Vitis/mblaze_UltraSonic_hw/hw/mblaze_UltraSonic.xsa
TRACE::2023-11-22.10:53:48::SCWPlatform::DSA absoulate path F:/Ian_Jung/workplace/Harman_Vitis/mblaze_UltraSonic_hw/hw/mblaze_UltraSonic.xsa
TRACE::2023-11-22.10:53:48::SCWPlatform::DSA directory F:/Ian_Jung/workplace/Harman_Vitis/mblaze_UltraSonic_hw/hw
TRACE::2023-11-22.10:53:48::SCWPlatform:: Platform Path F:/Ian_Jung/workplace/Harman_Vitis/mblaze_UltraSonic_hw/hw/mblaze_UltraSonic.xsa
TRACE::2023-11-22.10:53:48::SCWPlatform:: Unique name xilinx:basys3::0.0
TRACE::2023-11-22.10:53:48::SCWPlatform::Trying to set the existing hwdb with name mblaze_UltraSonic_wrapper_0
TRACE::2023-11-22.10:53:48::SCWPlatform::Opened existing hwdb mblaze_UltraSonic_wrapper_0
TRACE::2023-11-22.10:53:48::SCWPlatform::Found the Hw Db part of the input DSA
TRACE::2023-11-22.10:53:48::SCWMssOS::Checking the sw design at  F:/Ian_Jung/workplace/Harman_Vitis/mblaze_UltraSonic_hw/microblaze_0/standalone_domain/bsp/system.mss
TRACE::2023-11-22.10:53:48::SCWMssOS::DEBUG:  swdes dump  F:/Ian_Jung/workplace/Harman_Vitis/mblaze_UltraSonic_hw/microblaze_0/standalone_domain/bsp/system.mss|system||

TRACE::2023-11-22.10:53:48::SCWMssOS::Sw design exists and opened at  F:/Ian_Jung/workplace/Harman_Vitis/mblaze_UltraSonic_hw/microblaze_0/standalone_domain/bsp/system.mss
TRACE::2023-11-22.10:53:48::SCWPlatform::Trying to open the hw design at F:/Ian_Jung/workplace/Harman_Vitis/mblaze_UltraSonic_hw/hw/mblaze_UltraSonic.xsa
TRACE::2023-11-22.10:53:48::SCWPlatform::DSA given F:/Ian_Jung/workplace/Harman_Vitis/mblaze_UltraSonic_hw/hw/mblaze_UltraSonic.xsa
TRACE::2023-11-22.10:53:48::SCWPlatform::DSA absoulate path F:/Ian_Jung/workplace/Harman_Vitis/mblaze_UltraSonic_hw/hw/mblaze_UltraSonic.xsa
TRACE::2023-11-22.10:53:48::SCWPlatform::DSA directory F:/Ian_Jung/workplace/Harman_Vitis/mblaze_UltraSonic_hw/hw
TRACE::2023-11-22.10:53:48::SCWPlatform:: Platform Path F:/Ian_Jung/workplace/Harman_Vitis/mblaze_UltraSonic_hw/hw/mblaze_UltraSonic.xsa
TRACE::2023-11-22.10:53:48::SCWPlatform:: Unique name xilinx:basys3::0.0
TRACE::2023-11-22.10:53:48::SCWPlatform::Trying to set the existing hwdb with name mblaze_UltraSonic_wrapper_0
TRACE::2023-11-22.10:53:48::SCWPlatform::Opened existing hwdb mblaze_UltraSonic_wrapper_0
TRACE::2023-11-22.10:53:48::SCWPlatform::Found the Hw Db part of the input DSA
TRACE::2023-11-22.10:53:48::SCWMssOS::Checking the sw design at  F:/Ian_Jung/workplace/Harman_Vitis/mblaze_UltraSonic_hw/microblaze_0/standalone_domain/bsp/system.mss
TRACE::2023-11-22.10:53:48::SCWMssOS::DEBUG:  swdes dump  F:/Ian_Jung/workplace/Harman_Vitis/mblaze_UltraSonic_hw/microblaze_0/standalone_domain/bsp/system.mss|system||

TRACE::2023-11-22.10:53:48::SCWMssOS::Sw design exists and opened at  F:/Ian_Jung/workplace/Harman_Vitis/mblaze_UltraSonic_hw/microblaze_0/standalone_domain/bsp/system.mss
TRACE::2023-11-22.10:53:48::SCWWriter::formatted JSON is {
	"platformName":	"mblaze_UltraSonic_hw",
	"sprVersion":	"2.0",
	"mode":	"gui",
	"dsaType":	"Fixed",
	"platformDesc":	"mblaze_UltraSonic_hw",
	"platHandOff":	"F:/Ian_Jung/workplace/cora_z7/cora_cpu_2019/Basys3_Microblaze_real/mblaze_UltraSonic.xsa",
	"platIntHandOff":	"<platformDir>/hw/mblaze_UltraSonic.xsa",
	"deviceType":	"FPGA",
	"platIsPrebuiltAutogen":	"false",
	"platIsNoBootBsp":	"false",
	"hasFsblMakeHasChanges":	"false",
	"hasPmufwMakeHasChanges":	"false",
	"platPreBuiltFlag":	false,
	"platformSamplesDir":	"",
	"platActiveSys":	"mblaze_UltraSonic_hw",
	"systems":	[{
			"systemName":	"mblaze_UltraSonic_hw",
			"systemDesc":	"mblaze_UltraSonic_hw",
			"sysIsBootAutoGen":	"true",
			"systemDispName":	"mblaze_UltraSonic_hw",
			"sysActiveDom":	"standalone_domain",
			"sysDefaultDom":	"standalone_domain",
			"domains":	[{
					"domainName":	"standalone_domain",
					"domainDispName":	"standalone_domain",
					"domainDesc":	"standalone_domain",
					"processors":	"microblaze_0",
					"os":	"standalone",
					"sdxOs":	"standalone",
					"debugEnable":	"False",
					"domRuntimes":	["cpp"],
					"swRepo":	"",
					"mssOsVer":	"7.1",
					"mssFile":	"",
					"md5Digest":	"f6b9e8e9cbd168166e57c290c4ede1c9",
					"compatibleApp":	"",
					"domType":	"mssDomain",
					"appSettings":	{
						"appCompilerFlags":	"",
						"appLinkerFlags":	""
					},
					"addedLibs":	[],
					"libOptions":	{
						"libsContainingOptions":	[]
					},
					"prebuiltLibs":	{
						"prebuiltIncPath":	[],
						"prebuiltLibPath":	[]
					},
					"isolation":	{
					}
				}]
		}]
}
KEYINFO::2023-11-22.10:53:48::SCWPlatform::updated the xpfm file.
TRACE::2023-11-22.10:53:48::SCWPlatform::Trying to open the hw design at F:/Ian_Jung/workplace/Harman_Vitis/mblaze_UltraSonic_hw/hw/mblaze_UltraSonic.xsa
TRACE::2023-11-22.10:53:48::SCWPlatform::DSA given F:/Ian_Jung/workplace/Harman_Vitis/mblaze_UltraSonic_hw/hw/mblaze_UltraSonic.xsa
TRACE::2023-11-22.10:53:48::SCWPlatform::DSA absoulate path F:/Ian_Jung/workplace/Harman_Vitis/mblaze_UltraSonic_hw/hw/mblaze_UltraSonic.xsa
TRACE::2023-11-22.10:53:48::SCWPlatform::DSA directory F:/Ian_Jung/workplace/Harman_Vitis/mblaze_UltraSonic_hw/hw
TRACE::2023-11-22.10:53:48::SCWPlatform:: Platform Path F:/Ian_Jung/workplace/Harman_Vitis/mblaze_UltraSonic_hw/hw/mblaze_UltraSonic.xsa
TRACE::2023-11-22.10:53:48::SCWPlatform:: Unique name xilinx:basys3::0.0
TRACE::2023-11-22.10:53:48::SCWPlatform::Trying to set the existing hwdb with name mblaze_UltraSonic_wrapper_0
TRACE::2023-11-22.10:53:48::SCWPlatform::Opened existing hwdb mblaze_UltraSonic_wrapper_0
TRACE::2023-11-22.10:53:48::SCWPlatform::Found the Hw Db part of the input DSA
TRACE::2023-11-22.10:53:48::SCWMssOS::Checking the sw design at  F:/Ian_Jung/workplace/Harman_Vitis/mblaze_UltraSonic_hw/microblaze_0/standalone_domain/bsp/system.mss
TRACE::2023-11-22.10:53:48::SCWMssOS::DEBUG:  swdes dump  F:/Ian_Jung/workplace/Harman_Vitis/mblaze_UltraSonic_hw/microblaze_0/standalone_domain/bsp/system.mss|system||

TRACE::2023-11-22.10:53:48::SCWMssOS::Sw design exists and opened at  F:/Ian_Jung/workplace/Harman_Vitis/mblaze_UltraSonic_hw/microblaze_0/standalone_domain/bsp/system.mss
TRACE::2023-11-22.10:53:48::SCWPlatform::Trying to open the hw design at F:/Ian_Jung/workplace/Harman_Vitis/mblaze_UltraSonic_hw/hw/mblaze_UltraSonic.xsa
TRACE::2023-11-22.10:53:48::SCWPlatform::DSA given F:/Ian_Jung/workplace/Harman_Vitis/mblaze_UltraSonic_hw/hw/mblaze_UltraSonic.xsa
TRACE::2023-11-22.10:53:48::SCWPlatform::DSA absoulate path F:/Ian_Jung/workplace/Harman_Vitis/mblaze_UltraSonic_hw/hw/mblaze_UltraSonic.xsa
TRACE::2023-11-22.10:53:48::SCWPlatform::DSA directory F:/Ian_Jung/workplace/Harman_Vitis/mblaze_UltraSonic_hw/hw
TRACE::2023-11-22.10:53:48::SCWPlatform:: Platform Path F:/Ian_Jung/workplace/Harman_Vitis/mblaze_UltraSonic_hw/hw/mblaze_UltraSonic.xsa
TRACE::2023-11-22.10:53:48::SCWPlatform:: Unique name xilinx:basys3::0.0
TRACE::2023-11-22.10:53:48::SCWPlatform::Trying to set the existing hwdb with name mblaze_UltraSonic_wrapper_0
TRACE::2023-11-22.10:53:48::SCWPlatform::Opened existing hwdb mblaze_UltraSonic_wrapper_0
TRACE::2023-11-22.10:53:48::SCWPlatform::Found the Hw Db part of the input DSA
TRACE::2023-11-22.10:53:48::SCWMssOS::Checking the sw design at  F:/Ian_Jung/workplace/Harman_Vitis/mblaze_UltraSonic_hw/microblaze_0/standalone_domain/bsp/system.mss
TRACE::2023-11-22.10:53:48::SCWMssOS::DEBUG:  swdes dump  F:/Ian_Jung/workplace/Harman_Vitis/mblaze_UltraSonic_hw/microblaze_0/standalone_domain/bsp/system.mss|system||

TRACE::2023-11-22.10:53:48::SCWMssOS::Sw design exists and opened at  F:/Ian_Jung/workplace/Harman_Vitis/mblaze_UltraSonic_hw/microblaze_0/standalone_domain/bsp/system.mss
TRACE::2023-11-22.10:53:48::SCWPlatform::Trying to open the hw design at F:/Ian_Jung/workplace/Harman_Vitis/mblaze_UltraSonic_hw/hw/mblaze_UltraSonic.xsa
TRACE::2023-11-22.10:53:48::SCWPlatform::DSA given F:/Ian_Jung/workplace/Harman_Vitis/mblaze_UltraSonic_hw/hw/mblaze_UltraSonic.xsa
TRACE::2023-11-22.10:53:48::SCWPlatform::DSA absoulate path F:/Ian_Jung/workplace/Harman_Vitis/mblaze_UltraSonic_hw/hw/mblaze_UltraSonic.xsa
TRACE::2023-11-22.10:53:48::SCWPlatform::DSA directory F:/Ian_Jung/workplace/Harman_Vitis/mblaze_UltraSonic_hw/hw
TRACE::2023-11-22.10:53:48::SCWPlatform:: Platform Path F:/Ian_Jung/workplace/Harman_Vitis/mblaze_UltraSonic_hw/hw/mblaze_UltraSonic.xsa
TRACE::2023-11-22.10:53:48::SCWPlatform:: Unique name xilinx:basys3::0.0
TRACE::2023-11-22.10:53:48::SCWPlatform::Trying to set the existing hwdb with name mblaze_UltraSonic_wrapper_0
TRACE::2023-11-22.10:53:48::SCWPlatform::Opened existing hwdb mblaze_UltraSonic_wrapper_0
TRACE::2023-11-22.10:53:48::SCWPlatform::Found the Hw Db part of the input DSA
TRACE::2023-11-22.10:53:48::SCWMssOS::Checking the sw design at  F:/Ian_Jung/workplace/Harman_Vitis/mblaze_UltraSonic_hw/microblaze_0/standalone_domain/bsp/system.mss
TRACE::2023-11-22.10:53:48::SCWMssOS::DEBUG:  swdes dump  F:/Ian_Jung/workplace/Harman_Vitis/mblaze_UltraSonic_hw/microblaze_0/standalone_domain/bsp/system.mss|system||

TRACE::2023-11-22.10:53:48::SCWMssOS::Sw design exists and opened at  F:/Ian_Jung/workplace/Harman_Vitis/mblaze_UltraSonic_hw/microblaze_0/standalone_domain/bsp/system.mss
TRACE::2023-11-22.10:53:48::SCWPlatform::Trying to open the hw design at F:/Ian_Jung/workplace/Harman_Vitis/mblaze_UltraSonic_hw/hw/mblaze_UltraSonic.xsa
TRACE::2023-11-22.10:53:48::SCWPlatform::DSA given F:/Ian_Jung/workplace/Harman_Vitis/mblaze_UltraSonic_hw/hw/mblaze_UltraSonic.xsa
TRACE::2023-11-22.10:53:48::SCWPlatform::DSA absoulate path F:/Ian_Jung/workplace/Harman_Vitis/mblaze_UltraSonic_hw/hw/mblaze_UltraSonic.xsa
TRACE::2023-11-22.10:53:48::SCWPlatform::DSA directory F:/Ian_Jung/workplace/Harman_Vitis/mblaze_UltraSonic_hw/hw
TRACE::2023-11-22.10:53:48::SCWPlatform:: Platform Path F:/Ian_Jung/workplace/Harman_Vitis/mblaze_UltraSonic_hw/hw/mblaze_UltraSonic.xsa
TRACE::2023-11-22.10:53:48::SCWPlatform:: Unique name xilinx:basys3::0.0
TRACE::2023-11-22.10:53:48::SCWPlatform::Trying to set the existing hwdb with name mblaze_UltraSonic_wrapper_0
TRACE::2023-11-22.10:53:48::SCWPlatform::Opened existing hwdb mblaze_UltraSonic_wrapper_0
TRACE::2023-11-22.10:53:48::SCWPlatform::Found the Hw Db part of the input DSA
TRACE::2023-11-22.10:53:48::SCWMssOS::Checking the sw design at  F:/Ian_Jung/workplace/Harman_Vitis/mblaze_UltraSonic_hw/microblaze_0/standalone_domain/bsp/system.mss
TRACE::2023-11-22.10:53:48::SCWMssOS::DEBUG:  swdes dump  F:/Ian_Jung/workplace/Harman_Vitis/mblaze_UltraSonic_hw/microblaze_0/standalone_domain/bsp/system.mss|system||

TRACE::2023-11-22.10:53:48::SCWMssOS::Sw design exists and opened at  F:/Ian_Jung/workplace/Harman_Vitis/mblaze_UltraSonic_hw/microblaze_0/standalone_domain/bsp/system.mss
TRACE::2023-11-22.10:53:48::SCWWriter::formatted JSON is {
	"platformName":	"mblaze_UltraSonic_hw",
	"sprVersion":	"2.0",
	"mode":	"gui",
	"dsaType":	"Fixed",
	"platformDesc":	"mblaze_UltraSonic_hw",
	"platHandOff":	"F:/Ian_Jung/workplace/cora_z7/cora_cpu_2019/Basys3_Microblaze_real/mblaze_UltraSonic.xsa",
	"platIntHandOff":	"<platformDir>/hw/mblaze_UltraSonic.xsa",
	"deviceType":	"FPGA",
	"platIsPrebuiltAutogen":	"false",
	"platIsNoBootBsp":	"false",
	"hasFsblMakeHasChanges":	"false",
	"hasPmufwMakeHasChanges":	"false",
	"platPreBuiltFlag":	false,
	"platformSamplesDir":	"",
	"platActiveSys":	"mblaze_UltraSonic_hw",
	"systems":	[{
			"systemName":	"mblaze_UltraSonic_hw",
			"systemDesc":	"mblaze_UltraSonic_hw",
			"sysIsBootAutoGen":	"true",
			"systemDispName":	"mblaze_UltraSonic_hw",
			"sysActiveDom":	"standalone_domain",
			"sysDefaultDom":	"standalone_domain",
			"domains":	[{
					"domainName":	"standalone_domain",
					"domainDispName":	"standalone_domain",
					"domainDesc":	"standalone_domain",
					"processors":	"microblaze_0",
					"os":	"standalone",
					"sdxOs":	"standalone",
					"debugEnable":	"False",
					"domRuntimes":	["cpp"],
					"swRepo":	"",
					"mssOsVer":	"7.1",
					"mssFile":	"",
					"md5Digest":	"f6b9e8e9cbd168166e57c290c4ede1c9",
					"compatibleApp":	"",
					"domType":	"mssDomain",
					"appSettings":	{
						"appCompilerFlags":	"",
						"appLinkerFlags":	""
					},
					"addedLibs":	[],
					"libOptions":	{
						"libsContainingOptions":	[]
					},
					"prebuiltLibs":	{
						"prebuiltIncPath":	[],
						"prebuiltLibPath":	[]
					},
					"isolation":	{
					}
				}]
		}]
}
TRACE::2023-11-22.10:53:48::SCWPlatform::Trying to open the hw design at F:/Ian_Jung/workplace/Harman_Vitis/mblaze_UltraSonic_hw/hw/mblaze_UltraSonic.xsa
TRACE::2023-11-22.10:53:48::SCWPlatform::DSA given F:/Ian_Jung/workplace/Harman_Vitis/mblaze_UltraSonic_hw/hw/mblaze_UltraSonic.xsa
TRACE::2023-11-22.10:53:48::SCWPlatform::DSA absoulate path F:/Ian_Jung/workplace/Harman_Vitis/mblaze_UltraSonic_hw/hw/mblaze_UltraSonic.xsa
TRACE::2023-11-22.10:53:48::SCWPlatform::DSA directory F:/Ian_Jung/workplace/Harman_Vitis/mblaze_UltraSonic_hw/hw
TRACE::2023-11-22.10:53:48::SCWPlatform:: Platform Path F:/Ian_Jung/workplace/Harman_Vitis/mblaze_UltraSonic_hw/hw/mblaze_UltraSonic.xsa
TRACE::2023-11-22.10:53:48::SCWPlatform:: Unique name xilinx:basys3::0.0
TRACE::2023-11-22.10:53:48::SCWPlatform::Trying to set the existing hwdb with name mblaze_UltraSonic_wrapper_0
TRACE::2023-11-22.10:53:48::SCWPlatform::Opened existing hwdb mblaze_UltraSonic_wrapper_0
TRACE::2023-11-22.10:53:48::SCWPlatform::Found the Hw Db part of the input DSA
TRACE::2023-11-22.10:53:48::SCWMssOS::Checking the sw design at  F:/Ian_Jung/workplace/Harman_Vitis/mblaze_UltraSonic_hw/microblaze_0/standalone_domain/bsp/system.mss
TRACE::2023-11-22.10:53:48::SCWMssOS::DEBUG:  swdes dump  F:/Ian_Jung/workplace/Harman_Vitis/mblaze_UltraSonic_hw/microblaze_0/standalone_domain/bsp/system.mss|system||

TRACE::2023-11-22.10:53:48::SCWMssOS::Sw design exists and opened at  F:/Ian_Jung/workplace/Harman_Vitis/mblaze_UltraSonic_hw/microblaze_0/standalone_domain/bsp/system.mss
TRACE::2023-11-22.10:53:48::SCWPlatform::Trying to open the hw design at F:/Ian_Jung/workplace/Harman_Vitis/mblaze_UltraSonic_hw/hw/mblaze_UltraSonic.xsa
TRACE::2023-11-22.10:53:48::SCWPlatform::DSA given F:/Ian_Jung/workplace/Harman_Vitis/mblaze_UltraSonic_hw/hw/mblaze_UltraSonic.xsa
TRACE::2023-11-22.10:53:48::SCWPlatform::DSA absoulate path F:/Ian_Jung/workplace/Harman_Vitis/mblaze_UltraSonic_hw/hw/mblaze_UltraSonic.xsa
TRACE::2023-11-22.10:53:48::SCWPlatform::DSA directory F:/Ian_Jung/workplace/Harman_Vitis/mblaze_UltraSonic_hw/hw
TRACE::2023-11-22.10:53:48::SCWPlatform:: Platform Path F:/Ian_Jung/workplace/Harman_Vitis/mblaze_UltraSonic_hw/hw/mblaze_UltraSonic.xsa
TRACE::2023-11-22.10:53:48::SCWPlatform:: Unique name xilinx:basys3::0.0
TRACE::2023-11-22.10:53:48::SCWPlatform::Trying to set the existing hwdb with name mblaze_UltraSonic_wrapper_0
TRACE::2023-11-22.10:53:48::SCWPlatform::Opened existing hwdb mblaze_UltraSonic_wrapper_0
TRACE::2023-11-22.10:53:48::SCWPlatform::Found the Hw Db part of the input DSA
TRACE::2023-11-22.10:53:48::SCWMssOS::Checking the sw design at  F:/Ian_Jung/workplace/Harman_Vitis/mblaze_UltraSonic_hw/microblaze_0/standalone_domain/bsp/system.mss
TRACE::2023-11-22.10:53:48::SCWMssOS::DEBUG:  swdes dump  F:/Ian_Jung/workplace/Harman_Vitis/mblaze_UltraSonic_hw/microblaze_0/standalone_domain/bsp/system.mss|system||

TRACE::2023-11-22.10:53:48::SCWMssOS::Sw design exists and opened at  F:/Ian_Jung/workplace/Harman_Vitis/mblaze_UltraSonic_hw/microblaze_0/standalone_domain/bsp/system.mss
TRACE::2023-11-22.10:53:48::SCWPlatform::Trying to open the hw design at F:/Ian_Jung/workplace/Harman_Vitis/mblaze_UltraSonic_hw/hw/mblaze_UltraSonic.xsa
TRACE::2023-11-22.10:53:48::SCWPlatform::DSA given F:/Ian_Jung/workplace/Harman_Vitis/mblaze_UltraSonic_hw/hw/mblaze_UltraSonic.xsa
TRACE::2023-11-22.10:53:48::SCWPlatform::DSA absoulate path F:/Ian_Jung/workplace/Harman_Vitis/mblaze_UltraSonic_hw/hw/mblaze_UltraSonic.xsa
TRACE::2023-11-22.10:53:48::SCWPlatform::DSA directory F:/Ian_Jung/workplace/Harman_Vitis/mblaze_UltraSonic_hw/hw
TRACE::2023-11-22.10:53:48::SCWPlatform:: Platform Path F:/Ian_Jung/workplace/Harman_Vitis/mblaze_UltraSonic_hw/hw/mblaze_UltraSonic.xsa
TRACE::2023-11-22.10:53:48::SCWPlatform:: Unique name xilinx:basys3::0.0
TRACE::2023-11-22.10:53:48::SCWPlatform::Trying to set the existing hwdb with name mblaze_UltraSonic_wrapper_0
TRACE::2023-11-22.10:53:48::SCWPlatform::Opened existing hwdb mblaze_UltraSonic_wrapper_0
TRACE::2023-11-22.10:53:48::SCWPlatform::Found the Hw Db part of the input DSA
TRACE::2023-11-22.10:53:48::SCWMssOS::Checking the sw design at  F:/Ian_Jung/workplace/Harman_Vitis/mblaze_UltraSonic_hw/microblaze_0/standalone_domain/bsp/system.mss
TRACE::2023-11-22.10:53:48::SCWMssOS::DEBUG:  swdes dump  F:/Ian_Jung/workplace/Harman_Vitis/mblaze_UltraSonic_hw/microblaze_0/standalone_domain/bsp/system.mss|system||

TRACE::2023-11-22.10:53:48::SCWMssOS::Sw design exists and opened at  F:/Ian_Jung/workplace/Harman_Vitis/mblaze_UltraSonic_hw/microblaze_0/standalone_domain/bsp/system.mss
TRACE::2023-11-22.10:53:48::SCWPlatform::Trying to open the hw design at F:/Ian_Jung/workplace/Harman_Vitis/mblaze_UltraSonic_hw/hw/mblaze_UltraSonic.xsa
TRACE::2023-11-22.10:53:48::SCWPlatform::DSA given F:/Ian_Jung/workplace/Harman_Vitis/mblaze_UltraSonic_hw/hw/mblaze_UltraSonic.xsa
TRACE::2023-11-22.10:53:48::SCWPlatform::DSA absoulate path F:/Ian_Jung/workplace/Harman_Vitis/mblaze_UltraSonic_hw/hw/mblaze_UltraSonic.xsa
TRACE::2023-11-22.10:53:48::SCWPlatform::DSA directory F:/Ian_Jung/workplace/Harman_Vitis/mblaze_UltraSonic_hw/hw
TRACE::2023-11-22.10:53:48::SCWPlatform:: Platform Path F:/Ian_Jung/workplace/Harman_Vitis/mblaze_UltraSonic_hw/hw/mblaze_UltraSonic.xsa
TRACE::2023-11-22.10:53:48::SCWPlatform:: Unique name xilinx:basys3::0.0
TRACE::2023-11-22.10:53:48::SCWPlatform::Trying to set the existing hwdb with name mblaze_UltraSonic_wrapper_0
TRACE::2023-11-22.10:53:48::SCWPlatform::Opened existing hwdb mblaze_UltraSonic_wrapper_0
TRACE::2023-11-22.10:53:48::SCWPlatform::Found the Hw Db part of the input DSA
TRACE::2023-11-22.10:53:48::SCWMssOS::Checking the sw design at  F:/Ian_Jung/workplace/Harman_Vitis/mblaze_UltraSonic_hw/microblaze_0/standalone_domain/bsp/system.mss
TRACE::2023-11-22.10:53:48::SCWMssOS::DEBUG:  swdes dump  F:/Ian_Jung/workplace/Harman_Vitis/mblaze_UltraSonic_hw/microblaze_0/standalone_domain/bsp/system.mss|system||

TRACE::2023-11-22.10:53:48::SCWMssOS::Sw design exists and opened at  F:/Ian_Jung/workplace/Harman_Vitis/mblaze_UltraSonic_hw/microblaze_0/standalone_domain/bsp/system.mss
TRACE::2023-11-22.10:53:48::SCWPlatform::Trying to open the hw design at F:/Ian_Jung/workplace/Harman_Vitis/mblaze_UltraSonic_hw/hw/mblaze_UltraSonic.xsa
TRACE::2023-11-22.10:53:48::SCWPlatform::DSA given F:/Ian_Jung/workplace/Harman_Vitis/mblaze_UltraSonic_hw/hw/mblaze_UltraSonic.xsa
TRACE::2023-11-22.10:53:48::SCWPlatform::DSA absoulate path F:/Ian_Jung/workplace/Harman_Vitis/mblaze_UltraSonic_hw/hw/mblaze_UltraSonic.xsa
TRACE::2023-11-22.10:53:48::SCWPlatform::DSA directory F:/Ian_Jung/workplace/Harman_Vitis/mblaze_UltraSonic_hw/hw
TRACE::2023-11-22.10:53:48::SCWPlatform:: Platform Path F:/Ian_Jung/workplace/Harman_Vitis/mblaze_UltraSonic_hw/hw/mblaze_UltraSonic.xsa
TRACE::2023-11-22.10:53:48::SCWPlatform:: Unique name xilinx:basys3::0.0
TRACE::2023-11-22.10:53:48::SCWPlatform::Trying to set the existing hwdb with name mblaze_UltraSonic_wrapper_0
TRACE::2023-11-22.10:53:48::SCWPlatform::Opened existing hwdb mblaze_UltraSonic_wrapper_0
TRACE::2023-11-22.10:53:48::SCWPlatform::Found the Hw Db part of the input DSA
TRACE::2023-11-22.10:53:48::SCWMssOS::Checking the sw design at  F:/Ian_Jung/workplace/Harman_Vitis/mblaze_UltraSonic_hw/microblaze_0/standalone_domain/bsp/system.mss
TRACE::2023-11-22.10:53:48::SCWMssOS::DEBUG:  swdes dump  F:/Ian_Jung/workplace/Harman_Vitis/mblaze_UltraSonic_hw/microblaze_0/standalone_domain/bsp/system.mss|system||

TRACE::2023-11-22.10:53:48::SCWMssOS::Sw design exists and opened at  F:/Ian_Jung/workplace/Harman_Vitis/mblaze_UltraSonic_hw/microblaze_0/standalone_domain/bsp/system.mss
TRACE::2023-11-22.10:53:48::SCWPlatform::Trying to open the hw design at F:/Ian_Jung/workplace/Harman_Vitis/mblaze_UltraSonic_hw/hw/mblaze_UltraSonic.xsa
TRACE::2023-11-22.10:53:48::SCWPlatform::DSA given F:/Ian_Jung/workplace/Harman_Vitis/mblaze_UltraSonic_hw/hw/mblaze_UltraSonic.xsa
TRACE::2023-11-22.10:53:48::SCWPlatform::DSA absoulate path F:/Ian_Jung/workplace/Harman_Vitis/mblaze_UltraSonic_hw/hw/mblaze_UltraSonic.xsa
TRACE::2023-11-22.10:53:48::SCWPlatform::DSA directory F:/Ian_Jung/workplace/Harman_Vitis/mblaze_UltraSonic_hw/hw
TRACE::2023-11-22.10:53:48::SCWPlatform:: Platform Path F:/Ian_Jung/workplace/Harman_Vitis/mblaze_UltraSonic_hw/hw/mblaze_UltraSonic.xsa
TRACE::2023-11-22.10:53:48::SCWPlatform:: Unique name xilinx:basys3::0.0
TRACE::2023-11-22.10:53:48::SCWPlatform::Trying to set the existing hwdb with name mblaze_UltraSonic_wrapper_0
TRACE::2023-11-22.10:53:48::SCWPlatform::Opened existing hwdb mblaze_UltraSonic_wrapper_0
TRACE::2023-11-22.10:53:48::SCWPlatform::Found the Hw Db part of the input DSA
TRACE::2023-11-22.10:53:48::SCWMssOS::Checking the sw design at  F:/Ian_Jung/workplace/Harman_Vitis/mblaze_UltraSonic_hw/microblaze_0/standalone_domain/bsp/system.mss
TRACE::2023-11-22.10:53:48::SCWMssOS::DEBUG:  swdes dump  F:/Ian_Jung/workplace/Harman_Vitis/mblaze_UltraSonic_hw/microblaze_0/standalone_domain/bsp/system.mss|system||

TRACE::2023-11-22.10:53:48::SCWMssOS::Sw design exists and opened at  F:/Ian_Jung/workplace/Harman_Vitis/mblaze_UltraSonic_hw/microblaze_0/standalone_domain/bsp/system.mss
TRACE::2023-11-22.10:53:48::SCWWriter::formatted JSON is {
	"platformName":	"mblaze_UltraSonic_hw",
	"sprVersion":	"2.0",
	"mode":	"gui",
	"dsaType":	"Fixed",
	"platformDesc":	"mblaze_UltraSonic_hw",
	"platHandOff":	"F:/Ian_Jung/workplace/cora_z7/cora_cpu_2019/Basys3_Microblaze_real/mblaze_UltraSonic.xsa",
	"platIntHandOff":	"<platformDir>/hw/mblaze_UltraSonic.xsa",
	"deviceType":	"FPGA",
	"platIsPrebuiltAutogen":	"false",
	"platIsNoBootBsp":	"false",
	"hasFsblMakeHasChanges":	"false",
	"hasPmufwMakeHasChanges":	"false",
	"platPreBuiltFlag":	false,
	"platformSamplesDir":	"",
	"platActiveSys":	"mblaze_UltraSonic_hw",
	"systems":	[{
			"systemName":	"mblaze_UltraSonic_hw",
			"systemDesc":	"mblaze_UltraSonic_hw",
			"sysIsBootAutoGen":	"true",
			"systemDispName":	"mblaze_UltraSonic_hw",
			"sysActiveDom":	"standalone_domain",
			"sysDefaultDom":	"standalone_domain",
			"domains":	[{
					"domainName":	"standalone_domain",
					"domainDispName":	"standalone on microblaze_0",
					"domainDesc":	"standalone_domain",
					"processors":	"microblaze_0",
					"os":	"standalone",
					"sdxOs":	"standalone",
					"debugEnable":	"False",
					"domRuntimes":	["cpp"],
					"swRepo":	"",
					"mssOsVer":	"7.1",
					"mssFile":	"",
					"md5Digest":	"f6b9e8e9cbd168166e57c290c4ede1c9",
					"compatibleApp":	"",
					"domType":	"mssDomain",
					"appSettings":	{
						"appCompilerFlags":	"",
						"appLinkerFlags":	""
					},
					"addedLibs":	[],
					"libOptions":	{
						"libsContainingOptions":	[]
					},
					"prebuiltLibs":	{
						"prebuiltIncPath":	[],
						"prebuiltLibPath":	[]
					},
					"isolation":	{
					}
				}]
		}]
}
TRACE::2023-11-22.10:53:49::SCWPlatform::Trying to open the hw design at F:/Ian_Jung/workplace/Harman_Vitis/mblaze_UltraSonic_hw/hw/mblaze_UltraSonic.xsa
TRACE::2023-11-22.10:53:49::SCWPlatform::DSA given F:/Ian_Jung/workplace/Harman_Vitis/mblaze_UltraSonic_hw/hw/mblaze_UltraSonic.xsa
TRACE::2023-11-22.10:53:49::SCWPlatform::DSA absoulate path F:/Ian_Jung/workplace/Harman_Vitis/mblaze_UltraSonic_hw/hw/mblaze_UltraSonic.xsa
TRACE::2023-11-22.10:53:49::SCWPlatform::DSA directory F:/Ian_Jung/workplace/Harman_Vitis/mblaze_UltraSonic_hw/hw
TRACE::2023-11-22.10:53:49::SCWPlatform:: Platform Path F:/Ian_Jung/workplace/Harman_Vitis/mblaze_UltraSonic_hw/hw/mblaze_UltraSonic.xsa
TRACE::2023-11-22.10:53:49::SCWPlatform:: Unique name xilinx:basys3::0.0
TRACE::2023-11-22.10:53:49::SCWPlatform::Trying to set the existing hwdb with name mblaze_UltraSonic_wrapper_0
TRACE::2023-11-22.10:53:49::SCWPlatform::Opened existing hwdb mblaze_UltraSonic_wrapper_0
TRACE::2023-11-22.10:53:49::SCWPlatform::Found the Hw Db part of the input DSA
TRACE::2023-11-22.10:53:49::SCWMssOS::Checking the sw design at  F:/Ian_Jung/workplace/Harman_Vitis/mblaze_UltraSonic_hw/microblaze_0/standalone_domain/bsp/system.mss
TRACE::2023-11-22.10:53:49::SCWMssOS::DEBUG:  swdes dump  F:/Ian_Jung/workplace/Harman_Vitis/mblaze_UltraSonic_hw/microblaze_0/standalone_domain/bsp/system.mss|system||

TRACE::2023-11-22.10:53:49::SCWMssOS::Sw design exists and opened at  F:/Ian_Jung/workplace/Harman_Vitis/mblaze_UltraSonic_hw/microblaze_0/standalone_domain/bsp/system.mss
TRACE::2023-11-22.10:53:49::SCWPlatform::Trying to open the hw design at F:/Ian_Jung/workplace/Harman_Vitis/mblaze_UltraSonic_hw/hw/mblaze_UltraSonic.xsa
TRACE::2023-11-22.10:53:49::SCWPlatform::DSA given F:/Ian_Jung/workplace/Harman_Vitis/mblaze_UltraSonic_hw/hw/mblaze_UltraSonic.xsa
TRACE::2023-11-22.10:53:49::SCWPlatform::DSA absoulate path F:/Ian_Jung/workplace/Harman_Vitis/mblaze_UltraSonic_hw/hw/mblaze_UltraSonic.xsa
TRACE::2023-11-22.10:53:49::SCWPlatform::DSA directory F:/Ian_Jung/workplace/Harman_Vitis/mblaze_UltraSonic_hw/hw
TRACE::2023-11-22.10:53:49::SCWPlatform:: Platform Path F:/Ian_Jung/workplace/Harman_Vitis/mblaze_UltraSonic_hw/hw/mblaze_UltraSonic.xsa
TRACE::2023-11-22.10:53:49::SCWPlatform:: Unique name xilinx:basys3::0.0
TRACE::2023-11-22.10:53:49::SCWPlatform::Trying to set the existing hwdb with name mblaze_UltraSonic_wrapper_0
TRACE::2023-11-22.10:53:49::SCWPlatform::Opened existing hwdb mblaze_UltraSonic_wrapper_0
TRACE::2023-11-22.10:53:49::SCWPlatform::Found the Hw Db part of the input DSA
TRACE::2023-11-22.10:53:49::SCWMssOS::Checking the sw design at  F:/Ian_Jung/workplace/Harman_Vitis/mblaze_UltraSonic_hw/microblaze_0/standalone_domain/bsp/system.mss
TRACE::2023-11-22.10:53:49::SCWMssOS::DEBUG:  swdes dump  F:/Ian_Jung/workplace/Harman_Vitis/mblaze_UltraSonic_hw/microblaze_0/standalone_domain/bsp/system.mss|system||

TRACE::2023-11-22.10:53:49::SCWMssOS::Sw design exists and opened at  F:/Ian_Jung/workplace/Harman_Vitis/mblaze_UltraSonic_hw/microblaze_0/standalone_domain/bsp/system.mss
TRACE::2023-11-22.10:53:49::SCWPlatform::Trying to open the hw design at F:/Ian_Jung/workplace/Harman_Vitis/mblaze_UltraSonic_hw/hw/mblaze_UltraSonic.xsa
TRACE::2023-11-22.10:53:49::SCWPlatform::DSA given F:/Ian_Jung/workplace/Harman_Vitis/mblaze_UltraSonic_hw/hw/mblaze_UltraSonic.xsa
TRACE::2023-11-22.10:53:49::SCWPlatform::DSA absoulate path F:/Ian_Jung/workplace/Harman_Vitis/mblaze_UltraSonic_hw/hw/mblaze_UltraSonic.xsa
TRACE::2023-11-22.10:53:49::SCWPlatform::DSA directory F:/Ian_Jung/workplace/Harman_Vitis/mblaze_UltraSonic_hw/hw
TRACE::2023-11-22.10:53:49::SCWPlatform:: Platform Path F:/Ian_Jung/workplace/Harman_Vitis/mblaze_UltraSonic_hw/hw/mblaze_UltraSonic.xsa
TRACE::2023-11-22.10:53:49::SCWPlatform:: Unique name xilinx:basys3::0.0
TRACE::2023-11-22.10:53:49::SCWPlatform::Trying to set the existing hwdb with name mblaze_UltraSonic_wrapper_0
TRACE::2023-11-22.10:53:49::SCWPlatform::Opened existing hwdb mblaze_UltraSonic_wrapper_0
TRACE::2023-11-22.10:53:49::SCWPlatform::Found the Hw Db part of the input DSA
TRACE::2023-11-22.10:53:49::SCWMssOS::Checking the sw design at  F:/Ian_Jung/workplace/Harman_Vitis/mblaze_UltraSonic_hw/microblaze_0/standalone_domain/bsp/system.mss
TRACE::2023-11-22.10:53:49::SCWMssOS::DEBUG:  swdes dump  F:/Ian_Jung/workplace/Harman_Vitis/mblaze_UltraSonic_hw/microblaze_0/standalone_domain/bsp/system.mss|system||

TRACE::2023-11-22.10:53:49::SCWMssOS::Sw design exists and opened at  F:/Ian_Jung/workplace/Harman_Vitis/mblaze_UltraSonic_hw/microblaze_0/standalone_domain/bsp/system.mss
TRACE::2023-11-22.10:53:49::SCWWriter::formatted JSON is {
	"platformName":	"mblaze_UltraSonic_hw",
	"sprVersion":	"2.0",
	"mode":	"gui",
	"dsaType":	"Fixed",
	"platformDesc":	"mblaze_UltraSonic_hw",
	"platHandOff":	"F:/Ian_Jung/workplace/cora_z7/cora_cpu_2019/Basys3_Microblaze_real/mblaze_UltraSonic.xsa",
	"platIntHandOff":	"<platformDir>/hw/mblaze_UltraSonic.xsa",
	"deviceType":	"FPGA",
	"platIsPrebuiltAutogen":	"false",
	"platIsNoBootBsp":	"false",
	"hasFsblMakeHasChanges":	"false",
	"hasPmufwMakeHasChanges":	"false",
	"platPreBuiltFlag":	false,
	"platformSamplesDir":	"",
	"platActiveSys":	"mblaze_UltraSonic_hw",
	"systems":	[{
			"systemName":	"mblaze_UltraSonic_hw",
			"systemDesc":	"mblaze_UltraSonic_hw",
			"sysIsBootAutoGen":	"true",
			"systemDispName":	"mblaze_UltraSonic_hw",
			"sysActiveDom":	"standalone_domain",
			"sysDefaultDom":	"standalone_domain",
			"domains":	[{
					"domainName":	"standalone_domain",
					"domainDispName":	"standalone on microblaze_0",
					"domainDesc":	"standalone_domain",
					"processors":	"microblaze_0",
					"os":	"standalone",
					"sdxOs":	"standalone",
					"debugEnable":	"False",
					"domRuntimes":	["cpp"],
					"swRepo":	"",
					"mssOsVer":	"7.1",
					"mssFile":	"",
					"md5Digest":	"f6b9e8e9cbd168166e57c290c4ede1c9",
					"compatibleApp":	"",
					"domType":	"mssDomain",
					"appSettings":	{
						"appCompilerFlags":	"",
						"appLinkerFlags":	""
					},
					"addedLibs":	[],
					"libOptions":	{
						"libsContainingOptions":	[]
					},
					"prebuiltLibs":	{
						"prebuiltIncPath":	[],
						"prebuiltLibPath":	[]
					},
					"isolation":	{
					}
				}]
		}]
}
TRACE::2023-11-22.10:53:49::SCWPlatform::Clearing the existing platform
TRACE::2023-11-22.10:53:49::SCWSystem::Clearing the existing sysconfig
TRACE::2023-11-22.10:53:49::SCWMssOS::Removing the swdes entry for  F:/Ian_Jung/workplace/Harman_Vitis/mblaze_UltraSonic_hw/microblaze_0/standalone_domain/bsp/system.mss
TRACE::2023-11-22.10:53:49::SCWSystem::Clearing the domains completed.
TRACE::2023-11-22.10:53:49::SCWPlatform::Clearing the opened hw db.
TRACE::2023-11-22.10:53:49::SCWPlatform::DSA given F:/Ian_Jung/workplace/Harman_Vitis/mblaze_UltraSonic_hw/hw/mblaze_UltraSonic.xsa
TRACE::2023-11-22.10:53:49::SCWPlatform::DSA absoulate path F:/Ian_Jung/workplace/Harman_Vitis/mblaze_UltraSonic_hw/hw/mblaze_UltraSonic.xsa
TRACE::2023-11-22.10:53:49::SCWPlatform:: Platform location is F:/Ian_Jung/workplace/Harman_Vitis/mblaze_UltraSonic_hw/hw
TRACE::2023-11-22.10:53:49::SCWPlatform:: Platform Path F:/Ian_Jung/workplace/Harman_Vitis/mblaze_UltraSonic_hw/hw/mblaze_UltraSonic.xsa
TRACE::2023-11-22.10:53:49::SCWPlatform:: Unique name xilinx:basys3::0.0
TRACE::2023-11-22.10:53:49::SCWPlatform::Removing the HwDB with name F:/Ian_Jung/workplace/Harman_Vitis/mblaze_UltraSonic_hw/hw/mblaze_UltraSonic.xsa
TRACE::2023-11-22.10:53:49::SCWPlatform::Trying to open the hw design at F:/Ian_Jung/workplace/Harman_Vitis/mblaze_UltraSonic_hw/hw/mblaze_UltraSonic.xsa
TRACE::2023-11-22.10:53:49::SCWPlatform::DSA given F:/Ian_Jung/workplace/Harman_Vitis/mblaze_UltraSonic_hw/hw/mblaze_UltraSonic.xsa
TRACE::2023-11-22.10:53:49::SCWPlatform::DSA absoulate path F:/Ian_Jung/workplace/Harman_Vitis/mblaze_UltraSonic_hw/hw/mblaze_UltraSonic.xsa
TRACE::2023-11-22.10:53:49::SCWPlatform::DSA directory F:/Ian_Jung/workplace/Harman_Vitis/mblaze_UltraSonic_hw/hw
TRACE::2023-11-22.10:53:49::SCWPlatform:: Platform Path F:/Ian_Jung/workplace/Harman_Vitis/mblaze_UltraSonic_hw/hw/mblaze_UltraSonic.xsa
TRACE::2023-11-22.10:53:49::SCWPlatform:: Unique name xilinx:basys3::0.0
TRACE::2023-11-22.10:53:49::SCWPlatform::Do not have an existing db opened. 
TRACE::2023-11-22.10:53:50::SCWPlatform::Opened new HwDB with name mblaze_UltraSonic_wrapper_1
TRACE::2023-11-22.10:53:50::SCWReader::Active system found as  mblaze_UltraSonic_hw
TRACE::2023-11-22.10:53:50::SCWReader::Handling sysconfig mblaze_UltraSonic_hw
TRACE::2023-11-22.10:53:50::SCWDomain::checking for install qemu data   : 
TRACE::2023-11-22.10:53:50::SCWPlatform::Trying to open the hw design at F:/Ian_Jung/workplace/Harman_Vitis/mblaze_UltraSonic_hw/hw/mblaze_UltraSonic.xsa
TRACE::2023-11-22.10:53:50::SCWPlatform::DSA given F:/Ian_Jung/workplace/Harman_Vitis/mblaze_UltraSonic_hw/hw/mblaze_UltraSonic.xsa
TRACE::2023-11-22.10:53:50::SCWPlatform::DSA absoulate path F:/Ian_Jung/workplace/Harman_Vitis/mblaze_UltraSonic_hw/hw/mblaze_UltraSonic.xsa
TRACE::2023-11-22.10:53:50::SCWPlatform::DSA directory F:/Ian_Jung/workplace/Harman_Vitis/mblaze_UltraSonic_hw/hw
TRACE::2023-11-22.10:53:50::SCWPlatform:: Platform Path F:/Ian_Jung/workplace/Harman_Vitis/mblaze_UltraSonic_hw/hw/mblaze_UltraSonic.xsa
TRACE::2023-11-22.10:53:50::SCWPlatform:: Unique name xilinx:basys3::0.0
TRACE::2023-11-22.10:53:50::SCWPlatform::Trying to set the existing hwdb with name mblaze_UltraSonic_wrapper_1
TRACE::2023-11-22.10:53:50::SCWPlatform::Opened existing hwdb mblaze_UltraSonic_wrapper_1
TRACE::2023-11-22.10:53:50::SCWPlatform::Found the Hw Db part of the input DSA
TRACE::2023-11-22.10:53:50::SCWPlatform::Trying to open the hw design at F:/Ian_Jung/workplace/Harman_Vitis/mblaze_UltraSonic_hw/hw/mblaze_UltraSonic.xsa
TRACE::2023-11-22.10:53:50::SCWPlatform::DSA given F:/Ian_Jung/workplace/Harman_Vitis/mblaze_UltraSonic_hw/hw/mblaze_UltraSonic.xsa
TRACE::2023-11-22.10:53:50::SCWPlatform::DSA absoulate path F:/Ian_Jung/workplace/Harman_Vitis/mblaze_UltraSonic_hw/hw/mblaze_UltraSonic.xsa
TRACE::2023-11-22.10:53:50::SCWPlatform::DSA directory F:/Ian_Jung/workplace/Harman_Vitis/mblaze_UltraSonic_hw/hw
TRACE::2023-11-22.10:53:50::SCWPlatform:: Platform Path F:/Ian_Jung/workplace/Harman_Vitis/mblaze_UltraSonic_hw/hw/mblaze_UltraSonic.xsa
TRACE::2023-11-22.10:53:50::SCWPlatform:: Unique name xilinx:basys3::0.0
TRACE::2023-11-22.10:53:50::SCWPlatform::Trying to set the existing hwdb with name mblaze_UltraSonic_wrapper_1
TRACE::2023-11-22.10:53:50::SCWPlatform::Opened existing hwdb mblaze_UltraSonic_wrapper_1
TRACE::2023-11-22.10:53:50::SCWPlatform::Found the Hw Db part of the input DSA
TRACE::2023-11-22.10:53:50::SCWPlatform::Trying to open the hw design at F:/Ian_Jung/workplace/Harman_Vitis/mblaze_UltraSonic_hw/hw/mblaze_UltraSonic.xsa
TRACE::2023-11-22.10:53:50::SCWPlatform::DSA given F:/Ian_Jung/workplace/Harman_Vitis/mblaze_UltraSonic_hw/hw/mblaze_UltraSonic.xsa
TRACE::2023-11-22.10:53:50::SCWPlatform::DSA absoulate path F:/Ian_Jung/workplace/Harman_Vitis/mblaze_UltraSonic_hw/hw/mblaze_UltraSonic.xsa
TRACE::2023-11-22.10:53:50::SCWPlatform::DSA directory F:/Ian_Jung/workplace/Harman_Vitis/mblaze_UltraSonic_hw/hw
TRACE::2023-11-22.10:53:50::SCWPlatform:: Platform Path F:/Ian_Jung/workplace/Harman_Vitis/mblaze_UltraSonic_hw/hw/mblaze_UltraSonic.xsa
TRACE::2023-11-22.10:53:50::SCWPlatform:: Unique name xilinx:basys3::0.0
TRACE::2023-11-22.10:53:50::SCWPlatform::Trying to set the existing hwdb with name mblaze_UltraSonic_wrapper_1
TRACE::2023-11-22.10:53:50::SCWPlatform::Opened existing hwdb mblaze_UltraSonic_wrapper_1
TRACE::2023-11-22.10:53:50::SCWPlatform::Found the Hw Db part of the input DSA
TRACE::2023-11-22.10:53:50::SCWMssOS::Checking the sw design at  F:/Ian_Jung/workplace/Harman_Vitis/mblaze_UltraSonic_hw/microblaze_0/standalone_domain/bsp/system.mss
TRACE::2023-11-22.10:53:50::SCWMssOS::DEBUG:  swdes dump  
TRACE::2023-11-22.10:53:50::SCWMssOS::No sw design opened at  F:/Ian_Jung/workplace/Harman_Vitis/mblaze_UltraSonic_hw/microblaze_0/standalone_domain/bsp/system.mss
TRACE::2023-11-22.10:53:50::SCWMssOS::mss exists loading the mss file  F:/Ian_Jung/workplace/Harman_Vitis/mblaze_UltraSonic_hw/microblaze_0/standalone_domain/bsp/system.mss
TRACE::2023-11-22.10:53:50::SCWMssOS::Opened the sw design from mss  F:/Ian_Jung/workplace/Harman_Vitis/mblaze_UltraSonic_hw/microblaze_0/standalone_domain/bsp/system.mss
TRACE::2023-11-22.10:53:50::SCWMssOS::Adding the swdes entry F:/Ian_Jung/workplace/Harman_Vitis/mblaze_UltraSonic_hw/microblaze_0/standalone_domain/bsp/system.mss with des name system
TRACE::2023-11-22.10:53:50::SCWMssOS::updating the scw layer about changes
TRACE::2023-11-22.10:53:50::SCWMssOS::Opened the sw design.  F:/Ian_Jung/workplace/Harman_Vitis/mblaze_UltraSonic_hw/microblaze_0/standalone_domain/bsp/system.mss
TRACE::2023-11-22.10:53:50::SCWReader::Adding prebuilt librarypaths as   
TRACE::2023-11-22.10:53:50::SCWReader::Adding prebuilt incpaths  as   
TRACE::2023-11-22.10:53:50::SCWPlatform::Trying to open the hw design at F:/Ian_Jung/workplace/Harman_Vitis/mblaze_UltraSonic_hw/hw/mblaze_UltraSonic.xsa
TRACE::2023-11-22.10:53:50::SCWPlatform::DSA given F:/Ian_Jung/workplace/Harman_Vitis/mblaze_UltraSonic_hw/hw/mblaze_UltraSonic.xsa
TRACE::2023-11-22.10:53:50::SCWPlatform::DSA absoulate path F:/Ian_Jung/workplace/Harman_Vitis/mblaze_UltraSonic_hw/hw/mblaze_UltraSonic.xsa
TRACE::2023-11-22.10:53:50::SCWPlatform::DSA directory F:/Ian_Jung/workplace/Harman_Vitis/mblaze_UltraSonic_hw/hw
TRACE::2023-11-22.10:53:50::SCWPlatform:: Platform Path F:/Ian_Jung/workplace/Harman_Vitis/mblaze_UltraSonic_hw/hw/mblaze_UltraSonic.xsa
TRACE::2023-11-22.10:53:50::SCWPlatform:: Unique name xilinx:basys3::0.0
TRACE::2023-11-22.10:53:50::SCWPlatform::Trying to set the existing hwdb with name mblaze_UltraSonic_wrapper_1
TRACE::2023-11-22.10:53:50::SCWPlatform::Opened existing hwdb mblaze_UltraSonic_wrapper_1
TRACE::2023-11-22.10:53:50::SCWPlatform::Found the Hw Db part of the input DSA
TRACE::2023-11-22.10:53:50::SCWMssOS::Checking the sw design at  F:/Ian_Jung/workplace/Harman_Vitis/mblaze_UltraSonic_hw/microblaze_0/standalone_domain/bsp/system.mss
TRACE::2023-11-22.10:53:50::SCWMssOS::DEBUG:  swdes dump  F:/Ian_Jung/workplace/Harman_Vitis/mblaze_UltraSonic_hw/microblaze_0/standalone_domain/bsp/system.mss|system||

TRACE::2023-11-22.10:53:50::SCWMssOS::Sw design exists and opened at  F:/Ian_Jung/workplace/Harman_Vitis/mblaze_UltraSonic_hw/microblaze_0/standalone_domain/bsp/system.mss
TRACE::2023-11-22.10:53:50::SCWReader::No isolation master present  
TRACE::2023-11-22.10:53:50::SCWPlatform::Trying to open the hw design at F:/Ian_Jung/workplace/Harman_Vitis/mblaze_UltraSonic_hw/hw/mblaze_UltraSonic.xsa
TRACE::2023-11-22.10:53:50::SCWPlatform::DSA given F:/Ian_Jung/workplace/Harman_Vitis/mblaze_UltraSonic_hw/hw/mblaze_UltraSonic.xsa
TRACE::2023-11-22.10:53:50::SCWPlatform::DSA absoulate path F:/Ian_Jung/workplace/Harman_Vitis/mblaze_UltraSonic_hw/hw/mblaze_UltraSonic.xsa
TRACE::2023-11-22.10:53:50::SCWPlatform::DSA directory F:/Ian_Jung/workplace/Harman_Vitis/mblaze_UltraSonic_hw/hw
TRACE::2023-11-22.10:53:51::SCWPlatform:: Platform Path F:/Ian_Jung/workplace/Harman_Vitis/mblaze_UltraSonic_hw/hw/mblaze_UltraSonic.xsa
TRACE::2023-11-22.10:53:51::SCWPlatform:: Unique name xilinx:basys3::0.0
TRACE::2023-11-22.10:53:51::SCWPlatform::Trying to set the existing hwdb with name mblaze_UltraSonic_wrapper_1
TRACE::2023-11-22.10:53:51::SCWPlatform::Opened existing hwdb mblaze_UltraSonic_wrapper_1
TRACE::2023-11-22.10:53:51::SCWPlatform::Found the Hw Db part of the input DSA
TRACE::2023-11-22.10:53:51::SCWMssOS::Checking the sw design at  F:/Ian_Jung/workplace/Harman_Vitis/mblaze_UltraSonic_hw/microblaze_0/standalone_domain/bsp/system.mss
TRACE::2023-11-22.10:53:51::SCWMssOS::DEBUG:  swdes dump  F:/Ian_Jung/workplace/Harman_Vitis/mblaze_UltraSonic_hw/microblaze_0/standalone_domain/bsp/system.mss|system||

TRACE::2023-11-22.10:53:51::SCWMssOS::Sw design exists and opened at  F:/Ian_Jung/workplace/Harman_Vitis/mblaze_UltraSonic_hw/microblaze_0/standalone_domain/bsp/system.mss
TRACE::2023-11-22.10:53:52::SCWMssOS::In reload Mss file.
TRACE::2023-11-22.10:53:52::SCWPlatform::Trying to open the hw design at F:/Ian_Jung/workplace/Harman_Vitis/mblaze_UltraSonic_hw/hw/mblaze_UltraSonic.xsa
TRACE::2023-11-22.10:53:52::SCWPlatform::DSA given F:/Ian_Jung/workplace/Harman_Vitis/mblaze_UltraSonic_hw/hw/mblaze_UltraSonic.xsa
TRACE::2023-11-22.10:53:52::SCWPlatform::DSA absoulate path F:/Ian_Jung/workplace/Harman_Vitis/mblaze_UltraSonic_hw/hw/mblaze_UltraSonic.xsa
TRACE::2023-11-22.10:53:52::SCWPlatform::DSA directory F:/Ian_Jung/workplace/Harman_Vitis/mblaze_UltraSonic_hw/hw
TRACE::2023-11-22.10:53:52::SCWPlatform:: Platform Path F:/Ian_Jung/workplace/Harman_Vitis/mblaze_UltraSonic_hw/hw/mblaze_UltraSonic.xsa
TRACE::2023-11-22.10:53:52::SCWPlatform:: Unique name xilinx:basys3::0.0
TRACE::2023-11-22.10:53:52::SCWPlatform::Trying to set the existing hwdb with name mblaze_UltraSonic_wrapper_1
TRACE::2023-11-22.10:53:52::SCWPlatform::Opened existing hwdb mblaze_UltraSonic_wrapper_1
TRACE::2023-11-22.10:53:52::SCWPlatform::Found the Hw Db part of the input DSA
TRACE::2023-11-22.10:53:52::SCWMssOS::Checking the sw design at  F:/Ian_Jung/workplace/Harman_Vitis/mblaze_UltraSonic_hw/microblaze_0/standalone_domain/bsp/system.mss
TRACE::2023-11-22.10:53:52::SCWMssOS::DEBUG:  swdes dump  F:/Ian_Jung/workplace/Harman_Vitis/mblaze_UltraSonic_hw/microblaze_0/standalone_domain/bsp/system.mss|system||

KEYINFO::2023-11-22.10:53:52::SCWMssOS::Could not open the swdb for system
KEYINFO::2023-11-22.10:53:52::SCWMssOS::Could not open the sw design at  system
ERROR: [Hsi 55-1558] Software Design system is not found

TRACE::2023-11-22.10:53:52::SCWMssOS::Cleared the swdb table entry
TRACE::2023-11-22.10:53:52::SCWMssOS::No sw design opened at  F:/Ian_Jung/workplace/Harman_Vitis/mblaze_UltraSonic_hw/microblaze_0/standalone_domain/bsp/system.mss
TRACE::2023-11-22.10:53:52::SCWMssOS::mss exists loading the mss file  F:/Ian_Jung/workplace/Harman_Vitis/mblaze_UltraSonic_hw/microblaze_0/standalone_domain/bsp/system.mss
TRACE::2023-11-22.10:53:52::SCWMssOS::Opened the sw design from mss  F:/Ian_Jung/workplace/Harman_Vitis/mblaze_UltraSonic_hw/microblaze_0/standalone_domain/bsp/system.mss
TRACE::2023-11-22.10:53:52::SCWMssOS::Adding the swdes entry F:/Ian_Jung/workplace/Harman_Vitis/mblaze_UltraSonic_hw/microblaze_0/standalone_domain/bsp/system.mss with des name system
TRACE::2023-11-22.10:53:52::SCWMssOS::updating the scw layer about changes
TRACE::2023-11-22.10:53:52::SCWMssOS::Opened the sw design.  F:/Ian_Jung/workplace/Harman_Vitis/mblaze_UltraSonic_hw/microblaze_0/standalone_domain/bsp/system.mss
TRACE::2023-11-22.10:53:52::SCWPlatform::Trying to open the hw design at F:/Ian_Jung/workplace/Harman_Vitis/mblaze_UltraSonic_hw/hw/mblaze_UltraSonic.xsa
TRACE::2023-11-22.10:53:52::SCWPlatform::DSA given F:/Ian_Jung/workplace/Harman_Vitis/mblaze_UltraSonic_hw/hw/mblaze_UltraSonic.xsa
TRACE::2023-11-22.10:53:52::SCWPlatform::DSA absoulate path F:/Ian_Jung/workplace/Harman_Vitis/mblaze_UltraSonic_hw/hw/mblaze_UltraSonic.xsa
TRACE::2023-11-22.10:53:52::SCWPlatform::DSA directory F:/Ian_Jung/workplace/Harman_Vitis/mblaze_UltraSonic_hw/hw
TRACE::2023-11-22.10:53:52::SCWPlatform:: Platform Path F:/Ian_Jung/workplace/Harman_Vitis/mblaze_UltraSonic_hw/hw/mblaze_UltraSonic.xsa
TRACE::2023-11-22.10:53:52::SCWPlatform:: Unique name xilinx:basys3::0.0
TRACE::2023-11-22.10:53:52::SCWPlatform::Trying to set the existing hwdb with name mblaze_UltraSonic_wrapper_1
TRACE::2023-11-22.10:53:52::SCWPlatform::Opened existing hwdb mblaze_UltraSonic_wrapper_1
TRACE::2023-11-22.10:53:52::SCWPlatform::Found the Hw Db part of the input DSA
TRACE::2023-11-22.10:53:52::SCWMssOS::Checking the sw design at  F:/Ian_Jung/workplace/Harman_Vitis/mblaze_UltraSonic_hw/microblaze_0/standalone_domain/bsp/system.mss
TRACE::2023-11-22.10:53:52::SCWMssOS::DEBUG:  swdes dump  F:/Ian_Jung/workplace/Harman_Vitis/mblaze_UltraSonic_hw/microblaze_0/standalone_domain/bsp/system.mss|system||

TRACE::2023-11-22.10:53:52::SCWMssOS::Sw design exists and opened at  F:/Ian_Jung/workplace/Harman_Vitis/mblaze_UltraSonic_hw/microblaze_0/standalone_domain/bsp/system.mss
TRACE::2023-11-22.10:53:52::SCWMssOS::Removing the swdes entry for  F:/Ian_Jung/workplace/Harman_Vitis/mblaze_UltraSonic_hw/microblaze_0/standalone_domain/bsp/system.mss
LOG::2023-11-22.10:54:08::SCWPlatform::Started generating the artifacts platform mblaze_UltraSonic_hw
TRACE::2023-11-22.10:54:08::SCWPlatform::Sanity checking of platform is completed
LOG::2023-11-22.10:54:08::SCWPlatform::Started generating the artifacts for system configuration mblaze_UltraSonic_hw
LOG::2023-11-22.10:54:08::SCWSystem::Checking the domain standalone_domain
LOG::2023-11-22.10:54:08::SCWSystem::Not a boot domain 
LOG::2023-11-22.10:54:08::SCWSystem::Started Processing the domain standalone_domain
TRACE::2023-11-22.10:54:08::SCWDomain::Generating domain artifcats
TRACE::2023-11-22.10:54:08::SCWMssOS::Generating standalone artifcats
TRACE::2023-11-22.10:54:08::SCWMssOS:: Copying the user libraries. 
TRACE::2023-11-22.10:54:08::SCWPlatform::Trying to open the hw design at F:/Ian_Jung/workplace/Harman_Vitis/mblaze_UltraSonic_hw/hw/mblaze_UltraSonic.xsa
TRACE::2023-11-22.10:54:08::SCWPlatform::DSA given F:/Ian_Jung/workplace/Harman_Vitis/mblaze_UltraSonic_hw/hw/mblaze_UltraSonic.xsa
TRACE::2023-11-22.10:54:08::SCWPlatform::DSA absoulate path F:/Ian_Jung/workplace/Harman_Vitis/mblaze_UltraSonic_hw/hw/mblaze_UltraSonic.xsa
TRACE::2023-11-22.10:54:08::SCWPlatform::DSA directory F:/Ian_Jung/workplace/Harman_Vitis/mblaze_UltraSonic_hw/hw
TRACE::2023-11-22.10:54:08::SCWPlatform:: Platform Path F:/Ian_Jung/workplace/Harman_Vitis/mblaze_UltraSonic_hw/hw/mblaze_UltraSonic.xsa
TRACE::2023-11-22.10:54:08::SCWPlatform:: Unique name xilinx:basys3::0.0
TRACE::2023-11-22.10:54:08::SCWPlatform::Trying to set the existing hwdb with name mblaze_UltraSonic_wrapper_1
TRACE::2023-11-22.10:54:08::SCWPlatform::Opened existing hwdb mblaze_UltraSonic_wrapper_1
TRACE::2023-11-22.10:54:08::SCWPlatform::Found the Hw Db part of the input DSA
TRACE::2023-11-22.10:54:08::SCWMssOS::Checking the sw design at  F:/Ian_Jung/workplace/Harman_Vitis/mblaze_UltraSonic_hw/microblaze_0/standalone_domain/bsp/system.mss
TRACE::2023-11-22.10:54:08::SCWMssOS::DEBUG:  swdes dump  
TRACE::2023-11-22.10:54:08::SCWMssOS::No sw design opened at  F:/Ian_Jung/workplace/Harman_Vitis/mblaze_UltraSonic_hw/microblaze_0/standalone_domain/bsp/system.mss
TRACE::2023-11-22.10:54:08::SCWMssOS::mss exists loading the mss file  F:/Ian_Jung/workplace/Harman_Vitis/mblaze_UltraSonic_hw/microblaze_0/standalone_domain/bsp/system.mss
TRACE::2023-11-22.10:54:08::SCWMssOS::Opened the sw design from mss  F:/Ian_Jung/workplace/Harman_Vitis/mblaze_UltraSonic_hw/microblaze_0/standalone_domain/bsp/system.mss
TRACE::2023-11-22.10:54:08::SCWMssOS::Adding the swdes entry F:/Ian_Jung/workplace/Harman_Vitis/mblaze_UltraSonic_hw/microblaze_0/standalone_domain/bsp/system.mss with des name system
TRACE::2023-11-22.10:54:08::SCWMssOS::updating the scw layer about changes
TRACE::2023-11-22.10:54:08::SCWMssOS::Opened the sw design.  F:/Ian_Jung/workplace/Harman_Vitis/mblaze_UltraSonic_hw/microblaze_0/standalone_domain/bsp/system.mss
TRACE::2023-11-22.10:54:08::SCWMssOS::Completed writing the mss file at F:/Ian_Jung/workplace/Harman_Vitis/mblaze_UltraSonic_hw/microblaze_0/standalone_domain/bsp
TRACE::2023-11-22.10:54:08::SCWMssOS::Mss edits present, copying mssfile into export location F:/Ian_Jung/workplace/Harman_Vitis/mblaze_UltraSonic_hw/microblaze_0/standalone_domain/bsp/system.mss
TRACE::2023-11-22.10:54:08::SCWMssOS::bsp generated is upto date with the mss file. Skipping bsp generation.
TRACE::2023-11-22.10:54:08::SCWMssOS::BSP is already built. skipping the bsp build ... 
TRACE::2023-11-22.10:54:08::SCWDomain::Building the domain as part of full build :  standalone_domain
TRACE::2023-11-22.10:54:08::SCWMssOS::doing bsp build ... 
TRACE::2023-11-22.10:54:08::SCWMssOS::System Command Ran  F: & cd  F:/Ian_Jung/workplace/Harman_Vitis/mblaze_UltraSonic_hw/microblaze_0/standalone_domain/bsp & make 
TRACE::2023-11-22.10:54:09::SCWMssOS::"Running Make include in microblaze_0/libsrc/bram_v4_3/src"

TRACE::2023-11-22.10:54:09::SCWMssOS::make -C microblaze_0/libsrc/bram_v4_3/src -s include  "SHELL=CMD" "COMPILER=mb-gcc" "ASSEMBLER=mb-as" "ARCHIVER=mb-ar" "COMPILE
TRACE::2023-11-22.10:54:09::SCWMssOS::R_FLAGS=  -O2 -c -mcpu=v11.0 -mlittle-endian -mno-xl-reorder -mno-xl-soft-mul -mxl-barrel-shift -mxl-pattern-compare" "EXTRA_CO
TRACE::2023-11-22.10:54:09::SCWMssOS::MPILER_FLAGS=-g -ffunction-sections -fdata-sections -Wall -Wextra"

TRACE::2023-11-22.10:54:09::SCWMssOS::"Running Make include in microblaze_0/libsrc/cpu_v2_10/src"

TRACE::2023-11-22.10:54:09::SCWMssOS::make -C microblaze_0/libsrc/cpu_v2_10/src -s include  "SHELL=CMD" "COMPILER=mb-gcc" "ASSEMBLER=mb-as" "ARCHIVER=mb-ar" "COMPILE
TRACE::2023-11-22.10:54:09::SCWMssOS::R_FLAGS=  -O2 -c -mcpu=v11.0 -mlittle-endian -mno-xl-reorder -mno-xl-soft-mul -mxl-barrel-shift -mxl-pattern-compare" "EXTRA_CO
TRACE::2023-11-22.10:54:09::SCWMssOS::MPILER_FLAGS=-g -ffunction-sections -fdata-sections -Wall -Wextra"

TRACE::2023-11-22.10:54:10::SCWMssOS::"Running Make include in microblaze_0/libsrc/myip_UltraSonic_v1_0/src"

TRACE::2023-11-22.10:54:10::SCWMssOS::make -C microblaze_0/libsrc/myip_UltraSonic_v1_0/src -s include  "SHELL=CMD" "COMPILER=mb-gcc" "ASSEMBLER=mb-as" "ARCHIVER=mb-a
TRACE::2023-11-22.10:54:10::SCWMssOS::r" "COMPILER_FLAGS=  -O2 -c -mcpu=v11.0 -mlittle-endian -mno-xl-reorder -mno-xl-soft-mul -mxl-barrel-shift -mxl-pattern-compare
TRACE::2023-11-22.10:54:10::SCWMssOS::" "EXTRA_COMPILER_FLAGS=-g -ffunction-sections -fdata-sections -Wall -Wextra"

TRACE::2023-11-22.10:54:11::SCWMssOS::"Running Make include in microblaze_0/libsrc/standalone_v7_1/src"

TRACE::2023-11-22.10:54:11::SCWMssOS::make -C microblaze_0/libsrc/standalone_v7_1/src -s include  "SHELL=CMD" "COMPILER=mb-gcc" "ASSEMBLER=mb-as" "ARCHIVER=mb-ar" "C
TRACE::2023-11-22.10:54:11::SCWMssOS::OMPILER_FLAGS=  -O2 -c -mcpu=v11.0 -mlittle-endian -mno-xl-reorder -mno-xl-soft-mul -mxl-barrel-shift -mxl-pattern-compare" "EX
TRACE::2023-11-22.10:54:11::SCWMssOS::TRA_COMPILER_FLAGS=-g -ffunction-sections -fdata-sections -Wall -Wextra"

TRACE::2023-11-22.10:54:13::SCWMssOS::"Running Make include in microblaze_0/libsrc/uartlite_v3_3/src"

TRACE::2023-11-22.10:54:13::SCWMssOS::make -C microblaze_0/libsrc/uartlite_v3_3/src -s include  "SHELL=CMD" "COMPILER=mb-gcc" "ASSEMBLER=mb-as" "ARCHIVER=mb-ar" "COM
TRACE::2023-11-22.10:54:13::SCWMssOS::PILER_FLAGS=  -O2 -c -mcpu=v11.0 -mlittle-endian -mno-xl-reorder -mno-xl-soft-mul -mxl-barrel-shift -mxl-pattern-compare" "EXTR
TRACE::2023-11-22.10:54:13::SCWMssOS::A_COMPILER_FLAGS=-g -ffunction-sections -fdata-sections -Wall -Wextra"

TRACE::2023-11-22.10:54:13::SCWMssOS::"Running Make libs in microblaze_0/libsrc/bram_v4_3/src"

TRACE::2023-11-22.10:54:13::SCWMssOS::make -C microblaze_0/libsrc/bram_v4_3/src -s libs  "SHELL=CMD" "COMPILER=mb-gcc" "ASSEMBLER=mb-as" "ARCHIVER=mb-ar" "COMPILER_F
TRACE::2023-11-22.10:54:13::SCWMssOS::LAGS=  -O2 -c -mcpu=v11.0 -mlittle-endian -mno-xl-reorder -mno-xl-soft-mul -mxl-barrel-shift -mxl-pattern-compare" "EXTRA_COMPI
TRACE::2023-11-22.10:54:13::SCWMssOS::LER_FLAGS=-g -ffunction-sections -fdata-sections -Wall -Wextra"

TRACE::2023-11-22.10:54:14::SCWMssOS::"Compiling bram"

TRACE::2023-11-22.10:54:20::SCWMssOS::"Running Make libs in microblaze_0/libsrc/cpu_v2_10/src"

TRACE::2023-11-22.10:54:20::SCWMssOS::make -C microblaze_0/libsrc/cpu_v2_10/src -s libs  "SHELL=CMD" "COMPILER=mb-gcc" "ASSEMBLER=mb-as" "ARCHIVER=mb-ar" "COMPILER_F
TRACE::2023-11-22.10:54:20::SCWMssOS::LAGS=  -O2 -c -mcpu=v11.0 -mlittle-endian -mno-xl-reorder -mno-xl-soft-mul -mxl-barrel-shift -mxl-pattern-compare" "EXTRA_COMPI
TRACE::2023-11-22.10:54:20::SCWMssOS::LER_FLAGS=-g -ffunction-sections -fdata-sections -Wall -Wextra"

TRACE::2023-11-22.10:54:21::SCWMssOS::"Compiling cpu"

TRACE::2023-11-22.10:54:22::SCWMssOS::"Running Make libs in microblaze_0/libsrc/myip_UltraSonic_v1_0/src"

TRACE::2023-11-22.10:54:22::SCWMssOS::make -C microblaze_0/libsrc/myip_UltraSonic_v1_0/src -s libs  "SHELL=CMD" "COMPILER=mb-gcc" "ASSEMBLER=mb-as" "ARCHIVER=mb-ar" 
TRACE::2023-11-22.10:54:22::SCWMssOS::"COMPILER_FLAGS=  -O2 -c -mcpu=v11.0 -mlittle-endian -mno-xl-reorder -mno-xl-soft-mul -mxl-barrel-shift -mxl-pattern-compare" "
TRACE::2023-11-22.10:54:22::SCWMssOS::EXTRA_COMPILER_FLAGS=-g -ffunction-sections -fdata-sections -Wall -Wextra"

TRACE::2023-11-22.10:54:22::SCWMssOS::"Compiling myip_UltraSonic..."

TRACE::2023-11-22.10:54:25::SCWMssOS::"Running Make libs in microblaze_0/libsrc/standalone_v7_1/src"

TRACE::2023-11-22.10:54:25::SCWMssOS::make -C microblaze_0/libsrc/standalone_v7_1/src -s libs  "SHELL=CMD" "COMPILER=mb-gcc" "ASSEMBLER=mb-as" "ARCHIVER=mb-ar" "COMP
TRACE::2023-11-22.10:54:25::SCWMssOS::ILER_FLAGS=  -O2 -c -mcpu=v11.0 -mlittle-endian -mno-xl-reorder -mno-xl-soft-mul -mxl-barrel-shift -mxl-pattern-compare" "EXTRA
TRACE::2023-11-22.10:54:25::SCWMssOS::_COMPILER_FLAGS=-g -ffunction-sections -fdata-sections -Wall -Wextra"

TRACE::2023-11-22.10:54:26::SCWMssOS::"Compiling standalone";

TRACE::2023-11-22.10:54:43::SCWMssOS::"Running Make libs in microblaze_0/libsrc/uartlite_v3_3/src"

TRACE::2023-11-22.10:54:43::SCWMssOS::make -C microblaze_0/libsrc/uartlite_v3_3/src -s libs  "SHELL=CMD" "COMPILER=mb-gcc" "ASSEMBLER=mb-as" "ARCHIVER=mb-ar" "COMPIL
TRACE::2023-11-22.10:54:43::SCWMssOS::ER_FLAGS=  -O2 -c -mcpu=v11.0 -mlittle-endian -mno-xl-reorder -mno-xl-soft-mul -mxl-barrel-shift -mxl-pattern-compare" "EXTRA_C
TRACE::2023-11-22.10:54:43::SCWMssOS::OMPILER_FLAGS=-g -ffunction-sections -fdata-sections -Wall -Wextra"

TRACE::2023-11-22.10:54:43::SCWMssOS::"Compiling uartlite"

TRACE::2023-11-22.10:54:46::SCWMssOS::'Finished building libraries'

TRACE::2023-11-22.10:54:46::SCWMssOS::Copying to export directory.
TRACE::2023-11-22.10:54:47::SCWMssOS:: Checking if to create the Supporting Applications
TRACE::2023-11-22.10:54:47::SCWMssOS:: No Linux domain exists, trying to generate FSBL 
LOG::2023-11-22.10:54:47::SCWSystem::Completed Processing the domain standalone_domain
LOG::2023-11-22.10:54:47::SCWSystem::Completed Processing the sysconfig mblaze_UltraSonic_hw
LOG::2023-11-22.10:54:47::SCWPlatform::Completed generating the artifacts for system configuration mblaze_UltraSonic_hw
TRACE::2023-11-22.10:54:47::SCWPlatform::Started preparing the platform 
TRACE::2023-11-22.10:54:47::SCWSystem::Writing the bif file for system config mblaze_UltraSonic_hw
TRACE::2023-11-22.10:54:47::SCWSystem::dir created 
TRACE::2023-11-22.10:54:47::SCWSystem::Writing the bif 
TRACE::2023-11-22.10:54:47::SCWPlatform::Started writing the spfm file 
TRACE::2023-11-22.10:54:47::SCWPlatform::Started writing the xpfm file 
TRACE::2023-11-22.10:54:47::SCWPlatform::Completed generating the platform
TRACE::2023-11-22.10:54:47::SCWPlatform::Trying to open the hw design at F:/Ian_Jung/workplace/Harman_Vitis/mblaze_UltraSonic_hw/hw/mblaze_UltraSonic.xsa
TRACE::2023-11-22.10:54:47::SCWPlatform::DSA given F:/Ian_Jung/workplace/Harman_Vitis/mblaze_UltraSonic_hw/hw/mblaze_UltraSonic.xsa
TRACE::2023-11-22.10:54:47::SCWPlatform::DSA absoulate path F:/Ian_Jung/workplace/Harman_Vitis/mblaze_UltraSonic_hw/hw/mblaze_UltraSonic.xsa
TRACE::2023-11-22.10:54:47::SCWPlatform::DSA directory F:/Ian_Jung/workplace/Harman_Vitis/mblaze_UltraSonic_hw/hw
TRACE::2023-11-22.10:54:47::SCWPlatform:: Platform Path F:/Ian_Jung/workplace/Harman_Vitis/mblaze_UltraSonic_hw/hw/mblaze_UltraSonic.xsa
TRACE::2023-11-22.10:54:47::SCWPlatform:: Unique name xilinx:basys3::0.0
TRACE::2023-11-22.10:54:47::SCWPlatform::Trying to set the existing hwdb with name mblaze_UltraSonic_wrapper_1
TRACE::2023-11-22.10:54:47::SCWPlatform::Opened existing hwdb mblaze_UltraSonic_wrapper_1
TRACE::2023-11-22.10:54:47::SCWPlatform::Found the Hw Db part of the input DSA
TRACE::2023-11-22.10:54:47::SCWMssOS::Checking the sw design at  F:/Ian_Jung/workplace/Harman_Vitis/mblaze_UltraSonic_hw/microblaze_0/standalone_domain/bsp/system.mss
TRACE::2023-11-22.10:54:47::SCWMssOS::DEBUG:  swdes dump  F:/Ian_Jung/workplace/Harman_Vitis/mblaze_UltraSonic_hw/microblaze_0/standalone_domain/bsp/system.mss|system||

TRACE::2023-11-22.10:54:47::SCWMssOS::Sw design exists and opened at  F:/Ian_Jung/workplace/Harman_Vitis/mblaze_UltraSonic_hw/microblaze_0/standalone_domain/bsp/system.mss
TRACE::2023-11-22.10:54:47::SCWWriter::formatted JSON is {
	"platformName":	"mblaze_UltraSonic_hw",
	"sprVersion":	"2.0",
	"mode":	"gui",
	"dsaType":	"Fixed",
	"platformDesc":	"mblaze_UltraSonic_hw",
	"platHandOff":	"F:/Ian_Jung/workplace/cora_z7/cora_cpu_2019/Basys3_Microblaze_real/mblaze_UltraSonic.xsa",
	"platIntHandOff":	"<platformDir>/hw/mblaze_UltraSonic.xsa",
	"deviceType":	"FPGA",
	"platIsPrebuiltAutogen":	"false",
	"platIsNoBootBsp":	"false",
	"hasFsblMakeHasChanges":	"false",
	"hasPmufwMakeHasChanges":	"false",
	"platPreBuiltFlag":	false,
	"platformSamplesDir":	"",
	"platActiveSys":	"mblaze_UltraSonic_hw",
	"systems":	[{
			"systemName":	"mblaze_UltraSonic_hw",
			"systemDesc":	"mblaze_UltraSonic_hw",
			"sysIsBootAutoGen":	"true",
			"systemDispName":	"mblaze_UltraSonic_hw",
			"sysActiveDom":	"standalone_domain",
			"sysDefaultDom":	"standalone_domain",
			"domains":	[{
					"domainName":	"standalone_domain",
					"domainDispName":	"standalone on microblaze_0",
					"domainDesc":	"standalone_domain",
					"processors":	"microblaze_0",
					"os":	"standalone",
					"sdxOs":	"standalone",
					"debugEnable":	"False",
					"domRuntimes":	["cpp"],
					"swRepo":	"",
					"mssOsVer":	"7.1",
					"mssFile":	"",
					"md5Digest":	"f6b9e8e9cbd168166e57c290c4ede1c9",
					"compatibleApp":	"",
					"domType":	"mssDomain",
					"appSettings":	{
						"appCompilerFlags":	"",
						"appLinkerFlags":	""
					},
					"addedLibs":	[],
					"libOptions":	{
						"libsContainingOptions":	[]
					},
					"prebuiltLibs":	{
						"prebuiltIncPath":	[],
						"prebuiltLibPath":	[]
					},
					"isolation":	{
					}
				}]
		}]
}
KEYINFO::2023-11-22.10:54:47::SCWPlatform::updated the xpfm file.
TRACE::2023-11-22.10:54:48::SCWPlatform::Trying to open the hw design at F:/Ian_Jung/workplace/Harman_Vitis/mblaze_UltraSonic_hw/hw/mblaze_UltraSonic.xsa
TRACE::2023-11-22.10:54:48::SCWPlatform::DSA given F:/Ian_Jung/workplace/Harman_Vitis/mblaze_UltraSonic_hw/hw/mblaze_UltraSonic.xsa
TRACE::2023-11-22.10:54:48::SCWPlatform::DSA absoulate path F:/Ian_Jung/workplace/Harman_Vitis/mblaze_UltraSonic_hw/hw/mblaze_UltraSonic.xsa
TRACE::2023-11-22.10:54:48::SCWPlatform::DSA directory F:/Ian_Jung/workplace/Harman_Vitis/mblaze_UltraSonic_hw/hw
TRACE::2023-11-22.10:54:48::SCWPlatform:: Platform Path F:/Ian_Jung/workplace/Harman_Vitis/mblaze_UltraSonic_hw/hw/mblaze_UltraSonic.xsa
TRACE::2023-11-22.10:54:48::SCWPlatform:: Unique name xilinx:basys3::0.0
TRACE::2023-11-22.10:54:48::SCWPlatform::Trying to set the existing hwdb with name mblaze_UltraSonic_wrapper_1
TRACE::2023-11-22.10:54:48::SCWPlatform::Opened existing hwdb mblaze_UltraSonic_wrapper_1
TRACE::2023-11-22.10:54:48::SCWPlatform::Found the Hw Db part of the input DSA
TRACE::2023-11-22.10:54:48::SCWMssOS::Checking the sw design at  F:/Ian_Jung/workplace/Harman_Vitis/mblaze_UltraSonic_hw/microblaze_0/standalone_domain/bsp/system.mss
TRACE::2023-11-22.10:54:48::SCWMssOS::DEBUG:  swdes dump  F:/Ian_Jung/workplace/Harman_Vitis/mblaze_UltraSonic_hw/microblaze_0/standalone_domain/bsp/system.mss|system||

TRACE::2023-11-22.10:54:48::SCWMssOS::Sw design exists and opened at  F:/Ian_Jung/workplace/Harman_Vitis/mblaze_UltraSonic_hw/microblaze_0/standalone_domain/bsp/system.mss
