TRACE::2023-11-17.13:54:33::SCWPlatform::Trying to open the hw design at F:/Ian_Jung/workplace/Harman_Vitis/mblaze_led_switch_hw_r/hw/mblaze_led.xsa
TRACE::2023-11-17.13:54:33::SCWPlatform::DSA given F:/Ian_Jung/workplace/Harman_Vitis/mblaze_led_switch_hw_r/hw/mblaze_led.xsa
TRACE::2023-11-17.13:54:33::SCWPlatform::DSA absoulate path F:/Ian_Jung/workplace/Harman_Vitis/mblaze_led_switch_hw_r/hw/mblaze_led.xsa
TRACE::2023-11-17.13:54:33::SCWPlatform::DSA directory F:/Ian_Jung/workplace/Harman_Vitis/mblaze_led_switch_hw_r/hw
TRACE::2023-11-17.13:54:33::SCWPlatform:: Platform Path F:/Ian_Jung/workplace/Harman_Vitis/mblaze_led_switch_hw_r/hw/mblaze_led.xsa
TRACE::2023-11-17.13:54:33::SCWPlatform:: Unique name xilinx:basys3::0.0
TRACE::2023-11-17.13:54:33::SCWPlatform::Do not have an existing db opened. 
TRACE::2023-11-17.13:54:33::SCWPlatform::Opened new HwDB with name mblaze_led_wrapper_8
TRACE::2023-11-17.13:54:33::SCWWriter::formatted JSON is {
	"platformName":	"mblaze_led_switch_hw_r",
	"sprVersion":	"2.0",
	"mode":	"gui",
	"dsaType":	"Fixed",
	"platformDesc":	"mblaze_led_switch_hw_r",
	"platHandOff":	"F:/Ian_Jung/workplace/cora_z7/cora_cpu_2019/Basys3_Microblaze_real/mblaze_led.xsa",
	"platIntHandOff":	"<platformDir>/hw/mblaze_led.xsa",
	"deviceType":	"FPGA",
	"platIsPrebuiltAutogen":	"false",
	"platIsNoBootBsp":	"false",
	"hasFsblMakeHasChanges":	"false",
	"hasPmufwMakeHasChanges":	"false",
	"platPreBuiltFlag":	false,
	"platformSamplesDir":	""
}
TRACE::2023-11-17.13:54:33::SCWWriter::formatted JSON is {
	"platformName":	"mblaze_led_switch_hw_r",
	"sprVersion":	"2.0",
	"mode":	"gui",
	"dsaType":	"Fixed",
	"platformDesc":	"mblaze_led_switch_hw_r",
	"platHandOff":	"F:/Ian_Jung/workplace/cora_z7/cora_cpu_2019/Basys3_Microblaze_real/mblaze_led.xsa",
	"platIntHandOff":	"<platformDir>/hw/mblaze_led.xsa",
	"deviceType":	"FPGA",
	"platIsPrebuiltAutogen":	"false",
	"platIsNoBootBsp":	"false",
	"hasFsblMakeHasChanges":	"false",
	"hasPmufwMakeHasChanges":	"false",
	"platPreBuiltFlag":	false,
	"platformSamplesDir":	"",
	"platActiveSys":	"mblaze_led_switch_hw_r",
	"systems":	[{
			"systemName":	"mblaze_led_switch_hw_r",
			"systemDesc":	"mblaze_led_switch_hw_r",
			"sysIsBootAutoGen":	"true",
			"systemDispName":	"mblaze_led_switch_hw_r"
		}]
}
TRACE::2023-11-17.13:54:33::SCWPlatform::Boot application domains not present, creating them
TRACE::2023-11-17.13:54:33::SCWPlatform::Pure FPGA device, no boot application will be created.
TRACE::2023-11-17.13:54:33::SCWWriter::formatted JSON is {
	"platformName":	"mblaze_led_switch_hw_r",
	"sprVersion":	"2.0",
	"mode":	"gui",
	"dsaType":	"Fixed",
	"platformDesc":	"mblaze_led_switch_hw_r",
	"platHandOff":	"F:/Ian_Jung/workplace/cora_z7/cora_cpu_2019/Basys3_Microblaze_real/mblaze_led.xsa",
	"platIntHandOff":	"<platformDir>/hw/mblaze_led.xsa",
	"deviceType":	"FPGA",
	"platIsPrebuiltAutogen":	"false",
	"platIsNoBootBsp":	"false",
	"hasFsblMakeHasChanges":	"false",
	"hasPmufwMakeHasChanges":	"false",
	"platPreBuiltFlag":	false,
	"platformSamplesDir":	"",
	"platActiveSys":	"mblaze_led_switch_hw_r",
	"systems":	[{
			"systemName":	"mblaze_led_switch_hw_r",
			"systemDesc":	"mblaze_led_switch_hw_r",
			"sysIsBootAutoGen":	"true",
			"systemDispName":	"mblaze_led_switch_hw_r"
		}]
}
TRACE::2023-11-17.13:54:33::SCWPlatform::Trying to open the hw design at F:/Ian_Jung/workplace/Harman_Vitis/mblaze_led_switch_hw_r/hw/mblaze_led.xsa
TRACE::2023-11-17.13:54:33::SCWPlatform::DSA given F:/Ian_Jung/workplace/Harman_Vitis/mblaze_led_switch_hw_r/hw/mblaze_led.xsa
TRACE::2023-11-17.13:54:33::SCWPlatform::DSA absoulate path F:/Ian_Jung/workplace/Harman_Vitis/mblaze_led_switch_hw_r/hw/mblaze_led.xsa
TRACE::2023-11-17.13:54:33::SCWPlatform::DSA directory F:/Ian_Jung/workplace/Harman_Vitis/mblaze_led_switch_hw_r/hw
TRACE::2023-11-17.13:54:33::SCWPlatform:: Platform Path F:/Ian_Jung/workplace/Harman_Vitis/mblaze_led_switch_hw_r/hw/mblaze_led.xsa
TRACE::2023-11-17.13:54:33::SCWPlatform:: Unique name xilinx:basys3::0.0
TRACE::2023-11-17.13:54:33::SCWPlatform::Trying to set the existing hwdb with name mblaze_led_wrapper_8
TRACE::2023-11-17.13:54:33::SCWPlatform::Opened existing hwdb mblaze_led_wrapper_8
TRACE::2023-11-17.13:54:33::SCWPlatform::Found the Hw Db part of the input DSA
TRACE::2023-11-17.13:54:33::SCWDomain::checking for install qemu data   : 
TRACE::2023-11-17.13:54:33::SCWPlatform::Trying to open the hw design at F:/Ian_Jung/workplace/Harman_Vitis/mblaze_led_switch_hw_r/hw/mblaze_led.xsa
TRACE::2023-11-17.13:54:33::SCWPlatform::DSA given F:/Ian_Jung/workplace/Harman_Vitis/mblaze_led_switch_hw_r/hw/mblaze_led.xsa
TRACE::2023-11-17.13:54:33::SCWPlatform::DSA absoulate path F:/Ian_Jung/workplace/Harman_Vitis/mblaze_led_switch_hw_r/hw/mblaze_led.xsa
TRACE::2023-11-17.13:54:33::SCWPlatform::DSA directory F:/Ian_Jung/workplace/Harman_Vitis/mblaze_led_switch_hw_r/hw
TRACE::2023-11-17.13:54:33::SCWPlatform:: Platform Path F:/Ian_Jung/workplace/Harman_Vitis/mblaze_led_switch_hw_r/hw/mblaze_led.xsa
TRACE::2023-11-17.13:54:33::SCWPlatform:: Unique name xilinx:basys3::0.0
TRACE::2023-11-17.13:54:33::SCWPlatform::Trying to set the existing hwdb with name mblaze_led_wrapper_8
TRACE::2023-11-17.13:54:33::SCWPlatform::Opened existing hwdb mblaze_led_wrapper_8
TRACE::2023-11-17.13:54:33::SCWPlatform::Found the Hw Db part of the input DSA
TRACE::2023-11-17.13:54:33::SCWPlatform::Trying to open the hw design at F:/Ian_Jung/workplace/Harman_Vitis/mblaze_led_switch_hw_r/hw/mblaze_led.xsa
TRACE::2023-11-17.13:54:33::SCWPlatform::DSA given F:/Ian_Jung/workplace/Harman_Vitis/mblaze_led_switch_hw_r/hw/mblaze_led.xsa
TRACE::2023-11-17.13:54:33::SCWPlatform::DSA absoulate path F:/Ian_Jung/workplace/Harman_Vitis/mblaze_led_switch_hw_r/hw/mblaze_led.xsa
TRACE::2023-11-17.13:54:33::SCWPlatform::DSA directory F:/Ian_Jung/workplace/Harman_Vitis/mblaze_led_switch_hw_r/hw
TRACE::2023-11-17.13:54:33::SCWPlatform:: Platform Path F:/Ian_Jung/workplace/Harman_Vitis/mblaze_led_switch_hw_r/hw/mblaze_led.xsa
TRACE::2023-11-17.13:54:33::SCWPlatform:: Unique name xilinx:basys3::0.0
TRACE::2023-11-17.13:54:33::SCWPlatform::Trying to set the existing hwdb with name mblaze_led_wrapper_8
TRACE::2023-11-17.13:54:33::SCWPlatform::Opened existing hwdb mblaze_led_wrapper_8
TRACE::2023-11-17.13:54:33::SCWPlatform::Found the Hw Db part of the input DSA
TRACE::2023-11-17.13:54:33::SCWMssOS::Checking the sw design at  F:/Ian_Jung/workplace/Harman_Vitis/mblaze_led_switch_hw_r/microblaze_0/standalone_domain/bsp/system.mss
TRACE::2023-11-17.13:54:33::SCWMssOS::DEBUG:  swdes dump  F:/Ian_Jung/workplace/Harman_Vitis/mBlaze_hello/microblaze_0/standalone_domain/bsp/system.mss|system||
F:/Ian_Jung/workplace/Harman_Vitis/mblaze_led_hw/microblaze_0/standalone_domain/bsp/system.mss|system_0||
F:/Ian_Jung/workplace/Harman_Vitis/mblaze_led_switch_hw/microblaze_0/standalone_domain/bsp/system.mss|system_1||

TRACE::2023-11-17.13:54:33::SCWMssOS::No sw design opened at  F:/Ian_Jung/workplace/Harman_Vitis/mblaze_led_switch_hw_r/microblaze_0/standalone_domain/bsp/system.mss
TRACE::2023-11-17.13:54:33::SCWMssOS::mss does not exists at F:/Ian_Jung/workplace/Harman_Vitis/mblaze_led_switch_hw_r/microblaze_0/standalone_domain/bsp/system.mss
TRACE::2023-11-17.13:54:33::SCWMssOS::Creating sw design at  F:/Ian_Jung/workplace/Harman_Vitis/mblaze_led_switch_hw_r/microblaze_0/standalone_domain/bsp/system.mss
TRACE::2023-11-17.13:54:33::SCWMssOS::Adding the swdes entry, created swdb F:/Ian_Jung/workplace/Harman_Vitis/mblaze_led_switch_hw_r/microblaze_0/standalone_domain/bsp/system.mss with des name F:/Ian_Jung/workplace/Harman_Vitis/mblaze_led_switch_hw_r/microblaze_0/standalone_domain/bsp/system.mss
TRACE::2023-11-17.13:54:33::SCWMssOS::updating the scw layer changes to swdes at   F:/Ian_Jung/workplace/Harman_Vitis/mblaze_led_switch_hw_r/microblaze_0/standalone_domain/bsp/system.mss
TRACE::2023-11-17.13:54:33::SCWMssOS::Writing mss at F:/Ian_Jung/workplace/Harman_Vitis/mblaze_led_switch_hw_r/microblaze_0/standalone_domain/bsp/system.mss
TRACE::2023-11-17.13:54:33::SCWMssOS::Completed writing the mss file at F:/Ian_Jung/workplace/Harman_Vitis/mblaze_led_switch_hw_r/microblaze_0/standalone_domain/bsp
TRACE::2023-11-17.13:54:33::SCWMssOS::Picking up changes from newly written mss file into SCW Layer. 
TRACE::2023-11-17.13:54:33::SCWMssOS::Updated the changes from newly written mss file into SCW Layer. 
TRACE::2023-11-17.13:54:33::SCWPlatform::Trying to open the hw design at F:/Ian_Jung/workplace/Harman_Vitis/mblaze_led_switch_hw_r/hw/mblaze_led.xsa
TRACE::2023-11-17.13:54:33::SCWPlatform::DSA given F:/Ian_Jung/workplace/Harman_Vitis/mblaze_led_switch_hw_r/hw/mblaze_led.xsa
TRACE::2023-11-17.13:54:33::SCWPlatform::DSA absoulate path F:/Ian_Jung/workplace/Harman_Vitis/mblaze_led_switch_hw_r/hw/mblaze_led.xsa
TRACE::2023-11-17.13:54:33::SCWPlatform::DSA directory F:/Ian_Jung/workplace/Harman_Vitis/mblaze_led_switch_hw_r/hw
TRACE::2023-11-17.13:54:33::SCWPlatform:: Platform Path F:/Ian_Jung/workplace/Harman_Vitis/mblaze_led_switch_hw_r/hw/mblaze_led.xsa
TRACE::2023-11-17.13:54:33::SCWPlatform:: Unique name xilinx:basys3::0.0
TRACE::2023-11-17.13:54:33::SCWPlatform::Trying to set the existing hwdb with name mblaze_led_wrapper_8
TRACE::2023-11-17.13:54:33::SCWPlatform::Opened existing hwdb mblaze_led_wrapper_8
TRACE::2023-11-17.13:54:33::SCWPlatform::Found the Hw Db part of the input DSA
TRACE::2023-11-17.13:54:33::SCWMssOS::Checking the sw design at  F:/Ian_Jung/workplace/Harman_Vitis/mblaze_led_switch_hw_r/microblaze_0/standalone_domain/bsp/system.mss
TRACE::2023-11-17.13:54:33::SCWMssOS::DEBUG:  swdes dump  F:/Ian_Jung/workplace/Harman_Vitis/mBlaze_hello/microblaze_0/standalone_domain/bsp/system.mss|system||
F:/Ian_Jung/workplace/Harman_Vitis/mblaze_led_hw/microblaze_0/standalone_domain/bsp/system.mss|system_0||
F:/Ian_Jung/workplace/Harman_Vitis/mblaze_led_switch_hw/microblaze_0/standalone_domain/bsp/system.mss|system_1||
F:/Ian_Jung/workplace/Harman_Vitis/mblaze_led_switch_hw_r/microblaze_0/standalone_domain/bsp/system.mss|F:/Ian_Jung/workplace/Harman_Vitis/mblaze_led_switch_hw_r/microblaze_0/standalone_domain/bsp/system.mss||

TRACE::2023-11-17.13:54:33::SCWMssOS::Sw design exists and opened at  F:/Ian_Jung/workplace/Harman_Vitis/mblaze_led_switch_hw_r/microblaze_0/standalone_domain/bsp/system.mss
TRACE::2023-11-17.13:54:33::SCWPlatform::Trying to open the hw design at F:/Ian_Jung/workplace/Harman_Vitis/mblaze_led_switch_hw_r/hw/mblaze_led.xsa
TRACE::2023-11-17.13:54:33::SCWPlatform::DSA given F:/Ian_Jung/workplace/Harman_Vitis/mblaze_led_switch_hw_r/hw/mblaze_led.xsa
TRACE::2023-11-17.13:54:33::SCWPlatform::DSA absoulate path F:/Ian_Jung/workplace/Harman_Vitis/mblaze_led_switch_hw_r/hw/mblaze_led.xsa
TRACE::2023-11-17.13:54:33::SCWPlatform::DSA directory F:/Ian_Jung/workplace/Harman_Vitis/mblaze_led_switch_hw_r/hw
TRACE::2023-11-17.13:54:33::SCWPlatform:: Platform Path F:/Ian_Jung/workplace/Harman_Vitis/mblaze_led_switch_hw_r/hw/mblaze_led.xsa
TRACE::2023-11-17.13:54:33::SCWPlatform:: Unique name xilinx:basys3::0.0
TRACE::2023-11-17.13:54:33::SCWPlatform::Trying to set the existing hwdb with name mblaze_led_wrapper_8
TRACE::2023-11-17.13:54:33::SCWPlatform::Opened existing hwdb mblaze_led_wrapper_8
TRACE::2023-11-17.13:54:33::SCWPlatform::Found the Hw Db part of the input DSA
TRACE::2023-11-17.13:54:33::SCWMssOS::Checking the sw design at  F:/Ian_Jung/workplace/Harman_Vitis/mblaze_led_switch_hw_r/microblaze_0/standalone_domain/bsp/system.mss
TRACE::2023-11-17.13:54:33::SCWMssOS::DEBUG:  swdes dump  F:/Ian_Jung/workplace/Harman_Vitis/mBlaze_hello/microblaze_0/standalone_domain/bsp/system.mss|system||
F:/Ian_Jung/workplace/Harman_Vitis/mblaze_led_hw/microblaze_0/standalone_domain/bsp/system.mss|system_0||
F:/Ian_Jung/workplace/Harman_Vitis/mblaze_led_switch_hw/microblaze_0/standalone_domain/bsp/system.mss|system_1||
F:/Ian_Jung/workplace/Harman_Vitis/mblaze_led_switch_hw_r/microblaze_0/standalone_domain/bsp/system.mss|F:/Ian_Jung/workplace/Harman_Vitis/mblaze_led_switch_hw_r/microblaze_0/standalone_domain/bsp/system.mss||

TRACE::2023-11-17.13:54:33::SCWMssOS::Sw design exists and opened at  F:/Ian_Jung/workplace/Harman_Vitis/mblaze_led_switch_hw_r/microblaze_0/standalone_domain/bsp/system.mss
TRACE::2023-11-17.13:54:33::SCWPlatform::Trying to open the hw design at F:/Ian_Jung/workplace/Harman_Vitis/mblaze_led_switch_hw_r/hw/mblaze_led.xsa
TRACE::2023-11-17.13:54:33::SCWPlatform::DSA given F:/Ian_Jung/workplace/Harman_Vitis/mblaze_led_switch_hw_r/hw/mblaze_led.xsa
TRACE::2023-11-17.13:54:33::SCWPlatform::DSA absoulate path F:/Ian_Jung/workplace/Harman_Vitis/mblaze_led_switch_hw_r/hw/mblaze_led.xsa
TRACE::2023-11-17.13:54:33::SCWPlatform::DSA directory F:/Ian_Jung/workplace/Harman_Vitis/mblaze_led_switch_hw_r/hw
TRACE::2023-11-17.13:54:33::SCWPlatform:: Platform Path F:/Ian_Jung/workplace/Harman_Vitis/mblaze_led_switch_hw_r/hw/mblaze_led.xsa
TRACE::2023-11-17.13:54:33::SCWPlatform:: Unique name xilinx:basys3::0.0
TRACE::2023-11-17.13:54:33::SCWPlatform::Trying to set the existing hwdb with name mblaze_led_wrapper_8
TRACE::2023-11-17.13:54:33::SCWPlatform::Opened existing hwdb mblaze_led_wrapper_8
TRACE::2023-11-17.13:54:33::SCWPlatform::Found the Hw Db part of the input DSA
TRACE::2023-11-17.13:54:33::SCWMssOS::Checking the sw design at  F:/Ian_Jung/workplace/Harman_Vitis/mblaze_led_switch_hw_r/microblaze_0/standalone_domain/bsp/system.mss
TRACE::2023-11-17.13:54:33::SCWMssOS::DEBUG:  swdes dump  F:/Ian_Jung/workplace/Harman_Vitis/mBlaze_hello/microblaze_0/standalone_domain/bsp/system.mss|system||
F:/Ian_Jung/workplace/Harman_Vitis/mblaze_led_hw/microblaze_0/standalone_domain/bsp/system.mss|system_0||
F:/Ian_Jung/workplace/Harman_Vitis/mblaze_led_switch_hw/microblaze_0/standalone_domain/bsp/system.mss|system_1||
F:/Ian_Jung/workplace/Harman_Vitis/mblaze_led_switch_hw_r/microblaze_0/standalone_domain/bsp/system.mss|F:/Ian_Jung/workplace/Harman_Vitis/mblaze_led_switch_hw_r/microblaze_0/standalone_domain/bsp/system.mss||

TRACE::2023-11-17.13:54:33::SCWMssOS::Sw design exists and opened at  F:/Ian_Jung/workplace/Harman_Vitis/mblaze_led_switch_hw_r/microblaze_0/standalone_domain/bsp/system.mss
TRACE::2023-11-17.13:54:33::SCWWriter::formatted JSON is {
	"platformName":	"mblaze_led_switch_hw_r",
	"sprVersion":	"2.0",
	"mode":	"gui",
	"dsaType":	"Fixed",
	"platformDesc":	"mblaze_led_switch_hw_r",
	"platHandOff":	"F:/Ian_Jung/workplace/cora_z7/cora_cpu_2019/Basys3_Microblaze_real/mblaze_led.xsa",
	"platIntHandOff":	"<platformDir>/hw/mblaze_led.xsa",
	"deviceType":	"FPGA",
	"platIsPrebuiltAutogen":	"false",
	"platIsNoBootBsp":	"false",
	"hasFsblMakeHasChanges":	"false",
	"hasPmufwMakeHasChanges":	"false",
	"platPreBuiltFlag":	false,
	"platformSamplesDir":	"",
	"platActiveSys":	"mblaze_led_switch_hw_r",
	"systems":	[{
			"systemName":	"mblaze_led_switch_hw_r",
			"systemDesc":	"mblaze_led_switch_hw_r",
			"sysIsBootAutoGen":	"true",
			"systemDispName":	"mblaze_led_switch_hw_r",
			"sysActiveDom":	"standalone_domain",
			"sysDefaultDom":	"standalone_domain",
			"domains":	[{
					"domainName":	"standalone_domain",
					"domainDispName":	"standalone_domain",
					"domainDesc":	"standalone_domain",
					"processors":	"microblaze_0",
					"os":	"standalone",
					"sdxOs":	"standalone",
					"debugEnable":	"False",
					"domRuntimes":	["cpp"],
					"swRepo":	"",
					"mssOsVer":	"7.1",
					"mssFile":	"",
					"md5Digest":	"",
					"compatibleApp":	"",
					"domType":	"mssDomain",
					"appSettings":	{
						"appCompilerFlags":	"",
						"appLinkerFlags":	""
					},
					"addedLibs":	[],
					"libOptions":	{
						"libsContainingOptions":	[]
					},
					"prebuiltLibs":	{
						"prebuiltIncPath":	[],
						"prebuiltLibPath":	[]
					},
					"isolation":	{
					}
				}]
		}]
}
TRACE::2023-11-17.13:54:33::SCWPlatform::Trying to open the hw design at F:/Ian_Jung/workplace/Harman_Vitis/mblaze_led_switch_hw_r/hw/mblaze_led.xsa
TRACE::2023-11-17.13:54:33::SCWPlatform::DSA given F:/Ian_Jung/workplace/Harman_Vitis/mblaze_led_switch_hw_r/hw/mblaze_led.xsa
TRACE::2023-11-17.13:54:33::SCWPlatform::DSA absoulate path F:/Ian_Jung/workplace/Harman_Vitis/mblaze_led_switch_hw_r/hw/mblaze_led.xsa
TRACE::2023-11-17.13:54:33::SCWPlatform::DSA directory F:/Ian_Jung/workplace/Harman_Vitis/mblaze_led_switch_hw_r/hw
TRACE::2023-11-17.13:54:33::SCWPlatform:: Platform Path F:/Ian_Jung/workplace/Harman_Vitis/mblaze_led_switch_hw_r/hw/mblaze_led.xsa
TRACE::2023-11-17.13:54:33::SCWPlatform:: Unique name xilinx:basys3::0.0
TRACE::2023-11-17.13:54:33::SCWPlatform::Trying to set the existing hwdb with name mblaze_led_wrapper_8
TRACE::2023-11-17.13:54:33::SCWPlatform::Opened existing hwdb mblaze_led_wrapper_8
TRACE::2023-11-17.13:54:33::SCWPlatform::Found the Hw Db part of the input DSA
TRACE::2023-11-17.13:54:33::SCWMssOS::Checking the sw design at  F:/Ian_Jung/workplace/Harman_Vitis/mblaze_led_switch_hw_r/microblaze_0/standalone_domain/bsp/system.mss
TRACE::2023-11-17.13:54:33::SCWMssOS::DEBUG:  swdes dump  F:/Ian_Jung/workplace/Harman_Vitis/mBlaze_hello/microblaze_0/standalone_domain/bsp/system.mss|system||
F:/Ian_Jung/workplace/Harman_Vitis/mblaze_led_hw/microblaze_0/standalone_domain/bsp/system.mss|system_0||
F:/Ian_Jung/workplace/Harman_Vitis/mblaze_led_switch_hw/microblaze_0/standalone_domain/bsp/system.mss|system_1||
F:/Ian_Jung/workplace/Harman_Vitis/mblaze_led_switch_hw_r/microblaze_0/standalone_domain/bsp/system.mss|F:/Ian_Jung/workplace/Harman_Vitis/mblaze_led_switch_hw_r/microblaze_0/standalone_domain/bsp/system.mss||

TRACE::2023-11-17.13:54:33::SCWMssOS::Sw design exists and opened at  F:/Ian_Jung/workplace/Harman_Vitis/mblaze_led_switch_hw_r/microblaze_0/standalone_domain/bsp/system.mss
TRACE::2023-11-17.13:54:33::SCWMssOS::Completed writing the mss file at F:/Ian_Jung/workplace/Harman_Vitis/mblaze_led_switch_hw_r/microblaze_0/standalone_domain/bsp
TRACE::2023-11-17.13:54:34::SCWMssOS::Forcing BSP Sources regeneration.
LOG::2023-11-17.13:54:47::SCWPlatform::Started generating the artifacts platform mblaze_led_switch_hw_r
TRACE::2023-11-17.13:54:47::SCWPlatform::Sanity checking of platform is completed
LOG::2023-11-17.13:54:47::SCWPlatform::Started generating the artifacts for system configuration mblaze_led_switch_hw_r
LOG::2023-11-17.13:54:47::SCWSystem::Checking the domain standalone_domain
LOG::2023-11-17.13:54:47::SCWSystem::Not a boot domain 
LOG::2023-11-17.13:54:47::SCWSystem::Started Processing the domain standalone_domain
TRACE::2023-11-17.13:54:47::SCWDomain::Generating domain artifcats
TRACE::2023-11-17.13:54:47::SCWMssOS::Generating standalone artifcats
TRACE::2023-11-17.13:54:47::SCWMssOS:: Copying the user libraries. 
TRACE::2023-11-17.13:54:47::SCWPlatform::Trying to open the hw design at F:/Ian_Jung/workplace/Harman_Vitis/mblaze_led_switch_hw_r/hw/mblaze_led.xsa
TRACE::2023-11-17.13:54:47::SCWPlatform::DSA given F:/Ian_Jung/workplace/Harman_Vitis/mblaze_led_switch_hw_r/hw/mblaze_led.xsa
TRACE::2023-11-17.13:54:47::SCWPlatform::DSA absoulate path F:/Ian_Jung/workplace/Harman_Vitis/mblaze_led_switch_hw_r/hw/mblaze_led.xsa
TRACE::2023-11-17.13:54:47::SCWPlatform::DSA directory F:/Ian_Jung/workplace/Harman_Vitis/mblaze_led_switch_hw_r/hw
TRACE::2023-11-17.13:54:47::SCWPlatform:: Platform Path F:/Ian_Jung/workplace/Harman_Vitis/mblaze_led_switch_hw_r/hw/mblaze_led.xsa
TRACE::2023-11-17.13:54:47::SCWPlatform:: Unique name xilinx:basys3::0.0
TRACE::2023-11-17.13:54:47::SCWPlatform::Trying to set the existing hwdb with name mblaze_led_wrapper_8
TRACE::2023-11-17.13:54:47::SCWPlatform::Opened existing hwdb mblaze_led_wrapper_8
TRACE::2023-11-17.13:54:47::SCWPlatform::Found the Hw Db part of the input DSA
TRACE::2023-11-17.13:54:47::SCWMssOS::Checking the sw design at  F:/Ian_Jung/workplace/Harman_Vitis/mblaze_led_switch_hw_r/microblaze_0/standalone_domain/bsp/system.mss
TRACE::2023-11-17.13:54:47::SCWMssOS::DEBUG:  swdes dump  F:/Ian_Jung/workplace/Harman_Vitis/mBlaze_hello/microblaze_0/standalone_domain/bsp/system.mss|system||
F:/Ian_Jung/workplace/Harman_Vitis/mblaze_led_hw/microblaze_0/standalone_domain/bsp/system.mss|system_0||
F:/Ian_Jung/workplace/Harman_Vitis/mblaze_led_switch_hw/microblaze_0/standalone_domain/bsp/system.mss|system_1||
F:/Ian_Jung/workplace/Harman_Vitis/mblaze_led_switch_hw_r/microblaze_0/standalone_domain/bsp/system.mss|F:/Ian_Jung/workplace/Harman_Vitis/mblaze_led_switch_hw_r/microblaze_0/standalone_domain/bsp/system.mss||

KEYINFO::2023-11-17.13:54:47::SCWMssOS::Could not open the swdb for F:/Ian_Jung/workplace/Harman_Vitis/mblaze_led_switch_hw_r/microblaze_0/standalone_domain/bsp/system.mss
KEYINFO::2023-11-17.13:54:47::SCWMssOS::Could not open the sw design at  F:/Ian_Jung/workplace/Harman_Vitis/mblaze_led_switch_hw_r/microblaze_0/standalone_domain/bsp/system.mss
ERROR: [Hsi 55-1558] Software Design F:/Ian_Jung/workplace/Harman_Vitis/mblaze_led_switch_hw_r/microblaze_0/standalone_domain/bsp/system.mss is not found

TRACE::2023-11-17.13:54:47::SCWMssOS::Cleared the swdb table entry
TRACE::2023-11-17.13:54:47::SCWMssOS::No sw design opened at  F:/Ian_Jung/workplace/Harman_Vitis/mblaze_led_switch_hw_r/microblaze_0/standalone_domain/bsp/system.mss
TRACE::2023-11-17.13:54:47::SCWMssOS::mss exists loading the mss file  F:/Ian_Jung/workplace/Harman_Vitis/mblaze_led_switch_hw_r/microblaze_0/standalone_domain/bsp/system.mss
TRACE::2023-11-17.13:54:47::SCWMssOS::Opened the sw design from mss  F:/Ian_Jung/workplace/Harman_Vitis/mblaze_led_switch_hw_r/microblaze_0/standalone_domain/bsp/system.mss
TRACE::2023-11-17.13:54:47::SCWMssOS::Adding the swdes entry F:/Ian_Jung/workplace/Harman_Vitis/mblaze_led_switch_hw_r/microblaze_0/standalone_domain/bsp/system.mss with des name system_2
TRACE::2023-11-17.13:54:47::SCWMssOS::updating the scw layer about changes
TRACE::2023-11-17.13:54:47::SCWMssOS::Opened the sw design.  F:/Ian_Jung/workplace/Harman_Vitis/mblaze_led_switch_hw_r/microblaze_0/standalone_domain/bsp/system.mss
TRACE::2023-11-17.13:54:47::SCWMssOS::Completed writing the mss file at F:/Ian_Jung/workplace/Harman_Vitis/mblaze_led_switch_hw_r/microblaze_0/standalone_domain/bsp
TRACE::2023-11-17.13:54:47::SCWMssOS::Mss edits present, copying mssfile into export location F:/Ian_Jung/workplace/Harman_Vitis/mblaze_led_switch_hw_r/microblaze_0/standalone_domain/bsp/system.mss
TRACE::2023-11-17.13:54:47::SCWMssOS::bsp generated is upto date with the mss file. Skipping bsp generation.
TRACE::2023-11-17.13:54:47::SCWMssOS::BSP is already built. skipping the bsp build ... 
TRACE::2023-11-17.13:54:47::SCWDomain::Skipping the build for domain :  standalone_domain
TRACE::2023-11-17.13:54:47::SCWMssOS::skipping the bsp build ... 
TRACE::2023-11-17.13:54:47::SCWMssOS::Copying to export directory.
TRACE::2023-11-17.13:54:47::SCWMssOS:: Checking if to create the Supporting Applications
TRACE::2023-11-17.13:54:47::SCWMssOS:: No Linux domain exists, trying to generate FSBL 
LOG::2023-11-17.13:54:47::SCWSystem::Completed Processing the domain standalone_domain
LOG::2023-11-17.13:54:47::SCWSystem::Completed Processing the sysconfig mblaze_led_switch_hw_r
LOG::2023-11-17.13:54:47::SCWPlatform::Completed generating the artifacts for system configuration mblaze_led_switch_hw_r
TRACE::2023-11-17.13:54:47::SCWPlatform::Started preparing the platform 
TRACE::2023-11-17.13:54:47::SCWSystem::Writing the bif file for system config mblaze_led_switch_hw_r
TRACE::2023-11-17.13:54:47::SCWSystem::dir created 
TRACE::2023-11-17.13:54:47::SCWSystem::Writing the bif 
TRACE::2023-11-17.13:54:47::SCWPlatform::Started writing the spfm file 
TRACE::2023-11-17.13:54:47::SCWPlatform::Started writing the xpfm file 
TRACE::2023-11-17.13:54:47::SCWPlatform::Completed generating the platform
TRACE::2023-11-17.13:54:47::SCWPlatform::Trying to open the hw design at F:/Ian_Jung/workplace/Harman_Vitis/mblaze_led_switch_hw_r/hw/mblaze_led.xsa
TRACE::2023-11-17.13:54:47::SCWPlatform::DSA given F:/Ian_Jung/workplace/Harman_Vitis/mblaze_led_switch_hw_r/hw/mblaze_led.xsa
TRACE::2023-11-17.13:54:47::SCWPlatform::DSA absoulate path F:/Ian_Jung/workplace/Harman_Vitis/mblaze_led_switch_hw_r/hw/mblaze_led.xsa
TRACE::2023-11-17.13:54:47::SCWPlatform::DSA directory F:/Ian_Jung/workplace/Harman_Vitis/mblaze_led_switch_hw_r/hw
TRACE::2023-11-17.13:54:47::SCWPlatform:: Platform Path F:/Ian_Jung/workplace/Harman_Vitis/mblaze_led_switch_hw_r/hw/mblaze_led.xsa
TRACE::2023-11-17.13:54:47::SCWPlatform:: Unique name xilinx:basys3::0.0
TRACE::2023-11-17.13:54:47::SCWPlatform::Trying to set the existing hwdb with name mblaze_led_wrapper_8
TRACE::2023-11-17.13:54:47::SCWPlatform::Opened existing hwdb mblaze_led_wrapper_8
TRACE::2023-11-17.13:54:47::SCWPlatform::Found the Hw Db part of the input DSA
TRACE::2023-11-17.13:54:47::SCWMssOS::Checking the sw design at  F:/Ian_Jung/workplace/Harman_Vitis/mblaze_led_switch_hw_r/microblaze_0/standalone_domain/bsp/system.mss
TRACE::2023-11-17.13:54:47::SCWMssOS::DEBUG:  swdes dump  F:/Ian_Jung/workplace/Harman_Vitis/mBlaze_hello/microblaze_0/standalone_domain/bsp/system.mss|system||
F:/Ian_Jung/workplace/Harman_Vitis/mblaze_led_hw/microblaze_0/standalone_domain/bsp/system.mss|system_0||
F:/Ian_Jung/workplace/Harman_Vitis/mblaze_led_switch_hw/microblaze_0/standalone_domain/bsp/system.mss|system_1||
F:/Ian_Jung/workplace/Harman_Vitis/mblaze_led_switch_hw_r/microblaze_0/standalone_domain/bsp/system.mss|system_2||

TRACE::2023-11-17.13:54:47::SCWMssOS::Sw design exists and opened at  F:/Ian_Jung/workplace/Harman_Vitis/mblaze_led_switch_hw_r/microblaze_0/standalone_domain/bsp/system.mss
TRACE::2023-11-17.13:54:47::SCWPlatform::Trying to open the hw design at F:/Ian_Jung/workplace/Harman_Vitis/mblaze_led_switch_hw_r/hw/mblaze_led.xsa
TRACE::2023-11-17.13:54:47::SCWPlatform::DSA given F:/Ian_Jung/workplace/Harman_Vitis/mblaze_led_switch_hw_r/hw/mblaze_led.xsa
TRACE::2023-11-17.13:54:47::SCWPlatform::DSA absoulate path F:/Ian_Jung/workplace/Harman_Vitis/mblaze_led_switch_hw_r/hw/mblaze_led.xsa
TRACE::2023-11-17.13:54:47::SCWPlatform::DSA directory F:/Ian_Jung/workplace/Harman_Vitis/mblaze_led_switch_hw_r/hw
TRACE::2023-11-17.13:54:47::SCWPlatform:: Platform Path F:/Ian_Jung/workplace/Harman_Vitis/mblaze_led_switch_hw_r/hw/mblaze_led.xsa
TRACE::2023-11-17.13:54:47::SCWPlatform:: Unique name xilinx:basys3::0.0
TRACE::2023-11-17.13:54:47::SCWPlatform::Trying to set the existing hwdb with name mblaze_led_wrapper_8
TRACE::2023-11-17.13:54:47::SCWPlatform::Opened existing hwdb mblaze_led_wrapper_8
TRACE::2023-11-17.13:54:47::SCWPlatform::Found the Hw Db part of the input DSA
TRACE::2023-11-17.13:54:47::SCWMssOS::Checking the sw design at  F:/Ian_Jung/workplace/Harman_Vitis/mblaze_led_switch_hw_r/microblaze_0/standalone_domain/bsp/system.mss
TRACE::2023-11-17.13:54:47::SCWMssOS::DEBUG:  swdes dump  F:/Ian_Jung/workplace/Harman_Vitis/mBlaze_hello/microblaze_0/standalone_domain/bsp/system.mss|system||
F:/Ian_Jung/workplace/Harman_Vitis/mblaze_led_hw/microblaze_0/standalone_domain/bsp/system.mss|system_0||
F:/Ian_Jung/workplace/Harman_Vitis/mblaze_led_switch_hw/microblaze_0/standalone_domain/bsp/system.mss|system_1||
F:/Ian_Jung/workplace/Harman_Vitis/mblaze_led_switch_hw_r/microblaze_0/standalone_domain/bsp/system.mss|system_2||

TRACE::2023-11-17.13:54:47::SCWMssOS::Sw design exists and opened at  F:/Ian_Jung/workplace/Harman_Vitis/mblaze_led_switch_hw_r/microblaze_0/standalone_domain/bsp/system.mss
TRACE::2023-11-17.13:54:47::SCWPlatform::Trying to open the hw design at F:/Ian_Jung/workplace/Harman_Vitis/mblaze_led_switch_hw_r/hw/mblaze_led.xsa
TRACE::2023-11-17.13:54:47::SCWPlatform::DSA given F:/Ian_Jung/workplace/Harman_Vitis/mblaze_led_switch_hw_r/hw/mblaze_led.xsa
TRACE::2023-11-17.13:54:47::SCWPlatform::DSA absoulate path F:/Ian_Jung/workplace/Harman_Vitis/mblaze_led_switch_hw_r/hw/mblaze_led.xsa
TRACE::2023-11-17.13:54:47::SCWPlatform::DSA directory F:/Ian_Jung/workplace/Harman_Vitis/mblaze_led_switch_hw_r/hw
TRACE::2023-11-17.13:54:47::SCWPlatform:: Platform Path F:/Ian_Jung/workplace/Harman_Vitis/mblaze_led_switch_hw_r/hw/mblaze_led.xsa
TRACE::2023-11-17.13:54:47::SCWPlatform:: Unique name xilinx:basys3::0.0
TRACE::2023-11-17.13:54:47::SCWPlatform::Trying to set the existing hwdb with name mblaze_led_wrapper_8
TRACE::2023-11-17.13:54:47::SCWPlatform::Opened existing hwdb mblaze_led_wrapper_8
TRACE::2023-11-17.13:54:47::SCWPlatform::Found the Hw Db part of the input DSA
TRACE::2023-11-17.13:54:47::SCWMssOS::Checking the sw design at  F:/Ian_Jung/workplace/Harman_Vitis/mblaze_led_switch_hw_r/microblaze_0/standalone_domain/bsp/system.mss
TRACE::2023-11-17.13:54:47::SCWMssOS::DEBUG:  swdes dump  F:/Ian_Jung/workplace/Harman_Vitis/mBlaze_hello/microblaze_0/standalone_domain/bsp/system.mss|system||
F:/Ian_Jung/workplace/Harman_Vitis/mblaze_led_hw/microblaze_0/standalone_domain/bsp/system.mss|system_0||
F:/Ian_Jung/workplace/Harman_Vitis/mblaze_led_switch_hw/microblaze_0/standalone_domain/bsp/system.mss|system_1||
F:/Ian_Jung/workplace/Harman_Vitis/mblaze_led_switch_hw_r/microblaze_0/standalone_domain/bsp/system.mss|system_2||

TRACE::2023-11-17.13:54:47::SCWMssOS::Sw design exists and opened at  F:/Ian_Jung/workplace/Harman_Vitis/mblaze_led_switch_hw_r/microblaze_0/standalone_domain/bsp/system.mss
TRACE::2023-11-17.13:54:47::SCWWriter::formatted JSON is {
	"platformName":	"mblaze_led_switch_hw_r",
	"sprVersion":	"2.0",
	"mode":	"gui",
	"dsaType":	"Fixed",
	"platformDesc":	"mblaze_led_switch_hw_r",
	"platHandOff":	"F:/Ian_Jung/workplace/cora_z7/cora_cpu_2019/Basys3_Microblaze_real/mblaze_led.xsa",
	"platIntHandOff":	"<platformDir>/hw/mblaze_led.xsa",
	"deviceType":	"FPGA",
	"platIsPrebuiltAutogen":	"false",
	"platIsNoBootBsp":	"false",
	"hasFsblMakeHasChanges":	"false",
	"hasPmufwMakeHasChanges":	"false",
	"platPreBuiltFlag":	false,
	"platformSamplesDir":	"",
	"platActiveSys":	"mblaze_led_switch_hw_r",
	"systems":	[{
			"systemName":	"mblaze_led_switch_hw_r",
			"systemDesc":	"mblaze_led_switch_hw_r",
			"sysIsBootAutoGen":	"true",
			"systemDispName":	"mblaze_led_switch_hw_r",
			"sysActiveDom":	"standalone_domain",
			"sysDefaultDom":	"standalone_domain",
			"domains":	[{
					"domainName":	"standalone_domain",
					"domainDispName":	"standalone_domain",
					"domainDesc":	"standalone_domain",
					"processors":	"microblaze_0",
					"os":	"standalone",
					"sdxOs":	"standalone",
					"debugEnable":	"False",
					"domRuntimes":	["cpp"],
					"swRepo":	"",
					"mssOsVer":	"7.1",
					"mssFile":	"",
					"md5Digest":	"567e34ca9df3bce2fda16537036edde9",
					"compatibleApp":	"",
					"domType":	"mssDomain",
					"appSettings":	{
						"appCompilerFlags":	"",
						"appLinkerFlags":	""
					},
					"addedLibs":	[],
					"libOptions":	{
						"libsContainingOptions":	[]
					},
					"prebuiltLibs":	{
						"prebuiltIncPath":	[],
						"prebuiltLibPath":	[]
					},
					"isolation":	{
					}
				}]
		}]
}
KEYINFO::2023-11-17.13:54:47::SCWPlatform::updated the xpfm file.
TRACE::2023-11-17.13:54:47::SCWPlatform::Trying to open the hw design at F:/Ian_Jung/workplace/Harman_Vitis/mblaze_led_switch_hw_r/hw/mblaze_led.xsa
TRACE::2023-11-17.13:54:47::SCWPlatform::DSA given F:/Ian_Jung/workplace/Harman_Vitis/mblaze_led_switch_hw_r/hw/mblaze_led.xsa
TRACE::2023-11-17.13:54:47::SCWPlatform::DSA absoulate path F:/Ian_Jung/workplace/Harman_Vitis/mblaze_led_switch_hw_r/hw/mblaze_led.xsa
TRACE::2023-11-17.13:54:47::SCWPlatform::DSA directory F:/Ian_Jung/workplace/Harman_Vitis/mblaze_led_switch_hw_r/hw
TRACE::2023-11-17.13:54:47::SCWPlatform:: Platform Path F:/Ian_Jung/workplace/Harman_Vitis/mblaze_led_switch_hw_r/hw/mblaze_led.xsa
TRACE::2023-11-17.13:54:47::SCWPlatform:: Unique name xilinx:basys3::0.0
TRACE::2023-11-17.13:54:47::SCWPlatform::Trying to set the existing hwdb with name mblaze_led_wrapper_8
TRACE::2023-11-17.13:54:47::SCWPlatform::Opened existing hwdb mblaze_led_wrapper_8
TRACE::2023-11-17.13:54:47::SCWPlatform::Found the Hw Db part of the input DSA
TRACE::2023-11-17.13:54:47::SCWMssOS::Checking the sw design at  F:/Ian_Jung/workplace/Harman_Vitis/mblaze_led_switch_hw_r/microblaze_0/standalone_domain/bsp/system.mss
TRACE::2023-11-17.13:54:47::SCWMssOS::DEBUG:  swdes dump  F:/Ian_Jung/workplace/Harman_Vitis/mBlaze_hello/microblaze_0/standalone_domain/bsp/system.mss|system||
F:/Ian_Jung/workplace/Harman_Vitis/mblaze_led_hw/microblaze_0/standalone_domain/bsp/system.mss|system_0||
F:/Ian_Jung/workplace/Harman_Vitis/mblaze_led_switch_hw/microblaze_0/standalone_domain/bsp/system.mss|system_1||
F:/Ian_Jung/workplace/Harman_Vitis/mblaze_led_switch_hw_r/microblaze_0/standalone_domain/bsp/system.mss|system_2||

TRACE::2023-11-17.13:54:47::SCWMssOS::Sw design exists and opened at  F:/Ian_Jung/workplace/Harman_Vitis/mblaze_led_switch_hw_r/microblaze_0/standalone_domain/bsp/system.mss
TRACE::2023-11-17.13:54:47::SCWPlatform::Trying to open the hw design at F:/Ian_Jung/workplace/Harman_Vitis/mblaze_led_switch_hw_r/hw/mblaze_led.xsa
TRACE::2023-11-17.13:54:47::SCWPlatform::DSA given F:/Ian_Jung/workplace/Harman_Vitis/mblaze_led_switch_hw_r/hw/mblaze_led.xsa
TRACE::2023-11-17.13:54:47::SCWPlatform::DSA absoulate path F:/Ian_Jung/workplace/Harman_Vitis/mblaze_led_switch_hw_r/hw/mblaze_led.xsa
TRACE::2023-11-17.13:54:47::SCWPlatform::DSA directory F:/Ian_Jung/workplace/Harman_Vitis/mblaze_led_switch_hw_r/hw
TRACE::2023-11-17.13:54:47::SCWPlatform:: Platform Path F:/Ian_Jung/workplace/Harman_Vitis/mblaze_led_switch_hw_r/hw/mblaze_led.xsa
TRACE::2023-11-17.13:54:47::SCWPlatform:: Unique name xilinx:basys3::0.0
TRACE::2023-11-17.13:54:47::SCWPlatform::Trying to set the existing hwdb with name mblaze_led_wrapper_8
TRACE::2023-11-17.13:54:47::SCWPlatform::Opened existing hwdb mblaze_led_wrapper_8
TRACE::2023-11-17.13:54:47::SCWPlatform::Found the Hw Db part of the input DSA
TRACE::2023-11-17.13:54:47::SCWMssOS::Checking the sw design at  F:/Ian_Jung/workplace/Harman_Vitis/mblaze_led_switch_hw_r/microblaze_0/standalone_domain/bsp/system.mss
TRACE::2023-11-17.13:54:47::SCWMssOS::DEBUG:  swdes dump  F:/Ian_Jung/workplace/Harman_Vitis/mBlaze_hello/microblaze_0/standalone_domain/bsp/system.mss|system||
F:/Ian_Jung/workplace/Harman_Vitis/mblaze_led_hw/microblaze_0/standalone_domain/bsp/system.mss|system_0||
F:/Ian_Jung/workplace/Harman_Vitis/mblaze_led_switch_hw/microblaze_0/standalone_domain/bsp/system.mss|system_1||
F:/Ian_Jung/workplace/Harman_Vitis/mblaze_led_switch_hw_r/microblaze_0/standalone_domain/bsp/system.mss|system_2||

TRACE::2023-11-17.13:54:47::SCWMssOS::Sw design exists and opened at  F:/Ian_Jung/workplace/Harman_Vitis/mblaze_led_switch_hw_r/microblaze_0/standalone_domain/bsp/system.mss
TRACE::2023-11-17.13:54:47::SCWPlatform::Trying to open the hw design at F:/Ian_Jung/workplace/Harman_Vitis/mblaze_led_switch_hw_r/hw/mblaze_led.xsa
TRACE::2023-11-17.13:54:47::SCWPlatform::DSA given F:/Ian_Jung/workplace/Harman_Vitis/mblaze_led_switch_hw_r/hw/mblaze_led.xsa
TRACE::2023-11-17.13:54:47::SCWPlatform::DSA absoulate path F:/Ian_Jung/workplace/Harman_Vitis/mblaze_led_switch_hw_r/hw/mblaze_led.xsa
TRACE::2023-11-17.13:54:47::SCWPlatform::DSA directory F:/Ian_Jung/workplace/Harman_Vitis/mblaze_led_switch_hw_r/hw
TRACE::2023-11-17.13:54:47::SCWPlatform:: Platform Path F:/Ian_Jung/workplace/Harman_Vitis/mblaze_led_switch_hw_r/hw/mblaze_led.xsa
TRACE::2023-11-17.13:54:47::SCWPlatform:: Unique name xilinx:basys3::0.0
TRACE::2023-11-17.13:54:47::SCWPlatform::Trying to set the existing hwdb with name mblaze_led_wrapper_8
TRACE::2023-11-17.13:54:47::SCWPlatform::Opened existing hwdb mblaze_led_wrapper_8
TRACE::2023-11-17.13:54:47::SCWPlatform::Found the Hw Db part of the input DSA
TRACE::2023-11-17.13:54:47::SCWMssOS::Checking the sw design at  F:/Ian_Jung/workplace/Harman_Vitis/mblaze_led_switch_hw_r/microblaze_0/standalone_domain/bsp/system.mss
TRACE::2023-11-17.13:54:47::SCWMssOS::DEBUG:  swdes dump  F:/Ian_Jung/workplace/Harman_Vitis/mBlaze_hello/microblaze_0/standalone_domain/bsp/system.mss|system||
F:/Ian_Jung/workplace/Harman_Vitis/mblaze_led_hw/microblaze_0/standalone_domain/bsp/system.mss|system_0||
F:/Ian_Jung/workplace/Harman_Vitis/mblaze_led_switch_hw/microblaze_0/standalone_domain/bsp/system.mss|system_1||
F:/Ian_Jung/workplace/Harman_Vitis/mblaze_led_switch_hw_r/microblaze_0/standalone_domain/bsp/system.mss|system_2||

TRACE::2023-11-17.13:54:47::SCWMssOS::Sw design exists and opened at  F:/Ian_Jung/workplace/Harman_Vitis/mblaze_led_switch_hw_r/microblaze_0/standalone_domain/bsp/system.mss
TRACE::2023-11-17.13:54:47::SCWPlatform::Trying to open the hw design at F:/Ian_Jung/workplace/Harman_Vitis/mblaze_led_switch_hw_r/hw/mblaze_led.xsa
TRACE::2023-11-17.13:54:47::SCWPlatform::DSA given F:/Ian_Jung/workplace/Harman_Vitis/mblaze_led_switch_hw_r/hw/mblaze_led.xsa
TRACE::2023-11-17.13:54:47::SCWPlatform::DSA absoulate path F:/Ian_Jung/workplace/Harman_Vitis/mblaze_led_switch_hw_r/hw/mblaze_led.xsa
TRACE::2023-11-17.13:54:47::SCWPlatform::DSA directory F:/Ian_Jung/workplace/Harman_Vitis/mblaze_led_switch_hw_r/hw
TRACE::2023-11-17.13:54:47::SCWPlatform:: Platform Path F:/Ian_Jung/workplace/Harman_Vitis/mblaze_led_switch_hw_r/hw/mblaze_led.xsa
TRACE::2023-11-17.13:54:47::SCWPlatform:: Unique name xilinx:basys3::0.0
TRACE::2023-11-17.13:54:47::SCWPlatform::Trying to set the existing hwdb with name mblaze_led_wrapper_8
TRACE::2023-11-17.13:54:47::SCWPlatform::Opened existing hwdb mblaze_led_wrapper_8
TRACE::2023-11-17.13:54:47::SCWPlatform::Found the Hw Db part of the input DSA
TRACE::2023-11-17.13:54:47::SCWMssOS::Checking the sw design at  F:/Ian_Jung/workplace/Harman_Vitis/mblaze_led_switch_hw_r/microblaze_0/standalone_domain/bsp/system.mss
TRACE::2023-11-17.13:54:47::SCWMssOS::DEBUG:  swdes dump  F:/Ian_Jung/workplace/Harman_Vitis/mBlaze_hello/microblaze_0/standalone_domain/bsp/system.mss|system||
F:/Ian_Jung/workplace/Harman_Vitis/mblaze_led_hw/microblaze_0/standalone_domain/bsp/system.mss|system_0||
F:/Ian_Jung/workplace/Harman_Vitis/mblaze_led_switch_hw/microblaze_0/standalone_domain/bsp/system.mss|system_1||
F:/Ian_Jung/workplace/Harman_Vitis/mblaze_led_switch_hw_r/microblaze_0/standalone_domain/bsp/system.mss|system_2||

TRACE::2023-11-17.13:54:47::SCWMssOS::Sw design exists and opened at  F:/Ian_Jung/workplace/Harman_Vitis/mblaze_led_switch_hw_r/microblaze_0/standalone_domain/bsp/system.mss
TRACE::2023-11-17.13:54:47::SCWWriter::formatted JSON is {
	"platformName":	"mblaze_led_switch_hw_r",
	"sprVersion":	"2.0",
	"mode":	"gui",
	"dsaType":	"Fixed",
	"platformDesc":	"mblaze_led_switch_hw_r",
	"platHandOff":	"F:/Ian_Jung/workplace/cora_z7/cora_cpu_2019/Basys3_Microblaze_real/mblaze_led.xsa",
	"platIntHandOff":	"<platformDir>/hw/mblaze_led.xsa",
	"deviceType":	"FPGA",
	"platIsPrebuiltAutogen":	"false",
	"platIsNoBootBsp":	"false",
	"hasFsblMakeHasChanges":	"false",
	"hasPmufwMakeHasChanges":	"false",
	"platPreBuiltFlag":	false,
	"platformSamplesDir":	"",
	"platActiveSys":	"mblaze_led_switch_hw_r",
	"systems":	[{
			"systemName":	"mblaze_led_switch_hw_r",
			"systemDesc":	"mblaze_led_switch_hw_r",
			"sysIsBootAutoGen":	"true",
			"systemDispName":	"mblaze_led_switch_hw_r",
			"sysActiveDom":	"standalone_domain",
			"sysDefaultDom":	"standalone_domain",
			"domains":	[{
					"domainName":	"standalone_domain",
					"domainDispName":	"standalone_domain",
					"domainDesc":	"standalone_domain",
					"processors":	"microblaze_0",
					"os":	"standalone",
					"sdxOs":	"standalone",
					"debugEnable":	"False",
					"domRuntimes":	["cpp"],
					"swRepo":	"",
					"mssOsVer":	"7.1",
					"mssFile":	"",
					"md5Digest":	"567e34ca9df3bce2fda16537036edde9",
					"compatibleApp":	"",
					"domType":	"mssDomain",
					"appSettings":	{
						"appCompilerFlags":	"",
						"appLinkerFlags":	""
					},
					"addedLibs":	[],
					"libOptions":	{
						"libsContainingOptions":	[]
					},
					"prebuiltLibs":	{
						"prebuiltIncPath":	[],
						"prebuiltLibPath":	[]
					},
					"isolation":	{
					}
				}]
		}]
}
TRACE::2023-11-17.13:54:47::SCWPlatform::Trying to open the hw design at F:/Ian_Jung/workplace/Harman_Vitis/mblaze_led_switch_hw_r/hw/mblaze_led.xsa
TRACE::2023-11-17.13:54:47::SCWPlatform::DSA given F:/Ian_Jung/workplace/Harman_Vitis/mblaze_led_switch_hw_r/hw/mblaze_led.xsa
TRACE::2023-11-17.13:54:47::SCWPlatform::DSA absoulate path F:/Ian_Jung/workplace/Harman_Vitis/mblaze_led_switch_hw_r/hw/mblaze_led.xsa
TRACE::2023-11-17.13:54:47::SCWPlatform::DSA directory F:/Ian_Jung/workplace/Harman_Vitis/mblaze_led_switch_hw_r/hw
TRACE::2023-11-17.13:54:47::SCWPlatform:: Platform Path F:/Ian_Jung/workplace/Harman_Vitis/mblaze_led_switch_hw_r/hw/mblaze_led.xsa
TRACE::2023-11-17.13:54:47::SCWPlatform:: Unique name xilinx:basys3::0.0
TRACE::2023-11-17.13:54:47::SCWPlatform::Trying to set the existing hwdb with name mblaze_led_wrapper_8
TRACE::2023-11-17.13:54:47::SCWPlatform::Opened existing hwdb mblaze_led_wrapper_8
TRACE::2023-11-17.13:54:47::SCWPlatform::Found the Hw Db part of the input DSA
TRACE::2023-11-17.13:54:47::SCWMssOS::Checking the sw design at  F:/Ian_Jung/workplace/Harman_Vitis/mblaze_led_switch_hw_r/microblaze_0/standalone_domain/bsp/system.mss
TRACE::2023-11-17.13:54:47::SCWMssOS::DEBUG:  swdes dump  F:/Ian_Jung/workplace/Harman_Vitis/mBlaze_hello/microblaze_0/standalone_domain/bsp/system.mss|system||
F:/Ian_Jung/workplace/Harman_Vitis/mblaze_led_hw/microblaze_0/standalone_domain/bsp/system.mss|system_0||
F:/Ian_Jung/workplace/Harman_Vitis/mblaze_led_switch_hw/microblaze_0/standalone_domain/bsp/system.mss|system_1||
F:/Ian_Jung/workplace/Harman_Vitis/mblaze_led_switch_hw_r/microblaze_0/standalone_domain/bsp/system.mss|system_2||

TRACE::2023-11-17.13:54:47::SCWMssOS::Sw design exists and opened at  F:/Ian_Jung/workplace/Harman_Vitis/mblaze_led_switch_hw_r/microblaze_0/standalone_domain/bsp/system.mss
TRACE::2023-11-17.13:54:47::SCWPlatform::Trying to open the hw design at F:/Ian_Jung/workplace/Harman_Vitis/mblaze_led_switch_hw_r/hw/mblaze_led.xsa
TRACE::2023-11-17.13:54:47::SCWPlatform::DSA given F:/Ian_Jung/workplace/Harman_Vitis/mblaze_led_switch_hw_r/hw/mblaze_led.xsa
TRACE::2023-11-17.13:54:47::SCWPlatform::DSA absoulate path F:/Ian_Jung/workplace/Harman_Vitis/mblaze_led_switch_hw_r/hw/mblaze_led.xsa
TRACE::2023-11-17.13:54:47::SCWPlatform::DSA directory F:/Ian_Jung/workplace/Harman_Vitis/mblaze_led_switch_hw_r/hw
TRACE::2023-11-17.13:54:47::SCWPlatform:: Platform Path F:/Ian_Jung/workplace/Harman_Vitis/mblaze_led_switch_hw_r/hw/mblaze_led.xsa
TRACE::2023-11-17.13:54:47::SCWPlatform:: Unique name xilinx:basys3::0.0
TRACE::2023-11-17.13:54:47::SCWPlatform::Trying to set the existing hwdb with name mblaze_led_wrapper_8
TRACE::2023-11-17.13:54:47::SCWPlatform::Opened existing hwdb mblaze_led_wrapper_8
TRACE::2023-11-17.13:54:47::SCWPlatform::Found the Hw Db part of the input DSA
TRACE::2023-11-17.13:54:47::SCWMssOS::Checking the sw design at  F:/Ian_Jung/workplace/Harman_Vitis/mblaze_led_switch_hw_r/microblaze_0/standalone_domain/bsp/system.mss
TRACE::2023-11-17.13:54:47::SCWMssOS::DEBUG:  swdes dump  F:/Ian_Jung/workplace/Harman_Vitis/mBlaze_hello/microblaze_0/standalone_domain/bsp/system.mss|system||
F:/Ian_Jung/workplace/Harman_Vitis/mblaze_led_hw/microblaze_0/standalone_domain/bsp/system.mss|system_0||
F:/Ian_Jung/workplace/Harman_Vitis/mblaze_led_switch_hw/microblaze_0/standalone_domain/bsp/system.mss|system_1||
F:/Ian_Jung/workplace/Harman_Vitis/mblaze_led_switch_hw_r/microblaze_0/standalone_domain/bsp/system.mss|system_2||

TRACE::2023-11-17.13:54:47::SCWMssOS::Sw design exists and opened at  F:/Ian_Jung/workplace/Harman_Vitis/mblaze_led_switch_hw_r/microblaze_0/standalone_domain/bsp/system.mss
TRACE::2023-11-17.13:54:47::SCWPlatform::Trying to open the hw design at F:/Ian_Jung/workplace/Harman_Vitis/mblaze_led_switch_hw_r/hw/mblaze_led.xsa
TRACE::2023-11-17.13:54:47::SCWPlatform::DSA given F:/Ian_Jung/workplace/Harman_Vitis/mblaze_led_switch_hw_r/hw/mblaze_led.xsa
TRACE::2023-11-17.13:54:47::SCWPlatform::DSA absoulate path F:/Ian_Jung/workplace/Harman_Vitis/mblaze_led_switch_hw_r/hw/mblaze_led.xsa
TRACE::2023-11-17.13:54:47::SCWPlatform::DSA directory F:/Ian_Jung/workplace/Harman_Vitis/mblaze_led_switch_hw_r/hw
TRACE::2023-11-17.13:54:47::SCWPlatform:: Platform Path F:/Ian_Jung/workplace/Harman_Vitis/mblaze_led_switch_hw_r/hw/mblaze_led.xsa
TRACE::2023-11-17.13:54:47::SCWPlatform:: Unique name xilinx:basys3::0.0
TRACE::2023-11-17.13:54:47::SCWPlatform::Trying to set the existing hwdb with name mblaze_led_wrapper_8
TRACE::2023-11-17.13:54:47::SCWPlatform::Opened existing hwdb mblaze_led_wrapper_8
TRACE::2023-11-17.13:54:47::SCWPlatform::Found the Hw Db part of the input DSA
TRACE::2023-11-17.13:54:47::SCWMssOS::Checking the sw design at  F:/Ian_Jung/workplace/Harman_Vitis/mblaze_led_switch_hw_r/microblaze_0/standalone_domain/bsp/system.mss
TRACE::2023-11-17.13:54:47::SCWMssOS::DEBUG:  swdes dump  F:/Ian_Jung/workplace/Harman_Vitis/mBlaze_hello/microblaze_0/standalone_domain/bsp/system.mss|system||
F:/Ian_Jung/workplace/Harman_Vitis/mblaze_led_hw/microblaze_0/standalone_domain/bsp/system.mss|system_0||
F:/Ian_Jung/workplace/Harman_Vitis/mblaze_led_switch_hw/microblaze_0/standalone_domain/bsp/system.mss|system_1||
F:/Ian_Jung/workplace/Harman_Vitis/mblaze_led_switch_hw_r/microblaze_0/standalone_domain/bsp/system.mss|system_2||

TRACE::2023-11-17.13:54:47::SCWMssOS::Sw design exists and opened at  F:/Ian_Jung/workplace/Harman_Vitis/mblaze_led_switch_hw_r/microblaze_0/standalone_domain/bsp/system.mss
TRACE::2023-11-17.13:54:47::SCWPlatform::Trying to open the hw design at F:/Ian_Jung/workplace/Harman_Vitis/mblaze_led_switch_hw_r/hw/mblaze_led.xsa
TRACE::2023-11-17.13:54:47::SCWPlatform::DSA given F:/Ian_Jung/workplace/Harman_Vitis/mblaze_led_switch_hw_r/hw/mblaze_led.xsa
TRACE::2023-11-17.13:54:47::SCWPlatform::DSA absoulate path F:/Ian_Jung/workplace/Harman_Vitis/mblaze_led_switch_hw_r/hw/mblaze_led.xsa
TRACE::2023-11-17.13:54:47::SCWPlatform::DSA directory F:/Ian_Jung/workplace/Harman_Vitis/mblaze_led_switch_hw_r/hw
TRACE::2023-11-17.13:54:47::SCWPlatform:: Platform Path F:/Ian_Jung/workplace/Harman_Vitis/mblaze_led_switch_hw_r/hw/mblaze_led.xsa
TRACE::2023-11-17.13:54:47::SCWPlatform:: Unique name xilinx:basys3::0.0
TRACE::2023-11-17.13:54:47::SCWPlatform::Trying to set the existing hwdb with name mblaze_led_wrapper_8
TRACE::2023-11-17.13:54:47::SCWPlatform::Opened existing hwdb mblaze_led_wrapper_8
TRACE::2023-11-17.13:54:47::SCWPlatform::Found the Hw Db part of the input DSA
TRACE::2023-11-17.13:54:47::SCWMssOS::Checking the sw design at  F:/Ian_Jung/workplace/Harman_Vitis/mblaze_led_switch_hw_r/microblaze_0/standalone_domain/bsp/system.mss
TRACE::2023-11-17.13:54:47::SCWMssOS::DEBUG:  swdes dump  F:/Ian_Jung/workplace/Harman_Vitis/mBlaze_hello/microblaze_0/standalone_domain/bsp/system.mss|system||
F:/Ian_Jung/workplace/Harman_Vitis/mblaze_led_hw/microblaze_0/standalone_domain/bsp/system.mss|system_0||
F:/Ian_Jung/workplace/Harman_Vitis/mblaze_led_switch_hw/microblaze_0/standalone_domain/bsp/system.mss|system_1||
F:/Ian_Jung/workplace/Harman_Vitis/mblaze_led_switch_hw_r/microblaze_0/standalone_domain/bsp/system.mss|system_2||

TRACE::2023-11-17.13:54:47::SCWMssOS::Sw design exists and opened at  F:/Ian_Jung/workplace/Harman_Vitis/mblaze_led_switch_hw_r/microblaze_0/standalone_domain/bsp/system.mss
TRACE::2023-11-17.13:54:47::SCWPlatform::Trying to open the hw design at F:/Ian_Jung/workplace/Harman_Vitis/mblaze_led_switch_hw_r/hw/mblaze_led.xsa
TRACE::2023-11-17.13:54:47::SCWPlatform::DSA given F:/Ian_Jung/workplace/Harman_Vitis/mblaze_led_switch_hw_r/hw/mblaze_led.xsa
TRACE::2023-11-17.13:54:47::SCWPlatform::DSA absoulate path F:/Ian_Jung/workplace/Harman_Vitis/mblaze_led_switch_hw_r/hw/mblaze_led.xsa
TRACE::2023-11-17.13:54:47::SCWPlatform::DSA directory F:/Ian_Jung/workplace/Harman_Vitis/mblaze_led_switch_hw_r/hw
TRACE::2023-11-17.13:54:47::SCWPlatform:: Platform Path F:/Ian_Jung/workplace/Harman_Vitis/mblaze_led_switch_hw_r/hw/mblaze_led.xsa
TRACE::2023-11-17.13:54:47::SCWPlatform:: Unique name xilinx:basys3::0.0
TRACE::2023-11-17.13:54:47::SCWPlatform::Trying to set the existing hwdb with name mblaze_led_wrapper_8
TRACE::2023-11-17.13:54:47::SCWPlatform::Opened existing hwdb mblaze_led_wrapper_8
TRACE::2023-11-17.13:54:47::SCWPlatform::Found the Hw Db part of the input DSA
TRACE::2023-11-17.13:54:47::SCWMssOS::Checking the sw design at  F:/Ian_Jung/workplace/Harman_Vitis/mblaze_led_switch_hw_r/microblaze_0/standalone_domain/bsp/system.mss
TRACE::2023-11-17.13:54:47::SCWMssOS::DEBUG:  swdes dump  F:/Ian_Jung/workplace/Harman_Vitis/mBlaze_hello/microblaze_0/standalone_domain/bsp/system.mss|system||
F:/Ian_Jung/workplace/Harman_Vitis/mblaze_led_hw/microblaze_0/standalone_domain/bsp/system.mss|system_0||
F:/Ian_Jung/workplace/Harman_Vitis/mblaze_led_switch_hw/microblaze_0/standalone_domain/bsp/system.mss|system_1||
F:/Ian_Jung/workplace/Harman_Vitis/mblaze_led_switch_hw_r/microblaze_0/standalone_domain/bsp/system.mss|system_2||

TRACE::2023-11-17.13:54:47::SCWMssOS::Sw design exists and opened at  F:/Ian_Jung/workplace/Harman_Vitis/mblaze_led_switch_hw_r/microblaze_0/standalone_domain/bsp/system.mss
TRACE::2023-11-17.13:54:47::SCWPlatform::Trying to open the hw design at F:/Ian_Jung/workplace/Harman_Vitis/mblaze_led_switch_hw_r/hw/mblaze_led.xsa
TRACE::2023-11-17.13:54:47::SCWPlatform::DSA given F:/Ian_Jung/workplace/Harman_Vitis/mblaze_led_switch_hw_r/hw/mblaze_led.xsa
TRACE::2023-11-17.13:54:47::SCWPlatform::DSA absoulate path F:/Ian_Jung/workplace/Harman_Vitis/mblaze_led_switch_hw_r/hw/mblaze_led.xsa
TRACE::2023-11-17.13:54:47::SCWPlatform::DSA directory F:/Ian_Jung/workplace/Harman_Vitis/mblaze_led_switch_hw_r/hw
TRACE::2023-11-17.13:54:47::SCWPlatform:: Platform Path F:/Ian_Jung/workplace/Harman_Vitis/mblaze_led_switch_hw_r/hw/mblaze_led.xsa
TRACE::2023-11-17.13:54:47::SCWPlatform:: Unique name xilinx:basys3::0.0
TRACE::2023-11-17.13:54:47::SCWPlatform::Trying to set the existing hwdb with name mblaze_led_wrapper_8
TRACE::2023-11-17.13:54:47::SCWPlatform::Opened existing hwdb mblaze_led_wrapper_8
TRACE::2023-11-17.13:54:47::SCWPlatform::Found the Hw Db part of the input DSA
TRACE::2023-11-17.13:54:47::SCWMssOS::Checking the sw design at  F:/Ian_Jung/workplace/Harman_Vitis/mblaze_led_switch_hw_r/microblaze_0/standalone_domain/bsp/system.mss
TRACE::2023-11-17.13:54:47::SCWMssOS::DEBUG:  swdes dump  F:/Ian_Jung/workplace/Harman_Vitis/mBlaze_hello/microblaze_0/standalone_domain/bsp/system.mss|system||
F:/Ian_Jung/workplace/Harman_Vitis/mblaze_led_hw/microblaze_0/standalone_domain/bsp/system.mss|system_0||
F:/Ian_Jung/workplace/Harman_Vitis/mblaze_led_switch_hw/microblaze_0/standalone_domain/bsp/system.mss|system_1||
F:/Ian_Jung/workplace/Harman_Vitis/mblaze_led_switch_hw_r/microblaze_0/standalone_domain/bsp/system.mss|system_2||

TRACE::2023-11-17.13:54:47::SCWMssOS::Sw design exists and opened at  F:/Ian_Jung/workplace/Harman_Vitis/mblaze_led_switch_hw_r/microblaze_0/standalone_domain/bsp/system.mss
TRACE::2023-11-17.13:54:47::SCWWriter::formatted JSON is {
	"platformName":	"mblaze_led_switch_hw_r",
	"sprVersion":	"2.0",
	"mode":	"gui",
	"dsaType":	"Fixed",
	"platformDesc":	"mblaze_led_switch_hw_r",
	"platHandOff":	"F:/Ian_Jung/workplace/cora_z7/cora_cpu_2019/Basys3_Microblaze_real/mblaze_led.xsa",
	"platIntHandOff":	"<platformDir>/hw/mblaze_led.xsa",
	"deviceType":	"FPGA",
	"platIsPrebuiltAutogen":	"false",
	"platIsNoBootBsp":	"false",
	"hasFsblMakeHasChanges":	"false",
	"hasPmufwMakeHasChanges":	"false",
	"platPreBuiltFlag":	false,
	"platformSamplesDir":	"",
	"platActiveSys":	"mblaze_led_switch_hw_r",
	"systems":	[{
			"systemName":	"mblaze_led_switch_hw_r",
			"systemDesc":	"mblaze_led_switch_hw_r",
			"sysIsBootAutoGen":	"true",
			"systemDispName":	"mblaze_led_switch_hw_r",
			"sysActiveDom":	"standalone_domain",
			"sysDefaultDom":	"standalone_domain",
			"domains":	[{
					"domainName":	"standalone_domain",
					"domainDispName":	"standalone on microblaze_0",
					"domainDesc":	"standalone_domain",
					"processors":	"microblaze_0",
					"os":	"standalone",
					"sdxOs":	"standalone",
					"debugEnable":	"False",
					"domRuntimes":	["cpp"],
					"swRepo":	"",
					"mssOsVer":	"7.1",
					"mssFile":	"",
					"md5Digest":	"567e34ca9df3bce2fda16537036edde9",
					"compatibleApp":	"",
					"domType":	"mssDomain",
					"appSettings":	{
						"appCompilerFlags":	"",
						"appLinkerFlags":	""
					},
					"addedLibs":	[],
					"libOptions":	{
						"libsContainingOptions":	[]
					},
					"prebuiltLibs":	{
						"prebuiltIncPath":	[],
						"prebuiltLibPath":	[]
					},
					"isolation":	{
					}
				}]
		}]
}
TRACE::2023-11-17.13:54:47::SCWPlatform::Trying to open the hw design at F:/Ian_Jung/workplace/Harman_Vitis/mblaze_led_switch_hw_r/hw/mblaze_led.xsa
TRACE::2023-11-17.13:54:47::SCWPlatform::DSA given F:/Ian_Jung/workplace/Harman_Vitis/mblaze_led_switch_hw_r/hw/mblaze_led.xsa
TRACE::2023-11-17.13:54:47::SCWPlatform::DSA absoulate path F:/Ian_Jung/workplace/Harman_Vitis/mblaze_led_switch_hw_r/hw/mblaze_led.xsa
TRACE::2023-11-17.13:54:47::SCWPlatform::DSA directory F:/Ian_Jung/workplace/Harman_Vitis/mblaze_led_switch_hw_r/hw
TRACE::2023-11-17.13:54:47::SCWPlatform:: Platform Path F:/Ian_Jung/workplace/Harman_Vitis/mblaze_led_switch_hw_r/hw/mblaze_led.xsa
TRACE::2023-11-17.13:54:47::SCWPlatform:: Unique name xilinx:basys3::0.0
TRACE::2023-11-17.13:54:47::SCWPlatform::Trying to set the existing hwdb with name mblaze_led_wrapper_8
TRACE::2023-11-17.13:54:47::SCWPlatform::Opened existing hwdb mblaze_led_wrapper_8
TRACE::2023-11-17.13:54:47::SCWPlatform::Found the Hw Db part of the input DSA
TRACE::2023-11-17.13:54:47::SCWMssOS::Checking the sw design at  F:/Ian_Jung/workplace/Harman_Vitis/mblaze_led_switch_hw_r/microblaze_0/standalone_domain/bsp/system.mss
TRACE::2023-11-17.13:54:47::SCWMssOS::DEBUG:  swdes dump  F:/Ian_Jung/workplace/Harman_Vitis/mBlaze_hello/microblaze_0/standalone_domain/bsp/system.mss|system||
F:/Ian_Jung/workplace/Harman_Vitis/mblaze_led_hw/microblaze_0/standalone_domain/bsp/system.mss|system_0||
F:/Ian_Jung/workplace/Harman_Vitis/mblaze_led_switch_hw/microblaze_0/standalone_domain/bsp/system.mss|system_1||
F:/Ian_Jung/workplace/Harman_Vitis/mblaze_led_switch_hw_r/microblaze_0/standalone_domain/bsp/system.mss|system_2||

TRACE::2023-11-17.13:54:47::SCWMssOS::Sw design exists and opened at  F:/Ian_Jung/workplace/Harman_Vitis/mblaze_led_switch_hw_r/microblaze_0/standalone_domain/bsp/system.mss
TRACE::2023-11-17.13:54:47::SCWPlatform::Trying to open the hw design at F:/Ian_Jung/workplace/Harman_Vitis/mblaze_led_switch_hw_r/hw/mblaze_led.xsa
TRACE::2023-11-17.13:54:47::SCWPlatform::DSA given F:/Ian_Jung/workplace/Harman_Vitis/mblaze_led_switch_hw_r/hw/mblaze_led.xsa
TRACE::2023-11-17.13:54:47::SCWPlatform::DSA absoulate path F:/Ian_Jung/workplace/Harman_Vitis/mblaze_led_switch_hw_r/hw/mblaze_led.xsa
TRACE::2023-11-17.13:54:47::SCWPlatform::DSA directory F:/Ian_Jung/workplace/Harman_Vitis/mblaze_led_switch_hw_r/hw
TRACE::2023-11-17.13:54:47::SCWPlatform:: Platform Path F:/Ian_Jung/workplace/Harman_Vitis/mblaze_led_switch_hw_r/hw/mblaze_led.xsa
TRACE::2023-11-17.13:54:47::SCWPlatform:: Unique name xilinx:basys3::0.0
TRACE::2023-11-17.13:54:47::SCWPlatform::Trying to set the existing hwdb with name mblaze_led_wrapper_8
TRACE::2023-11-17.13:54:47::SCWPlatform::Opened existing hwdb mblaze_led_wrapper_8
TRACE::2023-11-17.13:54:47::SCWPlatform::Found the Hw Db part of the input DSA
TRACE::2023-11-17.13:54:47::SCWMssOS::Checking the sw design at  F:/Ian_Jung/workplace/Harman_Vitis/mblaze_led_switch_hw_r/microblaze_0/standalone_domain/bsp/system.mss
TRACE::2023-11-17.13:54:47::SCWMssOS::DEBUG:  swdes dump  F:/Ian_Jung/workplace/Harman_Vitis/mBlaze_hello/microblaze_0/standalone_domain/bsp/system.mss|system||
F:/Ian_Jung/workplace/Harman_Vitis/mblaze_led_hw/microblaze_0/standalone_domain/bsp/system.mss|system_0||
F:/Ian_Jung/workplace/Harman_Vitis/mblaze_led_switch_hw/microblaze_0/standalone_domain/bsp/system.mss|system_1||
F:/Ian_Jung/workplace/Harman_Vitis/mblaze_led_switch_hw_r/microblaze_0/standalone_domain/bsp/system.mss|system_2||

TRACE::2023-11-17.13:54:47::SCWMssOS::Sw design exists and opened at  F:/Ian_Jung/workplace/Harman_Vitis/mblaze_led_switch_hw_r/microblaze_0/standalone_domain/bsp/system.mss
TRACE::2023-11-17.13:54:47::SCWPlatform::Trying to open the hw design at F:/Ian_Jung/workplace/Harman_Vitis/mblaze_led_switch_hw_r/hw/mblaze_led.xsa
TRACE::2023-11-17.13:54:47::SCWPlatform::DSA given F:/Ian_Jung/workplace/Harman_Vitis/mblaze_led_switch_hw_r/hw/mblaze_led.xsa
TRACE::2023-11-17.13:54:47::SCWPlatform::DSA absoulate path F:/Ian_Jung/workplace/Harman_Vitis/mblaze_led_switch_hw_r/hw/mblaze_led.xsa
TRACE::2023-11-17.13:54:47::SCWPlatform::DSA directory F:/Ian_Jung/workplace/Harman_Vitis/mblaze_led_switch_hw_r/hw
TRACE::2023-11-17.13:54:47::SCWPlatform:: Platform Path F:/Ian_Jung/workplace/Harman_Vitis/mblaze_led_switch_hw_r/hw/mblaze_led.xsa
TRACE::2023-11-17.13:54:47::SCWPlatform:: Unique name xilinx:basys3::0.0
TRACE::2023-11-17.13:54:47::SCWPlatform::Trying to set the existing hwdb with name mblaze_led_wrapper_8
TRACE::2023-11-17.13:54:47::SCWPlatform::Opened existing hwdb mblaze_led_wrapper_8
TRACE::2023-11-17.13:54:47::SCWPlatform::Found the Hw Db part of the input DSA
TRACE::2023-11-17.13:54:47::SCWMssOS::Checking the sw design at  F:/Ian_Jung/workplace/Harman_Vitis/mblaze_led_switch_hw_r/microblaze_0/standalone_domain/bsp/system.mss
TRACE::2023-11-17.13:54:47::SCWMssOS::DEBUG:  swdes dump  F:/Ian_Jung/workplace/Harman_Vitis/mBlaze_hello/microblaze_0/standalone_domain/bsp/system.mss|system||
F:/Ian_Jung/workplace/Harman_Vitis/mblaze_led_hw/microblaze_0/standalone_domain/bsp/system.mss|system_0||
F:/Ian_Jung/workplace/Harman_Vitis/mblaze_led_switch_hw/microblaze_0/standalone_domain/bsp/system.mss|system_1||
F:/Ian_Jung/workplace/Harman_Vitis/mblaze_led_switch_hw_r/microblaze_0/standalone_domain/bsp/system.mss|system_2||

TRACE::2023-11-17.13:54:47::SCWMssOS::Sw design exists and opened at  F:/Ian_Jung/workplace/Harman_Vitis/mblaze_led_switch_hw_r/microblaze_0/standalone_domain/bsp/system.mss
TRACE::2023-11-17.13:54:47::SCWWriter::formatted JSON is {
	"platformName":	"mblaze_led_switch_hw_r",
	"sprVersion":	"2.0",
	"mode":	"gui",
	"dsaType":	"Fixed",
	"platformDesc":	"mblaze_led_switch_hw_r",
	"platHandOff":	"F:/Ian_Jung/workplace/cora_z7/cora_cpu_2019/Basys3_Microblaze_real/mblaze_led.xsa",
	"platIntHandOff":	"<platformDir>/hw/mblaze_led.xsa",
	"deviceType":	"FPGA",
	"platIsPrebuiltAutogen":	"false",
	"platIsNoBootBsp":	"false",
	"hasFsblMakeHasChanges":	"false",
	"hasPmufwMakeHasChanges":	"false",
	"platPreBuiltFlag":	false,
	"platformSamplesDir":	"",
	"platActiveSys":	"mblaze_led_switch_hw_r",
	"systems":	[{
			"systemName":	"mblaze_led_switch_hw_r",
			"systemDesc":	"mblaze_led_switch_hw_r",
			"sysIsBootAutoGen":	"true",
			"systemDispName":	"mblaze_led_switch_hw_r",
			"sysActiveDom":	"standalone_domain",
			"sysDefaultDom":	"standalone_domain",
			"domains":	[{
					"domainName":	"standalone_domain",
					"domainDispName":	"standalone on microblaze_0",
					"domainDesc":	"standalone_domain",
					"processors":	"microblaze_0",
					"os":	"standalone",
					"sdxOs":	"standalone",
					"debugEnable":	"False",
					"domRuntimes":	["cpp"],
					"swRepo":	"",
					"mssOsVer":	"7.1",
					"mssFile":	"",
					"md5Digest":	"567e34ca9df3bce2fda16537036edde9",
					"compatibleApp":	"",
					"domType":	"mssDomain",
					"appSettings":	{
						"appCompilerFlags":	"",
						"appLinkerFlags":	""
					},
					"addedLibs":	[],
					"libOptions":	{
						"libsContainingOptions":	[]
					},
					"prebuiltLibs":	{
						"prebuiltIncPath":	[],
						"prebuiltLibPath":	[]
					},
					"isolation":	{
					}
				}]
		}]
}
TRACE::2023-11-17.13:54:47::SCWPlatform::Clearing the existing platform
TRACE::2023-11-17.13:54:47::SCWSystem::Clearing the existing sysconfig
TRACE::2023-11-17.13:54:47::SCWMssOS::Removing the swdes entry for  F:/Ian_Jung/workplace/Harman_Vitis/mblaze_led_switch_hw_r/microblaze_0/standalone_domain/bsp/system.mss
TRACE::2023-11-17.13:54:47::SCWSystem::Clearing the domains completed.
TRACE::2023-11-17.13:54:47::SCWPlatform::Clearing the opened hw db.
TRACE::2023-11-17.13:54:47::SCWPlatform::DSA given F:/Ian_Jung/workplace/Harman_Vitis/mblaze_led_switch_hw_r/hw/mblaze_led.xsa
TRACE::2023-11-17.13:54:47::SCWPlatform::DSA absoulate path F:/Ian_Jung/workplace/Harman_Vitis/mblaze_led_switch_hw_r/hw/mblaze_led.xsa
TRACE::2023-11-17.13:54:47::SCWPlatform:: Platform location is F:/Ian_Jung/workplace/Harman_Vitis/mblaze_led_switch_hw_r/hw
TRACE::2023-11-17.13:54:47::SCWPlatform:: Platform Path F:/Ian_Jung/workplace/Harman_Vitis/mblaze_led_switch_hw_r/hw/mblaze_led.xsa
TRACE::2023-11-17.13:54:47::SCWPlatform:: Unique name xilinx:basys3::0.0
TRACE::2023-11-17.13:54:47::SCWPlatform::Removing the HwDB with name F:/Ian_Jung/workplace/Harman_Vitis/mblaze_led_switch_hw_r/hw/mblaze_led.xsa
TRACE::2023-11-17.13:54:47::SCWPlatform::Trying to open the hw design at F:/Ian_Jung/workplace/Harman_Vitis/mblaze_led_switch_hw_r/hw/mblaze_led.xsa
TRACE::2023-11-17.13:54:47::SCWPlatform::DSA given F:/Ian_Jung/workplace/Harman_Vitis/mblaze_led_switch_hw_r/hw/mblaze_led.xsa
TRACE::2023-11-17.13:54:47::SCWPlatform::DSA absoulate path F:/Ian_Jung/workplace/Harman_Vitis/mblaze_led_switch_hw_r/hw/mblaze_led.xsa
TRACE::2023-11-17.13:54:47::SCWPlatform::DSA directory F:/Ian_Jung/workplace/Harman_Vitis/mblaze_led_switch_hw_r/hw
TRACE::2023-11-17.13:54:47::SCWPlatform:: Platform Path F:/Ian_Jung/workplace/Harman_Vitis/mblaze_led_switch_hw_r/hw/mblaze_led.xsa
TRACE::2023-11-17.13:54:47::SCWPlatform:: Unique name xilinx:basys3::0.0
TRACE::2023-11-17.13:54:47::SCWPlatform::Do not have an existing db opened. 
TRACE::2023-11-17.13:54:47::SCWPlatform::Opened new HwDB with name mblaze_led_wrapper_9
TRACE::2023-11-17.13:54:47::SCWReader::Active system found as  mblaze_led_switch_hw_r
TRACE::2023-11-17.13:54:47::SCWReader::Handling sysconfig mblaze_led_switch_hw_r
TRACE::2023-11-17.13:54:47::SCWDomain::checking for install qemu data   : 
TRACE::2023-11-17.13:54:47::SCWPlatform::Trying to open the hw design at F:/Ian_Jung/workplace/Harman_Vitis/mblaze_led_switch_hw_r/hw/mblaze_led.xsa
TRACE::2023-11-17.13:54:47::SCWPlatform::DSA given F:/Ian_Jung/workplace/Harman_Vitis/mblaze_led_switch_hw_r/hw/mblaze_led.xsa
TRACE::2023-11-17.13:54:47::SCWPlatform::DSA absoulate path F:/Ian_Jung/workplace/Harman_Vitis/mblaze_led_switch_hw_r/hw/mblaze_led.xsa
TRACE::2023-11-17.13:54:47::SCWPlatform::DSA directory F:/Ian_Jung/workplace/Harman_Vitis/mblaze_led_switch_hw_r/hw
TRACE::2023-11-17.13:54:47::SCWPlatform:: Platform Path F:/Ian_Jung/workplace/Harman_Vitis/mblaze_led_switch_hw_r/hw/mblaze_led.xsa
TRACE::2023-11-17.13:54:47::SCWPlatform:: Unique name xilinx:basys3::0.0
TRACE::2023-11-17.13:54:47::SCWPlatform::Trying to set the existing hwdb with name mblaze_led_wrapper_9
TRACE::2023-11-17.13:54:47::SCWPlatform::Opened existing hwdb mblaze_led_wrapper_9
TRACE::2023-11-17.13:54:47::SCWPlatform::Found the Hw Db part of the input DSA
TRACE::2023-11-17.13:54:47::SCWPlatform::Trying to open the hw design at F:/Ian_Jung/workplace/Harman_Vitis/mblaze_led_switch_hw_r/hw/mblaze_led.xsa
TRACE::2023-11-17.13:54:47::SCWPlatform::DSA given F:/Ian_Jung/workplace/Harman_Vitis/mblaze_led_switch_hw_r/hw/mblaze_led.xsa
TRACE::2023-11-17.13:54:47::SCWPlatform::DSA absoulate path F:/Ian_Jung/workplace/Harman_Vitis/mblaze_led_switch_hw_r/hw/mblaze_led.xsa
TRACE::2023-11-17.13:54:47::SCWPlatform::DSA directory F:/Ian_Jung/workplace/Harman_Vitis/mblaze_led_switch_hw_r/hw
TRACE::2023-11-17.13:54:47::SCWPlatform:: Platform Path F:/Ian_Jung/workplace/Harman_Vitis/mblaze_led_switch_hw_r/hw/mblaze_led.xsa
TRACE::2023-11-17.13:54:47::SCWPlatform:: Unique name xilinx:basys3::0.0
TRACE::2023-11-17.13:54:47::SCWPlatform::Trying to set the existing hwdb with name mblaze_led_wrapper_9
TRACE::2023-11-17.13:54:47::SCWPlatform::Opened existing hwdb mblaze_led_wrapper_9
TRACE::2023-11-17.13:54:47::SCWPlatform::Found the Hw Db part of the input DSA
TRACE::2023-11-17.13:54:47::SCWPlatform::Trying to open the hw design at F:/Ian_Jung/workplace/Harman_Vitis/mblaze_led_switch_hw_r/hw/mblaze_led.xsa
TRACE::2023-11-17.13:54:47::SCWPlatform::DSA given F:/Ian_Jung/workplace/Harman_Vitis/mblaze_led_switch_hw_r/hw/mblaze_led.xsa
TRACE::2023-11-17.13:54:47::SCWPlatform::DSA absoulate path F:/Ian_Jung/workplace/Harman_Vitis/mblaze_led_switch_hw_r/hw/mblaze_led.xsa
TRACE::2023-11-17.13:54:47::SCWPlatform::DSA directory F:/Ian_Jung/workplace/Harman_Vitis/mblaze_led_switch_hw_r/hw
TRACE::2023-11-17.13:54:47::SCWPlatform:: Platform Path F:/Ian_Jung/workplace/Harman_Vitis/mblaze_led_switch_hw_r/hw/mblaze_led.xsa
TRACE::2023-11-17.13:54:47::SCWPlatform:: Unique name xilinx:basys3::0.0
TRACE::2023-11-17.13:54:47::SCWPlatform::Trying to set the existing hwdb with name mblaze_led_wrapper_9
TRACE::2023-11-17.13:54:47::SCWPlatform::Opened existing hwdb mblaze_led_wrapper_9
TRACE::2023-11-17.13:54:47::SCWPlatform::Found the Hw Db part of the input DSA
TRACE::2023-11-17.13:54:47::SCWMssOS::Checking the sw design at  F:/Ian_Jung/workplace/Harman_Vitis/mblaze_led_switch_hw_r/microblaze_0/standalone_domain/bsp/system.mss
TRACE::2023-11-17.13:54:47::SCWMssOS::DEBUG:  swdes dump  F:/Ian_Jung/workplace/Harman_Vitis/mBlaze_hello/microblaze_0/standalone_domain/bsp/system.mss|system||
F:/Ian_Jung/workplace/Harman_Vitis/mblaze_led_hw/microblaze_0/standalone_domain/bsp/system.mss|system_0||
F:/Ian_Jung/workplace/Harman_Vitis/mblaze_led_switch_hw/microblaze_0/standalone_domain/bsp/system.mss|system_1||

TRACE::2023-11-17.13:54:47::SCWMssOS::No sw design opened at  F:/Ian_Jung/workplace/Harman_Vitis/mblaze_led_switch_hw_r/microblaze_0/standalone_domain/bsp/system.mss
TRACE::2023-11-17.13:54:47::SCWMssOS::mss exists loading the mss file  F:/Ian_Jung/workplace/Harman_Vitis/mblaze_led_switch_hw_r/microblaze_0/standalone_domain/bsp/system.mss
TRACE::2023-11-17.13:54:47::SCWMssOS::Opened the sw design from mss  F:/Ian_Jung/workplace/Harman_Vitis/mblaze_led_switch_hw_r/microblaze_0/standalone_domain/bsp/system.mss
TRACE::2023-11-17.13:54:47::SCWMssOS::Adding the swdes entry F:/Ian_Jung/workplace/Harman_Vitis/mblaze_led_switch_hw_r/microblaze_0/standalone_domain/bsp/system.mss with des name system_2
TRACE::2023-11-17.13:54:47::SCWMssOS::updating the scw layer about changes
TRACE::2023-11-17.13:54:47::SCWMssOS::Opened the sw design.  F:/Ian_Jung/workplace/Harman_Vitis/mblaze_led_switch_hw_r/microblaze_0/standalone_domain/bsp/system.mss
TRACE::2023-11-17.13:54:47::SCWReader::Adding prebuilt librarypaths as   
TRACE::2023-11-17.13:54:47::SCWReader::Adding prebuilt incpaths  as   
TRACE::2023-11-17.13:54:47::SCWPlatform::Trying to open the hw design at F:/Ian_Jung/workplace/Harman_Vitis/mblaze_led_switch_hw_r/hw/mblaze_led.xsa
TRACE::2023-11-17.13:54:47::SCWPlatform::DSA given F:/Ian_Jung/workplace/Harman_Vitis/mblaze_led_switch_hw_r/hw/mblaze_led.xsa
TRACE::2023-11-17.13:54:47::SCWPlatform::DSA absoulate path F:/Ian_Jung/workplace/Harman_Vitis/mblaze_led_switch_hw_r/hw/mblaze_led.xsa
TRACE::2023-11-17.13:54:47::SCWPlatform::DSA directory F:/Ian_Jung/workplace/Harman_Vitis/mblaze_led_switch_hw_r/hw
TRACE::2023-11-17.13:54:47::SCWPlatform:: Platform Path F:/Ian_Jung/workplace/Harman_Vitis/mblaze_led_switch_hw_r/hw/mblaze_led.xsa
TRACE::2023-11-17.13:54:47::SCWPlatform:: Unique name xilinx:basys3::0.0
TRACE::2023-11-17.13:54:47::SCWPlatform::Trying to set the existing hwdb with name mblaze_led_wrapper_9
TRACE::2023-11-17.13:54:47::SCWPlatform::Opened existing hwdb mblaze_led_wrapper_9
TRACE::2023-11-17.13:54:47::SCWPlatform::Found the Hw Db part of the input DSA
TRACE::2023-11-17.13:54:47::SCWMssOS::Checking the sw design at  F:/Ian_Jung/workplace/Harman_Vitis/mblaze_led_switch_hw_r/microblaze_0/standalone_domain/bsp/system.mss
TRACE::2023-11-17.13:54:47::SCWMssOS::DEBUG:  swdes dump  F:/Ian_Jung/workplace/Harman_Vitis/mBlaze_hello/microblaze_0/standalone_domain/bsp/system.mss|system||
F:/Ian_Jung/workplace/Harman_Vitis/mblaze_led_hw/microblaze_0/standalone_domain/bsp/system.mss|system_0||
F:/Ian_Jung/workplace/Harman_Vitis/mblaze_led_switch_hw/microblaze_0/standalone_domain/bsp/system.mss|system_1||
F:/Ian_Jung/workplace/Harman_Vitis/mblaze_led_switch_hw_r/microblaze_0/standalone_domain/bsp/system.mss|system_2||

TRACE::2023-11-17.13:54:47::SCWMssOS::Sw design exists and opened at  F:/Ian_Jung/workplace/Harman_Vitis/mblaze_led_switch_hw_r/microblaze_0/standalone_domain/bsp/system.mss
TRACE::2023-11-17.13:54:47::SCWReader::No isolation master present  
TRACE::2023-11-17.13:54:48::SCWPlatform::Trying to open the hw design at F:/Ian_Jung/workplace/Harman_Vitis/mblaze_led_switch_hw_r/hw/mblaze_led.xsa
TRACE::2023-11-17.13:54:48::SCWPlatform::DSA given F:/Ian_Jung/workplace/Harman_Vitis/mblaze_led_switch_hw_r/hw/mblaze_led.xsa
TRACE::2023-11-17.13:54:48::SCWPlatform::DSA absoulate path F:/Ian_Jung/workplace/Harman_Vitis/mblaze_led_switch_hw_r/hw/mblaze_led.xsa
TRACE::2023-11-17.13:54:48::SCWPlatform::DSA directory F:/Ian_Jung/workplace/Harman_Vitis/mblaze_led_switch_hw_r/hw
TRACE::2023-11-17.13:54:48::SCWPlatform:: Platform Path F:/Ian_Jung/workplace/Harman_Vitis/mblaze_led_switch_hw_r/hw/mblaze_led.xsa
TRACE::2023-11-17.13:54:48::SCWPlatform:: Unique name xilinx:basys3::0.0
TRACE::2023-11-17.13:54:48::SCWPlatform::Trying to set the existing hwdb with name mblaze_led_wrapper_9
TRACE::2023-11-17.13:54:48::SCWPlatform::Opened existing hwdb mblaze_led_wrapper_9
TRACE::2023-11-17.13:54:48::SCWPlatform::Found the Hw Db part of the input DSA
TRACE::2023-11-17.13:54:48::SCWMssOS::Checking the sw design at  F:/Ian_Jung/workplace/Harman_Vitis/mblaze_led_switch_hw_r/microblaze_0/standalone_domain/bsp/system.mss
TRACE::2023-11-17.13:54:48::SCWMssOS::DEBUG:  swdes dump  F:/Ian_Jung/workplace/Harman_Vitis/mBlaze_hello/microblaze_0/standalone_domain/bsp/system.mss|system||
F:/Ian_Jung/workplace/Harman_Vitis/mblaze_led_hw/microblaze_0/standalone_domain/bsp/system.mss|system_0||
F:/Ian_Jung/workplace/Harman_Vitis/mblaze_led_switch_hw/microblaze_0/standalone_domain/bsp/system.mss|system_1||
F:/Ian_Jung/workplace/Harman_Vitis/mblaze_led_switch_hw_r/microblaze_0/standalone_domain/bsp/system.mss|system_2||

TRACE::2023-11-17.13:54:48::SCWMssOS::Sw design exists and opened at  F:/Ian_Jung/workplace/Harman_Vitis/mblaze_led_switch_hw_r/microblaze_0/standalone_domain/bsp/system.mss
TRACE::2023-11-17.13:54:48::SCWMssOS::In reload Mss file.
TRACE::2023-11-17.13:54:48::SCWPlatform::Trying to open the hw design at F:/Ian_Jung/workplace/Harman_Vitis/mblaze_led_switch_hw_r/hw/mblaze_led.xsa
TRACE::2023-11-17.13:54:48::SCWPlatform::DSA given F:/Ian_Jung/workplace/Harman_Vitis/mblaze_led_switch_hw_r/hw/mblaze_led.xsa
TRACE::2023-11-17.13:54:48::SCWPlatform::DSA absoulate path F:/Ian_Jung/workplace/Harman_Vitis/mblaze_led_switch_hw_r/hw/mblaze_led.xsa
TRACE::2023-11-17.13:54:48::SCWPlatform::DSA directory F:/Ian_Jung/workplace/Harman_Vitis/mblaze_led_switch_hw_r/hw
TRACE::2023-11-17.13:54:48::SCWPlatform:: Platform Path F:/Ian_Jung/workplace/Harman_Vitis/mblaze_led_switch_hw_r/hw/mblaze_led.xsa
TRACE::2023-11-17.13:54:48::SCWPlatform:: Unique name xilinx:basys3::0.0
TRACE::2023-11-17.13:54:48::SCWPlatform::Trying to set the existing hwdb with name mblaze_led_wrapper_9
TRACE::2023-11-17.13:54:48::SCWPlatform::Opened existing hwdb mblaze_led_wrapper_9
TRACE::2023-11-17.13:54:48::SCWPlatform::Found the Hw Db part of the input DSA
TRACE::2023-11-17.13:54:48::SCWMssOS::Checking the sw design at  F:/Ian_Jung/workplace/Harman_Vitis/mblaze_led_switch_hw_r/microblaze_0/standalone_domain/bsp/system.mss
TRACE::2023-11-17.13:54:48::SCWMssOS::DEBUG:  swdes dump  F:/Ian_Jung/workplace/Harman_Vitis/mBlaze_hello/microblaze_0/standalone_domain/bsp/system.mss|system||
F:/Ian_Jung/workplace/Harman_Vitis/mblaze_led_hw/microblaze_0/standalone_domain/bsp/system.mss|system_0||
F:/Ian_Jung/workplace/Harman_Vitis/mblaze_led_switch_hw/microblaze_0/standalone_domain/bsp/system.mss|system_1||
F:/Ian_Jung/workplace/Harman_Vitis/mblaze_led_switch_hw_r/microblaze_0/standalone_domain/bsp/system.mss|system_2||

KEYINFO::2023-11-17.13:54:48::SCWMssOS::Could not open the swdb for system_2
KEYINFO::2023-11-17.13:54:48::SCWMssOS::Could not open the sw design at  system_2
ERROR: [Hsi 55-1558] Software Design system_2 is not found

TRACE::2023-11-17.13:54:48::SCWMssOS::Cleared the swdb table entry
TRACE::2023-11-17.13:54:48::SCWMssOS::No sw design opened at  F:/Ian_Jung/workplace/Harman_Vitis/mblaze_led_switch_hw_r/microblaze_0/standalone_domain/bsp/system.mss
TRACE::2023-11-17.13:54:48::SCWMssOS::mss exists loading the mss file  F:/Ian_Jung/workplace/Harman_Vitis/mblaze_led_switch_hw_r/microblaze_0/standalone_domain/bsp/system.mss
TRACE::2023-11-17.13:54:48::SCWMssOS::Opened the sw design from mss  F:/Ian_Jung/workplace/Harman_Vitis/mblaze_led_switch_hw_r/microblaze_0/standalone_domain/bsp/system.mss
TRACE::2023-11-17.13:54:48::SCWMssOS::Adding the swdes entry F:/Ian_Jung/workplace/Harman_Vitis/mblaze_led_switch_hw_r/microblaze_0/standalone_domain/bsp/system.mss with des name system_2
TRACE::2023-11-17.13:54:48::SCWMssOS::updating the scw layer about changes
TRACE::2023-11-17.13:54:48::SCWMssOS::Opened the sw design.  F:/Ian_Jung/workplace/Harman_Vitis/mblaze_led_switch_hw_r/microblaze_0/standalone_domain/bsp/system.mss
TRACE::2023-11-17.13:54:48::SCWPlatform::Trying to open the hw design at F:/Ian_Jung/workplace/Harman_Vitis/mblaze_led_switch_hw_r/hw/mblaze_led.xsa
TRACE::2023-11-17.13:54:48::SCWPlatform::DSA given F:/Ian_Jung/workplace/Harman_Vitis/mblaze_led_switch_hw_r/hw/mblaze_led.xsa
TRACE::2023-11-17.13:54:48::SCWPlatform::DSA absoulate path F:/Ian_Jung/workplace/Harman_Vitis/mblaze_led_switch_hw_r/hw/mblaze_led.xsa
TRACE::2023-11-17.13:54:48::SCWPlatform::DSA directory F:/Ian_Jung/workplace/Harman_Vitis/mblaze_led_switch_hw_r/hw
TRACE::2023-11-17.13:54:48::SCWPlatform:: Platform Path F:/Ian_Jung/workplace/Harman_Vitis/mblaze_led_switch_hw_r/hw/mblaze_led.xsa
TRACE::2023-11-17.13:54:48::SCWPlatform:: Unique name xilinx:basys3::0.0
TRACE::2023-11-17.13:54:48::SCWPlatform::Trying to set the existing hwdb with name mblaze_led_wrapper_9
TRACE::2023-11-17.13:54:48::SCWPlatform::Opened existing hwdb mblaze_led_wrapper_9
TRACE::2023-11-17.13:54:48::SCWPlatform::Found the Hw Db part of the input DSA
TRACE::2023-11-17.13:54:48::SCWMssOS::Checking the sw design at  F:/Ian_Jung/workplace/Harman_Vitis/mblaze_led_switch_hw_r/microblaze_0/standalone_domain/bsp/system.mss
TRACE::2023-11-17.13:54:48::SCWMssOS::DEBUG:  swdes dump  F:/Ian_Jung/workplace/Harman_Vitis/mBlaze_hello/microblaze_0/standalone_domain/bsp/system.mss|system||
F:/Ian_Jung/workplace/Harman_Vitis/mblaze_led_hw/microblaze_0/standalone_domain/bsp/system.mss|system_0||
F:/Ian_Jung/workplace/Harman_Vitis/mblaze_led_switch_hw/microblaze_0/standalone_domain/bsp/system.mss|system_1||
F:/Ian_Jung/workplace/Harman_Vitis/mblaze_led_switch_hw_r/microblaze_0/standalone_domain/bsp/system.mss|system_2||

TRACE::2023-11-17.13:54:48::SCWMssOS::Sw design exists and opened at  F:/Ian_Jung/workplace/Harman_Vitis/mblaze_led_switch_hw_r/microblaze_0/standalone_domain/bsp/system.mss
TRACE::2023-11-17.13:54:48::SCWMssOS::Removing the swdes entry for  F:/Ian_Jung/workplace/Harman_Vitis/mblaze_led_switch_hw_r/microblaze_0/standalone_domain/bsp/system.mss
LOG::2023-11-17.13:54:58::SCWPlatform::Started generating the artifacts platform mblaze_led_switch_hw_r
TRACE::2023-11-17.13:54:58::SCWPlatform::Sanity checking of platform is completed
LOG::2023-11-17.13:54:58::SCWPlatform::Started generating the artifacts for system configuration mblaze_led_switch_hw_r
LOG::2023-11-17.13:54:58::SCWSystem::Checking the domain standalone_domain
LOG::2023-11-17.13:54:58::SCWSystem::Not a boot domain 
LOG::2023-11-17.13:54:58::SCWSystem::Started Processing the domain standalone_domain
TRACE::2023-11-17.13:54:58::SCWDomain::Generating domain artifcats
TRACE::2023-11-17.13:54:58::SCWMssOS::Generating standalone artifcats
TRACE::2023-11-17.13:54:58::SCWMssOS:: Copying the user libraries. 
TRACE::2023-11-17.13:54:58::SCWPlatform::Trying to open the hw design at F:/Ian_Jung/workplace/Harman_Vitis/mblaze_led_switch_hw_r/hw/mblaze_led.xsa
TRACE::2023-11-17.13:54:58::SCWPlatform::DSA given F:/Ian_Jung/workplace/Harman_Vitis/mblaze_led_switch_hw_r/hw/mblaze_led.xsa
TRACE::2023-11-17.13:54:58::SCWPlatform::DSA absoulate path F:/Ian_Jung/workplace/Harman_Vitis/mblaze_led_switch_hw_r/hw/mblaze_led.xsa
TRACE::2023-11-17.13:54:58::SCWPlatform::DSA directory F:/Ian_Jung/workplace/Harman_Vitis/mblaze_led_switch_hw_r/hw
TRACE::2023-11-17.13:54:58::SCWPlatform:: Platform Path F:/Ian_Jung/workplace/Harman_Vitis/mblaze_led_switch_hw_r/hw/mblaze_led.xsa
TRACE::2023-11-17.13:54:58::SCWPlatform:: Unique name xilinx:basys3::0.0
TRACE::2023-11-17.13:54:58::SCWPlatform::Trying to set the existing hwdb with name mblaze_led_wrapper_9
TRACE::2023-11-17.13:54:58::SCWPlatform::Opened existing hwdb mblaze_led_wrapper_9
TRACE::2023-11-17.13:54:58::SCWPlatform::Found the Hw Db part of the input DSA
TRACE::2023-11-17.13:54:58::SCWMssOS::Checking the sw design at  F:/Ian_Jung/workplace/Harman_Vitis/mblaze_led_switch_hw_r/microblaze_0/standalone_domain/bsp/system.mss
TRACE::2023-11-17.13:54:58::SCWMssOS::DEBUG:  swdes dump  F:/Ian_Jung/workplace/Harman_Vitis/mBlaze_hello/microblaze_0/standalone_domain/bsp/system.mss|system||
F:/Ian_Jung/workplace/Harman_Vitis/mblaze_led_hw/microblaze_0/standalone_domain/bsp/system.mss|system_0||
F:/Ian_Jung/workplace/Harman_Vitis/mblaze_led_switch_hw/microblaze_0/standalone_domain/bsp/system.mss|system_1||

TRACE::2023-11-17.13:54:58::SCWMssOS::No sw design opened at  F:/Ian_Jung/workplace/Harman_Vitis/mblaze_led_switch_hw_r/microblaze_0/standalone_domain/bsp/system.mss
TRACE::2023-11-17.13:54:58::SCWMssOS::mss exists loading the mss file  F:/Ian_Jung/workplace/Harman_Vitis/mblaze_led_switch_hw_r/microblaze_0/standalone_domain/bsp/system.mss
TRACE::2023-11-17.13:54:58::SCWMssOS::Opened the sw design from mss  F:/Ian_Jung/workplace/Harman_Vitis/mblaze_led_switch_hw_r/microblaze_0/standalone_domain/bsp/system.mss
TRACE::2023-11-17.13:54:58::SCWMssOS::Adding the swdes entry F:/Ian_Jung/workplace/Harman_Vitis/mblaze_led_switch_hw_r/microblaze_0/standalone_domain/bsp/system.mss with des name system_2
TRACE::2023-11-17.13:54:58::SCWMssOS::updating the scw layer about changes
TRACE::2023-11-17.13:54:58::SCWMssOS::Opened the sw design.  F:/Ian_Jung/workplace/Harman_Vitis/mblaze_led_switch_hw_r/microblaze_0/standalone_domain/bsp/system.mss
TRACE::2023-11-17.13:54:58::SCWMssOS::Completed writing the mss file at F:/Ian_Jung/workplace/Harman_Vitis/mblaze_led_switch_hw_r/microblaze_0/standalone_domain/bsp
TRACE::2023-11-17.13:54:58::SCWMssOS::Mss edits present, copying mssfile into export location F:/Ian_Jung/workplace/Harman_Vitis/mblaze_led_switch_hw_r/microblaze_0/standalone_domain/bsp/system.mss
TRACE::2023-11-17.13:54:58::SCWMssOS::bsp generated is upto date with the mss file. Skipping bsp generation.
TRACE::2023-11-17.13:54:58::SCWMssOS::BSP is already built. skipping the bsp build ... 
TRACE::2023-11-17.13:54:58::SCWDomain::Building the domain as part of full build :  standalone_domain
TRACE::2023-11-17.13:54:58::SCWMssOS::doing bsp build ... 
TRACE::2023-11-17.13:54:58::SCWMssOS::System Command Ran  F: & cd  F:/Ian_Jung/workplace/Harman_Vitis/mblaze_led_switch_hw_r/microblaze_0/standalone_domain/bsp & make 
TRACE::2023-11-17.13:54:58::SCWMssOS::"Running Make include in microblaze_0/libsrc/bram_v4_3/src"

TRACE::2023-11-17.13:54:58::SCWMssOS::make -C microblaze_0/libsrc/bram_v4_3/src -s include  "SHELL=CMD" "COMPILER=mb-gcc" "ASSEMBLER=mb-as" "ARCHIVER=mb-ar" "COMPILE
TRACE::2023-11-17.13:54:58::SCWMssOS::R_FLAGS=  -O2 -c -mcpu=v11.0 -mlittle-endian -mxl-soft-mul" "EXTRA_COMPILER_FLAGS=-g -ffunction-sections -fdata-sections -Wall 
TRACE::2023-11-17.13:54:58::SCWMssOS::-Wextra"

TRACE::2023-11-17.13:54:59::SCWMssOS::"Running Make include in microblaze_0/libsrc/cpu_v2_10/src"

TRACE::2023-11-17.13:54:59::SCWMssOS::make -C microblaze_0/libsrc/cpu_v2_10/src -s include  "SHELL=CMD" "COMPILER=mb-gcc" "ASSEMBLER=mb-as" "ARCHIVER=mb-ar" "COMPILE
TRACE::2023-11-17.13:54:59::SCWMssOS::R_FLAGS=  -O2 -c -mcpu=v11.0 -mlittle-endian -mxl-soft-mul" "EXTRA_COMPILER_FLAGS=-g -ffunction-sections -fdata-sections -Wall 
TRACE::2023-11-17.13:54:59::SCWMssOS::-Wextra"

TRACE::2023-11-17.13:54:59::SCWMssOS::"Running Make include in microblaze_0/libsrc/gpio_v4_5/src"

TRACE::2023-11-17.13:54:59::SCWMssOS::make -C microblaze_0/libsrc/gpio_v4_5/src -s include  "SHELL=CMD" "COMPILER=mb-gcc" "ASSEMBLER=mb-as" "ARCHIVER=mb-ar" "COMPILE
TRACE::2023-11-17.13:54:59::SCWMssOS::R_FLAGS=  -O2 -c -mcpu=v11.0 -mlittle-endian -mxl-soft-mul" "EXTRA_COMPILER_FLAGS=-g -ffunction-sections -fdata-sections -Wall 
TRACE::2023-11-17.13:54:59::SCWMssOS::-Wextra"

TRACE::2023-11-17.13:54:59::SCWMssOS::"Running Make include in microblaze_0/libsrc/standalone_v7_1/src"

TRACE::2023-11-17.13:54:59::SCWMssOS::make -C microblaze_0/libsrc/standalone_v7_1/src -s include  "SHELL=CMD" "COMPILER=mb-gcc" "ASSEMBLER=mb-as" "ARCHIVER=mb-ar" "C
TRACE::2023-11-17.13:54:59::SCWMssOS::OMPILER_FLAGS=  -O2 -c -mcpu=v11.0 -mlittle-endian -mxl-soft-mul" "EXTRA_COMPILER_FLAGS=-g -ffunction-sections -fdata-sections 
TRACE::2023-11-17.13:54:59::SCWMssOS::-Wall -Wextra"

TRACE::2023-11-17.13:55:00::SCWMssOS::"Running Make include in microblaze_0/libsrc/uartlite_v3_3/src"

TRACE::2023-11-17.13:55:00::SCWMssOS::make -C microblaze_0/libsrc/uartlite_v3_3/src -s include  "SHELL=CMD" "COMPILER=mb-gcc" "ASSEMBLER=mb-as" "ARCHIVER=mb-ar" "COM
TRACE::2023-11-17.13:55:00::SCWMssOS::PILER_FLAGS=  -O2 -c -mcpu=v11.0 -mlittle-endian -mxl-soft-mul" "EXTRA_COMPILER_FLAGS=-g -ffunction-sections -fdata-sections -W
TRACE::2023-11-17.13:55:00::SCWMssOS::all -Wextra"

TRACE::2023-11-17.13:55:00::SCWMssOS::"Running Make libs in microblaze_0/libsrc/bram_v4_3/src"

TRACE::2023-11-17.13:55:00::SCWMssOS::make -C microblaze_0/libsrc/bram_v4_3/src -s libs  "SHELL=CMD" "COMPILER=mb-gcc" "ASSEMBLER=mb-as" "ARCHIVER=mb-ar" "COMPILER_F
TRACE::2023-11-17.13:55:00::SCWMssOS::LAGS=  -O2 -c -mcpu=v11.0 -mlittle-endian -mxl-soft-mul" "EXTRA_COMPILER_FLAGS=-g -ffunction-sections -fdata-sections -Wall -We
TRACE::2023-11-17.13:55:00::SCWMssOS::xtra"

TRACE::2023-11-17.13:55:00::SCWMssOS::"Compiling bram"

TRACE::2023-11-17.13:55:02::SCWMssOS::"Running Make libs in microblaze_0/libsrc/cpu_v2_10/src"

TRACE::2023-11-17.13:55:02::SCWMssOS::make -C microblaze_0/libsrc/cpu_v2_10/src -s libs  "SHELL=CMD" "COMPILER=mb-gcc" "ASSEMBLER=mb-as" "ARCHIVER=mb-ar" "COMPILER_F
TRACE::2023-11-17.13:55:02::SCWMssOS::LAGS=  -O2 -c -mcpu=v11.0 -mlittle-endian -mxl-soft-mul" "EXTRA_COMPILER_FLAGS=-g -ffunction-sections -fdata-sections -Wall -We
TRACE::2023-11-17.13:55:02::SCWMssOS::xtra"

TRACE::2023-11-17.13:55:02::SCWMssOS::"Compiling cpu"

TRACE::2023-11-17.13:55:03::SCWMssOS::"Running Make libs in microblaze_0/libsrc/gpio_v4_5/src"

TRACE::2023-11-17.13:55:03::SCWMssOS::make -C microblaze_0/libsrc/gpio_v4_5/src -s libs  "SHELL=CMD" "COMPILER=mb-gcc" "ASSEMBLER=mb-as" "ARCHIVER=mb-ar" "COMPILER_F
TRACE::2023-11-17.13:55:03::SCWMssOS::LAGS=  -O2 -c -mcpu=v11.0 -mlittle-endian -mxl-soft-mul" "EXTRA_COMPILER_FLAGS=-g -ffunction-sections -fdata-sections -Wall -We
TRACE::2023-11-17.13:55:03::SCWMssOS::xtra"

TRACE::2023-11-17.13:55:03::SCWMssOS::"Compiling gpio"

TRACE::2023-11-17.13:55:04::SCWMssOS::"Running Make libs in microblaze_0/libsrc/standalone_v7_1/src"

TRACE::2023-11-17.13:55:04::SCWMssOS::make -C microblaze_0/libsrc/standalone_v7_1/src -s libs  "SHELL=CMD" "COMPILER=mb-gcc" "ASSEMBLER=mb-as" "ARCHIVER=mb-ar" "COMP
TRACE::2023-11-17.13:55:04::SCWMssOS::ILER_FLAGS=  -O2 -c -mcpu=v11.0 -mlittle-endian -mxl-soft-mul" "EXTRA_COMPILER_FLAGS=-g -ffunction-sections -fdata-sections -Wa
TRACE::2023-11-17.13:55:04::SCWMssOS::ll -Wextra"

TRACE::2023-11-17.13:55:04::SCWMssOS::"Compiling standalone";

TRACE::2023-11-17.13:55:09::SCWMssOS::"Running Make libs in microblaze_0/libsrc/uartlite_v3_3/src"

TRACE::2023-11-17.13:55:09::SCWMssOS::make -C microblaze_0/libsrc/uartlite_v3_3/src -s libs  "SHELL=CMD" "COMPILER=mb-gcc" "ASSEMBLER=mb-as" "ARCHIVER=mb-ar" "COMPIL
TRACE::2023-11-17.13:55:09::SCWMssOS::ER_FLAGS=  -O2 -c -mcpu=v11.0 -mlittle-endian -mxl-soft-mul" "EXTRA_COMPILER_FLAGS=-g -ffunction-sections -fdata-sections -Wall
TRACE::2023-11-17.13:55:09::SCWMssOS:: -Wextra"

TRACE::2023-11-17.13:55:09::SCWMssOS::"Compiling uartlite"

TRACE::2023-11-17.13:55:10::SCWMssOS::'Finished building libraries'

TRACE::2023-11-17.13:55:10::SCWMssOS::Copying to export directory.
TRACE::2023-11-17.13:55:11::SCWMssOS:: Checking if to create the Supporting Applications
TRACE::2023-11-17.13:55:11::SCWMssOS:: No Linux domain exists, trying to generate FSBL 
LOG::2023-11-17.13:55:11::SCWSystem::Completed Processing the domain standalone_domain
LOG::2023-11-17.13:55:11::SCWSystem::Completed Processing the sysconfig mblaze_led_switch_hw_r
LOG::2023-11-17.13:55:11::SCWPlatform::Completed generating the artifacts for system configuration mblaze_led_switch_hw_r
TRACE::2023-11-17.13:55:11::SCWPlatform::Started preparing the platform 
TRACE::2023-11-17.13:55:11::SCWSystem::Writing the bif file for system config mblaze_led_switch_hw_r
TRACE::2023-11-17.13:55:11::SCWSystem::dir created 
TRACE::2023-11-17.13:55:11::SCWSystem::Writing the bif 
TRACE::2023-11-17.13:55:11::SCWPlatform::Started writing the spfm file 
TRACE::2023-11-17.13:55:11::SCWPlatform::Started writing the xpfm file 
TRACE::2023-11-17.13:55:11::SCWPlatform::Completed generating the platform
TRACE::2023-11-17.13:55:11::SCWPlatform::Trying to open the hw design at F:/Ian_Jung/workplace/Harman_Vitis/mblaze_led_switch_hw_r/hw/mblaze_led.xsa
TRACE::2023-11-17.13:55:11::SCWPlatform::DSA given F:/Ian_Jung/workplace/Harman_Vitis/mblaze_led_switch_hw_r/hw/mblaze_led.xsa
TRACE::2023-11-17.13:55:11::SCWPlatform::DSA absoulate path F:/Ian_Jung/workplace/Harman_Vitis/mblaze_led_switch_hw_r/hw/mblaze_led.xsa
TRACE::2023-11-17.13:55:11::SCWPlatform::DSA directory F:/Ian_Jung/workplace/Harman_Vitis/mblaze_led_switch_hw_r/hw
TRACE::2023-11-17.13:55:11::SCWPlatform:: Platform Path F:/Ian_Jung/workplace/Harman_Vitis/mblaze_led_switch_hw_r/hw/mblaze_led.xsa
TRACE::2023-11-17.13:55:11::SCWPlatform:: Unique name xilinx:basys3::0.0
TRACE::2023-11-17.13:55:11::SCWPlatform::Trying to set the existing hwdb with name mblaze_led_wrapper_9
TRACE::2023-11-17.13:55:11::SCWPlatform::Opened existing hwdb mblaze_led_wrapper_9
TRACE::2023-11-17.13:55:11::SCWPlatform::Found the Hw Db part of the input DSA
TRACE::2023-11-17.13:55:11::SCWMssOS::Checking the sw design at  F:/Ian_Jung/workplace/Harman_Vitis/mblaze_led_switch_hw_r/microblaze_0/standalone_domain/bsp/system.mss
TRACE::2023-11-17.13:55:11::SCWMssOS::DEBUG:  swdes dump  F:/Ian_Jung/workplace/Harman_Vitis/mBlaze_hello/microblaze_0/standalone_domain/bsp/system.mss|system||
F:/Ian_Jung/workplace/Harman_Vitis/mblaze_led_hw/microblaze_0/standalone_domain/bsp/system.mss|system_0||
F:/Ian_Jung/workplace/Harman_Vitis/mblaze_led_switch_hw/microblaze_0/standalone_domain/bsp/system.mss|system_1||
F:/Ian_Jung/workplace/Harman_Vitis/mblaze_led_switch_hw_r/microblaze_0/standalone_domain/bsp/system.mss|system_2||

TRACE::2023-11-17.13:55:11::SCWMssOS::Sw design exists and opened at  F:/Ian_Jung/workplace/Harman_Vitis/mblaze_led_switch_hw_r/microblaze_0/standalone_domain/bsp/system.mss
TRACE::2023-11-17.13:55:11::SCWWriter::formatted JSON is {
	"platformName":	"mblaze_led_switch_hw_r",
	"sprVersion":	"2.0",
	"mode":	"gui",
	"dsaType":	"Fixed",
	"platformDesc":	"mblaze_led_switch_hw_r",
	"platHandOff":	"F:/Ian_Jung/workplace/cora_z7/cora_cpu_2019/Basys3_Microblaze_real/mblaze_led.xsa",
	"platIntHandOff":	"<platformDir>/hw/mblaze_led.xsa",
	"deviceType":	"FPGA",
	"platIsPrebuiltAutogen":	"false",
	"platIsNoBootBsp":	"false",
	"hasFsblMakeHasChanges":	"false",
	"hasPmufwMakeHasChanges":	"false",
	"platPreBuiltFlag":	false,
	"platformSamplesDir":	"",
	"platActiveSys":	"mblaze_led_switch_hw_r",
	"systems":	[{
			"systemName":	"mblaze_led_switch_hw_r",
			"systemDesc":	"mblaze_led_switch_hw_r",
			"sysIsBootAutoGen":	"true",
			"systemDispName":	"mblaze_led_switch_hw_r",
			"sysActiveDom":	"standalone_domain",
			"sysDefaultDom":	"standalone_domain",
			"domains":	[{
					"domainName":	"standalone_domain",
					"domainDispName":	"standalone on microblaze_0",
					"domainDesc":	"standalone_domain",
					"processors":	"microblaze_0",
					"os":	"standalone",
					"sdxOs":	"standalone",
					"debugEnable":	"False",
					"domRuntimes":	["cpp"],
					"swRepo":	"",
					"mssOsVer":	"7.1",
					"mssFile":	"",
					"md5Digest":	"567e34ca9df3bce2fda16537036edde9",
					"compatibleApp":	"",
					"domType":	"mssDomain",
					"appSettings":	{
						"appCompilerFlags":	"",
						"appLinkerFlags":	""
					},
					"addedLibs":	[],
					"libOptions":	{
						"libsContainingOptions":	[]
					},
					"prebuiltLibs":	{
						"prebuiltIncPath":	[],
						"prebuiltLibPath":	[]
					},
					"isolation":	{
					}
				}]
		}]
}
KEYINFO::2023-11-17.13:55:11::SCWPlatform::updated the xpfm file.
TRACE::2023-11-17.13:55:11::SCWPlatform::Trying to open the hw design at F:/Ian_Jung/workplace/Harman_Vitis/mblaze_led_switch_hw_r/hw/mblaze_led.xsa
TRACE::2023-11-17.13:55:11::SCWPlatform::DSA given F:/Ian_Jung/workplace/Harman_Vitis/mblaze_led_switch_hw_r/hw/mblaze_led.xsa
TRACE::2023-11-17.13:55:11::SCWPlatform::DSA absoulate path F:/Ian_Jung/workplace/Harman_Vitis/mblaze_led_switch_hw_r/hw/mblaze_led.xsa
TRACE::2023-11-17.13:55:11::SCWPlatform::DSA directory F:/Ian_Jung/workplace/Harman_Vitis/mblaze_led_switch_hw_r/hw
TRACE::2023-11-17.13:55:11::SCWPlatform:: Platform Path F:/Ian_Jung/workplace/Harman_Vitis/mblaze_led_switch_hw_r/hw/mblaze_led.xsa
TRACE::2023-11-17.13:55:11::SCWPlatform:: Unique name xilinx:basys3::0.0
TRACE::2023-11-17.13:55:11::SCWPlatform::Trying to set the existing hwdb with name mblaze_led_wrapper_9
TRACE::2023-11-17.13:55:11::SCWPlatform::Opened existing hwdb mblaze_led_wrapper_9
TRACE::2023-11-17.13:55:11::SCWPlatform::Found the Hw Db part of the input DSA
TRACE::2023-11-17.13:55:11::SCWMssOS::Checking the sw design at  F:/Ian_Jung/workplace/Harman_Vitis/mblaze_led_switch_hw_r/microblaze_0/standalone_domain/bsp/system.mss
TRACE::2023-11-17.13:55:11::SCWMssOS::DEBUG:  swdes dump  F:/Ian_Jung/workplace/Harman_Vitis/mBlaze_hello/microblaze_0/standalone_domain/bsp/system.mss|system||
F:/Ian_Jung/workplace/Harman_Vitis/mblaze_led_hw/microblaze_0/standalone_domain/bsp/system.mss|system_0||
F:/Ian_Jung/workplace/Harman_Vitis/mblaze_led_switch_hw/microblaze_0/standalone_domain/bsp/system.mss|system_1||
F:/Ian_Jung/workplace/Harman_Vitis/mblaze_led_switch_hw_r/microblaze_0/standalone_domain/bsp/system.mss|system_2||

TRACE::2023-11-17.13:55:11::SCWMssOS::Sw design exists and opened at  F:/Ian_Jung/workplace/Harman_Vitis/mblaze_led_switch_hw_r/microblaze_0/standalone_domain/bsp/system.mss
