TRACE::2023-11-23.16:07:57::SCWPlatform::Trying to open the hw design at F:/Ian_Jung/workplace/Harman_Vitis/mblaze_switch_intc_hw/hw/mblaze_switch_intc.xsa
TRACE::2023-11-23.16:07:57::SCWPlatform::DSA given F:/Ian_Jung/workplace/Harman_Vitis/mblaze_switch_intc_hw/hw/mblaze_switch_intc.xsa
TRACE::2023-11-23.16:07:57::SCWPlatform::DSA absoulate path F:/Ian_Jung/workplace/Harman_Vitis/mblaze_switch_intc_hw/hw/mblaze_switch_intc.xsa
TRACE::2023-11-23.16:07:57::SCWPlatform::DSA directory F:/Ian_Jung/workplace/Harman_Vitis/mblaze_switch_intc_hw/hw
TRACE::2023-11-23.16:07:57::SCWPlatform:: Platform Path F:/Ian_Jung/workplace/Harman_Vitis/mblaze_switch_intc_hw/hw/mblaze_switch_intc.xsa
TRACE::2023-11-23.16:07:57::SCWPlatform:: Unique name xilinx:basys3::0.0
TRACE::2023-11-23.16:07:57::SCWPlatform::Do not have an existing db opened. 
TRACE::2023-11-23.16:07:57::SCWPlatform::Opened new HwDB with name mblaze_switch_intc_wrapper_0
TRACE::2023-11-23.16:07:57::SCWWriter::formatted JSON is {
	"platformName":	"mblaze_switch_intc_hw",
	"sprVersion":	"2.0",
	"mode":	"gui",
	"dsaType":	"Fixed",
	"platformDesc":	"mblaze_switch_intc_hw",
	"platHandOff":	"F:/Ian_Jung/workplace/cora_z7/cora_cpu_2019/Basys3_Microblaze_real/mblaze_switch_intc.xsa",
	"platIntHandOff":	"<platformDir>/hw/mblaze_switch_intc.xsa",
	"deviceType":	"FPGA",
	"platIsPrebuiltAutogen":	"false",
	"platIsNoBootBsp":	"false",
	"hasFsblMakeHasChanges":	"false",
	"hasPmufwMakeHasChanges":	"false",
	"platPreBuiltFlag":	false,
	"platformSamplesDir":	""
}
TRACE::2023-11-23.16:07:57::SCWWriter::formatted JSON is {
	"platformName":	"mblaze_switch_intc_hw",
	"sprVersion":	"2.0",
	"mode":	"gui",
	"dsaType":	"Fixed",
	"platformDesc":	"mblaze_switch_intc_hw",
	"platHandOff":	"F:/Ian_Jung/workplace/cora_z7/cora_cpu_2019/Basys3_Microblaze_real/mblaze_switch_intc.xsa",
	"platIntHandOff":	"<platformDir>/hw/mblaze_switch_intc.xsa",
	"deviceType":	"FPGA",
	"platIsPrebuiltAutogen":	"false",
	"platIsNoBootBsp":	"false",
	"hasFsblMakeHasChanges":	"false",
	"hasPmufwMakeHasChanges":	"false",
	"platPreBuiltFlag":	false,
	"platformSamplesDir":	"",
	"platActiveSys":	"mblaze_switch_intc_hw",
	"systems":	[{
			"systemName":	"mblaze_switch_intc_hw",
			"systemDesc":	"mblaze_switch_intc_hw",
			"sysIsBootAutoGen":	"true",
			"systemDispName":	"mblaze_switch_intc_hw"
		}]
}
TRACE::2023-11-23.16:07:57::SCWPlatform::Boot application domains not present, creating them
TRACE::2023-11-23.16:07:57::SCWPlatform::Pure FPGA device, no boot application will be created.
TRACE::2023-11-23.16:07:57::SCWWriter::formatted JSON is {
	"platformName":	"mblaze_switch_intc_hw",
	"sprVersion":	"2.0",
	"mode":	"gui",
	"dsaType":	"Fixed",
	"platformDesc":	"mblaze_switch_intc_hw",
	"platHandOff":	"F:/Ian_Jung/workplace/cora_z7/cora_cpu_2019/Basys3_Microblaze_real/mblaze_switch_intc.xsa",
	"platIntHandOff":	"<platformDir>/hw/mblaze_switch_intc.xsa",
	"deviceType":	"FPGA",
	"platIsPrebuiltAutogen":	"false",
	"platIsNoBootBsp":	"false",
	"hasFsblMakeHasChanges":	"false",
	"hasPmufwMakeHasChanges":	"false",
	"platPreBuiltFlag":	false,
	"platformSamplesDir":	"",
	"platActiveSys":	"mblaze_switch_intc_hw",
	"systems":	[{
			"systemName":	"mblaze_switch_intc_hw",
			"systemDesc":	"mblaze_switch_intc_hw",
			"sysIsBootAutoGen":	"true",
			"systemDispName":	"mblaze_switch_intc_hw"
		}]
}
TRACE::2023-11-23.16:07:57::SCWPlatform::Trying to open the hw design at F:/Ian_Jung/workplace/Harman_Vitis/mblaze_switch_intc_hw/hw/mblaze_switch_intc.xsa
TRACE::2023-11-23.16:07:57::SCWPlatform::DSA given F:/Ian_Jung/workplace/Harman_Vitis/mblaze_switch_intc_hw/hw/mblaze_switch_intc.xsa
TRACE::2023-11-23.16:07:57::SCWPlatform::DSA absoulate path F:/Ian_Jung/workplace/Harman_Vitis/mblaze_switch_intc_hw/hw/mblaze_switch_intc.xsa
TRACE::2023-11-23.16:07:57::SCWPlatform::DSA directory F:/Ian_Jung/workplace/Harman_Vitis/mblaze_switch_intc_hw/hw
TRACE::2023-11-23.16:07:57::SCWPlatform:: Platform Path F:/Ian_Jung/workplace/Harman_Vitis/mblaze_switch_intc_hw/hw/mblaze_switch_intc.xsa
TRACE::2023-11-23.16:07:57::SCWPlatform:: Unique name xilinx:basys3::0.0
TRACE::2023-11-23.16:07:57::SCWPlatform::Trying to set the existing hwdb with name mblaze_switch_intc_wrapper_0
TRACE::2023-11-23.16:07:57::SCWPlatform::Opened existing hwdb mblaze_switch_intc_wrapper_0
TRACE::2023-11-23.16:07:57::SCWPlatform::Found the Hw Db part of the input DSA
TRACE::2023-11-23.16:07:57::SCWDomain::checking for install qemu data   : 
TRACE::2023-11-23.16:07:57::SCWPlatform::Trying to open the hw design at F:/Ian_Jung/workplace/Harman_Vitis/mblaze_switch_intc_hw/hw/mblaze_switch_intc.xsa
TRACE::2023-11-23.16:07:57::SCWPlatform::DSA given F:/Ian_Jung/workplace/Harman_Vitis/mblaze_switch_intc_hw/hw/mblaze_switch_intc.xsa
TRACE::2023-11-23.16:07:57::SCWPlatform::DSA absoulate path F:/Ian_Jung/workplace/Harman_Vitis/mblaze_switch_intc_hw/hw/mblaze_switch_intc.xsa
TRACE::2023-11-23.16:07:57::SCWPlatform::DSA directory F:/Ian_Jung/workplace/Harman_Vitis/mblaze_switch_intc_hw/hw
TRACE::2023-11-23.16:07:57::SCWPlatform:: Platform Path F:/Ian_Jung/workplace/Harman_Vitis/mblaze_switch_intc_hw/hw/mblaze_switch_intc.xsa
TRACE::2023-11-23.16:07:57::SCWPlatform:: Unique name xilinx:basys3::0.0
TRACE::2023-11-23.16:07:57::SCWPlatform::Trying to set the existing hwdb with name mblaze_switch_intc_wrapper_0
TRACE::2023-11-23.16:07:57::SCWPlatform::Opened existing hwdb mblaze_switch_intc_wrapper_0
TRACE::2023-11-23.16:07:57::SCWPlatform::Found the Hw Db part of the input DSA
TRACE::2023-11-23.16:07:57::SCWPlatform::Trying to open the hw design at F:/Ian_Jung/workplace/Harman_Vitis/mblaze_switch_intc_hw/hw/mblaze_switch_intc.xsa
TRACE::2023-11-23.16:07:57::SCWPlatform::DSA given F:/Ian_Jung/workplace/Harman_Vitis/mblaze_switch_intc_hw/hw/mblaze_switch_intc.xsa
TRACE::2023-11-23.16:07:57::SCWPlatform::DSA absoulate path F:/Ian_Jung/workplace/Harman_Vitis/mblaze_switch_intc_hw/hw/mblaze_switch_intc.xsa
TRACE::2023-11-23.16:07:57::SCWPlatform::DSA directory F:/Ian_Jung/workplace/Harman_Vitis/mblaze_switch_intc_hw/hw
TRACE::2023-11-23.16:07:57::SCWPlatform:: Platform Path F:/Ian_Jung/workplace/Harman_Vitis/mblaze_switch_intc_hw/hw/mblaze_switch_intc.xsa
TRACE::2023-11-23.16:07:57::SCWPlatform:: Unique name xilinx:basys3::0.0
TRACE::2023-11-23.16:07:57::SCWPlatform::Trying to set the existing hwdb with name mblaze_switch_intc_wrapper_0
TRACE::2023-11-23.16:07:57::SCWPlatform::Opened existing hwdb mblaze_switch_intc_wrapper_0
TRACE::2023-11-23.16:07:57::SCWPlatform::Found the Hw Db part of the input DSA
TRACE::2023-11-23.16:07:57::SCWMssOS::Checking the sw design at  F:/Ian_Jung/workplace/Harman_Vitis/mblaze_switch_intc_hw/microblaze_0/standalone_domain/bsp/system.mss
TRACE::2023-11-23.16:07:57::SCWMssOS::DEBUG:  swdes dump  F:/Ian_Jung/workplace/Harman_Vitis/mBlaze_hello/microblaze_0/standalone_domain/bsp/system.mss|system_0||
F:/Ian_Jung/workplace/Harman_Vitis/mblaze_DHT11_real_hw/microblaze_0/standalone_domain/bsp/system.mss|system_1||
F:/Ian_Jung/workplace/Harman_Vitis/mblaze_btn_intc_hw/microblaze_0/standalone_domain/bsp/system.mss|system||

TRACE::2023-11-23.16:07:57::SCWMssOS::No sw design opened at  F:/Ian_Jung/workplace/Harman_Vitis/mblaze_switch_intc_hw/microblaze_0/standalone_domain/bsp/system.mss
TRACE::2023-11-23.16:07:57::SCWMssOS::mss does not exists at F:/Ian_Jung/workplace/Harman_Vitis/mblaze_switch_intc_hw/microblaze_0/standalone_domain/bsp/system.mss
TRACE::2023-11-23.16:07:57::SCWMssOS::Creating sw design at  F:/Ian_Jung/workplace/Harman_Vitis/mblaze_switch_intc_hw/microblaze_0/standalone_domain/bsp/system.mss
TRACE::2023-11-23.16:07:57::SCWMssOS::Adding the swdes entry, created swdb F:/Ian_Jung/workplace/Harman_Vitis/mblaze_switch_intc_hw/microblaze_0/standalone_domain/bsp/system.mss with des name F:/Ian_Jung/workplace/Harman_Vitis/mblaze_switch_intc_hw/microblaze_0/standalone_domain/bsp/system.mss
TRACE::2023-11-23.16:07:57::SCWMssOS::updating the scw layer changes to swdes at   F:/Ian_Jung/workplace/Harman_Vitis/mblaze_switch_intc_hw/microblaze_0/standalone_domain/bsp/system.mss
TRACE::2023-11-23.16:07:57::SCWMssOS::Writing mss at F:/Ian_Jung/workplace/Harman_Vitis/mblaze_switch_intc_hw/microblaze_0/standalone_domain/bsp/system.mss
TRACE::2023-11-23.16:07:57::SCWMssOS::Completed writing the mss file at F:/Ian_Jung/workplace/Harman_Vitis/mblaze_switch_intc_hw/microblaze_0/standalone_domain/bsp
TRACE::2023-11-23.16:07:57::SCWMssOS::Picking up changes from newly written mss file into SCW Layer. 
TRACE::2023-11-23.16:07:57::SCWMssOS::Updated the changes from newly written mss file into SCW Layer. 
TRACE::2023-11-23.16:07:57::SCWPlatform::Trying to open the hw design at F:/Ian_Jung/workplace/Harman_Vitis/mblaze_switch_intc_hw/hw/mblaze_switch_intc.xsa
TRACE::2023-11-23.16:07:57::SCWPlatform::DSA given F:/Ian_Jung/workplace/Harman_Vitis/mblaze_switch_intc_hw/hw/mblaze_switch_intc.xsa
TRACE::2023-11-23.16:07:57::SCWPlatform::DSA absoulate path F:/Ian_Jung/workplace/Harman_Vitis/mblaze_switch_intc_hw/hw/mblaze_switch_intc.xsa
TRACE::2023-11-23.16:07:57::SCWPlatform::DSA directory F:/Ian_Jung/workplace/Harman_Vitis/mblaze_switch_intc_hw/hw
TRACE::2023-11-23.16:07:57::SCWPlatform:: Platform Path F:/Ian_Jung/workplace/Harman_Vitis/mblaze_switch_intc_hw/hw/mblaze_switch_intc.xsa
TRACE::2023-11-23.16:07:57::SCWPlatform:: Unique name xilinx:basys3::0.0
TRACE::2023-11-23.16:07:57::SCWPlatform::Trying to set the existing hwdb with name mblaze_switch_intc_wrapper_0
TRACE::2023-11-23.16:07:57::SCWPlatform::Opened existing hwdb mblaze_switch_intc_wrapper_0
TRACE::2023-11-23.16:07:57::SCWPlatform::Found the Hw Db part of the input DSA
TRACE::2023-11-23.16:07:57::SCWMssOS::Checking the sw design at  F:/Ian_Jung/workplace/Harman_Vitis/mblaze_switch_intc_hw/microblaze_0/standalone_domain/bsp/system.mss
TRACE::2023-11-23.16:07:57::SCWMssOS::DEBUG:  swdes dump  F:/Ian_Jung/workplace/Harman_Vitis/mBlaze_hello/microblaze_0/standalone_domain/bsp/system.mss|system_0||
F:/Ian_Jung/workplace/Harman_Vitis/mblaze_DHT11_real_hw/microblaze_0/standalone_domain/bsp/system.mss|system_1||
F:/Ian_Jung/workplace/Harman_Vitis/mblaze_btn_intc_hw/microblaze_0/standalone_domain/bsp/system.mss|system||
F:/Ian_Jung/workplace/Harman_Vitis/mblaze_switch_intc_hw/microblaze_0/standalone_domain/bsp/system.mss|F:/Ian_Jung/workplace/Harman_Vitis/mblaze_switch_intc_hw/microblaze_0/standalone_domain/bsp/system.mss||

TRACE::2023-11-23.16:07:57::SCWMssOS::Sw design exists and opened at  F:/Ian_Jung/workplace/Harman_Vitis/mblaze_switch_intc_hw/microblaze_0/standalone_domain/bsp/system.mss
TRACE::2023-11-23.16:07:57::SCWPlatform::Trying to open the hw design at F:/Ian_Jung/workplace/Harman_Vitis/mblaze_switch_intc_hw/hw/mblaze_switch_intc.xsa
TRACE::2023-11-23.16:07:57::SCWPlatform::DSA given F:/Ian_Jung/workplace/Harman_Vitis/mblaze_switch_intc_hw/hw/mblaze_switch_intc.xsa
TRACE::2023-11-23.16:07:57::SCWPlatform::DSA absoulate path F:/Ian_Jung/workplace/Harman_Vitis/mblaze_switch_intc_hw/hw/mblaze_switch_intc.xsa
TRACE::2023-11-23.16:07:57::SCWPlatform::DSA directory F:/Ian_Jung/workplace/Harman_Vitis/mblaze_switch_intc_hw/hw
TRACE::2023-11-23.16:07:57::SCWPlatform:: Platform Path F:/Ian_Jung/workplace/Harman_Vitis/mblaze_switch_intc_hw/hw/mblaze_switch_intc.xsa
TRACE::2023-11-23.16:07:57::SCWPlatform:: Unique name xilinx:basys3::0.0
TRACE::2023-11-23.16:07:57::SCWPlatform::Trying to set the existing hwdb with name mblaze_switch_intc_wrapper_0
TRACE::2023-11-23.16:07:57::SCWPlatform::Opened existing hwdb mblaze_switch_intc_wrapper_0
TRACE::2023-11-23.16:07:57::SCWPlatform::Found the Hw Db part of the input DSA
TRACE::2023-11-23.16:07:57::SCWMssOS::Checking the sw design at  F:/Ian_Jung/workplace/Harman_Vitis/mblaze_switch_intc_hw/microblaze_0/standalone_domain/bsp/system.mss
TRACE::2023-11-23.16:07:57::SCWMssOS::DEBUG:  swdes dump  F:/Ian_Jung/workplace/Harman_Vitis/mBlaze_hello/microblaze_0/standalone_domain/bsp/system.mss|system_0||
F:/Ian_Jung/workplace/Harman_Vitis/mblaze_DHT11_real_hw/microblaze_0/standalone_domain/bsp/system.mss|system_1||
F:/Ian_Jung/workplace/Harman_Vitis/mblaze_btn_intc_hw/microblaze_0/standalone_domain/bsp/system.mss|system||
F:/Ian_Jung/workplace/Harman_Vitis/mblaze_switch_intc_hw/microblaze_0/standalone_domain/bsp/system.mss|F:/Ian_Jung/workplace/Harman_Vitis/mblaze_switch_intc_hw/microblaze_0/standalone_domain/bsp/system.mss||

TRACE::2023-11-23.16:07:57::SCWMssOS::Sw design exists and opened at  F:/Ian_Jung/workplace/Harman_Vitis/mblaze_switch_intc_hw/microblaze_0/standalone_domain/bsp/system.mss
TRACE::2023-11-23.16:07:57::SCWPlatform::Trying to open the hw design at F:/Ian_Jung/workplace/Harman_Vitis/mblaze_switch_intc_hw/hw/mblaze_switch_intc.xsa
TRACE::2023-11-23.16:07:57::SCWPlatform::DSA given F:/Ian_Jung/workplace/Harman_Vitis/mblaze_switch_intc_hw/hw/mblaze_switch_intc.xsa
TRACE::2023-11-23.16:07:57::SCWPlatform::DSA absoulate path F:/Ian_Jung/workplace/Harman_Vitis/mblaze_switch_intc_hw/hw/mblaze_switch_intc.xsa
TRACE::2023-11-23.16:07:57::SCWPlatform::DSA directory F:/Ian_Jung/workplace/Harman_Vitis/mblaze_switch_intc_hw/hw
TRACE::2023-11-23.16:07:57::SCWPlatform:: Platform Path F:/Ian_Jung/workplace/Harman_Vitis/mblaze_switch_intc_hw/hw/mblaze_switch_intc.xsa
TRACE::2023-11-23.16:07:57::SCWPlatform:: Unique name xilinx:basys3::0.0
TRACE::2023-11-23.16:07:57::SCWPlatform::Trying to set the existing hwdb with name mblaze_switch_intc_wrapper_0
TRACE::2023-11-23.16:07:57::SCWPlatform::Opened existing hwdb mblaze_switch_intc_wrapper_0
TRACE::2023-11-23.16:07:57::SCWPlatform::Found the Hw Db part of the input DSA
TRACE::2023-11-23.16:07:57::SCWMssOS::Checking the sw design at  F:/Ian_Jung/workplace/Harman_Vitis/mblaze_switch_intc_hw/microblaze_0/standalone_domain/bsp/system.mss
TRACE::2023-11-23.16:07:57::SCWMssOS::DEBUG:  swdes dump  F:/Ian_Jung/workplace/Harman_Vitis/mBlaze_hello/microblaze_0/standalone_domain/bsp/system.mss|system_0||
F:/Ian_Jung/workplace/Harman_Vitis/mblaze_DHT11_real_hw/microblaze_0/standalone_domain/bsp/system.mss|system_1||
F:/Ian_Jung/workplace/Harman_Vitis/mblaze_btn_intc_hw/microblaze_0/standalone_domain/bsp/system.mss|system||
F:/Ian_Jung/workplace/Harman_Vitis/mblaze_switch_intc_hw/microblaze_0/standalone_domain/bsp/system.mss|F:/Ian_Jung/workplace/Harman_Vitis/mblaze_switch_intc_hw/microblaze_0/standalone_domain/bsp/system.mss||

TRACE::2023-11-23.16:07:57::SCWMssOS::Sw design exists and opened at  F:/Ian_Jung/workplace/Harman_Vitis/mblaze_switch_intc_hw/microblaze_0/standalone_domain/bsp/system.mss
TRACE::2023-11-23.16:07:57::SCWWriter::formatted JSON is {
	"platformName":	"mblaze_switch_intc_hw",
	"sprVersion":	"2.0",
	"mode":	"gui",
	"dsaType":	"Fixed",
	"platformDesc":	"mblaze_switch_intc_hw",
	"platHandOff":	"F:/Ian_Jung/workplace/cora_z7/cora_cpu_2019/Basys3_Microblaze_real/mblaze_switch_intc.xsa",
	"platIntHandOff":	"<platformDir>/hw/mblaze_switch_intc.xsa",
	"deviceType":	"FPGA",
	"platIsPrebuiltAutogen":	"false",
	"platIsNoBootBsp":	"false",
	"hasFsblMakeHasChanges":	"false",
	"hasPmufwMakeHasChanges":	"false",
	"platPreBuiltFlag":	false,
	"platformSamplesDir":	"",
	"platActiveSys":	"mblaze_switch_intc_hw",
	"systems":	[{
			"systemName":	"mblaze_switch_intc_hw",
			"systemDesc":	"mblaze_switch_intc_hw",
			"sysIsBootAutoGen":	"true",
			"systemDispName":	"mblaze_switch_intc_hw",
			"sysActiveDom":	"standalone_domain",
			"sysDefaultDom":	"standalone_domain",
			"domains":	[{
					"domainName":	"standalone_domain",
					"domainDispName":	"standalone_domain",
					"domainDesc":	"standalone_domain",
					"processors":	"microblaze_0",
					"os":	"standalone",
					"sdxOs":	"standalone",
					"debugEnable":	"False",
					"domRuntimes":	["cpp"],
					"swRepo":	"",
					"mssOsVer":	"7.1",
					"mssFile":	"",
					"md5Digest":	"",
					"compatibleApp":	"",
					"domType":	"mssDomain",
					"appSettings":	{
						"appCompilerFlags":	"",
						"appLinkerFlags":	""
					},
					"addedLibs":	[],
					"libOptions":	{
						"libsContainingOptions":	[]
					},
					"prebuiltLibs":	{
						"prebuiltIncPath":	[],
						"prebuiltLibPath":	[]
					},
					"isolation":	{
					}
				}]
		}]
}
TRACE::2023-11-23.16:07:57::SCWPlatform::Trying to open the hw design at F:/Ian_Jung/workplace/Harman_Vitis/mblaze_switch_intc_hw/hw/mblaze_switch_intc.xsa
TRACE::2023-11-23.16:07:57::SCWPlatform::DSA given F:/Ian_Jung/workplace/Harman_Vitis/mblaze_switch_intc_hw/hw/mblaze_switch_intc.xsa
TRACE::2023-11-23.16:07:57::SCWPlatform::DSA absoulate path F:/Ian_Jung/workplace/Harman_Vitis/mblaze_switch_intc_hw/hw/mblaze_switch_intc.xsa
TRACE::2023-11-23.16:07:57::SCWPlatform::DSA directory F:/Ian_Jung/workplace/Harman_Vitis/mblaze_switch_intc_hw/hw
TRACE::2023-11-23.16:07:57::SCWPlatform:: Platform Path F:/Ian_Jung/workplace/Harman_Vitis/mblaze_switch_intc_hw/hw/mblaze_switch_intc.xsa
TRACE::2023-11-23.16:07:57::SCWPlatform:: Unique name xilinx:basys3::0.0
TRACE::2023-11-23.16:07:57::SCWPlatform::Trying to set the existing hwdb with name mblaze_switch_intc_wrapper_0
TRACE::2023-11-23.16:07:57::SCWPlatform::Opened existing hwdb mblaze_switch_intc_wrapper_0
TRACE::2023-11-23.16:07:57::SCWPlatform::Found the Hw Db part of the input DSA
TRACE::2023-11-23.16:07:57::SCWMssOS::Checking the sw design at  F:/Ian_Jung/workplace/Harman_Vitis/mblaze_switch_intc_hw/microblaze_0/standalone_domain/bsp/system.mss
TRACE::2023-11-23.16:07:57::SCWMssOS::DEBUG:  swdes dump  F:/Ian_Jung/workplace/Harman_Vitis/mBlaze_hello/microblaze_0/standalone_domain/bsp/system.mss|system_0||
F:/Ian_Jung/workplace/Harman_Vitis/mblaze_DHT11_real_hw/microblaze_0/standalone_domain/bsp/system.mss|system_1||
F:/Ian_Jung/workplace/Harman_Vitis/mblaze_btn_intc_hw/microblaze_0/standalone_domain/bsp/system.mss|system||
F:/Ian_Jung/workplace/Harman_Vitis/mblaze_switch_intc_hw/microblaze_0/standalone_domain/bsp/system.mss|F:/Ian_Jung/workplace/Harman_Vitis/mblaze_switch_intc_hw/microblaze_0/standalone_domain/bsp/system.mss||

TRACE::2023-11-23.16:07:57::SCWMssOS::Sw design exists and opened at  F:/Ian_Jung/workplace/Harman_Vitis/mblaze_switch_intc_hw/microblaze_0/standalone_domain/bsp/system.mss
TRACE::2023-11-23.16:07:57::SCWMssOS::Completed writing the mss file at F:/Ian_Jung/workplace/Harman_Vitis/mblaze_switch_intc_hw/microblaze_0/standalone_domain/bsp
TRACE::2023-11-23.16:07:57::SCWMssOS::Forcing BSP Sources regeneration.
LOG::2023-11-23.16:07:58::SCWPlatform::Started generating the artifacts platform mblaze_switch_intc_hw
TRACE::2023-11-23.16:07:58::SCWPlatform::Sanity checking of platform is completed
LOG::2023-11-23.16:07:58::SCWPlatform::Started generating the artifacts for system configuration mblaze_switch_intc_hw
LOG::2023-11-23.16:07:58::SCWSystem::Checking the domain standalone_domain
LOG::2023-11-23.16:07:58::SCWSystem::Not a boot domain 
LOG::2023-11-23.16:07:58::SCWSystem::Started Processing the domain standalone_domain
TRACE::2023-11-23.16:07:58::SCWDomain::Generating domain artifcats
TRACE::2023-11-23.16:07:58::SCWMssOS::Generating standalone artifcats
TRACE::2023-11-23.16:07:58::SCWMssOS:: Copying the user libraries. 
TRACE::2023-11-23.16:07:58::SCWPlatform::Trying to open the hw design at F:/Ian_Jung/workplace/Harman_Vitis/mblaze_switch_intc_hw/hw/mblaze_switch_intc.xsa
TRACE::2023-11-23.16:07:58::SCWPlatform::DSA given F:/Ian_Jung/workplace/Harman_Vitis/mblaze_switch_intc_hw/hw/mblaze_switch_intc.xsa
TRACE::2023-11-23.16:07:58::SCWPlatform::DSA absoulate path F:/Ian_Jung/workplace/Harman_Vitis/mblaze_switch_intc_hw/hw/mblaze_switch_intc.xsa
TRACE::2023-11-23.16:07:58::SCWPlatform::DSA directory F:/Ian_Jung/workplace/Harman_Vitis/mblaze_switch_intc_hw/hw
TRACE::2023-11-23.16:07:58::SCWPlatform:: Platform Path F:/Ian_Jung/workplace/Harman_Vitis/mblaze_switch_intc_hw/hw/mblaze_switch_intc.xsa
TRACE::2023-11-23.16:07:58::SCWPlatform:: Unique name xilinx:basys3::0.0
TRACE::2023-11-23.16:07:58::SCWPlatform::Trying to set the existing hwdb with name mblaze_switch_intc_wrapper_0
TRACE::2023-11-23.16:07:58::SCWPlatform::Opened existing hwdb mblaze_switch_intc_wrapper_0
TRACE::2023-11-23.16:07:58::SCWPlatform::Found the Hw Db part of the input DSA
TRACE::2023-11-23.16:07:58::SCWMssOS::Checking the sw design at  F:/Ian_Jung/workplace/Harman_Vitis/mblaze_switch_intc_hw/microblaze_0/standalone_domain/bsp/system.mss
TRACE::2023-11-23.16:07:58::SCWMssOS::DEBUG:  swdes dump  F:/Ian_Jung/workplace/Harman_Vitis/mBlaze_hello/microblaze_0/standalone_domain/bsp/system.mss|system_0||
F:/Ian_Jung/workplace/Harman_Vitis/mblaze_DHT11_real_hw/microblaze_0/standalone_domain/bsp/system.mss|system_1||
F:/Ian_Jung/workplace/Harman_Vitis/mblaze_btn_intc_hw/microblaze_0/standalone_domain/bsp/system.mss|system||
F:/Ian_Jung/workplace/Harman_Vitis/mblaze_switch_intc_hw/microblaze_0/standalone_domain/bsp/system.mss|F:/Ian_Jung/workplace/Harman_Vitis/mblaze_switch_intc_hw/microblaze_0/standalone_domain/bsp/system.mss||

KEYINFO::2023-11-23.16:07:58::SCWMssOS::Could not open the swdb for F:/Ian_Jung/workplace/Harman_Vitis/mblaze_switch_intc_hw/microblaze_0/standalone_domain/bsp/system.mss
KEYINFO::2023-11-23.16:07:58::SCWMssOS::Could not open the sw design at  F:/Ian_Jung/workplace/Harman_Vitis/mblaze_switch_intc_hw/microblaze_0/standalone_domain/bsp/system.mss
ERROR: [Hsi 55-1558] Software Design F:/Ian_Jung/workplace/Harman_Vitis/mblaze_switch_intc_hw/microblaze_0/standalone_domain/bsp/system.mss is not found

TRACE::2023-11-23.16:07:58::SCWMssOS::Cleared the swdb table entry
TRACE::2023-11-23.16:07:58::SCWMssOS::No sw design opened at  F:/Ian_Jung/workplace/Harman_Vitis/mblaze_switch_intc_hw/microblaze_0/standalone_domain/bsp/system.mss
TRACE::2023-11-23.16:07:58::SCWMssOS::mss exists loading the mss file  F:/Ian_Jung/workplace/Harman_Vitis/mblaze_switch_intc_hw/microblaze_0/standalone_domain/bsp/system.mss
TRACE::2023-11-23.16:07:58::SCWMssOS::Opened the sw design from mss  F:/Ian_Jung/workplace/Harman_Vitis/mblaze_switch_intc_hw/microblaze_0/standalone_domain/bsp/system.mss
TRACE::2023-11-23.16:07:58::SCWMssOS::Adding the swdes entry F:/Ian_Jung/workplace/Harman_Vitis/mblaze_switch_intc_hw/microblaze_0/standalone_domain/bsp/system.mss with des name system_2
TRACE::2023-11-23.16:07:58::SCWMssOS::updating the scw layer about changes
TRACE::2023-11-23.16:07:58::SCWMssOS::Opened the sw design.  F:/Ian_Jung/workplace/Harman_Vitis/mblaze_switch_intc_hw/microblaze_0/standalone_domain/bsp/system.mss
TRACE::2023-11-23.16:07:58::SCWMssOS::Completed writing the mss file at F:/Ian_Jung/workplace/Harman_Vitis/mblaze_switch_intc_hw/microblaze_0/standalone_domain/bsp
TRACE::2023-11-23.16:07:58::SCWMssOS::Mss edits present, copying mssfile into export location F:/Ian_Jung/workplace/Harman_Vitis/mblaze_switch_intc_hw/microblaze_0/standalone_domain/bsp/system.mss
TRACE::2023-11-23.16:07:58::SCWMssOS::bsp generated is upto date with the mss file. Skipping bsp generation.
TRACE::2023-11-23.16:07:58::SCWMssOS::BSP is already built. skipping the bsp build ... 
TRACE::2023-11-23.16:07:58::SCWDomain::Skipping the build for domain :  standalone_domain
TRACE::2023-11-23.16:07:58::SCWMssOS::skipping the bsp build ... 
TRACE::2023-11-23.16:07:58::SCWMssOS::Copying to export directory.
TRACE::2023-11-23.16:07:58::SCWMssOS:: Checking if to create the Supporting Applications
TRACE::2023-11-23.16:07:58::SCWMssOS:: No Linux domain exists, trying to generate FSBL 
LOG::2023-11-23.16:07:58::SCWSystem::Completed Processing the domain standalone_domain
LOG::2023-11-23.16:07:58::SCWSystem::Completed Processing the sysconfig mblaze_switch_intc_hw
LOG::2023-11-23.16:07:58::SCWPlatform::Completed generating the artifacts for system configuration mblaze_switch_intc_hw
TRACE::2023-11-23.16:07:58::SCWPlatform::Started preparing the platform 
TRACE::2023-11-23.16:07:58::SCWSystem::Writing the bif file for system config mblaze_switch_intc_hw
TRACE::2023-11-23.16:07:58::SCWSystem::dir created 
TRACE::2023-11-23.16:07:58::SCWSystem::Writing the bif 
TRACE::2023-11-23.16:07:58::SCWPlatform::Started writing the spfm file 
TRACE::2023-11-23.16:07:58::SCWPlatform::Started writing the xpfm file 
TRACE::2023-11-23.16:07:58::SCWPlatform::Completed generating the platform
TRACE::2023-11-23.16:07:58::SCWPlatform::Trying to open the hw design at F:/Ian_Jung/workplace/Harman_Vitis/mblaze_switch_intc_hw/hw/mblaze_switch_intc.xsa
TRACE::2023-11-23.16:07:58::SCWPlatform::DSA given F:/Ian_Jung/workplace/Harman_Vitis/mblaze_switch_intc_hw/hw/mblaze_switch_intc.xsa
TRACE::2023-11-23.16:07:58::SCWPlatform::DSA absoulate path F:/Ian_Jung/workplace/Harman_Vitis/mblaze_switch_intc_hw/hw/mblaze_switch_intc.xsa
TRACE::2023-11-23.16:07:58::SCWPlatform::DSA directory F:/Ian_Jung/workplace/Harman_Vitis/mblaze_switch_intc_hw/hw
TRACE::2023-11-23.16:07:58::SCWPlatform:: Platform Path F:/Ian_Jung/workplace/Harman_Vitis/mblaze_switch_intc_hw/hw/mblaze_switch_intc.xsa
TRACE::2023-11-23.16:07:58::SCWPlatform:: Unique name xilinx:basys3::0.0
TRACE::2023-11-23.16:07:58::SCWPlatform::Trying to set the existing hwdb with name mblaze_switch_intc_wrapper_0
TRACE::2023-11-23.16:07:58::SCWPlatform::Opened existing hwdb mblaze_switch_intc_wrapper_0
TRACE::2023-11-23.16:07:58::SCWPlatform::Found the Hw Db part of the input DSA
TRACE::2023-11-23.16:07:58::SCWMssOS::Checking the sw design at  F:/Ian_Jung/workplace/Harman_Vitis/mblaze_switch_intc_hw/microblaze_0/standalone_domain/bsp/system.mss
TRACE::2023-11-23.16:07:58::SCWMssOS::DEBUG:  swdes dump  F:/Ian_Jung/workplace/Harman_Vitis/mBlaze_hello/microblaze_0/standalone_domain/bsp/system.mss|system_0||
F:/Ian_Jung/workplace/Harman_Vitis/mblaze_DHT11_real_hw/microblaze_0/standalone_domain/bsp/system.mss|system_1||
F:/Ian_Jung/workplace/Harman_Vitis/mblaze_btn_intc_hw/microblaze_0/standalone_domain/bsp/system.mss|system||
F:/Ian_Jung/workplace/Harman_Vitis/mblaze_switch_intc_hw/microblaze_0/standalone_domain/bsp/system.mss|system_2||

TRACE::2023-11-23.16:07:58::SCWMssOS::Sw design exists and opened at  F:/Ian_Jung/workplace/Harman_Vitis/mblaze_switch_intc_hw/microblaze_0/standalone_domain/bsp/system.mss
TRACE::2023-11-23.16:07:58::SCWPlatform::Trying to open the hw design at F:/Ian_Jung/workplace/Harman_Vitis/mblaze_switch_intc_hw/hw/mblaze_switch_intc.xsa
TRACE::2023-11-23.16:07:58::SCWPlatform::DSA given F:/Ian_Jung/workplace/Harman_Vitis/mblaze_switch_intc_hw/hw/mblaze_switch_intc.xsa
TRACE::2023-11-23.16:07:58::SCWPlatform::DSA absoulate path F:/Ian_Jung/workplace/Harman_Vitis/mblaze_switch_intc_hw/hw/mblaze_switch_intc.xsa
TRACE::2023-11-23.16:07:58::SCWPlatform::DSA directory F:/Ian_Jung/workplace/Harman_Vitis/mblaze_switch_intc_hw/hw
TRACE::2023-11-23.16:07:58::SCWPlatform:: Platform Path F:/Ian_Jung/workplace/Harman_Vitis/mblaze_switch_intc_hw/hw/mblaze_switch_intc.xsa
TRACE::2023-11-23.16:07:58::SCWPlatform:: Unique name xilinx:basys3::0.0
TRACE::2023-11-23.16:07:58::SCWPlatform::Trying to set the existing hwdb with name mblaze_switch_intc_wrapper_0
TRACE::2023-11-23.16:07:58::SCWPlatform::Opened existing hwdb mblaze_switch_intc_wrapper_0
TRACE::2023-11-23.16:07:58::SCWPlatform::Found the Hw Db part of the input DSA
TRACE::2023-11-23.16:07:58::SCWMssOS::Checking the sw design at  F:/Ian_Jung/workplace/Harman_Vitis/mblaze_switch_intc_hw/microblaze_0/standalone_domain/bsp/system.mss
TRACE::2023-11-23.16:07:58::SCWMssOS::DEBUG:  swdes dump  F:/Ian_Jung/workplace/Harman_Vitis/mBlaze_hello/microblaze_0/standalone_domain/bsp/system.mss|system_0||
F:/Ian_Jung/workplace/Harman_Vitis/mblaze_DHT11_real_hw/microblaze_0/standalone_domain/bsp/system.mss|system_1||
F:/Ian_Jung/workplace/Harman_Vitis/mblaze_btn_intc_hw/microblaze_0/standalone_domain/bsp/system.mss|system||
F:/Ian_Jung/workplace/Harman_Vitis/mblaze_switch_intc_hw/microblaze_0/standalone_domain/bsp/system.mss|system_2||

TRACE::2023-11-23.16:07:58::SCWMssOS::Sw design exists and opened at  F:/Ian_Jung/workplace/Harman_Vitis/mblaze_switch_intc_hw/microblaze_0/standalone_domain/bsp/system.mss
TRACE::2023-11-23.16:07:58::SCWPlatform::Trying to open the hw design at F:/Ian_Jung/workplace/Harman_Vitis/mblaze_switch_intc_hw/hw/mblaze_switch_intc.xsa
TRACE::2023-11-23.16:07:58::SCWPlatform::DSA given F:/Ian_Jung/workplace/Harman_Vitis/mblaze_switch_intc_hw/hw/mblaze_switch_intc.xsa
TRACE::2023-11-23.16:07:58::SCWPlatform::DSA absoulate path F:/Ian_Jung/workplace/Harman_Vitis/mblaze_switch_intc_hw/hw/mblaze_switch_intc.xsa
TRACE::2023-11-23.16:07:58::SCWPlatform::DSA directory F:/Ian_Jung/workplace/Harman_Vitis/mblaze_switch_intc_hw/hw
TRACE::2023-11-23.16:07:58::SCWPlatform:: Platform Path F:/Ian_Jung/workplace/Harman_Vitis/mblaze_switch_intc_hw/hw/mblaze_switch_intc.xsa
TRACE::2023-11-23.16:07:58::SCWPlatform:: Unique name xilinx:basys3::0.0
TRACE::2023-11-23.16:07:58::SCWPlatform::Trying to set the existing hwdb with name mblaze_switch_intc_wrapper_0
TRACE::2023-11-23.16:07:58::SCWPlatform::Opened existing hwdb mblaze_switch_intc_wrapper_0
TRACE::2023-11-23.16:07:58::SCWPlatform::Found the Hw Db part of the input DSA
TRACE::2023-11-23.16:07:58::SCWMssOS::Checking the sw design at  F:/Ian_Jung/workplace/Harman_Vitis/mblaze_switch_intc_hw/microblaze_0/standalone_domain/bsp/system.mss
TRACE::2023-11-23.16:07:58::SCWMssOS::DEBUG:  swdes dump  F:/Ian_Jung/workplace/Harman_Vitis/mBlaze_hello/microblaze_0/standalone_domain/bsp/system.mss|system_0||
F:/Ian_Jung/workplace/Harman_Vitis/mblaze_DHT11_real_hw/microblaze_0/standalone_domain/bsp/system.mss|system_1||
F:/Ian_Jung/workplace/Harman_Vitis/mblaze_btn_intc_hw/microblaze_0/standalone_domain/bsp/system.mss|system||
F:/Ian_Jung/workplace/Harman_Vitis/mblaze_switch_intc_hw/microblaze_0/standalone_domain/bsp/system.mss|system_2||

TRACE::2023-11-23.16:07:58::SCWMssOS::Sw design exists and opened at  F:/Ian_Jung/workplace/Harman_Vitis/mblaze_switch_intc_hw/microblaze_0/standalone_domain/bsp/system.mss
TRACE::2023-11-23.16:07:58::SCWWriter::formatted JSON is {
	"platformName":	"mblaze_switch_intc_hw",
	"sprVersion":	"2.0",
	"mode":	"gui",
	"dsaType":	"Fixed",
	"platformDesc":	"mblaze_switch_intc_hw",
	"platHandOff":	"F:/Ian_Jung/workplace/cora_z7/cora_cpu_2019/Basys3_Microblaze_real/mblaze_switch_intc.xsa",
	"platIntHandOff":	"<platformDir>/hw/mblaze_switch_intc.xsa",
	"deviceType":	"FPGA",
	"platIsPrebuiltAutogen":	"false",
	"platIsNoBootBsp":	"false",
	"hasFsblMakeHasChanges":	"false",
	"hasPmufwMakeHasChanges":	"false",
	"platPreBuiltFlag":	false,
	"platformSamplesDir":	"",
	"platActiveSys":	"mblaze_switch_intc_hw",
	"systems":	[{
			"systemName":	"mblaze_switch_intc_hw",
			"systemDesc":	"mblaze_switch_intc_hw",
			"sysIsBootAutoGen":	"true",
			"systemDispName":	"mblaze_switch_intc_hw",
			"sysActiveDom":	"standalone_domain",
			"sysDefaultDom":	"standalone_domain",
			"domains":	[{
					"domainName":	"standalone_domain",
					"domainDispName":	"standalone_domain",
					"domainDesc":	"standalone_domain",
					"processors":	"microblaze_0",
					"os":	"standalone",
					"sdxOs":	"standalone",
					"debugEnable":	"False",
					"domRuntimes":	["cpp"],
					"swRepo":	"",
					"mssOsVer":	"7.1",
					"mssFile":	"",
					"md5Digest":	"14b72a4a90ae226cfbd4af1eae259bb4",
					"compatibleApp":	"",
					"domType":	"mssDomain",
					"appSettings":	{
						"appCompilerFlags":	"",
						"appLinkerFlags":	""
					},
					"addedLibs":	[],
					"libOptions":	{
						"libsContainingOptions":	[]
					},
					"prebuiltLibs":	{
						"prebuiltIncPath":	[],
						"prebuiltLibPath":	[]
					},
					"isolation":	{
					}
				}]
		}]
}
KEYINFO::2023-11-23.16:07:58::SCWPlatform::updated the xpfm file.
TRACE::2023-11-23.16:07:59::SCWPlatform::Trying to open the hw design at F:/Ian_Jung/workplace/Harman_Vitis/mblaze_switch_intc_hw/hw/mblaze_switch_intc.xsa
TRACE::2023-11-23.16:07:59::SCWPlatform::DSA given F:/Ian_Jung/workplace/Harman_Vitis/mblaze_switch_intc_hw/hw/mblaze_switch_intc.xsa
TRACE::2023-11-23.16:07:59::SCWPlatform::DSA absoulate path F:/Ian_Jung/workplace/Harman_Vitis/mblaze_switch_intc_hw/hw/mblaze_switch_intc.xsa
TRACE::2023-11-23.16:07:59::SCWPlatform::DSA directory F:/Ian_Jung/workplace/Harman_Vitis/mblaze_switch_intc_hw/hw
TRACE::2023-11-23.16:07:59::SCWPlatform:: Platform Path F:/Ian_Jung/workplace/Harman_Vitis/mblaze_switch_intc_hw/hw/mblaze_switch_intc.xsa
TRACE::2023-11-23.16:07:59::SCWPlatform:: Unique name xilinx:basys3::0.0
TRACE::2023-11-23.16:07:59::SCWPlatform::Trying to set the existing hwdb with name mblaze_switch_intc_wrapper_0
TRACE::2023-11-23.16:07:59::SCWPlatform::Opened existing hwdb mblaze_switch_intc_wrapper_0
TRACE::2023-11-23.16:07:59::SCWPlatform::Found the Hw Db part of the input DSA
TRACE::2023-11-23.16:07:59::SCWMssOS::Checking the sw design at  F:/Ian_Jung/workplace/Harman_Vitis/mblaze_switch_intc_hw/microblaze_0/standalone_domain/bsp/system.mss
TRACE::2023-11-23.16:07:59::SCWMssOS::DEBUG:  swdes dump  F:/Ian_Jung/workplace/Harman_Vitis/mBlaze_hello/microblaze_0/standalone_domain/bsp/system.mss|system_0||
F:/Ian_Jung/workplace/Harman_Vitis/mblaze_DHT11_real_hw/microblaze_0/standalone_domain/bsp/system.mss|system_1||
F:/Ian_Jung/workplace/Harman_Vitis/mblaze_btn_intc_hw/microblaze_0/standalone_domain/bsp/system.mss|system||
F:/Ian_Jung/workplace/Harman_Vitis/mblaze_switch_intc_hw/microblaze_0/standalone_domain/bsp/system.mss|system_2||

TRACE::2023-11-23.16:07:59::SCWMssOS::Sw design exists and opened at  F:/Ian_Jung/workplace/Harman_Vitis/mblaze_switch_intc_hw/microblaze_0/standalone_domain/bsp/system.mss
TRACE::2023-11-23.16:07:59::SCWPlatform::Trying to open the hw design at F:/Ian_Jung/workplace/Harman_Vitis/mblaze_switch_intc_hw/hw/mblaze_switch_intc.xsa
TRACE::2023-11-23.16:07:59::SCWPlatform::DSA given F:/Ian_Jung/workplace/Harman_Vitis/mblaze_switch_intc_hw/hw/mblaze_switch_intc.xsa
TRACE::2023-11-23.16:07:59::SCWPlatform::DSA absoulate path F:/Ian_Jung/workplace/Harman_Vitis/mblaze_switch_intc_hw/hw/mblaze_switch_intc.xsa
TRACE::2023-11-23.16:07:59::SCWPlatform::DSA directory F:/Ian_Jung/workplace/Harman_Vitis/mblaze_switch_intc_hw/hw
TRACE::2023-11-23.16:07:59::SCWPlatform:: Platform Path F:/Ian_Jung/workplace/Harman_Vitis/mblaze_switch_intc_hw/hw/mblaze_switch_intc.xsa
TRACE::2023-11-23.16:07:59::SCWPlatform:: Unique name xilinx:basys3::0.0
TRACE::2023-11-23.16:07:59::SCWPlatform::Trying to set the existing hwdb with name mblaze_switch_intc_wrapper_0
TRACE::2023-11-23.16:07:59::SCWPlatform::Opened existing hwdb mblaze_switch_intc_wrapper_0
TRACE::2023-11-23.16:07:59::SCWPlatform::Found the Hw Db part of the input DSA
TRACE::2023-11-23.16:07:59::SCWMssOS::Checking the sw design at  F:/Ian_Jung/workplace/Harman_Vitis/mblaze_switch_intc_hw/microblaze_0/standalone_domain/bsp/system.mss
TRACE::2023-11-23.16:07:59::SCWMssOS::DEBUG:  swdes dump  F:/Ian_Jung/workplace/Harman_Vitis/mBlaze_hello/microblaze_0/standalone_domain/bsp/system.mss|system_0||
F:/Ian_Jung/workplace/Harman_Vitis/mblaze_DHT11_real_hw/microblaze_0/standalone_domain/bsp/system.mss|system_1||
F:/Ian_Jung/workplace/Harman_Vitis/mblaze_btn_intc_hw/microblaze_0/standalone_domain/bsp/system.mss|system||
F:/Ian_Jung/workplace/Harman_Vitis/mblaze_switch_intc_hw/microblaze_0/standalone_domain/bsp/system.mss|system_2||

TRACE::2023-11-23.16:07:59::SCWMssOS::Sw design exists and opened at  F:/Ian_Jung/workplace/Harman_Vitis/mblaze_switch_intc_hw/microblaze_0/standalone_domain/bsp/system.mss
TRACE::2023-11-23.16:07:59::SCWPlatform::Trying to open the hw design at F:/Ian_Jung/workplace/Harman_Vitis/mblaze_switch_intc_hw/hw/mblaze_switch_intc.xsa
TRACE::2023-11-23.16:07:59::SCWPlatform::DSA given F:/Ian_Jung/workplace/Harman_Vitis/mblaze_switch_intc_hw/hw/mblaze_switch_intc.xsa
TRACE::2023-11-23.16:07:59::SCWPlatform::DSA absoulate path F:/Ian_Jung/workplace/Harman_Vitis/mblaze_switch_intc_hw/hw/mblaze_switch_intc.xsa
TRACE::2023-11-23.16:07:59::SCWPlatform::DSA directory F:/Ian_Jung/workplace/Harman_Vitis/mblaze_switch_intc_hw/hw
TRACE::2023-11-23.16:07:59::SCWPlatform:: Platform Path F:/Ian_Jung/workplace/Harman_Vitis/mblaze_switch_intc_hw/hw/mblaze_switch_intc.xsa
TRACE::2023-11-23.16:07:59::SCWPlatform:: Unique name xilinx:basys3::0.0
TRACE::2023-11-23.16:07:59::SCWPlatform::Trying to set the existing hwdb with name mblaze_switch_intc_wrapper_0
TRACE::2023-11-23.16:07:59::SCWPlatform::Opened existing hwdb mblaze_switch_intc_wrapper_0
TRACE::2023-11-23.16:07:59::SCWPlatform::Found the Hw Db part of the input DSA
TRACE::2023-11-23.16:07:59::SCWMssOS::Checking the sw design at  F:/Ian_Jung/workplace/Harman_Vitis/mblaze_switch_intc_hw/microblaze_0/standalone_domain/bsp/system.mss
TRACE::2023-11-23.16:07:59::SCWMssOS::DEBUG:  swdes dump  F:/Ian_Jung/workplace/Harman_Vitis/mBlaze_hello/microblaze_0/standalone_domain/bsp/system.mss|system_0||
F:/Ian_Jung/workplace/Harman_Vitis/mblaze_DHT11_real_hw/microblaze_0/standalone_domain/bsp/system.mss|system_1||
F:/Ian_Jung/workplace/Harman_Vitis/mblaze_btn_intc_hw/microblaze_0/standalone_domain/bsp/system.mss|system||
F:/Ian_Jung/workplace/Harman_Vitis/mblaze_switch_intc_hw/microblaze_0/standalone_domain/bsp/system.mss|system_2||

TRACE::2023-11-23.16:07:59::SCWMssOS::Sw design exists and opened at  F:/Ian_Jung/workplace/Harman_Vitis/mblaze_switch_intc_hw/microblaze_0/standalone_domain/bsp/system.mss
TRACE::2023-11-23.16:07:59::SCWPlatform::Trying to open the hw design at F:/Ian_Jung/workplace/Harman_Vitis/mblaze_switch_intc_hw/hw/mblaze_switch_intc.xsa
TRACE::2023-11-23.16:07:59::SCWPlatform::DSA given F:/Ian_Jung/workplace/Harman_Vitis/mblaze_switch_intc_hw/hw/mblaze_switch_intc.xsa
TRACE::2023-11-23.16:07:59::SCWPlatform::DSA absoulate path F:/Ian_Jung/workplace/Harman_Vitis/mblaze_switch_intc_hw/hw/mblaze_switch_intc.xsa
TRACE::2023-11-23.16:07:59::SCWPlatform::DSA directory F:/Ian_Jung/workplace/Harman_Vitis/mblaze_switch_intc_hw/hw
TRACE::2023-11-23.16:07:59::SCWPlatform:: Platform Path F:/Ian_Jung/workplace/Harman_Vitis/mblaze_switch_intc_hw/hw/mblaze_switch_intc.xsa
TRACE::2023-11-23.16:07:59::SCWPlatform:: Unique name xilinx:basys3::0.0
TRACE::2023-11-23.16:07:59::SCWPlatform::Trying to set the existing hwdb with name mblaze_switch_intc_wrapper_0
TRACE::2023-11-23.16:07:59::SCWPlatform::Opened existing hwdb mblaze_switch_intc_wrapper_0
TRACE::2023-11-23.16:07:59::SCWPlatform::Found the Hw Db part of the input DSA
TRACE::2023-11-23.16:07:59::SCWMssOS::Checking the sw design at  F:/Ian_Jung/workplace/Harman_Vitis/mblaze_switch_intc_hw/microblaze_0/standalone_domain/bsp/system.mss
TRACE::2023-11-23.16:07:59::SCWMssOS::DEBUG:  swdes dump  F:/Ian_Jung/workplace/Harman_Vitis/mBlaze_hello/microblaze_0/standalone_domain/bsp/system.mss|system_0||
F:/Ian_Jung/workplace/Harman_Vitis/mblaze_DHT11_real_hw/microblaze_0/standalone_domain/bsp/system.mss|system_1||
F:/Ian_Jung/workplace/Harman_Vitis/mblaze_btn_intc_hw/microblaze_0/standalone_domain/bsp/system.mss|system||
F:/Ian_Jung/workplace/Harman_Vitis/mblaze_switch_intc_hw/microblaze_0/standalone_domain/bsp/system.mss|system_2||

TRACE::2023-11-23.16:07:59::SCWMssOS::Sw design exists and opened at  F:/Ian_Jung/workplace/Harman_Vitis/mblaze_switch_intc_hw/microblaze_0/standalone_domain/bsp/system.mss
TRACE::2023-11-23.16:07:59::SCWWriter::formatted JSON is {
	"platformName":	"mblaze_switch_intc_hw",
	"sprVersion":	"2.0",
	"mode":	"gui",
	"dsaType":	"Fixed",
	"platformDesc":	"mblaze_switch_intc_hw",
	"platHandOff":	"F:/Ian_Jung/workplace/cora_z7/cora_cpu_2019/Basys3_Microblaze_real/mblaze_switch_intc.xsa",
	"platIntHandOff":	"<platformDir>/hw/mblaze_switch_intc.xsa",
	"deviceType":	"FPGA",
	"platIsPrebuiltAutogen":	"false",
	"platIsNoBootBsp":	"false",
	"hasFsblMakeHasChanges":	"false",
	"hasPmufwMakeHasChanges":	"false",
	"platPreBuiltFlag":	false,
	"platformSamplesDir":	"",
	"platActiveSys":	"mblaze_switch_intc_hw",
	"systems":	[{
			"systemName":	"mblaze_switch_intc_hw",
			"systemDesc":	"mblaze_switch_intc_hw",
			"sysIsBootAutoGen":	"true",
			"systemDispName":	"mblaze_switch_intc_hw",
			"sysActiveDom":	"standalone_domain",
			"sysDefaultDom":	"standalone_domain",
			"domains":	[{
					"domainName":	"standalone_domain",
					"domainDispName":	"standalone_domain",
					"domainDesc":	"standalone_domain",
					"processors":	"microblaze_0",
					"os":	"standalone",
					"sdxOs":	"standalone",
					"debugEnable":	"False",
					"domRuntimes":	["cpp"],
					"swRepo":	"",
					"mssOsVer":	"7.1",
					"mssFile":	"",
					"md5Digest":	"14b72a4a90ae226cfbd4af1eae259bb4",
					"compatibleApp":	"",
					"domType":	"mssDomain",
					"appSettings":	{
						"appCompilerFlags":	"",
						"appLinkerFlags":	""
					},
					"addedLibs":	[],
					"libOptions":	{
						"libsContainingOptions":	[]
					},
					"prebuiltLibs":	{
						"prebuiltIncPath":	[],
						"prebuiltLibPath":	[]
					},
					"isolation":	{
					}
				}]
		}]
}
TRACE::2023-11-23.16:07:59::SCWPlatform::Trying to open the hw design at F:/Ian_Jung/workplace/Harman_Vitis/mblaze_switch_intc_hw/hw/mblaze_switch_intc.xsa
TRACE::2023-11-23.16:07:59::SCWPlatform::DSA given F:/Ian_Jung/workplace/Harman_Vitis/mblaze_switch_intc_hw/hw/mblaze_switch_intc.xsa
TRACE::2023-11-23.16:07:59::SCWPlatform::DSA absoulate path F:/Ian_Jung/workplace/Harman_Vitis/mblaze_switch_intc_hw/hw/mblaze_switch_intc.xsa
TRACE::2023-11-23.16:07:59::SCWPlatform::DSA directory F:/Ian_Jung/workplace/Harman_Vitis/mblaze_switch_intc_hw/hw
TRACE::2023-11-23.16:07:59::SCWPlatform:: Platform Path F:/Ian_Jung/workplace/Harman_Vitis/mblaze_switch_intc_hw/hw/mblaze_switch_intc.xsa
TRACE::2023-11-23.16:07:59::SCWPlatform:: Unique name xilinx:basys3::0.0
TRACE::2023-11-23.16:07:59::SCWPlatform::Trying to set the existing hwdb with name mblaze_switch_intc_wrapper_0
TRACE::2023-11-23.16:07:59::SCWPlatform::Opened existing hwdb mblaze_switch_intc_wrapper_0
TRACE::2023-11-23.16:07:59::SCWPlatform::Found the Hw Db part of the input DSA
TRACE::2023-11-23.16:07:59::SCWMssOS::Checking the sw design at  F:/Ian_Jung/workplace/Harman_Vitis/mblaze_switch_intc_hw/microblaze_0/standalone_domain/bsp/system.mss
TRACE::2023-11-23.16:07:59::SCWMssOS::DEBUG:  swdes dump  F:/Ian_Jung/workplace/Harman_Vitis/mBlaze_hello/microblaze_0/standalone_domain/bsp/system.mss|system_0||
F:/Ian_Jung/workplace/Harman_Vitis/mblaze_DHT11_real_hw/microblaze_0/standalone_domain/bsp/system.mss|system_1||
F:/Ian_Jung/workplace/Harman_Vitis/mblaze_btn_intc_hw/microblaze_0/standalone_domain/bsp/system.mss|system||
F:/Ian_Jung/workplace/Harman_Vitis/mblaze_switch_intc_hw/microblaze_0/standalone_domain/bsp/system.mss|system_2||

TRACE::2023-11-23.16:07:59::SCWMssOS::Sw design exists and opened at  F:/Ian_Jung/workplace/Harman_Vitis/mblaze_switch_intc_hw/microblaze_0/standalone_domain/bsp/system.mss
TRACE::2023-11-23.16:07:59::SCWPlatform::Trying to open the hw design at F:/Ian_Jung/workplace/Harman_Vitis/mblaze_switch_intc_hw/hw/mblaze_switch_intc.xsa
TRACE::2023-11-23.16:07:59::SCWPlatform::DSA given F:/Ian_Jung/workplace/Harman_Vitis/mblaze_switch_intc_hw/hw/mblaze_switch_intc.xsa
TRACE::2023-11-23.16:07:59::SCWPlatform::DSA absoulate path F:/Ian_Jung/workplace/Harman_Vitis/mblaze_switch_intc_hw/hw/mblaze_switch_intc.xsa
TRACE::2023-11-23.16:07:59::SCWPlatform::DSA directory F:/Ian_Jung/workplace/Harman_Vitis/mblaze_switch_intc_hw/hw
TRACE::2023-11-23.16:07:59::SCWPlatform:: Platform Path F:/Ian_Jung/workplace/Harman_Vitis/mblaze_switch_intc_hw/hw/mblaze_switch_intc.xsa
TRACE::2023-11-23.16:07:59::SCWPlatform:: Unique name xilinx:basys3::0.0
TRACE::2023-11-23.16:07:59::SCWPlatform::Trying to set the existing hwdb with name mblaze_switch_intc_wrapper_0
TRACE::2023-11-23.16:07:59::SCWPlatform::Opened existing hwdb mblaze_switch_intc_wrapper_0
TRACE::2023-11-23.16:07:59::SCWPlatform::Found the Hw Db part of the input DSA
TRACE::2023-11-23.16:07:59::SCWMssOS::Checking the sw design at  F:/Ian_Jung/workplace/Harman_Vitis/mblaze_switch_intc_hw/microblaze_0/standalone_domain/bsp/system.mss
TRACE::2023-11-23.16:07:59::SCWMssOS::DEBUG:  swdes dump  F:/Ian_Jung/workplace/Harman_Vitis/mBlaze_hello/microblaze_0/standalone_domain/bsp/system.mss|system_0||
F:/Ian_Jung/workplace/Harman_Vitis/mblaze_DHT11_real_hw/microblaze_0/standalone_domain/bsp/system.mss|system_1||
F:/Ian_Jung/workplace/Harman_Vitis/mblaze_btn_intc_hw/microblaze_0/standalone_domain/bsp/system.mss|system||
F:/Ian_Jung/workplace/Harman_Vitis/mblaze_switch_intc_hw/microblaze_0/standalone_domain/bsp/system.mss|system_2||

TRACE::2023-11-23.16:07:59::SCWMssOS::Sw design exists and opened at  F:/Ian_Jung/workplace/Harman_Vitis/mblaze_switch_intc_hw/microblaze_0/standalone_domain/bsp/system.mss
TRACE::2023-11-23.16:07:59::SCWPlatform::Trying to open the hw design at F:/Ian_Jung/workplace/Harman_Vitis/mblaze_switch_intc_hw/hw/mblaze_switch_intc.xsa
TRACE::2023-11-23.16:07:59::SCWPlatform::DSA given F:/Ian_Jung/workplace/Harman_Vitis/mblaze_switch_intc_hw/hw/mblaze_switch_intc.xsa
TRACE::2023-11-23.16:07:59::SCWPlatform::DSA absoulate path F:/Ian_Jung/workplace/Harman_Vitis/mblaze_switch_intc_hw/hw/mblaze_switch_intc.xsa
TRACE::2023-11-23.16:07:59::SCWPlatform::DSA directory F:/Ian_Jung/workplace/Harman_Vitis/mblaze_switch_intc_hw/hw
TRACE::2023-11-23.16:07:59::SCWPlatform:: Platform Path F:/Ian_Jung/workplace/Harman_Vitis/mblaze_switch_intc_hw/hw/mblaze_switch_intc.xsa
TRACE::2023-11-23.16:07:59::SCWPlatform:: Unique name xilinx:basys3::0.0
TRACE::2023-11-23.16:07:59::SCWPlatform::Trying to set the existing hwdb with name mblaze_switch_intc_wrapper_0
TRACE::2023-11-23.16:07:59::SCWPlatform::Opened existing hwdb mblaze_switch_intc_wrapper_0
TRACE::2023-11-23.16:07:59::SCWPlatform::Found the Hw Db part of the input DSA
TRACE::2023-11-23.16:07:59::SCWMssOS::Checking the sw design at  F:/Ian_Jung/workplace/Harman_Vitis/mblaze_switch_intc_hw/microblaze_0/standalone_domain/bsp/system.mss
TRACE::2023-11-23.16:07:59::SCWMssOS::DEBUG:  swdes dump  F:/Ian_Jung/workplace/Harman_Vitis/mBlaze_hello/microblaze_0/standalone_domain/bsp/system.mss|system_0||
F:/Ian_Jung/workplace/Harman_Vitis/mblaze_DHT11_real_hw/microblaze_0/standalone_domain/bsp/system.mss|system_1||
F:/Ian_Jung/workplace/Harman_Vitis/mblaze_btn_intc_hw/microblaze_0/standalone_domain/bsp/system.mss|system||
F:/Ian_Jung/workplace/Harman_Vitis/mblaze_switch_intc_hw/microblaze_0/standalone_domain/bsp/system.mss|system_2||

TRACE::2023-11-23.16:07:59::SCWMssOS::Sw design exists and opened at  F:/Ian_Jung/workplace/Harman_Vitis/mblaze_switch_intc_hw/microblaze_0/standalone_domain/bsp/system.mss
TRACE::2023-11-23.16:07:59::SCWPlatform::Trying to open the hw design at F:/Ian_Jung/workplace/Harman_Vitis/mblaze_switch_intc_hw/hw/mblaze_switch_intc.xsa
TRACE::2023-11-23.16:07:59::SCWPlatform::DSA given F:/Ian_Jung/workplace/Harman_Vitis/mblaze_switch_intc_hw/hw/mblaze_switch_intc.xsa
TRACE::2023-11-23.16:07:59::SCWPlatform::DSA absoulate path F:/Ian_Jung/workplace/Harman_Vitis/mblaze_switch_intc_hw/hw/mblaze_switch_intc.xsa
TRACE::2023-11-23.16:07:59::SCWPlatform::DSA directory F:/Ian_Jung/workplace/Harman_Vitis/mblaze_switch_intc_hw/hw
TRACE::2023-11-23.16:07:59::SCWPlatform:: Platform Path F:/Ian_Jung/workplace/Harman_Vitis/mblaze_switch_intc_hw/hw/mblaze_switch_intc.xsa
TRACE::2023-11-23.16:07:59::SCWPlatform:: Unique name xilinx:basys3::0.0
TRACE::2023-11-23.16:07:59::SCWPlatform::Trying to set the existing hwdb with name mblaze_switch_intc_wrapper_0
TRACE::2023-11-23.16:07:59::SCWPlatform::Opened existing hwdb mblaze_switch_intc_wrapper_0
TRACE::2023-11-23.16:07:59::SCWPlatform::Found the Hw Db part of the input DSA
TRACE::2023-11-23.16:07:59::SCWMssOS::Checking the sw design at  F:/Ian_Jung/workplace/Harman_Vitis/mblaze_switch_intc_hw/microblaze_0/standalone_domain/bsp/system.mss
TRACE::2023-11-23.16:07:59::SCWMssOS::DEBUG:  swdes dump  F:/Ian_Jung/workplace/Harman_Vitis/mBlaze_hello/microblaze_0/standalone_domain/bsp/system.mss|system_0||
F:/Ian_Jung/workplace/Harman_Vitis/mblaze_DHT11_real_hw/microblaze_0/standalone_domain/bsp/system.mss|system_1||
F:/Ian_Jung/workplace/Harman_Vitis/mblaze_btn_intc_hw/microblaze_0/standalone_domain/bsp/system.mss|system||
F:/Ian_Jung/workplace/Harman_Vitis/mblaze_switch_intc_hw/microblaze_0/standalone_domain/bsp/system.mss|system_2||

TRACE::2023-11-23.16:07:59::SCWMssOS::Sw design exists and opened at  F:/Ian_Jung/workplace/Harman_Vitis/mblaze_switch_intc_hw/microblaze_0/standalone_domain/bsp/system.mss
TRACE::2023-11-23.16:07:59::SCWPlatform::Trying to open the hw design at F:/Ian_Jung/workplace/Harman_Vitis/mblaze_switch_intc_hw/hw/mblaze_switch_intc.xsa
TRACE::2023-11-23.16:07:59::SCWPlatform::DSA given F:/Ian_Jung/workplace/Harman_Vitis/mblaze_switch_intc_hw/hw/mblaze_switch_intc.xsa
TRACE::2023-11-23.16:07:59::SCWPlatform::DSA absoulate path F:/Ian_Jung/workplace/Harman_Vitis/mblaze_switch_intc_hw/hw/mblaze_switch_intc.xsa
TRACE::2023-11-23.16:07:59::SCWPlatform::DSA directory F:/Ian_Jung/workplace/Harman_Vitis/mblaze_switch_intc_hw/hw
TRACE::2023-11-23.16:07:59::SCWPlatform:: Platform Path F:/Ian_Jung/workplace/Harman_Vitis/mblaze_switch_intc_hw/hw/mblaze_switch_intc.xsa
TRACE::2023-11-23.16:07:59::SCWPlatform:: Unique name xilinx:basys3::0.0
TRACE::2023-11-23.16:07:59::SCWPlatform::Trying to set the existing hwdb with name mblaze_switch_intc_wrapper_0
TRACE::2023-11-23.16:07:59::SCWPlatform::Opened existing hwdb mblaze_switch_intc_wrapper_0
TRACE::2023-11-23.16:07:59::SCWPlatform::Found the Hw Db part of the input DSA
TRACE::2023-11-23.16:07:59::SCWMssOS::Checking the sw design at  F:/Ian_Jung/workplace/Harman_Vitis/mblaze_switch_intc_hw/microblaze_0/standalone_domain/bsp/system.mss
TRACE::2023-11-23.16:07:59::SCWMssOS::DEBUG:  swdes dump  F:/Ian_Jung/workplace/Harman_Vitis/mBlaze_hello/microblaze_0/standalone_domain/bsp/system.mss|system_0||
F:/Ian_Jung/workplace/Harman_Vitis/mblaze_DHT11_real_hw/microblaze_0/standalone_domain/bsp/system.mss|system_1||
F:/Ian_Jung/workplace/Harman_Vitis/mblaze_btn_intc_hw/microblaze_0/standalone_domain/bsp/system.mss|system||
F:/Ian_Jung/workplace/Harman_Vitis/mblaze_switch_intc_hw/microblaze_0/standalone_domain/bsp/system.mss|system_2||

TRACE::2023-11-23.16:07:59::SCWMssOS::Sw design exists and opened at  F:/Ian_Jung/workplace/Harman_Vitis/mblaze_switch_intc_hw/microblaze_0/standalone_domain/bsp/system.mss
TRACE::2023-11-23.16:07:59::SCWPlatform::Trying to open the hw design at F:/Ian_Jung/workplace/Harman_Vitis/mblaze_switch_intc_hw/hw/mblaze_switch_intc.xsa
TRACE::2023-11-23.16:07:59::SCWPlatform::DSA given F:/Ian_Jung/workplace/Harman_Vitis/mblaze_switch_intc_hw/hw/mblaze_switch_intc.xsa
TRACE::2023-11-23.16:07:59::SCWPlatform::DSA absoulate path F:/Ian_Jung/workplace/Harman_Vitis/mblaze_switch_intc_hw/hw/mblaze_switch_intc.xsa
TRACE::2023-11-23.16:07:59::SCWPlatform::DSA directory F:/Ian_Jung/workplace/Harman_Vitis/mblaze_switch_intc_hw/hw
TRACE::2023-11-23.16:07:59::SCWPlatform:: Platform Path F:/Ian_Jung/workplace/Harman_Vitis/mblaze_switch_intc_hw/hw/mblaze_switch_intc.xsa
TRACE::2023-11-23.16:07:59::SCWPlatform:: Unique name xilinx:basys3::0.0
TRACE::2023-11-23.16:07:59::SCWPlatform::Trying to set the existing hwdb with name mblaze_switch_intc_wrapper_0
TRACE::2023-11-23.16:07:59::SCWPlatform::Opened existing hwdb mblaze_switch_intc_wrapper_0
TRACE::2023-11-23.16:07:59::SCWPlatform::Found the Hw Db part of the input DSA
TRACE::2023-11-23.16:07:59::SCWMssOS::Checking the sw design at  F:/Ian_Jung/workplace/Harman_Vitis/mblaze_switch_intc_hw/microblaze_0/standalone_domain/bsp/system.mss
TRACE::2023-11-23.16:07:59::SCWMssOS::DEBUG:  swdes dump  F:/Ian_Jung/workplace/Harman_Vitis/mBlaze_hello/microblaze_0/standalone_domain/bsp/system.mss|system_0||
F:/Ian_Jung/workplace/Harman_Vitis/mblaze_DHT11_real_hw/microblaze_0/standalone_domain/bsp/system.mss|system_1||
F:/Ian_Jung/workplace/Harman_Vitis/mblaze_btn_intc_hw/microblaze_0/standalone_domain/bsp/system.mss|system||
F:/Ian_Jung/workplace/Harman_Vitis/mblaze_switch_intc_hw/microblaze_0/standalone_domain/bsp/system.mss|system_2||

TRACE::2023-11-23.16:07:59::SCWMssOS::Sw design exists and opened at  F:/Ian_Jung/workplace/Harman_Vitis/mblaze_switch_intc_hw/microblaze_0/standalone_domain/bsp/system.mss
TRACE::2023-11-23.16:07:59::SCWWriter::formatted JSON is {
	"platformName":	"mblaze_switch_intc_hw",
	"sprVersion":	"2.0",
	"mode":	"gui",
	"dsaType":	"Fixed",
	"platformDesc":	"mblaze_switch_intc_hw",
	"platHandOff":	"F:/Ian_Jung/workplace/cora_z7/cora_cpu_2019/Basys3_Microblaze_real/mblaze_switch_intc.xsa",
	"platIntHandOff":	"<platformDir>/hw/mblaze_switch_intc.xsa",
	"deviceType":	"FPGA",
	"platIsPrebuiltAutogen":	"false",
	"platIsNoBootBsp":	"false",
	"hasFsblMakeHasChanges":	"false",
	"hasPmufwMakeHasChanges":	"false",
	"platPreBuiltFlag":	false,
	"platformSamplesDir":	"",
	"platActiveSys":	"mblaze_switch_intc_hw",
	"systems":	[{
			"systemName":	"mblaze_switch_intc_hw",
			"systemDesc":	"mblaze_switch_intc_hw",
			"sysIsBootAutoGen":	"true",
			"systemDispName":	"mblaze_switch_intc_hw",
			"sysActiveDom":	"standalone_domain",
			"sysDefaultDom":	"standalone_domain",
			"domains":	[{
					"domainName":	"standalone_domain",
					"domainDispName":	"standalone on microblaze_0",
					"domainDesc":	"standalone_domain",
					"processors":	"microblaze_0",
					"os":	"standalone",
					"sdxOs":	"standalone",
					"debugEnable":	"False",
					"domRuntimes":	["cpp"],
					"swRepo":	"",
					"mssOsVer":	"7.1",
					"mssFile":	"",
					"md5Digest":	"14b72a4a90ae226cfbd4af1eae259bb4",
					"compatibleApp":	"",
					"domType":	"mssDomain",
					"appSettings":	{
						"appCompilerFlags":	"",
						"appLinkerFlags":	""
					},
					"addedLibs":	[],
					"libOptions":	{
						"libsContainingOptions":	[]
					},
					"prebuiltLibs":	{
						"prebuiltIncPath":	[],
						"prebuiltLibPath":	[]
					},
					"isolation":	{
					}
				}]
		}]
}
TRACE::2023-11-23.16:07:59::SCWPlatform::Trying to open the hw design at F:/Ian_Jung/workplace/Harman_Vitis/mblaze_switch_intc_hw/hw/mblaze_switch_intc.xsa
TRACE::2023-11-23.16:07:59::SCWPlatform::DSA given F:/Ian_Jung/workplace/Harman_Vitis/mblaze_switch_intc_hw/hw/mblaze_switch_intc.xsa
TRACE::2023-11-23.16:07:59::SCWPlatform::DSA absoulate path F:/Ian_Jung/workplace/Harman_Vitis/mblaze_switch_intc_hw/hw/mblaze_switch_intc.xsa
TRACE::2023-11-23.16:07:59::SCWPlatform::DSA directory F:/Ian_Jung/workplace/Harman_Vitis/mblaze_switch_intc_hw/hw
TRACE::2023-11-23.16:07:59::SCWPlatform:: Platform Path F:/Ian_Jung/workplace/Harman_Vitis/mblaze_switch_intc_hw/hw/mblaze_switch_intc.xsa
TRACE::2023-11-23.16:07:59::SCWPlatform:: Unique name xilinx:basys3::0.0
TRACE::2023-11-23.16:07:59::SCWPlatform::Trying to set the existing hwdb with name mblaze_switch_intc_wrapper_0
TRACE::2023-11-23.16:07:59::SCWPlatform::Opened existing hwdb mblaze_switch_intc_wrapper_0
TRACE::2023-11-23.16:07:59::SCWPlatform::Found the Hw Db part of the input DSA
TRACE::2023-11-23.16:07:59::SCWMssOS::Checking the sw design at  F:/Ian_Jung/workplace/Harman_Vitis/mblaze_switch_intc_hw/microblaze_0/standalone_domain/bsp/system.mss
TRACE::2023-11-23.16:07:59::SCWMssOS::DEBUG:  swdes dump  F:/Ian_Jung/workplace/Harman_Vitis/mBlaze_hello/microblaze_0/standalone_domain/bsp/system.mss|system_0||
F:/Ian_Jung/workplace/Harman_Vitis/mblaze_DHT11_real_hw/microblaze_0/standalone_domain/bsp/system.mss|system_1||
F:/Ian_Jung/workplace/Harman_Vitis/mblaze_btn_intc_hw/microblaze_0/standalone_domain/bsp/system.mss|system||
F:/Ian_Jung/workplace/Harman_Vitis/mblaze_switch_intc_hw/microblaze_0/standalone_domain/bsp/system.mss|system_2||

TRACE::2023-11-23.16:07:59::SCWMssOS::Sw design exists and opened at  F:/Ian_Jung/workplace/Harman_Vitis/mblaze_switch_intc_hw/microblaze_0/standalone_domain/bsp/system.mss
TRACE::2023-11-23.16:07:59::SCWPlatform::Trying to open the hw design at F:/Ian_Jung/workplace/Harman_Vitis/mblaze_switch_intc_hw/hw/mblaze_switch_intc.xsa
TRACE::2023-11-23.16:07:59::SCWPlatform::DSA given F:/Ian_Jung/workplace/Harman_Vitis/mblaze_switch_intc_hw/hw/mblaze_switch_intc.xsa
TRACE::2023-11-23.16:07:59::SCWPlatform::DSA absoulate path F:/Ian_Jung/workplace/Harman_Vitis/mblaze_switch_intc_hw/hw/mblaze_switch_intc.xsa
TRACE::2023-11-23.16:07:59::SCWPlatform::DSA directory F:/Ian_Jung/workplace/Harman_Vitis/mblaze_switch_intc_hw/hw
TRACE::2023-11-23.16:07:59::SCWPlatform:: Platform Path F:/Ian_Jung/workplace/Harman_Vitis/mblaze_switch_intc_hw/hw/mblaze_switch_intc.xsa
TRACE::2023-11-23.16:07:59::SCWPlatform:: Unique name xilinx:basys3::0.0
TRACE::2023-11-23.16:07:59::SCWPlatform::Trying to set the existing hwdb with name mblaze_switch_intc_wrapper_0
TRACE::2023-11-23.16:07:59::SCWPlatform::Opened existing hwdb mblaze_switch_intc_wrapper_0
TRACE::2023-11-23.16:07:59::SCWPlatform::Found the Hw Db part of the input DSA
TRACE::2023-11-23.16:07:59::SCWMssOS::Checking the sw design at  F:/Ian_Jung/workplace/Harman_Vitis/mblaze_switch_intc_hw/microblaze_0/standalone_domain/bsp/system.mss
TRACE::2023-11-23.16:07:59::SCWMssOS::DEBUG:  swdes dump  F:/Ian_Jung/workplace/Harman_Vitis/mBlaze_hello/microblaze_0/standalone_domain/bsp/system.mss|system_0||
F:/Ian_Jung/workplace/Harman_Vitis/mblaze_DHT11_real_hw/microblaze_0/standalone_domain/bsp/system.mss|system_1||
F:/Ian_Jung/workplace/Harman_Vitis/mblaze_btn_intc_hw/microblaze_0/standalone_domain/bsp/system.mss|system||
F:/Ian_Jung/workplace/Harman_Vitis/mblaze_switch_intc_hw/microblaze_0/standalone_domain/bsp/system.mss|system_2||

TRACE::2023-11-23.16:07:59::SCWMssOS::Sw design exists and opened at  F:/Ian_Jung/workplace/Harman_Vitis/mblaze_switch_intc_hw/microblaze_0/standalone_domain/bsp/system.mss
TRACE::2023-11-23.16:07:59::SCWPlatform::Trying to open the hw design at F:/Ian_Jung/workplace/Harman_Vitis/mblaze_switch_intc_hw/hw/mblaze_switch_intc.xsa
TRACE::2023-11-23.16:07:59::SCWPlatform::DSA given F:/Ian_Jung/workplace/Harman_Vitis/mblaze_switch_intc_hw/hw/mblaze_switch_intc.xsa
TRACE::2023-11-23.16:07:59::SCWPlatform::DSA absoulate path F:/Ian_Jung/workplace/Harman_Vitis/mblaze_switch_intc_hw/hw/mblaze_switch_intc.xsa
TRACE::2023-11-23.16:07:59::SCWPlatform::DSA directory F:/Ian_Jung/workplace/Harman_Vitis/mblaze_switch_intc_hw/hw
TRACE::2023-11-23.16:07:59::SCWPlatform:: Platform Path F:/Ian_Jung/workplace/Harman_Vitis/mblaze_switch_intc_hw/hw/mblaze_switch_intc.xsa
TRACE::2023-11-23.16:07:59::SCWPlatform:: Unique name xilinx:basys3::0.0
TRACE::2023-11-23.16:07:59::SCWPlatform::Trying to set the existing hwdb with name mblaze_switch_intc_wrapper_0
TRACE::2023-11-23.16:07:59::SCWPlatform::Opened existing hwdb mblaze_switch_intc_wrapper_0
TRACE::2023-11-23.16:07:59::SCWPlatform::Found the Hw Db part of the input DSA
TRACE::2023-11-23.16:07:59::SCWMssOS::Checking the sw design at  F:/Ian_Jung/workplace/Harman_Vitis/mblaze_switch_intc_hw/microblaze_0/standalone_domain/bsp/system.mss
TRACE::2023-11-23.16:07:59::SCWMssOS::DEBUG:  swdes dump  F:/Ian_Jung/workplace/Harman_Vitis/mBlaze_hello/microblaze_0/standalone_domain/bsp/system.mss|system_0||
F:/Ian_Jung/workplace/Harman_Vitis/mblaze_DHT11_real_hw/microblaze_0/standalone_domain/bsp/system.mss|system_1||
F:/Ian_Jung/workplace/Harman_Vitis/mblaze_btn_intc_hw/microblaze_0/standalone_domain/bsp/system.mss|system||
F:/Ian_Jung/workplace/Harman_Vitis/mblaze_switch_intc_hw/microblaze_0/standalone_domain/bsp/system.mss|system_2||

TRACE::2023-11-23.16:07:59::SCWMssOS::Sw design exists and opened at  F:/Ian_Jung/workplace/Harman_Vitis/mblaze_switch_intc_hw/microblaze_0/standalone_domain/bsp/system.mss
TRACE::2023-11-23.16:07:59::SCWWriter::formatted JSON is {
	"platformName":	"mblaze_switch_intc_hw",
	"sprVersion":	"2.0",
	"mode":	"gui",
	"dsaType":	"Fixed",
	"platformDesc":	"mblaze_switch_intc_hw",
	"platHandOff":	"F:/Ian_Jung/workplace/cora_z7/cora_cpu_2019/Basys3_Microblaze_real/mblaze_switch_intc.xsa",
	"platIntHandOff":	"<platformDir>/hw/mblaze_switch_intc.xsa",
	"deviceType":	"FPGA",
	"platIsPrebuiltAutogen":	"false",
	"platIsNoBootBsp":	"false",
	"hasFsblMakeHasChanges":	"false",
	"hasPmufwMakeHasChanges":	"false",
	"platPreBuiltFlag":	false,
	"platformSamplesDir":	"",
	"platActiveSys":	"mblaze_switch_intc_hw",
	"systems":	[{
			"systemName":	"mblaze_switch_intc_hw",
			"systemDesc":	"mblaze_switch_intc_hw",
			"sysIsBootAutoGen":	"true",
			"systemDispName":	"mblaze_switch_intc_hw",
			"sysActiveDom":	"standalone_domain",
			"sysDefaultDom":	"standalone_domain",
			"domains":	[{
					"domainName":	"standalone_domain",
					"domainDispName":	"standalone on microblaze_0",
					"domainDesc":	"standalone_domain",
					"processors":	"microblaze_0",
					"os":	"standalone",
					"sdxOs":	"standalone",
					"debugEnable":	"False",
					"domRuntimes":	["cpp"],
					"swRepo":	"",
					"mssOsVer":	"7.1",
					"mssFile":	"",
					"md5Digest":	"14b72a4a90ae226cfbd4af1eae259bb4",
					"compatibleApp":	"",
					"domType":	"mssDomain",
					"appSettings":	{
						"appCompilerFlags":	"",
						"appLinkerFlags":	""
					},
					"addedLibs":	[],
					"libOptions":	{
						"libsContainingOptions":	[]
					},
					"prebuiltLibs":	{
						"prebuiltIncPath":	[],
						"prebuiltLibPath":	[]
					},
					"isolation":	{
					}
				}]
		}]
}
TRACE::2023-11-23.16:08:00::SCWPlatform::Clearing the existing platform
TRACE::2023-11-23.16:08:00::SCWSystem::Clearing the existing sysconfig
TRACE::2023-11-23.16:08:00::SCWMssOS::Removing the swdes entry for  F:/Ian_Jung/workplace/Harman_Vitis/mblaze_switch_intc_hw/microblaze_0/standalone_domain/bsp/system.mss
TRACE::2023-11-23.16:08:00::SCWSystem::Clearing the domains completed.
TRACE::2023-11-23.16:08:00::SCWPlatform::Clearing the opened hw db.
TRACE::2023-11-23.16:08:00::SCWPlatform::DSA given F:/Ian_Jung/workplace/Harman_Vitis/mblaze_switch_intc_hw/hw/mblaze_switch_intc.xsa
TRACE::2023-11-23.16:08:00::SCWPlatform::DSA absoulate path F:/Ian_Jung/workplace/Harman_Vitis/mblaze_switch_intc_hw/hw/mblaze_switch_intc.xsa
TRACE::2023-11-23.16:08:00::SCWPlatform:: Platform location is F:/Ian_Jung/workplace/Harman_Vitis/mblaze_switch_intc_hw/hw
TRACE::2023-11-23.16:08:00::SCWPlatform:: Platform Path F:/Ian_Jung/workplace/Harman_Vitis/mblaze_switch_intc_hw/hw/mblaze_switch_intc.xsa
TRACE::2023-11-23.16:08:00::SCWPlatform:: Unique name xilinx:basys3::0.0
TRACE::2023-11-23.16:08:00::SCWPlatform::Removing the HwDB with name F:/Ian_Jung/workplace/Harman_Vitis/mblaze_switch_intc_hw/hw/mblaze_switch_intc.xsa
TRACE::2023-11-23.16:08:00::SCWPlatform::Trying to open the hw design at F:/Ian_Jung/workplace/Harman_Vitis/mblaze_switch_intc_hw/hw/mblaze_switch_intc.xsa
TRACE::2023-11-23.16:08:00::SCWPlatform::DSA given F:/Ian_Jung/workplace/Harman_Vitis/mblaze_switch_intc_hw/hw/mblaze_switch_intc.xsa
TRACE::2023-11-23.16:08:00::SCWPlatform::DSA absoulate path F:/Ian_Jung/workplace/Harman_Vitis/mblaze_switch_intc_hw/hw/mblaze_switch_intc.xsa
TRACE::2023-11-23.16:08:00::SCWPlatform::DSA directory F:/Ian_Jung/workplace/Harman_Vitis/mblaze_switch_intc_hw/hw
TRACE::2023-11-23.16:08:00::SCWPlatform:: Platform Path F:/Ian_Jung/workplace/Harman_Vitis/mblaze_switch_intc_hw/hw/mblaze_switch_intc.xsa
TRACE::2023-11-23.16:08:00::SCWPlatform:: Unique name xilinx:basys3::0.0
TRACE::2023-11-23.16:08:00::SCWPlatform::Do not have an existing db opened. 
TRACE::2023-11-23.16:08:00::SCWPlatform::Opened new HwDB with name mblaze_switch_intc_wrapper_1
TRACE::2023-11-23.16:08:00::SCWReader::Active system found as  mblaze_switch_intc_hw
TRACE::2023-11-23.16:08:00::SCWReader::Handling sysconfig mblaze_switch_intc_hw
TRACE::2023-11-23.16:08:00::SCWDomain::checking for install qemu data   : 
TRACE::2023-11-23.16:08:00::SCWPlatform::Trying to open the hw design at F:/Ian_Jung/workplace/Harman_Vitis/mblaze_switch_intc_hw/hw/mblaze_switch_intc.xsa
TRACE::2023-11-23.16:08:00::SCWPlatform::DSA given F:/Ian_Jung/workplace/Harman_Vitis/mblaze_switch_intc_hw/hw/mblaze_switch_intc.xsa
TRACE::2023-11-23.16:08:00::SCWPlatform::DSA absoulate path F:/Ian_Jung/workplace/Harman_Vitis/mblaze_switch_intc_hw/hw/mblaze_switch_intc.xsa
TRACE::2023-11-23.16:08:00::SCWPlatform::DSA directory F:/Ian_Jung/workplace/Harman_Vitis/mblaze_switch_intc_hw/hw
TRACE::2023-11-23.16:08:00::SCWPlatform:: Platform Path F:/Ian_Jung/workplace/Harman_Vitis/mblaze_switch_intc_hw/hw/mblaze_switch_intc.xsa
TRACE::2023-11-23.16:08:00::SCWPlatform:: Unique name xilinx:basys3::0.0
TRACE::2023-11-23.16:08:00::SCWPlatform::Trying to set the existing hwdb with name mblaze_switch_intc_wrapper_1
TRACE::2023-11-23.16:08:00::SCWPlatform::Opened existing hwdb mblaze_switch_intc_wrapper_1
TRACE::2023-11-23.16:08:00::SCWPlatform::Found the Hw Db part of the input DSA
TRACE::2023-11-23.16:08:00::SCWPlatform::Trying to open the hw design at F:/Ian_Jung/workplace/Harman_Vitis/mblaze_switch_intc_hw/hw/mblaze_switch_intc.xsa
TRACE::2023-11-23.16:08:00::SCWPlatform::DSA given F:/Ian_Jung/workplace/Harman_Vitis/mblaze_switch_intc_hw/hw/mblaze_switch_intc.xsa
TRACE::2023-11-23.16:08:00::SCWPlatform::DSA absoulate path F:/Ian_Jung/workplace/Harman_Vitis/mblaze_switch_intc_hw/hw/mblaze_switch_intc.xsa
TRACE::2023-11-23.16:08:00::SCWPlatform::DSA directory F:/Ian_Jung/workplace/Harman_Vitis/mblaze_switch_intc_hw/hw
TRACE::2023-11-23.16:08:00::SCWPlatform:: Platform Path F:/Ian_Jung/workplace/Harman_Vitis/mblaze_switch_intc_hw/hw/mblaze_switch_intc.xsa
TRACE::2023-11-23.16:08:00::SCWPlatform:: Unique name xilinx:basys3::0.0
TRACE::2023-11-23.16:08:00::SCWPlatform::Trying to set the existing hwdb with name mblaze_switch_intc_wrapper_1
TRACE::2023-11-23.16:08:00::SCWPlatform::Opened existing hwdb mblaze_switch_intc_wrapper_1
TRACE::2023-11-23.16:08:00::SCWPlatform::Found the Hw Db part of the input DSA
TRACE::2023-11-23.16:08:00::SCWPlatform::Trying to open the hw design at F:/Ian_Jung/workplace/Harman_Vitis/mblaze_switch_intc_hw/hw/mblaze_switch_intc.xsa
TRACE::2023-11-23.16:08:00::SCWPlatform::DSA given F:/Ian_Jung/workplace/Harman_Vitis/mblaze_switch_intc_hw/hw/mblaze_switch_intc.xsa
TRACE::2023-11-23.16:08:00::SCWPlatform::DSA absoulate path F:/Ian_Jung/workplace/Harman_Vitis/mblaze_switch_intc_hw/hw/mblaze_switch_intc.xsa
TRACE::2023-11-23.16:08:00::SCWPlatform::DSA directory F:/Ian_Jung/workplace/Harman_Vitis/mblaze_switch_intc_hw/hw
TRACE::2023-11-23.16:08:00::SCWPlatform:: Platform Path F:/Ian_Jung/workplace/Harman_Vitis/mblaze_switch_intc_hw/hw/mblaze_switch_intc.xsa
TRACE::2023-11-23.16:08:00::SCWPlatform:: Unique name xilinx:basys3::0.0
TRACE::2023-11-23.16:08:00::SCWPlatform::Trying to set the existing hwdb with name mblaze_switch_intc_wrapper_1
TRACE::2023-11-23.16:08:00::SCWPlatform::Opened existing hwdb mblaze_switch_intc_wrapper_1
TRACE::2023-11-23.16:08:00::SCWPlatform::Found the Hw Db part of the input DSA
TRACE::2023-11-23.16:08:00::SCWMssOS::Checking the sw design at  F:/Ian_Jung/workplace/Harman_Vitis/mblaze_switch_intc_hw/microblaze_0/standalone_domain/bsp/system.mss
TRACE::2023-11-23.16:08:00::SCWMssOS::DEBUG:  swdes dump  F:/Ian_Jung/workplace/Harman_Vitis/mBlaze_hello/microblaze_0/standalone_domain/bsp/system.mss|system_0||
F:/Ian_Jung/workplace/Harman_Vitis/mblaze_DHT11_real_hw/microblaze_0/standalone_domain/bsp/system.mss|system_1||
F:/Ian_Jung/workplace/Harman_Vitis/mblaze_btn_intc_hw/microblaze_0/standalone_domain/bsp/system.mss|system||

TRACE::2023-11-23.16:08:00::SCWMssOS::No sw design opened at  F:/Ian_Jung/workplace/Harman_Vitis/mblaze_switch_intc_hw/microblaze_0/standalone_domain/bsp/system.mss
TRACE::2023-11-23.16:08:00::SCWMssOS::mss exists loading the mss file  F:/Ian_Jung/workplace/Harman_Vitis/mblaze_switch_intc_hw/microblaze_0/standalone_domain/bsp/system.mss
TRACE::2023-11-23.16:08:00::SCWMssOS::Opened the sw design from mss  F:/Ian_Jung/workplace/Harman_Vitis/mblaze_switch_intc_hw/microblaze_0/standalone_domain/bsp/system.mss
TRACE::2023-11-23.16:08:00::SCWMssOS::Adding the swdes entry F:/Ian_Jung/workplace/Harman_Vitis/mblaze_switch_intc_hw/microblaze_0/standalone_domain/bsp/system.mss with des name system_2
TRACE::2023-11-23.16:08:00::SCWMssOS::updating the scw layer about changes
TRACE::2023-11-23.16:08:00::SCWMssOS::Opened the sw design.  F:/Ian_Jung/workplace/Harman_Vitis/mblaze_switch_intc_hw/microblaze_0/standalone_domain/bsp/system.mss
TRACE::2023-11-23.16:08:00::SCWReader::Adding prebuilt librarypaths as   
TRACE::2023-11-23.16:08:00::SCWReader::Adding prebuilt incpaths  as   
TRACE::2023-11-23.16:08:00::SCWPlatform::Trying to open the hw design at F:/Ian_Jung/workplace/Harman_Vitis/mblaze_switch_intc_hw/hw/mblaze_switch_intc.xsa
TRACE::2023-11-23.16:08:00::SCWPlatform::DSA given F:/Ian_Jung/workplace/Harman_Vitis/mblaze_switch_intc_hw/hw/mblaze_switch_intc.xsa
TRACE::2023-11-23.16:08:00::SCWPlatform::DSA absoulate path F:/Ian_Jung/workplace/Harman_Vitis/mblaze_switch_intc_hw/hw/mblaze_switch_intc.xsa
TRACE::2023-11-23.16:08:00::SCWPlatform::DSA directory F:/Ian_Jung/workplace/Harman_Vitis/mblaze_switch_intc_hw/hw
TRACE::2023-11-23.16:08:00::SCWPlatform:: Platform Path F:/Ian_Jung/workplace/Harman_Vitis/mblaze_switch_intc_hw/hw/mblaze_switch_intc.xsa
TRACE::2023-11-23.16:08:00::SCWPlatform:: Unique name xilinx:basys3::0.0
TRACE::2023-11-23.16:08:00::SCWPlatform::Trying to set the existing hwdb with name mblaze_switch_intc_wrapper_1
TRACE::2023-11-23.16:08:00::SCWPlatform::Opened existing hwdb mblaze_switch_intc_wrapper_1
TRACE::2023-11-23.16:08:00::SCWPlatform::Found the Hw Db part of the input DSA
TRACE::2023-11-23.16:08:00::SCWMssOS::Checking the sw design at  F:/Ian_Jung/workplace/Harman_Vitis/mblaze_switch_intc_hw/microblaze_0/standalone_domain/bsp/system.mss
TRACE::2023-11-23.16:08:00::SCWMssOS::DEBUG:  swdes dump  F:/Ian_Jung/workplace/Harman_Vitis/mBlaze_hello/microblaze_0/standalone_domain/bsp/system.mss|system_0||
F:/Ian_Jung/workplace/Harman_Vitis/mblaze_DHT11_real_hw/microblaze_0/standalone_domain/bsp/system.mss|system_1||
F:/Ian_Jung/workplace/Harman_Vitis/mblaze_btn_intc_hw/microblaze_0/standalone_domain/bsp/system.mss|system||
F:/Ian_Jung/workplace/Harman_Vitis/mblaze_switch_intc_hw/microblaze_0/standalone_domain/bsp/system.mss|system_2||

TRACE::2023-11-23.16:08:00::SCWMssOS::Sw design exists and opened at  F:/Ian_Jung/workplace/Harman_Vitis/mblaze_switch_intc_hw/microblaze_0/standalone_domain/bsp/system.mss
TRACE::2023-11-23.16:08:00::SCWReader::No isolation master present  
TRACE::2023-11-23.16:08:00::SCWPlatform::Trying to open the hw design at F:/Ian_Jung/workplace/Harman_Vitis/mblaze_switch_intc_hw/hw/mblaze_switch_intc.xsa
TRACE::2023-11-23.16:08:00::SCWPlatform::DSA given F:/Ian_Jung/workplace/Harman_Vitis/mblaze_switch_intc_hw/hw/mblaze_switch_intc.xsa
TRACE::2023-11-23.16:08:00::SCWPlatform::DSA absoulate path F:/Ian_Jung/workplace/Harman_Vitis/mblaze_switch_intc_hw/hw/mblaze_switch_intc.xsa
TRACE::2023-11-23.16:08:00::SCWPlatform::DSA directory F:/Ian_Jung/workplace/Harman_Vitis/mblaze_switch_intc_hw/hw
TRACE::2023-11-23.16:08:00::SCWPlatform:: Platform Path F:/Ian_Jung/workplace/Harman_Vitis/mblaze_switch_intc_hw/hw/mblaze_switch_intc.xsa
TRACE::2023-11-23.16:08:00::SCWPlatform:: Unique name xilinx:basys3::0.0
TRACE::2023-11-23.16:08:00::SCWPlatform::Trying to set the existing hwdb with name mblaze_switch_intc_wrapper_1
TRACE::2023-11-23.16:08:00::SCWPlatform::Opened existing hwdb mblaze_switch_intc_wrapper_1
TRACE::2023-11-23.16:08:00::SCWPlatform::Found the Hw Db part of the input DSA
TRACE::2023-11-23.16:08:00::SCWMssOS::Checking the sw design at  F:/Ian_Jung/workplace/Harman_Vitis/mblaze_switch_intc_hw/microblaze_0/standalone_domain/bsp/system.mss
TRACE::2023-11-23.16:08:00::SCWMssOS::DEBUG:  swdes dump  F:/Ian_Jung/workplace/Harman_Vitis/mBlaze_hello/microblaze_0/standalone_domain/bsp/system.mss|system_0||
F:/Ian_Jung/workplace/Harman_Vitis/mblaze_DHT11_real_hw/microblaze_0/standalone_domain/bsp/system.mss|system_1||
F:/Ian_Jung/workplace/Harman_Vitis/mblaze_btn_intc_hw/microblaze_0/standalone_domain/bsp/system.mss|system||
F:/Ian_Jung/workplace/Harman_Vitis/mblaze_switch_intc_hw/microblaze_0/standalone_domain/bsp/system.mss|system_2||

TRACE::2023-11-23.16:08:00::SCWMssOS::Sw design exists and opened at  F:/Ian_Jung/workplace/Harman_Vitis/mblaze_switch_intc_hw/microblaze_0/standalone_domain/bsp/system.mss
TRACE::2023-11-23.16:08:00::SCWMssOS::In reload Mss file.
TRACE::2023-11-23.16:08:00::SCWPlatform::Trying to open the hw design at F:/Ian_Jung/workplace/Harman_Vitis/mblaze_switch_intc_hw/hw/mblaze_switch_intc.xsa
TRACE::2023-11-23.16:08:00::SCWPlatform::DSA given F:/Ian_Jung/workplace/Harman_Vitis/mblaze_switch_intc_hw/hw/mblaze_switch_intc.xsa
TRACE::2023-11-23.16:08:00::SCWPlatform::DSA absoulate path F:/Ian_Jung/workplace/Harman_Vitis/mblaze_switch_intc_hw/hw/mblaze_switch_intc.xsa
TRACE::2023-11-23.16:08:00::SCWPlatform::DSA directory F:/Ian_Jung/workplace/Harman_Vitis/mblaze_switch_intc_hw/hw
TRACE::2023-11-23.16:08:00::SCWPlatform:: Platform Path F:/Ian_Jung/workplace/Harman_Vitis/mblaze_switch_intc_hw/hw/mblaze_switch_intc.xsa
TRACE::2023-11-23.16:08:00::SCWPlatform:: Unique name xilinx:basys3::0.0
TRACE::2023-11-23.16:08:00::SCWPlatform::Trying to set the existing hwdb with name mblaze_switch_intc_wrapper_1
TRACE::2023-11-23.16:08:00::SCWPlatform::Opened existing hwdb mblaze_switch_intc_wrapper_1
TRACE::2023-11-23.16:08:00::SCWPlatform::Found the Hw Db part of the input DSA
TRACE::2023-11-23.16:08:00::SCWMssOS::Checking the sw design at  F:/Ian_Jung/workplace/Harman_Vitis/mblaze_switch_intc_hw/microblaze_0/standalone_domain/bsp/system.mss
TRACE::2023-11-23.16:08:00::SCWMssOS::DEBUG:  swdes dump  F:/Ian_Jung/workplace/Harman_Vitis/mBlaze_hello/microblaze_0/standalone_domain/bsp/system.mss|system_0||
F:/Ian_Jung/workplace/Harman_Vitis/mblaze_DHT11_real_hw/microblaze_0/standalone_domain/bsp/system.mss|system_1||
F:/Ian_Jung/workplace/Harman_Vitis/mblaze_btn_intc_hw/microblaze_0/standalone_domain/bsp/system.mss|system||
F:/Ian_Jung/workplace/Harman_Vitis/mblaze_switch_intc_hw/microblaze_0/standalone_domain/bsp/system.mss|system_2||

KEYINFO::2023-11-23.16:08:00::SCWMssOS::Could not open the swdb for system_2
KEYINFO::2023-11-23.16:08:00::SCWMssOS::Could not open the sw design at  system_2
ERROR: [Hsi 55-1558] Software Design system_2 is not found

TRACE::2023-11-23.16:08:00::SCWMssOS::Cleared the swdb table entry
TRACE::2023-11-23.16:08:00::SCWMssOS::No sw design opened at  F:/Ian_Jung/workplace/Harman_Vitis/mblaze_switch_intc_hw/microblaze_0/standalone_domain/bsp/system.mss
TRACE::2023-11-23.16:08:00::SCWMssOS::mss exists loading the mss file  F:/Ian_Jung/workplace/Harman_Vitis/mblaze_switch_intc_hw/microblaze_0/standalone_domain/bsp/system.mss
TRACE::2023-11-23.16:08:00::SCWMssOS::Opened the sw design from mss  F:/Ian_Jung/workplace/Harman_Vitis/mblaze_switch_intc_hw/microblaze_0/standalone_domain/bsp/system.mss
TRACE::2023-11-23.16:08:00::SCWMssOS::Adding the swdes entry F:/Ian_Jung/workplace/Harman_Vitis/mblaze_switch_intc_hw/microblaze_0/standalone_domain/bsp/system.mss with des name system_2
TRACE::2023-11-23.16:08:00::SCWMssOS::updating the scw layer about changes
TRACE::2023-11-23.16:08:00::SCWMssOS::Opened the sw design.  F:/Ian_Jung/workplace/Harman_Vitis/mblaze_switch_intc_hw/microblaze_0/standalone_domain/bsp/system.mss
TRACE::2023-11-23.16:08:00::SCWPlatform::Trying to open the hw design at F:/Ian_Jung/workplace/Harman_Vitis/mblaze_switch_intc_hw/hw/mblaze_switch_intc.xsa
TRACE::2023-11-23.16:08:00::SCWPlatform::DSA given F:/Ian_Jung/workplace/Harman_Vitis/mblaze_switch_intc_hw/hw/mblaze_switch_intc.xsa
TRACE::2023-11-23.16:08:00::SCWPlatform::DSA absoulate path F:/Ian_Jung/workplace/Harman_Vitis/mblaze_switch_intc_hw/hw/mblaze_switch_intc.xsa
TRACE::2023-11-23.16:08:00::SCWPlatform::DSA directory F:/Ian_Jung/workplace/Harman_Vitis/mblaze_switch_intc_hw/hw
TRACE::2023-11-23.16:08:00::SCWPlatform:: Platform Path F:/Ian_Jung/workplace/Harman_Vitis/mblaze_switch_intc_hw/hw/mblaze_switch_intc.xsa
TRACE::2023-11-23.16:08:00::SCWPlatform:: Unique name xilinx:basys3::0.0
TRACE::2023-11-23.16:08:00::SCWPlatform::Trying to set the existing hwdb with name mblaze_switch_intc_wrapper_1
TRACE::2023-11-23.16:08:00::SCWPlatform::Opened existing hwdb mblaze_switch_intc_wrapper_1
TRACE::2023-11-23.16:08:00::SCWPlatform::Found the Hw Db part of the input DSA
TRACE::2023-11-23.16:08:00::SCWMssOS::Checking the sw design at  F:/Ian_Jung/workplace/Harman_Vitis/mblaze_switch_intc_hw/microblaze_0/standalone_domain/bsp/system.mss
TRACE::2023-11-23.16:08:00::SCWMssOS::DEBUG:  swdes dump  F:/Ian_Jung/workplace/Harman_Vitis/mBlaze_hello/microblaze_0/standalone_domain/bsp/system.mss|system_0||
F:/Ian_Jung/workplace/Harman_Vitis/mblaze_DHT11_real_hw/microblaze_0/standalone_domain/bsp/system.mss|system_1||
F:/Ian_Jung/workplace/Harman_Vitis/mblaze_btn_intc_hw/microblaze_0/standalone_domain/bsp/system.mss|system||
F:/Ian_Jung/workplace/Harman_Vitis/mblaze_switch_intc_hw/microblaze_0/standalone_domain/bsp/system.mss|system_2||

TRACE::2023-11-23.16:08:00::SCWMssOS::Sw design exists and opened at  F:/Ian_Jung/workplace/Harman_Vitis/mblaze_switch_intc_hw/microblaze_0/standalone_domain/bsp/system.mss
TRACE::2023-11-23.16:08:00::SCWMssOS::Removing the swdes entry for  F:/Ian_Jung/workplace/Harman_Vitis/mblaze_switch_intc_hw/microblaze_0/standalone_domain/bsp/system.mss
LOG::2023-11-23.16:08:08::SCWPlatform::Started generating the artifacts platform mblaze_switch_intc_hw
TRACE::2023-11-23.16:08:08::SCWPlatform::Sanity checking of platform is completed
LOG::2023-11-23.16:08:08::SCWPlatform::Started generating the artifacts for system configuration mblaze_switch_intc_hw
LOG::2023-11-23.16:08:08::SCWSystem::Checking the domain standalone_domain
LOG::2023-11-23.16:08:08::SCWSystem::Not a boot domain 
LOG::2023-11-23.16:08:08::SCWSystem::Started Processing the domain standalone_domain
TRACE::2023-11-23.16:08:08::SCWDomain::Generating domain artifcats
TRACE::2023-11-23.16:08:08::SCWMssOS::Generating standalone artifcats
TRACE::2023-11-23.16:08:08::SCWMssOS:: Copying the user libraries. 
TRACE::2023-11-23.16:08:08::SCWPlatform::Trying to open the hw design at F:/Ian_Jung/workplace/Harman_Vitis/mblaze_switch_intc_hw/hw/mblaze_switch_intc.xsa
TRACE::2023-11-23.16:08:08::SCWPlatform::DSA given F:/Ian_Jung/workplace/Harman_Vitis/mblaze_switch_intc_hw/hw/mblaze_switch_intc.xsa
TRACE::2023-11-23.16:08:08::SCWPlatform::DSA absoulate path F:/Ian_Jung/workplace/Harman_Vitis/mblaze_switch_intc_hw/hw/mblaze_switch_intc.xsa
TRACE::2023-11-23.16:08:08::SCWPlatform::DSA directory F:/Ian_Jung/workplace/Harman_Vitis/mblaze_switch_intc_hw/hw
TRACE::2023-11-23.16:08:08::SCWPlatform:: Platform Path F:/Ian_Jung/workplace/Harman_Vitis/mblaze_switch_intc_hw/hw/mblaze_switch_intc.xsa
TRACE::2023-11-23.16:08:08::SCWPlatform:: Unique name xilinx:basys3::0.0
TRACE::2023-11-23.16:08:08::SCWPlatform::Trying to set the existing hwdb with name mblaze_switch_intc_wrapper_1
TRACE::2023-11-23.16:08:08::SCWPlatform::Opened existing hwdb mblaze_switch_intc_wrapper_1
TRACE::2023-11-23.16:08:08::SCWPlatform::Found the Hw Db part of the input DSA
TRACE::2023-11-23.16:08:08::SCWMssOS::Checking the sw design at  F:/Ian_Jung/workplace/Harman_Vitis/mblaze_switch_intc_hw/microblaze_0/standalone_domain/bsp/system.mss
TRACE::2023-11-23.16:08:08::SCWMssOS::DEBUG:  swdes dump  F:/Ian_Jung/workplace/Harman_Vitis/mBlaze_hello/microblaze_0/standalone_domain/bsp/system.mss|system_0||
F:/Ian_Jung/workplace/Harman_Vitis/mblaze_DHT11_real_hw/microblaze_0/standalone_domain/bsp/system.mss|system_1||
F:/Ian_Jung/workplace/Harman_Vitis/mblaze_btn_intc_hw/microblaze_0/standalone_domain/bsp/system.mss|system||

TRACE::2023-11-23.16:08:08::SCWMssOS::No sw design opened at  F:/Ian_Jung/workplace/Harman_Vitis/mblaze_switch_intc_hw/microblaze_0/standalone_domain/bsp/system.mss
TRACE::2023-11-23.16:08:08::SCWMssOS::mss exists loading the mss file  F:/Ian_Jung/workplace/Harman_Vitis/mblaze_switch_intc_hw/microblaze_0/standalone_domain/bsp/system.mss
TRACE::2023-11-23.16:08:08::SCWMssOS::Opened the sw design from mss  F:/Ian_Jung/workplace/Harman_Vitis/mblaze_switch_intc_hw/microblaze_0/standalone_domain/bsp/system.mss
TRACE::2023-11-23.16:08:08::SCWMssOS::Adding the swdes entry F:/Ian_Jung/workplace/Harman_Vitis/mblaze_switch_intc_hw/microblaze_0/standalone_domain/bsp/system.mss with des name system_2
TRACE::2023-11-23.16:08:08::SCWMssOS::updating the scw layer about changes
TRACE::2023-11-23.16:08:08::SCWMssOS::Opened the sw design.  F:/Ian_Jung/workplace/Harman_Vitis/mblaze_switch_intc_hw/microblaze_0/standalone_domain/bsp/system.mss
TRACE::2023-11-23.16:08:08::SCWMssOS::Completed writing the mss file at F:/Ian_Jung/workplace/Harman_Vitis/mblaze_switch_intc_hw/microblaze_0/standalone_domain/bsp
TRACE::2023-11-23.16:08:08::SCWMssOS::Mss edits present, copying mssfile into export location F:/Ian_Jung/workplace/Harman_Vitis/mblaze_switch_intc_hw/microblaze_0/standalone_domain/bsp/system.mss
TRACE::2023-11-23.16:08:08::SCWMssOS::bsp generated is upto date with the mss file. Skipping bsp generation.
TRACE::2023-11-23.16:08:08::SCWMssOS::BSP is already built. skipping the bsp build ... 
TRACE::2023-11-23.16:08:08::SCWDomain::Building the domain as part of full build :  standalone_domain
TRACE::2023-11-23.16:08:08::SCWMssOS::doing bsp build ... 
TRACE::2023-11-23.16:08:08::SCWMssOS::System Command Ran  F: & cd  F:/Ian_Jung/workplace/Harman_Vitis/mblaze_switch_intc_hw/microblaze_0/standalone_domain/bsp & make 
TRACE::2023-11-23.16:08:08::SCWMssOS::"Running Make include in microblaze_0/libsrc/bram_v4_3/src"

TRACE::2023-11-23.16:08:08::SCWMssOS::make -C microblaze_0/libsrc/bram_v4_3/src -s include  "SHELL=CMD" "COMPILER=mb-gcc" "ASSEMBLER=mb-as" "ARCHIVER=mb-ar" "COMPILE
TRACE::2023-11-23.16:08:08::SCWMssOS::R_FLAGS=  -O2 -c -mcpu=v11.0 -mlittle-endian -mno-xl-reorder -mno-xl-soft-mul -mxl-barrel-shift -mxl-pattern-compare" "EXTRA_CO
TRACE::2023-11-23.16:08:08::SCWMssOS::MPILER_FLAGS=-g -ffunction-sections -fdata-sections -Wall -Wextra"

TRACE::2023-11-23.16:08:08::SCWMssOS::"Running Make include in microblaze_0/libsrc/cpu_v2_10/src"

TRACE::2023-11-23.16:08:08::SCWMssOS::make -C microblaze_0/libsrc/cpu_v2_10/src -s include  "SHELL=CMD" "COMPILER=mb-gcc" "ASSEMBLER=mb-as" "ARCHIVER=mb-ar" "COMPILE
TRACE::2023-11-23.16:08:08::SCWMssOS::R_FLAGS=  -O2 -c -mcpu=v11.0 -mlittle-endian -mno-xl-reorder -mno-xl-soft-mul -mxl-barrel-shift -mxl-pattern-compare" "EXTRA_CO
TRACE::2023-11-23.16:08:08::SCWMssOS::MPILER_FLAGS=-g -ffunction-sections -fdata-sections -Wall -Wextra"

TRACE::2023-11-23.16:08:08::SCWMssOS::"Running Make include in microblaze_0/libsrc/gpio_v4_5/src"

TRACE::2023-11-23.16:08:08::SCWMssOS::make -C microblaze_0/libsrc/gpio_v4_5/src -s include  "SHELL=CMD" "COMPILER=mb-gcc" "ASSEMBLER=mb-as" "ARCHIVER=mb-ar" "COMPILE
TRACE::2023-11-23.16:08:08::SCWMssOS::R_FLAGS=  -O2 -c -mcpu=v11.0 -mlittle-endian -mno-xl-reorder -mno-xl-soft-mul -mxl-barrel-shift -mxl-pattern-compare" "EXTRA_CO
TRACE::2023-11-23.16:08:08::SCWMssOS::MPILER_FLAGS=-g -ffunction-sections -fdata-sections -Wall -Wextra"

TRACE::2023-11-23.16:08:08::SCWMssOS::"Running Make include in microblaze_0/libsrc/intc_v3_10/src"

TRACE::2023-11-23.16:08:08::SCWMssOS::make -C microblaze_0/libsrc/intc_v3_10/src -s include  "SHELL=CMD" "COMPILER=mb-gcc" "ASSEMBLER=mb-as" "ARCHIVER=mb-ar" "COMPIL
TRACE::2023-11-23.16:08:08::SCWMssOS::ER_FLAGS=  -O2 -c -mcpu=v11.0 -mlittle-endian -mno-xl-reorder -mno-xl-soft-mul -mxl-barrel-shift -mxl-pattern-compare" "EXTRA_C
TRACE::2023-11-23.16:08:08::SCWMssOS::OMPILER_FLAGS=-g -ffunction-sections -fdata-sections -Wall -Wextra"

TRACE::2023-11-23.16:08:09::SCWMssOS::"Running Make include in microblaze_0/libsrc/standalone_v7_1/src"

TRACE::2023-11-23.16:08:09::SCWMssOS::make -C microblaze_0/libsrc/standalone_v7_1/src -s include  "SHELL=CMD" "COMPILER=mb-gcc" "ASSEMBLER=mb-as" "ARCHIVER=mb-ar" "C
TRACE::2023-11-23.16:08:09::SCWMssOS::OMPILER_FLAGS=  -O2 -c -mcpu=v11.0 -mlittle-endian -mno-xl-reorder -mno-xl-soft-mul -mxl-barrel-shift -mxl-pattern-compare" "EX
TRACE::2023-11-23.16:08:09::SCWMssOS::TRA_COMPILER_FLAGS=-g -ffunction-sections -fdata-sections -Wall -Wextra"

TRACE::2023-11-23.16:08:09::SCWMssOS::"Running Make include in microblaze_0/libsrc/uartlite_v3_3/src"

TRACE::2023-11-23.16:08:09::SCWMssOS::make -C microblaze_0/libsrc/uartlite_v3_3/src -s include  "SHELL=CMD" "COMPILER=mb-gcc" "ASSEMBLER=mb-as" "ARCHIVER=mb-ar" "COM
TRACE::2023-11-23.16:08:09::SCWMssOS::PILER_FLAGS=  -O2 -c -mcpu=v11.0 -mlittle-endian -mno-xl-reorder -mno-xl-soft-mul -mxl-barrel-shift -mxl-pattern-compare" "EXTR
TRACE::2023-11-23.16:08:09::SCWMssOS::A_COMPILER_FLAGS=-g -ffunction-sections -fdata-sections -Wall -Wextra"

TRACE::2023-11-23.16:08:09::SCWMssOS::"Running Make libs in microblaze_0/libsrc/bram_v4_3/src"

TRACE::2023-11-23.16:08:09::SCWMssOS::make -C microblaze_0/libsrc/bram_v4_3/src -s libs  "SHELL=CMD" "COMPILER=mb-gcc" "ASSEMBLER=mb-as" "ARCHIVER=mb-ar" "COMPILER_F
TRACE::2023-11-23.16:08:09::SCWMssOS::LAGS=  -O2 -c -mcpu=v11.0 -mlittle-endian -mno-xl-reorder -mno-xl-soft-mul -mxl-barrel-shift -mxl-pattern-compare" "EXTRA_COMPI
TRACE::2023-11-23.16:08:09::SCWMssOS::LER_FLAGS=-g -ffunction-sections -fdata-sections -Wall -Wextra"

TRACE::2023-11-23.16:08:10::SCWMssOS::"Compiling bram"

TRACE::2023-11-23.16:08:11::SCWMssOS::"Running Make libs in microblaze_0/libsrc/cpu_v2_10/src"

TRACE::2023-11-23.16:08:11::SCWMssOS::make -C microblaze_0/libsrc/cpu_v2_10/src -s libs  "SHELL=CMD" "COMPILER=mb-gcc" "ASSEMBLER=mb-as" "ARCHIVER=mb-ar" "COMPILER_F
TRACE::2023-11-23.16:08:11::SCWMssOS::LAGS=  -O2 -c -mcpu=v11.0 -mlittle-endian -mno-xl-reorder -mno-xl-soft-mul -mxl-barrel-shift -mxl-pattern-compare" "EXTRA_COMPI
TRACE::2023-11-23.16:08:11::SCWMssOS::LER_FLAGS=-g -ffunction-sections -fdata-sections -Wall -Wextra"

TRACE::2023-11-23.16:08:11::SCWMssOS::"Compiling cpu"

TRACE::2023-11-23.16:08:11::SCWMssOS::"Running Make libs in microblaze_0/libsrc/gpio_v4_5/src"

TRACE::2023-11-23.16:08:11::SCWMssOS::make -C microblaze_0/libsrc/gpio_v4_5/src -s libs  "SHELL=CMD" "COMPILER=mb-gcc" "ASSEMBLER=mb-as" "ARCHIVER=mb-ar" "COMPILER_F
TRACE::2023-11-23.16:08:11::SCWMssOS::LAGS=  -O2 -c -mcpu=v11.0 -mlittle-endian -mno-xl-reorder -mno-xl-soft-mul -mxl-barrel-shift -mxl-pattern-compare" "EXTRA_COMPI
TRACE::2023-11-23.16:08:11::SCWMssOS::LER_FLAGS=-g -ffunction-sections -fdata-sections -Wall -Wextra"

TRACE::2023-11-23.16:08:11::SCWMssOS::"Compiling gpio"

TRACE::2023-11-23.16:08:12::SCWMssOS::"Running Make libs in microblaze_0/libsrc/intc_v3_10/src"

TRACE::2023-11-23.16:08:12::SCWMssOS::make -C microblaze_0/libsrc/intc_v3_10/src -s libs  "SHELL=CMD" "COMPILER=mb-gcc" "ASSEMBLER=mb-as" "ARCHIVER=mb-ar" "COMPILER_
TRACE::2023-11-23.16:08:12::SCWMssOS::FLAGS=  -O2 -c -mcpu=v11.0 -mlittle-endian -mno-xl-reorder -mno-xl-soft-mul -mxl-barrel-shift -mxl-pattern-compare" "EXTRA_COMP
TRACE::2023-11-23.16:08:12::SCWMssOS::ILER_FLAGS=-g -ffunction-sections -fdata-sections -Wall -Wextra"

TRACE::2023-11-23.16:08:12::SCWMssOS::"Compiling intc"

TRACE::2023-11-23.16:08:13::SCWMssOS::"Running Make libs in microblaze_0/libsrc/standalone_v7_1/src"

TRACE::2023-11-23.16:08:13::SCWMssOS::make -C microblaze_0/libsrc/standalone_v7_1/src -s libs  "SHELL=CMD" "COMPILER=mb-gcc" "ASSEMBLER=mb-as" "ARCHIVER=mb-ar" "COMP
TRACE::2023-11-23.16:08:13::SCWMssOS::ILER_FLAGS=  -O2 -c -mcpu=v11.0 -mlittle-endian -mno-xl-reorder -mno-xl-soft-mul -mxl-barrel-shift -mxl-pattern-compare" "EXTRA
TRACE::2023-11-23.16:08:13::SCWMssOS::_COMPILER_FLAGS=-g -ffunction-sections -fdata-sections -Wall -Wextra"

TRACE::2023-11-23.16:08:13::SCWMssOS::"Compiling standalone";

TRACE::2023-11-23.16:08:18::SCWMssOS::"Running Make libs in microblaze_0/libsrc/uartlite_v3_3/src"

TRACE::2023-11-23.16:08:18::SCWMssOS::make -C microblaze_0/libsrc/uartlite_v3_3/src -s libs  "SHELL=CMD" "COMPILER=mb-gcc" "ASSEMBLER=mb-as" "ARCHIVER=mb-ar" "COMPIL
TRACE::2023-11-23.16:08:18::SCWMssOS::ER_FLAGS=  -O2 -c -mcpu=v11.0 -mlittle-endian -mno-xl-reorder -mno-xl-soft-mul -mxl-barrel-shift -mxl-pattern-compare" "EXTRA_C
TRACE::2023-11-23.16:08:18::SCWMssOS::OMPILER_FLAGS=-g -ffunction-sections -fdata-sections -Wall -Wextra"

TRACE::2023-11-23.16:08:18::SCWMssOS::"Compiling uartlite"

TRACE::2023-11-23.16:08:19::SCWMssOS::'Finished building libraries'

TRACE::2023-11-23.16:08:19::SCWMssOS::Copying to export directory.
TRACE::2023-11-23.16:08:19::SCWMssOS:: Checking if to create the Supporting Applications
TRACE::2023-11-23.16:08:19::SCWMssOS:: No Linux domain exists, trying to generate FSBL 
LOG::2023-11-23.16:08:19::SCWSystem::Completed Processing the domain standalone_domain
LOG::2023-11-23.16:08:19::SCWSystem::Completed Processing the sysconfig mblaze_switch_intc_hw
LOG::2023-11-23.16:08:19::SCWPlatform::Completed generating the artifacts for system configuration mblaze_switch_intc_hw
TRACE::2023-11-23.16:08:19::SCWPlatform::Started preparing the platform 
TRACE::2023-11-23.16:08:19::SCWSystem::Writing the bif file for system config mblaze_switch_intc_hw
TRACE::2023-11-23.16:08:19::SCWSystem::dir created 
TRACE::2023-11-23.16:08:19::SCWSystem::Writing the bif 
TRACE::2023-11-23.16:08:19::SCWPlatform::Started writing the spfm file 
TRACE::2023-11-23.16:08:19::SCWPlatform::Started writing the xpfm file 
TRACE::2023-11-23.16:08:19::SCWPlatform::Completed generating the platform
TRACE::2023-11-23.16:08:19::SCWPlatform::Trying to open the hw design at F:/Ian_Jung/workplace/Harman_Vitis/mblaze_switch_intc_hw/hw/mblaze_switch_intc.xsa
TRACE::2023-11-23.16:08:19::SCWPlatform::DSA given F:/Ian_Jung/workplace/Harman_Vitis/mblaze_switch_intc_hw/hw/mblaze_switch_intc.xsa
TRACE::2023-11-23.16:08:19::SCWPlatform::DSA absoulate path F:/Ian_Jung/workplace/Harman_Vitis/mblaze_switch_intc_hw/hw/mblaze_switch_intc.xsa
TRACE::2023-11-23.16:08:19::SCWPlatform::DSA directory F:/Ian_Jung/workplace/Harman_Vitis/mblaze_switch_intc_hw/hw
TRACE::2023-11-23.16:08:19::SCWPlatform:: Platform Path F:/Ian_Jung/workplace/Harman_Vitis/mblaze_switch_intc_hw/hw/mblaze_switch_intc.xsa
TRACE::2023-11-23.16:08:19::SCWPlatform:: Unique name xilinx:basys3::0.0
TRACE::2023-11-23.16:08:19::SCWPlatform::Trying to set the existing hwdb with name mblaze_switch_intc_wrapper_1
TRACE::2023-11-23.16:08:19::SCWPlatform::Opened existing hwdb mblaze_switch_intc_wrapper_1
TRACE::2023-11-23.16:08:19::SCWPlatform::Found the Hw Db part of the input DSA
TRACE::2023-11-23.16:08:19::SCWMssOS::Checking the sw design at  F:/Ian_Jung/workplace/Harman_Vitis/mblaze_switch_intc_hw/microblaze_0/standalone_domain/bsp/system.mss
TRACE::2023-11-23.16:08:19::SCWMssOS::DEBUG:  swdes dump  F:/Ian_Jung/workplace/Harman_Vitis/mBlaze_hello/microblaze_0/standalone_domain/bsp/system.mss|system_0||
F:/Ian_Jung/workplace/Harman_Vitis/mblaze_DHT11_real_hw/microblaze_0/standalone_domain/bsp/system.mss|system_1||
F:/Ian_Jung/workplace/Harman_Vitis/mblaze_btn_intc_hw/microblaze_0/standalone_domain/bsp/system.mss|system||
F:/Ian_Jung/workplace/Harman_Vitis/mblaze_switch_intc_hw/microblaze_0/standalone_domain/bsp/system.mss|system_2||

TRACE::2023-11-23.16:08:19::SCWMssOS::Sw design exists and opened at  F:/Ian_Jung/workplace/Harman_Vitis/mblaze_switch_intc_hw/microblaze_0/standalone_domain/bsp/system.mss
TRACE::2023-11-23.16:08:19::SCWWriter::formatted JSON is {
	"platformName":	"mblaze_switch_intc_hw",
	"sprVersion":	"2.0",
	"mode":	"gui",
	"dsaType":	"Fixed",
	"platformDesc":	"mblaze_switch_intc_hw",
	"platHandOff":	"F:/Ian_Jung/workplace/cora_z7/cora_cpu_2019/Basys3_Microblaze_real/mblaze_switch_intc.xsa",
	"platIntHandOff":	"<platformDir>/hw/mblaze_switch_intc.xsa",
	"deviceType":	"FPGA",
	"platIsPrebuiltAutogen":	"false",
	"platIsNoBootBsp":	"false",
	"hasFsblMakeHasChanges":	"false",
	"hasPmufwMakeHasChanges":	"false",
	"platPreBuiltFlag":	false,
	"platformSamplesDir":	"",
	"platActiveSys":	"mblaze_switch_intc_hw",
	"systems":	[{
			"systemName":	"mblaze_switch_intc_hw",
			"systemDesc":	"mblaze_switch_intc_hw",
			"sysIsBootAutoGen":	"true",
			"systemDispName":	"mblaze_switch_intc_hw",
			"sysActiveDom":	"standalone_domain",
			"sysDefaultDom":	"standalone_domain",
			"domains":	[{
					"domainName":	"standalone_domain",
					"domainDispName":	"standalone on microblaze_0",
					"domainDesc":	"standalone_domain",
					"processors":	"microblaze_0",
					"os":	"standalone",
					"sdxOs":	"standalone",
					"debugEnable":	"False",
					"domRuntimes":	["cpp"],
					"swRepo":	"",
					"mssOsVer":	"7.1",
					"mssFile":	"",
					"md5Digest":	"14b72a4a90ae226cfbd4af1eae259bb4",
					"compatibleApp":	"",
					"domType":	"mssDomain",
					"appSettings":	{
						"appCompilerFlags":	"",
						"appLinkerFlags":	""
					},
					"addedLibs":	[],
					"libOptions":	{
						"libsContainingOptions":	[]
					},
					"prebuiltLibs":	{
						"prebuiltIncPath":	[],
						"prebuiltLibPath":	[]
					},
					"isolation":	{
					}
				}]
		}]
}
KEYINFO::2023-11-23.16:08:19::SCWPlatform::updated the xpfm file.
TRACE::2023-11-23.16:08:19::SCWPlatform::Trying to open the hw design at F:/Ian_Jung/workplace/Harman_Vitis/mblaze_switch_intc_hw/hw/mblaze_switch_intc.xsa
TRACE::2023-11-23.16:08:19::SCWPlatform::DSA given F:/Ian_Jung/workplace/Harman_Vitis/mblaze_switch_intc_hw/hw/mblaze_switch_intc.xsa
TRACE::2023-11-23.16:08:19::SCWPlatform::DSA absoulate path F:/Ian_Jung/workplace/Harman_Vitis/mblaze_switch_intc_hw/hw/mblaze_switch_intc.xsa
TRACE::2023-11-23.16:08:19::SCWPlatform::DSA directory F:/Ian_Jung/workplace/Harman_Vitis/mblaze_switch_intc_hw/hw
TRACE::2023-11-23.16:08:19::SCWPlatform:: Platform Path F:/Ian_Jung/workplace/Harman_Vitis/mblaze_switch_intc_hw/hw/mblaze_switch_intc.xsa
TRACE::2023-11-23.16:08:19::SCWPlatform:: Unique name xilinx:basys3::0.0
TRACE::2023-11-23.16:08:19::SCWPlatform::Trying to set the existing hwdb with name mblaze_switch_intc_wrapper_1
TRACE::2023-11-23.16:08:19::SCWPlatform::Opened existing hwdb mblaze_switch_intc_wrapper_1
TRACE::2023-11-23.16:08:19::SCWPlatform::Found the Hw Db part of the input DSA
TRACE::2023-11-23.16:08:19::SCWMssOS::Checking the sw design at  F:/Ian_Jung/workplace/Harman_Vitis/mblaze_switch_intc_hw/microblaze_0/standalone_domain/bsp/system.mss
TRACE::2023-11-23.16:08:19::SCWMssOS::DEBUG:  swdes dump  F:/Ian_Jung/workplace/Harman_Vitis/mBlaze_hello/microblaze_0/standalone_domain/bsp/system.mss|system_0||
F:/Ian_Jung/workplace/Harman_Vitis/mblaze_DHT11_real_hw/microblaze_0/standalone_domain/bsp/system.mss|system_1||
F:/Ian_Jung/workplace/Harman_Vitis/mblaze_btn_intc_hw/microblaze_0/standalone_domain/bsp/system.mss|system||
F:/Ian_Jung/workplace/Harman_Vitis/mblaze_switch_intc_hw/microblaze_0/standalone_domain/bsp/system.mss|system_2||

TRACE::2023-11-23.16:08:19::SCWMssOS::Sw design exists and opened at  F:/Ian_Jung/workplace/Harman_Vitis/mblaze_switch_intc_hw/microblaze_0/standalone_domain/bsp/system.mss
