TRACE::2023-11-20.15:16:55::SCWPlatform::Trying to open the hw design at F:/Ian_Jung/workplace/Harman_Vitis/mblaze_FND_cntr_hw/hw/mblaze_FND_cntr.xsa
TRACE::2023-11-20.15:16:55::SCWPlatform::DSA given F:/Ian_Jung/workplace/Harman_Vitis/mblaze_FND_cntr_hw/hw/mblaze_FND_cntr.xsa
TRACE::2023-11-20.15:16:55::SCWPlatform::DSA absoulate path F:/Ian_Jung/workplace/Harman_Vitis/mblaze_FND_cntr_hw/hw/mblaze_FND_cntr.xsa
TRACE::2023-11-20.15:17:02::SCWPlatform::DSA directory F:/Ian_Jung/workplace/Harman_Vitis/mblaze_FND_cntr_hw/hw
TRACE::2023-11-20.15:17:02::SCWPlatform:: Platform Path F:/Ian_Jung/workplace/Harman_Vitis/mblaze_FND_cntr_hw/hw/mblaze_FND_cntr.xsa
TRACE::2023-11-20.15:17:02::SCWPlatform:: Unique name xilinx:basys3::0.0
TRACE::2023-11-20.15:17:02::SCWPlatform::Do not have an existing db opened. 
TRACE::2023-11-20.15:17:02::SCWPlatform::Opened new HwDB with name mblaze_FND_cntr_wrapper_0
TRACE::2023-11-20.15:17:02::SCWWriter::formatted JSON is {
	"platformName":	"mblaze_FND_cntr_hw",
	"sprVersion":	"2.0",
	"mode":	"gui",
	"dsaType":	"Fixed",
	"platformDesc":	"mblaze_FND_cntr_hw",
	"platHandOff":	"F:/Ian_Jung/workplace/cora_z7/cora_cpu_2019/Basys3_Microblaze_real/mblaze_FND_cntr.xsa",
	"platIntHandOff":	"<platformDir>/hw/mblaze_FND_cntr.xsa",
	"deviceType":	"FPGA",
	"platIsPrebuiltAutogen":	"false",
	"platIsNoBootBsp":	"false",
	"hasFsblMakeHasChanges":	"false",
	"hasPmufwMakeHasChanges":	"false",
	"platPreBuiltFlag":	false,
	"platformSamplesDir":	""
}
TRACE::2023-11-20.15:17:02::SCWWriter::formatted JSON is {
	"platformName":	"mblaze_FND_cntr_hw",
	"sprVersion":	"2.0",
	"mode":	"gui",
	"dsaType":	"Fixed",
	"platformDesc":	"mblaze_FND_cntr_hw",
	"platHandOff":	"F:/Ian_Jung/workplace/cora_z7/cora_cpu_2019/Basys3_Microblaze_real/mblaze_FND_cntr.xsa",
	"platIntHandOff":	"<platformDir>/hw/mblaze_FND_cntr.xsa",
	"deviceType":	"FPGA",
	"platIsPrebuiltAutogen":	"false",
	"platIsNoBootBsp":	"false",
	"hasFsblMakeHasChanges":	"false",
	"hasPmufwMakeHasChanges":	"false",
	"platPreBuiltFlag":	false,
	"platformSamplesDir":	"",
	"platActiveSys":	"mblaze_FND_cntr_hw",
	"systems":	[{
			"systemName":	"mblaze_FND_cntr_hw",
			"systemDesc":	"mblaze_FND_cntr_hw",
			"sysIsBootAutoGen":	"true",
			"systemDispName":	"mblaze_FND_cntr_hw"
		}]
}
TRACE::2023-11-20.15:17:02::SCWPlatform::Boot application domains not present, creating them
TRACE::2023-11-20.15:17:02::SCWPlatform::Pure FPGA device, no boot application will be created.
TRACE::2023-11-20.15:17:02::SCWWriter::formatted JSON is {
	"platformName":	"mblaze_FND_cntr_hw",
	"sprVersion":	"2.0",
	"mode":	"gui",
	"dsaType":	"Fixed",
	"platformDesc":	"mblaze_FND_cntr_hw",
	"platHandOff":	"F:/Ian_Jung/workplace/cora_z7/cora_cpu_2019/Basys3_Microblaze_real/mblaze_FND_cntr.xsa",
	"platIntHandOff":	"<platformDir>/hw/mblaze_FND_cntr.xsa",
	"deviceType":	"FPGA",
	"platIsPrebuiltAutogen":	"false",
	"platIsNoBootBsp":	"false",
	"hasFsblMakeHasChanges":	"false",
	"hasPmufwMakeHasChanges":	"false",
	"platPreBuiltFlag":	false,
	"platformSamplesDir":	"",
	"platActiveSys":	"mblaze_FND_cntr_hw",
	"systems":	[{
			"systemName":	"mblaze_FND_cntr_hw",
			"systemDesc":	"mblaze_FND_cntr_hw",
			"sysIsBootAutoGen":	"true",
			"systemDispName":	"mblaze_FND_cntr_hw"
		}]
}
TRACE::2023-11-20.15:17:02::SCWPlatform::Trying to open the hw design at F:/Ian_Jung/workplace/Harman_Vitis/mblaze_FND_cntr_hw/hw/mblaze_FND_cntr.xsa
TRACE::2023-11-20.15:17:02::SCWPlatform::DSA given F:/Ian_Jung/workplace/Harman_Vitis/mblaze_FND_cntr_hw/hw/mblaze_FND_cntr.xsa
TRACE::2023-11-20.15:17:02::SCWPlatform::DSA absoulate path F:/Ian_Jung/workplace/Harman_Vitis/mblaze_FND_cntr_hw/hw/mblaze_FND_cntr.xsa
TRACE::2023-11-20.15:17:02::SCWPlatform::DSA directory F:/Ian_Jung/workplace/Harman_Vitis/mblaze_FND_cntr_hw/hw
TRACE::2023-11-20.15:17:02::SCWPlatform:: Platform Path F:/Ian_Jung/workplace/Harman_Vitis/mblaze_FND_cntr_hw/hw/mblaze_FND_cntr.xsa
TRACE::2023-11-20.15:17:02::SCWPlatform:: Unique name xilinx:basys3::0.0
TRACE::2023-11-20.15:17:02::SCWPlatform::Trying to set the existing hwdb with name mblaze_FND_cntr_wrapper_0
TRACE::2023-11-20.15:17:02::SCWPlatform::Opened existing hwdb mblaze_FND_cntr_wrapper_0
TRACE::2023-11-20.15:17:02::SCWPlatform::Found the Hw Db part of the input DSA
TRACE::2023-11-20.15:17:02::SCWDomain::checking for install qemu data   : 
TRACE::2023-11-20.15:17:02::SCWPlatform::Trying to open the hw design at F:/Ian_Jung/workplace/Harman_Vitis/mblaze_FND_cntr_hw/hw/mblaze_FND_cntr.xsa
TRACE::2023-11-20.15:17:02::SCWPlatform::DSA given F:/Ian_Jung/workplace/Harman_Vitis/mblaze_FND_cntr_hw/hw/mblaze_FND_cntr.xsa
TRACE::2023-11-20.15:17:02::SCWPlatform::DSA absoulate path F:/Ian_Jung/workplace/Harman_Vitis/mblaze_FND_cntr_hw/hw/mblaze_FND_cntr.xsa
TRACE::2023-11-20.15:17:02::SCWPlatform::DSA directory F:/Ian_Jung/workplace/Harman_Vitis/mblaze_FND_cntr_hw/hw
TRACE::2023-11-20.15:17:02::SCWPlatform:: Platform Path F:/Ian_Jung/workplace/Harman_Vitis/mblaze_FND_cntr_hw/hw/mblaze_FND_cntr.xsa
TRACE::2023-11-20.15:17:02::SCWPlatform:: Unique name xilinx:basys3::0.0
TRACE::2023-11-20.15:17:02::SCWPlatform::Trying to set the existing hwdb with name mblaze_FND_cntr_wrapper_0
TRACE::2023-11-20.15:17:02::SCWPlatform::Opened existing hwdb mblaze_FND_cntr_wrapper_0
TRACE::2023-11-20.15:17:02::SCWPlatform::Found the Hw Db part of the input DSA
TRACE::2023-11-20.15:17:02::SCWPlatform::Trying to open the hw design at F:/Ian_Jung/workplace/Harman_Vitis/mblaze_FND_cntr_hw/hw/mblaze_FND_cntr.xsa
TRACE::2023-11-20.15:17:02::SCWPlatform::DSA given F:/Ian_Jung/workplace/Harman_Vitis/mblaze_FND_cntr_hw/hw/mblaze_FND_cntr.xsa
TRACE::2023-11-20.15:17:02::SCWPlatform::DSA absoulate path F:/Ian_Jung/workplace/Harman_Vitis/mblaze_FND_cntr_hw/hw/mblaze_FND_cntr.xsa
TRACE::2023-11-20.15:17:02::SCWPlatform::DSA directory F:/Ian_Jung/workplace/Harman_Vitis/mblaze_FND_cntr_hw/hw
TRACE::2023-11-20.15:17:02::SCWPlatform:: Platform Path F:/Ian_Jung/workplace/Harman_Vitis/mblaze_FND_cntr_hw/hw/mblaze_FND_cntr.xsa
TRACE::2023-11-20.15:17:02::SCWPlatform:: Unique name xilinx:basys3::0.0
TRACE::2023-11-20.15:17:02::SCWPlatform::Trying to set the existing hwdb with name mblaze_FND_cntr_wrapper_0
TRACE::2023-11-20.15:17:02::SCWPlatform::Opened existing hwdb mblaze_FND_cntr_wrapper_0
TRACE::2023-11-20.15:17:02::SCWPlatform::Found the Hw Db part of the input DSA
TRACE::2023-11-20.15:17:02::SCWMssOS::Checking the sw design at  F:/Ian_Jung/workplace/Harman_Vitis/mblaze_FND_cntr_hw/microblaze_0/standalone_domain/bsp/system.mss
TRACE::2023-11-20.15:17:02::SCWMssOS::DEBUG:  swdes dump  
TRACE::2023-11-20.15:17:02::SCWMssOS::No sw design opened at  F:/Ian_Jung/workplace/Harman_Vitis/mblaze_FND_cntr_hw/microblaze_0/standalone_domain/bsp/system.mss
TRACE::2023-11-20.15:17:02::SCWMssOS::mss does not exists at F:/Ian_Jung/workplace/Harman_Vitis/mblaze_FND_cntr_hw/microblaze_0/standalone_domain/bsp/system.mss
TRACE::2023-11-20.15:17:02::SCWMssOS::Creating sw design at  F:/Ian_Jung/workplace/Harman_Vitis/mblaze_FND_cntr_hw/microblaze_0/standalone_domain/bsp/system.mss
TRACE::2023-11-20.15:17:02::SCWMssOS::Adding the swdes entry, created swdb F:/Ian_Jung/workplace/Harman_Vitis/mblaze_FND_cntr_hw/microblaze_0/standalone_domain/bsp/system.mss with des name F:/Ian_Jung/workplace/Harman_Vitis/mblaze_FND_cntr_hw/microblaze_0/standalone_domain/bsp/system.mss
TRACE::2023-11-20.15:17:02::SCWMssOS::updating the scw layer changes to swdes at   F:/Ian_Jung/workplace/Harman_Vitis/mblaze_FND_cntr_hw/microblaze_0/standalone_domain/bsp/system.mss
TRACE::2023-11-20.15:17:02::SCWMssOS::Writing mss at F:/Ian_Jung/workplace/Harman_Vitis/mblaze_FND_cntr_hw/microblaze_0/standalone_domain/bsp/system.mss
TRACE::2023-11-20.15:17:03::SCWMssOS::Completed writing the mss file at F:/Ian_Jung/workplace/Harman_Vitis/mblaze_FND_cntr_hw/microblaze_0/standalone_domain/bsp
TRACE::2023-11-20.15:17:03::SCWMssOS::Picking up changes from newly written mss file into SCW Layer. 
TRACE::2023-11-20.15:17:03::SCWMssOS::Updated the changes from newly written mss file into SCW Layer. 
TRACE::2023-11-20.15:17:03::SCWPlatform::Trying to open the hw design at F:/Ian_Jung/workplace/Harman_Vitis/mblaze_FND_cntr_hw/hw/mblaze_FND_cntr.xsa
TRACE::2023-11-20.15:17:03::SCWPlatform::DSA given F:/Ian_Jung/workplace/Harman_Vitis/mblaze_FND_cntr_hw/hw/mblaze_FND_cntr.xsa
TRACE::2023-11-20.15:17:03::SCWPlatform::DSA absoulate path F:/Ian_Jung/workplace/Harman_Vitis/mblaze_FND_cntr_hw/hw/mblaze_FND_cntr.xsa
TRACE::2023-11-20.15:17:03::SCWPlatform::DSA directory F:/Ian_Jung/workplace/Harman_Vitis/mblaze_FND_cntr_hw/hw
TRACE::2023-11-20.15:17:03::SCWPlatform:: Platform Path F:/Ian_Jung/workplace/Harman_Vitis/mblaze_FND_cntr_hw/hw/mblaze_FND_cntr.xsa
TRACE::2023-11-20.15:17:03::SCWPlatform:: Unique name xilinx:basys3::0.0
TRACE::2023-11-20.15:17:03::SCWPlatform::Trying to set the existing hwdb with name mblaze_FND_cntr_wrapper_0
TRACE::2023-11-20.15:17:03::SCWPlatform::Opened existing hwdb mblaze_FND_cntr_wrapper_0
TRACE::2023-11-20.15:17:03::SCWPlatform::Found the Hw Db part of the input DSA
TRACE::2023-11-20.15:17:03::SCWMssOS::Checking the sw design at  F:/Ian_Jung/workplace/Harman_Vitis/mblaze_FND_cntr_hw/microblaze_0/standalone_domain/bsp/system.mss
TRACE::2023-11-20.15:17:03::SCWMssOS::DEBUG:  swdes dump  F:/Ian_Jung/workplace/Harman_Vitis/mblaze_FND_cntr_hw/microblaze_0/standalone_domain/bsp/system.mss|F:/Ian_Jung/workplace/Harman_Vitis/mblaze_FND_cntr_hw/microblaze_0/standalone_domain/bsp/system.mss||

TRACE::2023-11-20.15:17:03::SCWMssOS::Sw design exists and opened at  F:/Ian_Jung/workplace/Harman_Vitis/mblaze_FND_cntr_hw/microblaze_0/standalone_domain/bsp/system.mss
TRACE::2023-11-20.15:17:03::SCWPlatform::Trying to open the hw design at F:/Ian_Jung/workplace/Harman_Vitis/mblaze_FND_cntr_hw/hw/mblaze_FND_cntr.xsa
TRACE::2023-11-20.15:17:03::SCWPlatform::DSA given F:/Ian_Jung/workplace/Harman_Vitis/mblaze_FND_cntr_hw/hw/mblaze_FND_cntr.xsa
TRACE::2023-11-20.15:17:03::SCWPlatform::DSA absoulate path F:/Ian_Jung/workplace/Harman_Vitis/mblaze_FND_cntr_hw/hw/mblaze_FND_cntr.xsa
TRACE::2023-11-20.15:17:03::SCWPlatform::DSA directory F:/Ian_Jung/workplace/Harman_Vitis/mblaze_FND_cntr_hw/hw
TRACE::2023-11-20.15:17:03::SCWPlatform:: Platform Path F:/Ian_Jung/workplace/Harman_Vitis/mblaze_FND_cntr_hw/hw/mblaze_FND_cntr.xsa
TRACE::2023-11-20.15:17:03::SCWPlatform:: Unique name xilinx:basys3::0.0
TRACE::2023-11-20.15:17:03::SCWPlatform::Trying to set the existing hwdb with name mblaze_FND_cntr_wrapper_0
TRACE::2023-11-20.15:17:03::SCWPlatform::Opened existing hwdb mblaze_FND_cntr_wrapper_0
TRACE::2023-11-20.15:17:03::SCWPlatform::Found the Hw Db part of the input DSA
TRACE::2023-11-20.15:17:03::SCWMssOS::Checking the sw design at  F:/Ian_Jung/workplace/Harman_Vitis/mblaze_FND_cntr_hw/microblaze_0/standalone_domain/bsp/system.mss
TRACE::2023-11-20.15:17:03::SCWMssOS::DEBUG:  swdes dump  F:/Ian_Jung/workplace/Harman_Vitis/mblaze_FND_cntr_hw/microblaze_0/standalone_domain/bsp/system.mss|F:/Ian_Jung/workplace/Harman_Vitis/mblaze_FND_cntr_hw/microblaze_0/standalone_domain/bsp/system.mss||

TRACE::2023-11-20.15:17:03::SCWMssOS::Sw design exists and opened at  F:/Ian_Jung/workplace/Harman_Vitis/mblaze_FND_cntr_hw/microblaze_0/standalone_domain/bsp/system.mss
TRACE::2023-11-20.15:17:03::SCWPlatform::Trying to open the hw design at F:/Ian_Jung/workplace/Harman_Vitis/mblaze_FND_cntr_hw/hw/mblaze_FND_cntr.xsa
TRACE::2023-11-20.15:17:03::SCWPlatform::DSA given F:/Ian_Jung/workplace/Harman_Vitis/mblaze_FND_cntr_hw/hw/mblaze_FND_cntr.xsa
TRACE::2023-11-20.15:17:03::SCWPlatform::DSA absoulate path F:/Ian_Jung/workplace/Harman_Vitis/mblaze_FND_cntr_hw/hw/mblaze_FND_cntr.xsa
TRACE::2023-11-20.15:17:03::SCWPlatform::DSA directory F:/Ian_Jung/workplace/Harman_Vitis/mblaze_FND_cntr_hw/hw
TRACE::2023-11-20.15:17:03::SCWPlatform:: Platform Path F:/Ian_Jung/workplace/Harman_Vitis/mblaze_FND_cntr_hw/hw/mblaze_FND_cntr.xsa
TRACE::2023-11-20.15:17:03::SCWPlatform:: Unique name xilinx:basys3::0.0
TRACE::2023-11-20.15:17:03::SCWPlatform::Trying to set the existing hwdb with name mblaze_FND_cntr_wrapper_0
TRACE::2023-11-20.15:17:03::SCWPlatform::Opened existing hwdb mblaze_FND_cntr_wrapper_0
TRACE::2023-11-20.15:17:03::SCWPlatform::Found the Hw Db part of the input DSA
TRACE::2023-11-20.15:17:03::SCWMssOS::Checking the sw design at  F:/Ian_Jung/workplace/Harman_Vitis/mblaze_FND_cntr_hw/microblaze_0/standalone_domain/bsp/system.mss
TRACE::2023-11-20.15:17:03::SCWMssOS::DEBUG:  swdes dump  F:/Ian_Jung/workplace/Harman_Vitis/mblaze_FND_cntr_hw/microblaze_0/standalone_domain/bsp/system.mss|F:/Ian_Jung/workplace/Harman_Vitis/mblaze_FND_cntr_hw/microblaze_0/standalone_domain/bsp/system.mss||

TRACE::2023-11-20.15:17:03::SCWMssOS::Sw design exists and opened at  F:/Ian_Jung/workplace/Harman_Vitis/mblaze_FND_cntr_hw/microblaze_0/standalone_domain/bsp/system.mss
TRACE::2023-11-20.15:17:03::SCWWriter::formatted JSON is {
	"platformName":	"mblaze_FND_cntr_hw",
	"sprVersion":	"2.0",
	"mode":	"gui",
	"dsaType":	"Fixed",
	"platformDesc":	"mblaze_FND_cntr_hw",
	"platHandOff":	"F:/Ian_Jung/workplace/cora_z7/cora_cpu_2019/Basys3_Microblaze_real/mblaze_FND_cntr.xsa",
	"platIntHandOff":	"<platformDir>/hw/mblaze_FND_cntr.xsa",
	"deviceType":	"FPGA",
	"platIsPrebuiltAutogen":	"false",
	"platIsNoBootBsp":	"false",
	"hasFsblMakeHasChanges":	"false",
	"hasPmufwMakeHasChanges":	"false",
	"platPreBuiltFlag":	false,
	"platformSamplesDir":	"",
	"platActiveSys":	"mblaze_FND_cntr_hw",
	"systems":	[{
			"systemName":	"mblaze_FND_cntr_hw",
			"systemDesc":	"mblaze_FND_cntr_hw",
			"sysIsBootAutoGen":	"true",
			"systemDispName":	"mblaze_FND_cntr_hw",
			"sysActiveDom":	"standalone_domain",
			"sysDefaultDom":	"standalone_domain",
			"domains":	[{
					"domainName":	"standalone_domain",
					"domainDispName":	"standalone_domain",
					"domainDesc":	"standalone_domain",
					"processors":	"microblaze_0",
					"os":	"standalone",
					"sdxOs":	"standalone",
					"debugEnable":	"False",
					"domRuntimes":	["cpp"],
					"swRepo":	"",
					"mssOsVer":	"7.1",
					"mssFile":	"",
					"md5Digest":	"",
					"compatibleApp":	"",
					"domType":	"mssDomain",
					"appSettings":	{
						"appCompilerFlags":	"",
						"appLinkerFlags":	""
					},
					"addedLibs":	[],
					"libOptions":	{
						"libsContainingOptions":	[]
					},
					"prebuiltLibs":	{
						"prebuiltIncPath":	[],
						"prebuiltLibPath":	[]
					},
					"isolation":	{
					}
				}]
		}]
}
TRACE::2023-11-20.15:17:03::SCWPlatform::Trying to open the hw design at F:/Ian_Jung/workplace/Harman_Vitis/mblaze_FND_cntr_hw/hw/mblaze_FND_cntr.xsa
TRACE::2023-11-20.15:17:03::SCWPlatform::DSA given F:/Ian_Jung/workplace/Harman_Vitis/mblaze_FND_cntr_hw/hw/mblaze_FND_cntr.xsa
TRACE::2023-11-20.15:17:03::SCWPlatform::DSA absoulate path F:/Ian_Jung/workplace/Harman_Vitis/mblaze_FND_cntr_hw/hw/mblaze_FND_cntr.xsa
TRACE::2023-11-20.15:17:03::SCWPlatform::DSA directory F:/Ian_Jung/workplace/Harman_Vitis/mblaze_FND_cntr_hw/hw
TRACE::2023-11-20.15:17:03::SCWPlatform:: Platform Path F:/Ian_Jung/workplace/Harman_Vitis/mblaze_FND_cntr_hw/hw/mblaze_FND_cntr.xsa
TRACE::2023-11-20.15:17:03::SCWPlatform:: Unique name xilinx:basys3::0.0
TRACE::2023-11-20.15:17:03::SCWPlatform::Trying to set the existing hwdb with name mblaze_FND_cntr_wrapper_0
TRACE::2023-11-20.15:17:03::SCWPlatform::Opened existing hwdb mblaze_FND_cntr_wrapper_0
TRACE::2023-11-20.15:17:03::SCWPlatform::Found the Hw Db part of the input DSA
TRACE::2023-11-20.15:17:03::SCWMssOS::Checking the sw design at  F:/Ian_Jung/workplace/Harman_Vitis/mblaze_FND_cntr_hw/microblaze_0/standalone_domain/bsp/system.mss
TRACE::2023-11-20.15:17:03::SCWMssOS::DEBUG:  swdes dump  F:/Ian_Jung/workplace/Harman_Vitis/mblaze_FND_cntr_hw/microblaze_0/standalone_domain/bsp/system.mss|F:/Ian_Jung/workplace/Harman_Vitis/mblaze_FND_cntr_hw/microblaze_0/standalone_domain/bsp/system.mss||

TRACE::2023-11-20.15:17:03::SCWMssOS::Sw design exists and opened at  F:/Ian_Jung/workplace/Harman_Vitis/mblaze_FND_cntr_hw/microblaze_0/standalone_domain/bsp/system.mss
TRACE::2023-11-20.15:17:03::SCWMssOS::Completed writing the mss file at F:/Ian_Jung/workplace/Harman_Vitis/mblaze_FND_cntr_hw/microblaze_0/standalone_domain/bsp
TRACE::2023-11-20.15:17:03::SCWMssOS::Forcing BSP Sources regeneration.
LOG::2023-11-20.15:17:16::SCWPlatform::Started generating the artifacts platform mblaze_FND_cntr_hw
TRACE::2023-11-20.15:17:16::SCWPlatform::Sanity checking of platform is completed
LOG::2023-11-20.15:17:16::SCWPlatform::Started generating the artifacts for system configuration mblaze_FND_cntr_hw
LOG::2023-11-20.15:17:16::SCWSystem::Checking the domain standalone_domain
LOG::2023-11-20.15:17:16::SCWSystem::Not a boot domain 
LOG::2023-11-20.15:17:16::SCWSystem::Started Processing the domain standalone_domain
TRACE::2023-11-20.15:17:16::SCWDomain::Generating domain artifcats
TRACE::2023-11-20.15:17:16::SCWMssOS::Generating standalone artifcats
TRACE::2023-11-20.15:17:16::SCWMssOS:: Copying the user libraries. 
TRACE::2023-11-20.15:17:16::SCWPlatform::Trying to open the hw design at F:/Ian_Jung/workplace/Harman_Vitis/mblaze_FND_cntr_hw/hw/mblaze_FND_cntr.xsa
TRACE::2023-11-20.15:17:16::SCWPlatform::DSA given F:/Ian_Jung/workplace/Harman_Vitis/mblaze_FND_cntr_hw/hw/mblaze_FND_cntr.xsa
TRACE::2023-11-20.15:17:16::SCWPlatform::DSA absoulate path F:/Ian_Jung/workplace/Harman_Vitis/mblaze_FND_cntr_hw/hw/mblaze_FND_cntr.xsa
TRACE::2023-11-20.15:17:16::SCWPlatform::DSA directory F:/Ian_Jung/workplace/Harman_Vitis/mblaze_FND_cntr_hw/hw
TRACE::2023-11-20.15:17:16::SCWPlatform:: Platform Path F:/Ian_Jung/workplace/Harman_Vitis/mblaze_FND_cntr_hw/hw/mblaze_FND_cntr.xsa
TRACE::2023-11-20.15:17:16::SCWPlatform:: Unique name xilinx:basys3::0.0
TRACE::2023-11-20.15:17:16::SCWPlatform::Trying to set the existing hwdb with name mblaze_FND_cntr_wrapper_0
TRACE::2023-11-20.15:17:16::SCWPlatform::Opened existing hwdb mblaze_FND_cntr_wrapper_0
TRACE::2023-11-20.15:17:16::SCWPlatform::Found the Hw Db part of the input DSA
TRACE::2023-11-20.15:17:16::SCWMssOS::Checking the sw design at  F:/Ian_Jung/workplace/Harman_Vitis/mblaze_FND_cntr_hw/microblaze_0/standalone_domain/bsp/system.mss
TRACE::2023-11-20.15:17:16::SCWMssOS::DEBUG:  swdes dump  F:/Ian_Jung/workplace/Harman_Vitis/mblaze_FND_cntr_hw/microblaze_0/standalone_domain/bsp/system.mss|F:/Ian_Jung/workplace/Harman_Vitis/mblaze_FND_cntr_hw/microblaze_0/standalone_domain/bsp/system.mss||

KEYINFO::2023-11-20.15:17:16::SCWMssOS::Could not open the swdb for F:/Ian_Jung/workplace/Harman_Vitis/mblaze_FND_cntr_hw/microblaze_0/standalone_domain/bsp/system.mss
KEYINFO::2023-11-20.15:17:16::SCWMssOS::Could not open the sw design at  F:/Ian_Jung/workplace/Harman_Vitis/mblaze_FND_cntr_hw/microblaze_0/standalone_domain/bsp/system.mss
ERROR: [Hsi 55-1558] Software Design F:/Ian_Jung/workplace/Harman_Vitis/mblaze_FND_cntr_hw/microblaze_0/standalone_domain/bsp/system.mss is not found

TRACE::2023-11-20.15:17:16::SCWMssOS::Cleared the swdb table entry
TRACE::2023-11-20.15:17:16::SCWMssOS::No sw design opened at  F:/Ian_Jung/workplace/Harman_Vitis/mblaze_FND_cntr_hw/microblaze_0/standalone_domain/bsp/system.mss
TRACE::2023-11-20.15:17:16::SCWMssOS::mss exists loading the mss file  F:/Ian_Jung/workplace/Harman_Vitis/mblaze_FND_cntr_hw/microblaze_0/standalone_domain/bsp/system.mss
TRACE::2023-11-20.15:17:16::SCWMssOS::Opened the sw design from mss  F:/Ian_Jung/workplace/Harman_Vitis/mblaze_FND_cntr_hw/microblaze_0/standalone_domain/bsp/system.mss
TRACE::2023-11-20.15:17:16::SCWMssOS::Adding the swdes entry F:/Ian_Jung/workplace/Harman_Vitis/mblaze_FND_cntr_hw/microblaze_0/standalone_domain/bsp/system.mss with des name system
TRACE::2023-11-20.15:17:16::SCWMssOS::updating the scw layer about changes
TRACE::2023-11-20.15:17:16::SCWMssOS::Opened the sw design.  F:/Ian_Jung/workplace/Harman_Vitis/mblaze_FND_cntr_hw/microblaze_0/standalone_domain/bsp/system.mss
TRACE::2023-11-20.15:17:16::SCWMssOS::Completed writing the mss file at F:/Ian_Jung/workplace/Harman_Vitis/mblaze_FND_cntr_hw/microblaze_0/standalone_domain/bsp
TRACE::2023-11-20.15:17:16::SCWMssOS::Mss edits present, copying mssfile into export location F:/Ian_Jung/workplace/Harman_Vitis/mblaze_FND_cntr_hw/microblaze_0/standalone_domain/bsp/system.mss
TRACE::2023-11-20.15:17:16::SCWMssOS::bsp generated is upto date with the mss file. Skipping bsp generation.
TRACE::2023-11-20.15:17:16::SCWMssOS::BSP is already built. skipping the bsp build ... 
TRACE::2023-11-20.15:17:16::SCWDomain::Skipping the build for domain :  standalone_domain
TRACE::2023-11-20.15:17:16::SCWMssOS::skipping the bsp build ... 
TRACE::2023-11-20.15:17:16::SCWMssOS::Copying to export directory.
TRACE::2023-11-20.15:17:16::SCWMssOS:: Checking if to create the Supporting Applications
TRACE::2023-11-20.15:17:16::SCWMssOS:: No Linux domain exists, trying to generate FSBL 
LOG::2023-11-20.15:17:16::SCWSystem::Completed Processing the domain standalone_domain
LOG::2023-11-20.15:17:16::SCWSystem::Completed Processing the sysconfig mblaze_FND_cntr_hw
LOG::2023-11-20.15:17:16::SCWPlatform::Completed generating the artifacts for system configuration mblaze_FND_cntr_hw
TRACE::2023-11-20.15:17:16::SCWPlatform::Started preparing the platform 
TRACE::2023-11-20.15:17:16::SCWSystem::Writing the bif file for system config mblaze_FND_cntr_hw
TRACE::2023-11-20.15:17:16::SCWSystem::dir created 
TRACE::2023-11-20.15:17:16::SCWSystem::Writing the bif 
TRACE::2023-11-20.15:17:16::SCWPlatform::Started writing the spfm file 
TRACE::2023-11-20.15:17:16::SCWPlatform::Started writing the xpfm file 
TRACE::2023-11-20.15:17:16::SCWPlatform::Completed generating the platform
TRACE::2023-11-20.15:17:16::SCWPlatform::Trying to open the hw design at F:/Ian_Jung/workplace/Harman_Vitis/mblaze_FND_cntr_hw/hw/mblaze_FND_cntr.xsa
TRACE::2023-11-20.15:17:16::SCWPlatform::DSA given F:/Ian_Jung/workplace/Harman_Vitis/mblaze_FND_cntr_hw/hw/mblaze_FND_cntr.xsa
TRACE::2023-11-20.15:17:16::SCWPlatform::DSA absoulate path F:/Ian_Jung/workplace/Harman_Vitis/mblaze_FND_cntr_hw/hw/mblaze_FND_cntr.xsa
TRACE::2023-11-20.15:17:16::SCWPlatform::DSA directory F:/Ian_Jung/workplace/Harman_Vitis/mblaze_FND_cntr_hw/hw
TRACE::2023-11-20.15:17:16::SCWPlatform:: Platform Path F:/Ian_Jung/workplace/Harman_Vitis/mblaze_FND_cntr_hw/hw/mblaze_FND_cntr.xsa
TRACE::2023-11-20.15:17:16::SCWPlatform:: Unique name xilinx:basys3::0.0
TRACE::2023-11-20.15:17:16::SCWPlatform::Trying to set the existing hwdb with name mblaze_FND_cntr_wrapper_0
TRACE::2023-11-20.15:17:16::SCWPlatform::Opened existing hwdb mblaze_FND_cntr_wrapper_0
TRACE::2023-11-20.15:17:16::SCWPlatform::Found the Hw Db part of the input DSA
TRACE::2023-11-20.15:17:16::SCWMssOS::Checking the sw design at  F:/Ian_Jung/workplace/Harman_Vitis/mblaze_FND_cntr_hw/microblaze_0/standalone_domain/bsp/system.mss
TRACE::2023-11-20.15:17:16::SCWMssOS::DEBUG:  swdes dump  F:/Ian_Jung/workplace/Harman_Vitis/mblaze_FND_cntr_hw/microblaze_0/standalone_domain/bsp/system.mss|system||

TRACE::2023-11-20.15:17:16::SCWMssOS::Sw design exists and opened at  F:/Ian_Jung/workplace/Harman_Vitis/mblaze_FND_cntr_hw/microblaze_0/standalone_domain/bsp/system.mss
TRACE::2023-11-20.15:17:16::SCWPlatform::Trying to open the hw design at F:/Ian_Jung/workplace/Harman_Vitis/mblaze_FND_cntr_hw/hw/mblaze_FND_cntr.xsa
TRACE::2023-11-20.15:17:16::SCWPlatform::DSA given F:/Ian_Jung/workplace/Harman_Vitis/mblaze_FND_cntr_hw/hw/mblaze_FND_cntr.xsa
TRACE::2023-11-20.15:17:16::SCWPlatform::DSA absoulate path F:/Ian_Jung/workplace/Harman_Vitis/mblaze_FND_cntr_hw/hw/mblaze_FND_cntr.xsa
TRACE::2023-11-20.15:17:16::SCWPlatform::DSA directory F:/Ian_Jung/workplace/Harman_Vitis/mblaze_FND_cntr_hw/hw
TRACE::2023-11-20.15:17:16::SCWPlatform:: Platform Path F:/Ian_Jung/workplace/Harman_Vitis/mblaze_FND_cntr_hw/hw/mblaze_FND_cntr.xsa
TRACE::2023-11-20.15:17:16::SCWPlatform:: Unique name xilinx:basys3::0.0
TRACE::2023-11-20.15:17:16::SCWPlatform::Trying to set the existing hwdb with name mblaze_FND_cntr_wrapper_0
TRACE::2023-11-20.15:17:16::SCWPlatform::Opened existing hwdb mblaze_FND_cntr_wrapper_0
TRACE::2023-11-20.15:17:16::SCWPlatform::Found the Hw Db part of the input DSA
TRACE::2023-11-20.15:17:16::SCWMssOS::Checking the sw design at  F:/Ian_Jung/workplace/Harman_Vitis/mblaze_FND_cntr_hw/microblaze_0/standalone_domain/bsp/system.mss
TRACE::2023-11-20.15:17:16::SCWMssOS::DEBUG:  swdes dump  F:/Ian_Jung/workplace/Harman_Vitis/mblaze_FND_cntr_hw/microblaze_0/standalone_domain/bsp/system.mss|system||

TRACE::2023-11-20.15:17:16::SCWMssOS::Sw design exists and opened at  F:/Ian_Jung/workplace/Harman_Vitis/mblaze_FND_cntr_hw/microblaze_0/standalone_domain/bsp/system.mss
TRACE::2023-11-20.15:17:16::SCWPlatform::Trying to open the hw design at F:/Ian_Jung/workplace/Harman_Vitis/mblaze_FND_cntr_hw/hw/mblaze_FND_cntr.xsa
TRACE::2023-11-20.15:17:16::SCWPlatform::DSA given F:/Ian_Jung/workplace/Harman_Vitis/mblaze_FND_cntr_hw/hw/mblaze_FND_cntr.xsa
TRACE::2023-11-20.15:17:16::SCWPlatform::DSA absoulate path F:/Ian_Jung/workplace/Harman_Vitis/mblaze_FND_cntr_hw/hw/mblaze_FND_cntr.xsa
TRACE::2023-11-20.15:17:16::SCWPlatform::DSA directory F:/Ian_Jung/workplace/Harman_Vitis/mblaze_FND_cntr_hw/hw
TRACE::2023-11-20.15:17:16::SCWPlatform:: Platform Path F:/Ian_Jung/workplace/Harman_Vitis/mblaze_FND_cntr_hw/hw/mblaze_FND_cntr.xsa
TRACE::2023-11-20.15:17:16::SCWPlatform:: Unique name xilinx:basys3::0.0
TRACE::2023-11-20.15:17:16::SCWPlatform::Trying to set the existing hwdb with name mblaze_FND_cntr_wrapper_0
TRACE::2023-11-20.15:17:16::SCWPlatform::Opened existing hwdb mblaze_FND_cntr_wrapper_0
TRACE::2023-11-20.15:17:16::SCWPlatform::Found the Hw Db part of the input DSA
TRACE::2023-11-20.15:17:16::SCWMssOS::Checking the sw design at  F:/Ian_Jung/workplace/Harman_Vitis/mblaze_FND_cntr_hw/microblaze_0/standalone_domain/bsp/system.mss
TRACE::2023-11-20.15:17:16::SCWMssOS::DEBUG:  swdes dump  F:/Ian_Jung/workplace/Harman_Vitis/mblaze_FND_cntr_hw/microblaze_0/standalone_domain/bsp/system.mss|system||

TRACE::2023-11-20.15:17:16::SCWMssOS::Sw design exists and opened at  F:/Ian_Jung/workplace/Harman_Vitis/mblaze_FND_cntr_hw/microblaze_0/standalone_domain/bsp/system.mss
TRACE::2023-11-20.15:17:16::SCWWriter::formatted JSON is {
	"platformName":	"mblaze_FND_cntr_hw",
	"sprVersion":	"2.0",
	"mode":	"gui",
	"dsaType":	"Fixed",
	"platformDesc":	"mblaze_FND_cntr_hw",
	"platHandOff":	"F:/Ian_Jung/workplace/cora_z7/cora_cpu_2019/Basys3_Microblaze_real/mblaze_FND_cntr.xsa",
	"platIntHandOff":	"<platformDir>/hw/mblaze_FND_cntr.xsa",
	"deviceType":	"FPGA",
	"platIsPrebuiltAutogen":	"false",
	"platIsNoBootBsp":	"false",
	"hasFsblMakeHasChanges":	"false",
	"hasPmufwMakeHasChanges":	"false",
	"platPreBuiltFlag":	false,
	"platformSamplesDir":	"",
	"platActiveSys":	"mblaze_FND_cntr_hw",
	"systems":	[{
			"systemName":	"mblaze_FND_cntr_hw",
			"systemDesc":	"mblaze_FND_cntr_hw",
			"sysIsBootAutoGen":	"true",
			"systemDispName":	"mblaze_FND_cntr_hw",
			"sysActiveDom":	"standalone_domain",
			"sysDefaultDom":	"standalone_domain",
			"domains":	[{
					"domainName":	"standalone_domain",
					"domainDispName":	"standalone_domain",
					"domainDesc":	"standalone_domain",
					"processors":	"microblaze_0",
					"os":	"standalone",
					"sdxOs":	"standalone",
					"debugEnable":	"False",
					"domRuntimes":	["cpp"],
					"swRepo":	"",
					"mssOsVer":	"7.1",
					"mssFile":	"",
					"md5Digest":	"d3a9560710cd57b4d248e7b47481bae8",
					"compatibleApp":	"",
					"domType":	"mssDomain",
					"appSettings":	{
						"appCompilerFlags":	"",
						"appLinkerFlags":	""
					},
					"addedLibs":	[],
					"libOptions":	{
						"libsContainingOptions":	[]
					},
					"prebuiltLibs":	{
						"prebuiltIncPath":	[],
						"prebuiltLibPath":	[]
					},
					"isolation":	{
					}
				}]
		}]
}
KEYINFO::2023-11-20.15:17:16::SCWPlatform::updated the xpfm file.
TRACE::2023-11-20.15:17:17::SCWPlatform::Trying to open the hw design at F:/Ian_Jung/workplace/Harman_Vitis/mblaze_FND_cntr_hw/hw/mblaze_FND_cntr.xsa
TRACE::2023-11-20.15:17:17::SCWPlatform::DSA given F:/Ian_Jung/workplace/Harman_Vitis/mblaze_FND_cntr_hw/hw/mblaze_FND_cntr.xsa
TRACE::2023-11-20.15:17:17::SCWPlatform::DSA absoulate path F:/Ian_Jung/workplace/Harman_Vitis/mblaze_FND_cntr_hw/hw/mblaze_FND_cntr.xsa
TRACE::2023-11-20.15:17:17::SCWPlatform::DSA directory F:/Ian_Jung/workplace/Harman_Vitis/mblaze_FND_cntr_hw/hw
TRACE::2023-11-20.15:17:17::SCWPlatform:: Platform Path F:/Ian_Jung/workplace/Harman_Vitis/mblaze_FND_cntr_hw/hw/mblaze_FND_cntr.xsa
TRACE::2023-11-20.15:17:17::SCWPlatform:: Unique name xilinx:basys3::0.0
TRACE::2023-11-20.15:17:17::SCWPlatform::Trying to set the existing hwdb with name mblaze_FND_cntr_wrapper_0
TRACE::2023-11-20.15:17:17::SCWPlatform::Opened existing hwdb mblaze_FND_cntr_wrapper_0
TRACE::2023-11-20.15:17:17::SCWPlatform::Found the Hw Db part of the input DSA
TRACE::2023-11-20.15:17:17::SCWMssOS::Checking the sw design at  F:/Ian_Jung/workplace/Harman_Vitis/mblaze_FND_cntr_hw/microblaze_0/standalone_domain/bsp/system.mss
TRACE::2023-11-20.15:17:17::SCWMssOS::DEBUG:  swdes dump  F:/Ian_Jung/workplace/Harman_Vitis/mblaze_FND_cntr_hw/microblaze_0/standalone_domain/bsp/system.mss|system||

TRACE::2023-11-20.15:17:17::SCWMssOS::Sw design exists and opened at  F:/Ian_Jung/workplace/Harman_Vitis/mblaze_FND_cntr_hw/microblaze_0/standalone_domain/bsp/system.mss
TRACE::2023-11-20.15:17:17::SCWPlatform::Trying to open the hw design at F:/Ian_Jung/workplace/Harman_Vitis/mblaze_FND_cntr_hw/hw/mblaze_FND_cntr.xsa
TRACE::2023-11-20.15:17:17::SCWPlatform::DSA given F:/Ian_Jung/workplace/Harman_Vitis/mblaze_FND_cntr_hw/hw/mblaze_FND_cntr.xsa
TRACE::2023-11-20.15:17:17::SCWPlatform::DSA absoulate path F:/Ian_Jung/workplace/Harman_Vitis/mblaze_FND_cntr_hw/hw/mblaze_FND_cntr.xsa
TRACE::2023-11-20.15:17:17::SCWPlatform::DSA directory F:/Ian_Jung/workplace/Harman_Vitis/mblaze_FND_cntr_hw/hw
TRACE::2023-11-20.15:17:17::SCWPlatform:: Platform Path F:/Ian_Jung/workplace/Harman_Vitis/mblaze_FND_cntr_hw/hw/mblaze_FND_cntr.xsa
TRACE::2023-11-20.15:17:17::SCWPlatform:: Unique name xilinx:basys3::0.0
TRACE::2023-11-20.15:17:17::SCWPlatform::Trying to set the existing hwdb with name mblaze_FND_cntr_wrapper_0
TRACE::2023-11-20.15:17:17::SCWPlatform::Opened existing hwdb mblaze_FND_cntr_wrapper_0
TRACE::2023-11-20.15:17:17::SCWPlatform::Found the Hw Db part of the input DSA
TRACE::2023-11-20.15:17:17::SCWMssOS::Checking the sw design at  F:/Ian_Jung/workplace/Harman_Vitis/mblaze_FND_cntr_hw/microblaze_0/standalone_domain/bsp/system.mss
TRACE::2023-11-20.15:17:17::SCWMssOS::DEBUG:  swdes dump  F:/Ian_Jung/workplace/Harman_Vitis/mblaze_FND_cntr_hw/microblaze_0/standalone_domain/bsp/system.mss|system||

TRACE::2023-11-20.15:17:17::SCWMssOS::Sw design exists and opened at  F:/Ian_Jung/workplace/Harman_Vitis/mblaze_FND_cntr_hw/microblaze_0/standalone_domain/bsp/system.mss
TRACE::2023-11-20.15:17:17::SCWPlatform::Trying to open the hw design at F:/Ian_Jung/workplace/Harman_Vitis/mblaze_FND_cntr_hw/hw/mblaze_FND_cntr.xsa
TRACE::2023-11-20.15:17:17::SCWPlatform::DSA given F:/Ian_Jung/workplace/Harman_Vitis/mblaze_FND_cntr_hw/hw/mblaze_FND_cntr.xsa
TRACE::2023-11-20.15:17:17::SCWPlatform::DSA absoulate path F:/Ian_Jung/workplace/Harman_Vitis/mblaze_FND_cntr_hw/hw/mblaze_FND_cntr.xsa
TRACE::2023-11-20.15:17:17::SCWPlatform::DSA directory F:/Ian_Jung/workplace/Harman_Vitis/mblaze_FND_cntr_hw/hw
TRACE::2023-11-20.15:17:17::SCWPlatform:: Platform Path F:/Ian_Jung/workplace/Harman_Vitis/mblaze_FND_cntr_hw/hw/mblaze_FND_cntr.xsa
TRACE::2023-11-20.15:17:17::SCWPlatform:: Unique name xilinx:basys3::0.0
TRACE::2023-11-20.15:17:17::SCWPlatform::Trying to set the existing hwdb with name mblaze_FND_cntr_wrapper_0
TRACE::2023-11-20.15:17:17::SCWPlatform::Opened existing hwdb mblaze_FND_cntr_wrapper_0
TRACE::2023-11-20.15:17:17::SCWPlatform::Found the Hw Db part of the input DSA
TRACE::2023-11-20.15:17:17::SCWMssOS::Checking the sw design at  F:/Ian_Jung/workplace/Harman_Vitis/mblaze_FND_cntr_hw/microblaze_0/standalone_domain/bsp/system.mss
TRACE::2023-11-20.15:17:17::SCWMssOS::DEBUG:  swdes dump  F:/Ian_Jung/workplace/Harman_Vitis/mblaze_FND_cntr_hw/microblaze_0/standalone_domain/bsp/system.mss|system||

TRACE::2023-11-20.15:17:17::SCWMssOS::Sw design exists and opened at  F:/Ian_Jung/workplace/Harman_Vitis/mblaze_FND_cntr_hw/microblaze_0/standalone_domain/bsp/system.mss
TRACE::2023-11-20.15:17:17::SCWPlatform::Trying to open the hw design at F:/Ian_Jung/workplace/Harman_Vitis/mblaze_FND_cntr_hw/hw/mblaze_FND_cntr.xsa
TRACE::2023-11-20.15:17:17::SCWPlatform::DSA given F:/Ian_Jung/workplace/Harman_Vitis/mblaze_FND_cntr_hw/hw/mblaze_FND_cntr.xsa
TRACE::2023-11-20.15:17:17::SCWPlatform::DSA absoulate path F:/Ian_Jung/workplace/Harman_Vitis/mblaze_FND_cntr_hw/hw/mblaze_FND_cntr.xsa
TRACE::2023-11-20.15:17:17::SCWPlatform::DSA directory F:/Ian_Jung/workplace/Harman_Vitis/mblaze_FND_cntr_hw/hw
TRACE::2023-11-20.15:17:17::SCWPlatform:: Platform Path F:/Ian_Jung/workplace/Harman_Vitis/mblaze_FND_cntr_hw/hw/mblaze_FND_cntr.xsa
TRACE::2023-11-20.15:17:17::SCWPlatform:: Unique name xilinx:basys3::0.0
TRACE::2023-11-20.15:17:17::SCWPlatform::Trying to set the existing hwdb with name mblaze_FND_cntr_wrapper_0
TRACE::2023-11-20.15:17:17::SCWPlatform::Opened existing hwdb mblaze_FND_cntr_wrapper_0
TRACE::2023-11-20.15:17:17::SCWPlatform::Found the Hw Db part of the input DSA
TRACE::2023-11-20.15:17:17::SCWMssOS::Checking the sw design at  F:/Ian_Jung/workplace/Harman_Vitis/mblaze_FND_cntr_hw/microblaze_0/standalone_domain/bsp/system.mss
TRACE::2023-11-20.15:17:17::SCWMssOS::DEBUG:  swdes dump  F:/Ian_Jung/workplace/Harman_Vitis/mblaze_FND_cntr_hw/microblaze_0/standalone_domain/bsp/system.mss|system||

TRACE::2023-11-20.15:17:17::SCWMssOS::Sw design exists and opened at  F:/Ian_Jung/workplace/Harman_Vitis/mblaze_FND_cntr_hw/microblaze_0/standalone_domain/bsp/system.mss
TRACE::2023-11-20.15:17:17::SCWWriter::formatted JSON is {
	"platformName":	"mblaze_FND_cntr_hw",
	"sprVersion":	"2.0",
	"mode":	"gui",
	"dsaType":	"Fixed",
	"platformDesc":	"mblaze_FND_cntr_hw",
	"platHandOff":	"F:/Ian_Jung/workplace/cora_z7/cora_cpu_2019/Basys3_Microblaze_real/mblaze_FND_cntr.xsa",
	"platIntHandOff":	"<platformDir>/hw/mblaze_FND_cntr.xsa",
	"deviceType":	"FPGA",
	"platIsPrebuiltAutogen":	"false",
	"platIsNoBootBsp":	"false",
	"hasFsblMakeHasChanges":	"false",
	"hasPmufwMakeHasChanges":	"false",
	"platPreBuiltFlag":	false,
	"platformSamplesDir":	"",
	"platActiveSys":	"mblaze_FND_cntr_hw",
	"systems":	[{
			"systemName":	"mblaze_FND_cntr_hw",
			"systemDesc":	"mblaze_FND_cntr_hw",
			"sysIsBootAutoGen":	"true",
			"systemDispName":	"mblaze_FND_cntr_hw",
			"sysActiveDom":	"standalone_domain",
			"sysDefaultDom":	"standalone_domain",
			"domains":	[{
					"domainName":	"standalone_domain",
					"domainDispName":	"standalone_domain",
					"domainDesc":	"standalone_domain",
					"processors":	"microblaze_0",
					"os":	"standalone",
					"sdxOs":	"standalone",
					"debugEnable":	"False",
					"domRuntimes":	["cpp"],
					"swRepo":	"",
					"mssOsVer":	"7.1",
					"mssFile":	"",
					"md5Digest":	"d3a9560710cd57b4d248e7b47481bae8",
					"compatibleApp":	"",
					"domType":	"mssDomain",
					"appSettings":	{
						"appCompilerFlags":	"",
						"appLinkerFlags":	""
					},
					"addedLibs":	[],
					"libOptions":	{
						"libsContainingOptions":	[]
					},
					"prebuiltLibs":	{
						"prebuiltIncPath":	[],
						"prebuiltLibPath":	[]
					},
					"isolation":	{
					}
				}]
		}]
}
TRACE::2023-11-20.15:17:17::SCWPlatform::Trying to open the hw design at F:/Ian_Jung/workplace/Harman_Vitis/mblaze_FND_cntr_hw/hw/mblaze_FND_cntr.xsa
TRACE::2023-11-20.15:17:17::SCWPlatform::DSA given F:/Ian_Jung/workplace/Harman_Vitis/mblaze_FND_cntr_hw/hw/mblaze_FND_cntr.xsa
TRACE::2023-11-20.15:17:17::SCWPlatform::DSA absoulate path F:/Ian_Jung/workplace/Harman_Vitis/mblaze_FND_cntr_hw/hw/mblaze_FND_cntr.xsa
TRACE::2023-11-20.15:17:17::SCWPlatform::DSA directory F:/Ian_Jung/workplace/Harman_Vitis/mblaze_FND_cntr_hw/hw
TRACE::2023-11-20.15:17:17::SCWPlatform:: Platform Path F:/Ian_Jung/workplace/Harman_Vitis/mblaze_FND_cntr_hw/hw/mblaze_FND_cntr.xsa
TRACE::2023-11-20.15:17:17::SCWPlatform:: Unique name xilinx:basys3::0.0
TRACE::2023-11-20.15:17:17::SCWPlatform::Trying to set the existing hwdb with name mblaze_FND_cntr_wrapper_0
TRACE::2023-11-20.15:17:17::SCWPlatform::Opened existing hwdb mblaze_FND_cntr_wrapper_0
TRACE::2023-11-20.15:17:17::SCWPlatform::Found the Hw Db part of the input DSA
TRACE::2023-11-20.15:17:17::SCWMssOS::Checking the sw design at  F:/Ian_Jung/workplace/Harman_Vitis/mblaze_FND_cntr_hw/microblaze_0/standalone_domain/bsp/system.mss
TRACE::2023-11-20.15:17:17::SCWMssOS::DEBUG:  swdes dump  F:/Ian_Jung/workplace/Harman_Vitis/mblaze_FND_cntr_hw/microblaze_0/standalone_domain/bsp/system.mss|system||

TRACE::2023-11-20.15:17:17::SCWMssOS::Sw design exists and opened at  F:/Ian_Jung/workplace/Harman_Vitis/mblaze_FND_cntr_hw/microblaze_0/standalone_domain/bsp/system.mss
TRACE::2023-11-20.15:17:17::SCWPlatform::Trying to open the hw design at F:/Ian_Jung/workplace/Harman_Vitis/mblaze_FND_cntr_hw/hw/mblaze_FND_cntr.xsa
TRACE::2023-11-20.15:17:17::SCWPlatform::DSA given F:/Ian_Jung/workplace/Harman_Vitis/mblaze_FND_cntr_hw/hw/mblaze_FND_cntr.xsa
TRACE::2023-11-20.15:17:17::SCWPlatform::DSA absoulate path F:/Ian_Jung/workplace/Harman_Vitis/mblaze_FND_cntr_hw/hw/mblaze_FND_cntr.xsa
TRACE::2023-11-20.15:17:17::SCWPlatform::DSA directory F:/Ian_Jung/workplace/Harman_Vitis/mblaze_FND_cntr_hw/hw
TRACE::2023-11-20.15:17:17::SCWPlatform:: Platform Path F:/Ian_Jung/workplace/Harman_Vitis/mblaze_FND_cntr_hw/hw/mblaze_FND_cntr.xsa
TRACE::2023-11-20.15:17:17::SCWPlatform:: Unique name xilinx:basys3::0.0
TRACE::2023-11-20.15:17:17::SCWPlatform::Trying to set the existing hwdb with name mblaze_FND_cntr_wrapper_0
TRACE::2023-11-20.15:17:17::SCWPlatform::Opened existing hwdb mblaze_FND_cntr_wrapper_0
TRACE::2023-11-20.15:17:17::SCWPlatform::Found the Hw Db part of the input DSA
TRACE::2023-11-20.15:17:17::SCWMssOS::Checking the sw design at  F:/Ian_Jung/workplace/Harman_Vitis/mblaze_FND_cntr_hw/microblaze_0/standalone_domain/bsp/system.mss
TRACE::2023-11-20.15:17:17::SCWMssOS::DEBUG:  swdes dump  F:/Ian_Jung/workplace/Harman_Vitis/mblaze_FND_cntr_hw/microblaze_0/standalone_domain/bsp/system.mss|system||

TRACE::2023-11-20.15:17:17::SCWMssOS::Sw design exists and opened at  F:/Ian_Jung/workplace/Harman_Vitis/mblaze_FND_cntr_hw/microblaze_0/standalone_domain/bsp/system.mss
TRACE::2023-11-20.15:17:17::SCWPlatform::Trying to open the hw design at F:/Ian_Jung/workplace/Harman_Vitis/mblaze_FND_cntr_hw/hw/mblaze_FND_cntr.xsa
TRACE::2023-11-20.15:17:17::SCWPlatform::DSA given F:/Ian_Jung/workplace/Harman_Vitis/mblaze_FND_cntr_hw/hw/mblaze_FND_cntr.xsa
TRACE::2023-11-20.15:17:17::SCWPlatform::DSA absoulate path F:/Ian_Jung/workplace/Harman_Vitis/mblaze_FND_cntr_hw/hw/mblaze_FND_cntr.xsa
TRACE::2023-11-20.15:17:17::SCWPlatform::DSA directory F:/Ian_Jung/workplace/Harman_Vitis/mblaze_FND_cntr_hw/hw
TRACE::2023-11-20.15:17:17::SCWPlatform:: Platform Path F:/Ian_Jung/workplace/Harman_Vitis/mblaze_FND_cntr_hw/hw/mblaze_FND_cntr.xsa
TRACE::2023-11-20.15:17:17::SCWPlatform:: Unique name xilinx:basys3::0.0
TRACE::2023-11-20.15:17:17::SCWPlatform::Trying to set the existing hwdb with name mblaze_FND_cntr_wrapper_0
TRACE::2023-11-20.15:17:17::SCWPlatform::Opened existing hwdb mblaze_FND_cntr_wrapper_0
TRACE::2023-11-20.15:17:17::SCWPlatform::Found the Hw Db part of the input DSA
TRACE::2023-11-20.15:17:17::SCWMssOS::Checking the sw design at  F:/Ian_Jung/workplace/Harman_Vitis/mblaze_FND_cntr_hw/microblaze_0/standalone_domain/bsp/system.mss
TRACE::2023-11-20.15:17:17::SCWMssOS::DEBUG:  swdes dump  F:/Ian_Jung/workplace/Harman_Vitis/mblaze_FND_cntr_hw/microblaze_0/standalone_domain/bsp/system.mss|system||

TRACE::2023-11-20.15:17:17::SCWMssOS::Sw design exists and opened at  F:/Ian_Jung/workplace/Harman_Vitis/mblaze_FND_cntr_hw/microblaze_0/standalone_domain/bsp/system.mss
TRACE::2023-11-20.15:17:17::SCWPlatform::Trying to open the hw design at F:/Ian_Jung/workplace/Harman_Vitis/mblaze_FND_cntr_hw/hw/mblaze_FND_cntr.xsa
TRACE::2023-11-20.15:17:17::SCWPlatform::DSA given F:/Ian_Jung/workplace/Harman_Vitis/mblaze_FND_cntr_hw/hw/mblaze_FND_cntr.xsa
TRACE::2023-11-20.15:17:17::SCWPlatform::DSA absoulate path F:/Ian_Jung/workplace/Harman_Vitis/mblaze_FND_cntr_hw/hw/mblaze_FND_cntr.xsa
TRACE::2023-11-20.15:17:17::SCWPlatform::DSA directory F:/Ian_Jung/workplace/Harman_Vitis/mblaze_FND_cntr_hw/hw
TRACE::2023-11-20.15:17:17::SCWPlatform:: Platform Path F:/Ian_Jung/workplace/Harman_Vitis/mblaze_FND_cntr_hw/hw/mblaze_FND_cntr.xsa
TRACE::2023-11-20.15:17:17::SCWPlatform:: Unique name xilinx:basys3::0.0
TRACE::2023-11-20.15:17:17::SCWPlatform::Trying to set the existing hwdb with name mblaze_FND_cntr_wrapper_0
TRACE::2023-11-20.15:17:17::SCWPlatform::Opened existing hwdb mblaze_FND_cntr_wrapper_0
TRACE::2023-11-20.15:17:17::SCWPlatform::Found the Hw Db part of the input DSA
TRACE::2023-11-20.15:17:17::SCWMssOS::Checking the sw design at  F:/Ian_Jung/workplace/Harman_Vitis/mblaze_FND_cntr_hw/microblaze_0/standalone_domain/bsp/system.mss
TRACE::2023-11-20.15:17:17::SCWMssOS::DEBUG:  swdes dump  F:/Ian_Jung/workplace/Harman_Vitis/mblaze_FND_cntr_hw/microblaze_0/standalone_domain/bsp/system.mss|system||

TRACE::2023-11-20.15:17:17::SCWMssOS::Sw design exists and opened at  F:/Ian_Jung/workplace/Harman_Vitis/mblaze_FND_cntr_hw/microblaze_0/standalone_domain/bsp/system.mss
TRACE::2023-11-20.15:17:17::SCWPlatform::Trying to open the hw design at F:/Ian_Jung/workplace/Harman_Vitis/mblaze_FND_cntr_hw/hw/mblaze_FND_cntr.xsa
TRACE::2023-11-20.15:17:17::SCWPlatform::DSA given F:/Ian_Jung/workplace/Harman_Vitis/mblaze_FND_cntr_hw/hw/mblaze_FND_cntr.xsa
TRACE::2023-11-20.15:17:17::SCWPlatform::DSA absoulate path F:/Ian_Jung/workplace/Harman_Vitis/mblaze_FND_cntr_hw/hw/mblaze_FND_cntr.xsa
TRACE::2023-11-20.15:17:17::SCWPlatform::DSA directory F:/Ian_Jung/workplace/Harman_Vitis/mblaze_FND_cntr_hw/hw
TRACE::2023-11-20.15:17:17::SCWPlatform:: Platform Path F:/Ian_Jung/workplace/Harman_Vitis/mblaze_FND_cntr_hw/hw/mblaze_FND_cntr.xsa
TRACE::2023-11-20.15:17:17::SCWPlatform:: Unique name xilinx:basys3::0.0
TRACE::2023-11-20.15:17:17::SCWPlatform::Trying to set the existing hwdb with name mblaze_FND_cntr_wrapper_0
TRACE::2023-11-20.15:17:17::SCWPlatform::Opened existing hwdb mblaze_FND_cntr_wrapper_0
TRACE::2023-11-20.15:17:17::SCWPlatform::Found the Hw Db part of the input DSA
TRACE::2023-11-20.15:17:17::SCWMssOS::Checking the sw design at  F:/Ian_Jung/workplace/Harman_Vitis/mblaze_FND_cntr_hw/microblaze_0/standalone_domain/bsp/system.mss
TRACE::2023-11-20.15:17:17::SCWMssOS::DEBUG:  swdes dump  F:/Ian_Jung/workplace/Harman_Vitis/mblaze_FND_cntr_hw/microblaze_0/standalone_domain/bsp/system.mss|system||

TRACE::2023-11-20.15:17:17::SCWMssOS::Sw design exists and opened at  F:/Ian_Jung/workplace/Harman_Vitis/mblaze_FND_cntr_hw/microblaze_0/standalone_domain/bsp/system.mss
TRACE::2023-11-20.15:17:17::SCWPlatform::Trying to open the hw design at F:/Ian_Jung/workplace/Harman_Vitis/mblaze_FND_cntr_hw/hw/mblaze_FND_cntr.xsa
TRACE::2023-11-20.15:17:17::SCWPlatform::DSA given F:/Ian_Jung/workplace/Harman_Vitis/mblaze_FND_cntr_hw/hw/mblaze_FND_cntr.xsa
TRACE::2023-11-20.15:17:17::SCWPlatform::DSA absoulate path F:/Ian_Jung/workplace/Harman_Vitis/mblaze_FND_cntr_hw/hw/mblaze_FND_cntr.xsa
TRACE::2023-11-20.15:17:17::SCWPlatform::DSA directory F:/Ian_Jung/workplace/Harman_Vitis/mblaze_FND_cntr_hw/hw
TRACE::2023-11-20.15:17:17::SCWPlatform:: Platform Path F:/Ian_Jung/workplace/Harman_Vitis/mblaze_FND_cntr_hw/hw/mblaze_FND_cntr.xsa
TRACE::2023-11-20.15:17:17::SCWPlatform:: Unique name xilinx:basys3::0.0
TRACE::2023-11-20.15:17:17::SCWPlatform::Trying to set the existing hwdb with name mblaze_FND_cntr_wrapper_0
TRACE::2023-11-20.15:17:17::SCWPlatform::Opened existing hwdb mblaze_FND_cntr_wrapper_0
TRACE::2023-11-20.15:17:17::SCWPlatform::Found the Hw Db part of the input DSA
TRACE::2023-11-20.15:17:17::SCWMssOS::Checking the sw design at  F:/Ian_Jung/workplace/Harman_Vitis/mblaze_FND_cntr_hw/microblaze_0/standalone_domain/bsp/system.mss
TRACE::2023-11-20.15:17:17::SCWMssOS::DEBUG:  swdes dump  F:/Ian_Jung/workplace/Harman_Vitis/mblaze_FND_cntr_hw/microblaze_0/standalone_domain/bsp/system.mss|system||

TRACE::2023-11-20.15:17:17::SCWMssOS::Sw design exists and opened at  F:/Ian_Jung/workplace/Harman_Vitis/mblaze_FND_cntr_hw/microblaze_0/standalone_domain/bsp/system.mss
TRACE::2023-11-20.15:17:17::SCWWriter::formatted JSON is {
	"platformName":	"mblaze_FND_cntr_hw",
	"sprVersion":	"2.0",
	"mode":	"gui",
	"dsaType":	"Fixed",
	"platformDesc":	"mblaze_FND_cntr_hw",
	"platHandOff":	"F:/Ian_Jung/workplace/cora_z7/cora_cpu_2019/Basys3_Microblaze_real/mblaze_FND_cntr.xsa",
	"platIntHandOff":	"<platformDir>/hw/mblaze_FND_cntr.xsa",
	"deviceType":	"FPGA",
	"platIsPrebuiltAutogen":	"false",
	"platIsNoBootBsp":	"false",
	"hasFsblMakeHasChanges":	"false",
	"hasPmufwMakeHasChanges":	"false",
	"platPreBuiltFlag":	false,
	"platformSamplesDir":	"",
	"platActiveSys":	"mblaze_FND_cntr_hw",
	"systems":	[{
			"systemName":	"mblaze_FND_cntr_hw",
			"systemDesc":	"mblaze_FND_cntr_hw",
			"sysIsBootAutoGen":	"true",
			"systemDispName":	"mblaze_FND_cntr_hw",
			"sysActiveDom":	"standalone_domain",
			"sysDefaultDom":	"standalone_domain",
			"domains":	[{
					"domainName":	"standalone_domain",
					"domainDispName":	"standalone on microblaze_0",
					"domainDesc":	"standalone_domain",
					"processors":	"microblaze_0",
					"os":	"standalone",
					"sdxOs":	"standalone",
					"debugEnable":	"False",
					"domRuntimes":	["cpp"],
					"swRepo":	"",
					"mssOsVer":	"7.1",
					"mssFile":	"",
					"md5Digest":	"d3a9560710cd57b4d248e7b47481bae8",
					"compatibleApp":	"",
					"domType":	"mssDomain",
					"appSettings":	{
						"appCompilerFlags":	"",
						"appLinkerFlags":	""
					},
					"addedLibs":	[],
					"libOptions":	{
						"libsContainingOptions":	[]
					},
					"prebuiltLibs":	{
						"prebuiltIncPath":	[],
						"prebuiltLibPath":	[]
					},
					"isolation":	{
					}
				}]
		}]
}
TRACE::2023-11-20.15:17:17::SCWPlatform::Trying to open the hw design at F:/Ian_Jung/workplace/Harman_Vitis/mblaze_FND_cntr_hw/hw/mblaze_FND_cntr.xsa
TRACE::2023-11-20.15:17:17::SCWPlatform::DSA given F:/Ian_Jung/workplace/Harman_Vitis/mblaze_FND_cntr_hw/hw/mblaze_FND_cntr.xsa
TRACE::2023-11-20.15:17:17::SCWPlatform::DSA absoulate path F:/Ian_Jung/workplace/Harman_Vitis/mblaze_FND_cntr_hw/hw/mblaze_FND_cntr.xsa
TRACE::2023-11-20.15:17:17::SCWPlatform::DSA directory F:/Ian_Jung/workplace/Harman_Vitis/mblaze_FND_cntr_hw/hw
TRACE::2023-11-20.15:17:17::SCWPlatform:: Platform Path F:/Ian_Jung/workplace/Harman_Vitis/mblaze_FND_cntr_hw/hw/mblaze_FND_cntr.xsa
TRACE::2023-11-20.15:17:17::SCWPlatform:: Unique name xilinx:basys3::0.0
TRACE::2023-11-20.15:17:17::SCWPlatform::Trying to set the existing hwdb with name mblaze_FND_cntr_wrapper_0
TRACE::2023-11-20.15:17:17::SCWPlatform::Opened existing hwdb mblaze_FND_cntr_wrapper_0
TRACE::2023-11-20.15:17:17::SCWPlatform::Found the Hw Db part of the input DSA
TRACE::2023-11-20.15:17:17::SCWMssOS::Checking the sw design at  F:/Ian_Jung/workplace/Harman_Vitis/mblaze_FND_cntr_hw/microblaze_0/standalone_domain/bsp/system.mss
TRACE::2023-11-20.15:17:17::SCWMssOS::DEBUG:  swdes dump  F:/Ian_Jung/workplace/Harman_Vitis/mblaze_FND_cntr_hw/microblaze_0/standalone_domain/bsp/system.mss|system||

TRACE::2023-11-20.15:17:17::SCWMssOS::Sw design exists and opened at  F:/Ian_Jung/workplace/Harman_Vitis/mblaze_FND_cntr_hw/microblaze_0/standalone_domain/bsp/system.mss
TRACE::2023-11-20.15:17:17::SCWPlatform::Trying to open the hw design at F:/Ian_Jung/workplace/Harman_Vitis/mblaze_FND_cntr_hw/hw/mblaze_FND_cntr.xsa
TRACE::2023-11-20.15:17:17::SCWPlatform::DSA given F:/Ian_Jung/workplace/Harman_Vitis/mblaze_FND_cntr_hw/hw/mblaze_FND_cntr.xsa
TRACE::2023-11-20.15:17:17::SCWPlatform::DSA absoulate path F:/Ian_Jung/workplace/Harman_Vitis/mblaze_FND_cntr_hw/hw/mblaze_FND_cntr.xsa
TRACE::2023-11-20.15:17:17::SCWPlatform::DSA directory F:/Ian_Jung/workplace/Harman_Vitis/mblaze_FND_cntr_hw/hw
TRACE::2023-11-20.15:17:17::SCWPlatform:: Platform Path F:/Ian_Jung/workplace/Harman_Vitis/mblaze_FND_cntr_hw/hw/mblaze_FND_cntr.xsa
TRACE::2023-11-20.15:17:17::SCWPlatform:: Unique name xilinx:basys3::0.0
TRACE::2023-11-20.15:17:17::SCWPlatform::Trying to set the existing hwdb with name mblaze_FND_cntr_wrapper_0
TRACE::2023-11-20.15:17:17::SCWPlatform::Opened existing hwdb mblaze_FND_cntr_wrapper_0
TRACE::2023-11-20.15:17:17::SCWPlatform::Found the Hw Db part of the input DSA
TRACE::2023-11-20.15:17:17::SCWMssOS::Checking the sw design at  F:/Ian_Jung/workplace/Harman_Vitis/mblaze_FND_cntr_hw/microblaze_0/standalone_domain/bsp/system.mss
TRACE::2023-11-20.15:17:17::SCWMssOS::DEBUG:  swdes dump  F:/Ian_Jung/workplace/Harman_Vitis/mblaze_FND_cntr_hw/microblaze_0/standalone_domain/bsp/system.mss|system||

TRACE::2023-11-20.15:17:17::SCWMssOS::Sw design exists and opened at  F:/Ian_Jung/workplace/Harman_Vitis/mblaze_FND_cntr_hw/microblaze_0/standalone_domain/bsp/system.mss
TRACE::2023-11-20.15:17:17::SCWPlatform::Trying to open the hw design at F:/Ian_Jung/workplace/Harman_Vitis/mblaze_FND_cntr_hw/hw/mblaze_FND_cntr.xsa
TRACE::2023-11-20.15:17:17::SCWPlatform::DSA given F:/Ian_Jung/workplace/Harman_Vitis/mblaze_FND_cntr_hw/hw/mblaze_FND_cntr.xsa
TRACE::2023-11-20.15:17:17::SCWPlatform::DSA absoulate path F:/Ian_Jung/workplace/Harman_Vitis/mblaze_FND_cntr_hw/hw/mblaze_FND_cntr.xsa
TRACE::2023-11-20.15:17:17::SCWPlatform::DSA directory F:/Ian_Jung/workplace/Harman_Vitis/mblaze_FND_cntr_hw/hw
TRACE::2023-11-20.15:17:17::SCWPlatform:: Platform Path F:/Ian_Jung/workplace/Harman_Vitis/mblaze_FND_cntr_hw/hw/mblaze_FND_cntr.xsa
TRACE::2023-11-20.15:17:17::SCWPlatform:: Unique name xilinx:basys3::0.0
TRACE::2023-11-20.15:17:17::SCWPlatform::Trying to set the existing hwdb with name mblaze_FND_cntr_wrapper_0
TRACE::2023-11-20.15:17:17::SCWPlatform::Opened existing hwdb mblaze_FND_cntr_wrapper_0
TRACE::2023-11-20.15:17:17::SCWPlatform::Found the Hw Db part of the input DSA
TRACE::2023-11-20.15:17:17::SCWMssOS::Checking the sw design at  F:/Ian_Jung/workplace/Harman_Vitis/mblaze_FND_cntr_hw/microblaze_0/standalone_domain/bsp/system.mss
TRACE::2023-11-20.15:17:17::SCWMssOS::DEBUG:  swdes dump  F:/Ian_Jung/workplace/Harman_Vitis/mblaze_FND_cntr_hw/microblaze_0/standalone_domain/bsp/system.mss|system||

TRACE::2023-11-20.15:17:17::SCWMssOS::Sw design exists and opened at  F:/Ian_Jung/workplace/Harman_Vitis/mblaze_FND_cntr_hw/microblaze_0/standalone_domain/bsp/system.mss
TRACE::2023-11-20.15:17:17::SCWWriter::formatted JSON is {
	"platformName":	"mblaze_FND_cntr_hw",
	"sprVersion":	"2.0",
	"mode":	"gui",
	"dsaType":	"Fixed",
	"platformDesc":	"mblaze_FND_cntr_hw",
	"platHandOff":	"F:/Ian_Jung/workplace/cora_z7/cora_cpu_2019/Basys3_Microblaze_real/mblaze_FND_cntr.xsa",
	"platIntHandOff":	"<platformDir>/hw/mblaze_FND_cntr.xsa",
	"deviceType":	"FPGA",
	"platIsPrebuiltAutogen":	"false",
	"platIsNoBootBsp":	"false",
	"hasFsblMakeHasChanges":	"false",
	"hasPmufwMakeHasChanges":	"false",
	"platPreBuiltFlag":	false,
	"platformSamplesDir":	"",
	"platActiveSys":	"mblaze_FND_cntr_hw",
	"systems":	[{
			"systemName":	"mblaze_FND_cntr_hw",
			"systemDesc":	"mblaze_FND_cntr_hw",
			"sysIsBootAutoGen":	"true",
			"systemDispName":	"mblaze_FND_cntr_hw",
			"sysActiveDom":	"standalone_domain",
			"sysDefaultDom":	"standalone_domain",
			"domains":	[{
					"domainName":	"standalone_domain",
					"domainDispName":	"standalone on microblaze_0",
					"domainDesc":	"standalone_domain",
					"processors":	"microblaze_0",
					"os":	"standalone",
					"sdxOs":	"standalone",
					"debugEnable":	"False",
					"domRuntimes":	["cpp"],
					"swRepo":	"",
					"mssOsVer":	"7.1",
					"mssFile":	"",
					"md5Digest":	"d3a9560710cd57b4d248e7b47481bae8",
					"compatibleApp":	"",
					"domType":	"mssDomain",
					"appSettings":	{
						"appCompilerFlags":	"",
						"appLinkerFlags":	""
					},
					"addedLibs":	[],
					"libOptions":	{
						"libsContainingOptions":	[]
					},
					"prebuiltLibs":	{
						"prebuiltIncPath":	[],
						"prebuiltLibPath":	[]
					},
					"isolation":	{
					}
				}]
		}]
}
TRACE::2023-11-20.15:17:18::SCWPlatform::Clearing the existing platform
TRACE::2023-11-20.15:17:18::SCWSystem::Clearing the existing sysconfig
TRACE::2023-11-20.15:17:18::SCWMssOS::Removing the swdes entry for  F:/Ian_Jung/workplace/Harman_Vitis/mblaze_FND_cntr_hw/microblaze_0/standalone_domain/bsp/system.mss
TRACE::2023-11-20.15:17:18::SCWSystem::Clearing the domains completed.
TRACE::2023-11-20.15:17:18::SCWPlatform::Clearing the opened hw db.
TRACE::2023-11-20.15:17:18::SCWPlatform::DSA given F:/Ian_Jung/workplace/Harman_Vitis/mblaze_FND_cntr_hw/hw/mblaze_FND_cntr.xsa
TRACE::2023-11-20.15:17:18::SCWPlatform::DSA absoulate path F:/Ian_Jung/workplace/Harman_Vitis/mblaze_FND_cntr_hw/hw/mblaze_FND_cntr.xsa
TRACE::2023-11-20.15:17:18::SCWPlatform:: Platform location is F:/Ian_Jung/workplace/Harman_Vitis/mblaze_FND_cntr_hw/hw
TRACE::2023-11-20.15:17:18::SCWPlatform:: Platform Path F:/Ian_Jung/workplace/Harman_Vitis/mblaze_FND_cntr_hw/hw/mblaze_FND_cntr.xsa
TRACE::2023-11-20.15:17:18::SCWPlatform:: Unique name xilinx:basys3::0.0
TRACE::2023-11-20.15:17:18::SCWPlatform::Removing the HwDB with name F:/Ian_Jung/workplace/Harman_Vitis/mblaze_FND_cntr_hw/hw/mblaze_FND_cntr.xsa
TRACE::2023-11-20.15:17:18::SCWPlatform::Trying to open the hw design at F:/Ian_Jung/workplace/Harman_Vitis/mblaze_FND_cntr_hw/hw/mblaze_FND_cntr.xsa
TRACE::2023-11-20.15:17:18::SCWPlatform::DSA given F:/Ian_Jung/workplace/Harman_Vitis/mblaze_FND_cntr_hw/hw/mblaze_FND_cntr.xsa
TRACE::2023-11-20.15:17:18::SCWPlatform::DSA absoulate path F:/Ian_Jung/workplace/Harman_Vitis/mblaze_FND_cntr_hw/hw/mblaze_FND_cntr.xsa
TRACE::2023-11-20.15:17:18::SCWPlatform::DSA directory F:/Ian_Jung/workplace/Harman_Vitis/mblaze_FND_cntr_hw/hw
TRACE::2023-11-20.15:17:18::SCWPlatform:: Platform Path F:/Ian_Jung/workplace/Harman_Vitis/mblaze_FND_cntr_hw/hw/mblaze_FND_cntr.xsa
TRACE::2023-11-20.15:17:18::SCWPlatform:: Unique name xilinx:basys3::0.0
TRACE::2023-11-20.15:17:18::SCWPlatform::Do not have an existing db opened. 
TRACE::2023-11-20.15:17:18::SCWPlatform::Opened new HwDB with name mblaze_FND_cntr_wrapper_1
TRACE::2023-11-20.15:17:18::SCWReader::Active system found as  mblaze_FND_cntr_hw
TRACE::2023-11-20.15:17:18::SCWReader::Handling sysconfig mblaze_FND_cntr_hw
TRACE::2023-11-20.15:17:18::SCWDomain::checking for install qemu data   : 
TRACE::2023-11-20.15:17:18::SCWPlatform::Trying to open the hw design at F:/Ian_Jung/workplace/Harman_Vitis/mblaze_FND_cntr_hw/hw/mblaze_FND_cntr.xsa
TRACE::2023-11-20.15:17:18::SCWPlatform::DSA given F:/Ian_Jung/workplace/Harman_Vitis/mblaze_FND_cntr_hw/hw/mblaze_FND_cntr.xsa
TRACE::2023-11-20.15:17:18::SCWPlatform::DSA absoulate path F:/Ian_Jung/workplace/Harman_Vitis/mblaze_FND_cntr_hw/hw/mblaze_FND_cntr.xsa
TRACE::2023-11-20.15:17:18::SCWPlatform::DSA directory F:/Ian_Jung/workplace/Harman_Vitis/mblaze_FND_cntr_hw/hw
TRACE::2023-11-20.15:17:18::SCWPlatform:: Platform Path F:/Ian_Jung/workplace/Harman_Vitis/mblaze_FND_cntr_hw/hw/mblaze_FND_cntr.xsa
TRACE::2023-11-20.15:17:18::SCWPlatform:: Unique name xilinx:basys3::0.0
TRACE::2023-11-20.15:17:18::SCWPlatform::Trying to set the existing hwdb with name mblaze_FND_cntr_wrapper_1
TRACE::2023-11-20.15:17:18::SCWPlatform::Opened existing hwdb mblaze_FND_cntr_wrapper_1
TRACE::2023-11-20.15:17:18::SCWPlatform::Found the Hw Db part of the input DSA
TRACE::2023-11-20.15:17:18::SCWPlatform::Trying to open the hw design at F:/Ian_Jung/workplace/Harman_Vitis/mblaze_FND_cntr_hw/hw/mblaze_FND_cntr.xsa
TRACE::2023-11-20.15:17:18::SCWPlatform::DSA given F:/Ian_Jung/workplace/Harman_Vitis/mblaze_FND_cntr_hw/hw/mblaze_FND_cntr.xsa
TRACE::2023-11-20.15:17:18::SCWPlatform::DSA absoulate path F:/Ian_Jung/workplace/Harman_Vitis/mblaze_FND_cntr_hw/hw/mblaze_FND_cntr.xsa
TRACE::2023-11-20.15:17:18::SCWPlatform::DSA directory F:/Ian_Jung/workplace/Harman_Vitis/mblaze_FND_cntr_hw/hw
TRACE::2023-11-20.15:17:18::SCWPlatform:: Platform Path F:/Ian_Jung/workplace/Harman_Vitis/mblaze_FND_cntr_hw/hw/mblaze_FND_cntr.xsa
TRACE::2023-11-20.15:17:18::SCWPlatform:: Unique name xilinx:basys3::0.0
TRACE::2023-11-20.15:17:18::SCWPlatform::Trying to set the existing hwdb with name mblaze_FND_cntr_wrapper_1
TRACE::2023-11-20.15:17:18::SCWPlatform::Opened existing hwdb mblaze_FND_cntr_wrapper_1
TRACE::2023-11-20.15:17:18::SCWPlatform::Found the Hw Db part of the input DSA
TRACE::2023-11-20.15:17:18::SCWPlatform::Trying to open the hw design at F:/Ian_Jung/workplace/Harman_Vitis/mblaze_FND_cntr_hw/hw/mblaze_FND_cntr.xsa
TRACE::2023-11-20.15:17:18::SCWPlatform::DSA given F:/Ian_Jung/workplace/Harman_Vitis/mblaze_FND_cntr_hw/hw/mblaze_FND_cntr.xsa
TRACE::2023-11-20.15:17:18::SCWPlatform::DSA absoulate path F:/Ian_Jung/workplace/Harman_Vitis/mblaze_FND_cntr_hw/hw/mblaze_FND_cntr.xsa
TRACE::2023-11-20.15:17:18::SCWPlatform::DSA directory F:/Ian_Jung/workplace/Harman_Vitis/mblaze_FND_cntr_hw/hw
TRACE::2023-11-20.15:17:18::SCWPlatform:: Platform Path F:/Ian_Jung/workplace/Harman_Vitis/mblaze_FND_cntr_hw/hw/mblaze_FND_cntr.xsa
TRACE::2023-11-20.15:17:18::SCWPlatform:: Unique name xilinx:basys3::0.0
TRACE::2023-11-20.15:17:18::SCWPlatform::Trying to set the existing hwdb with name mblaze_FND_cntr_wrapper_1
TRACE::2023-11-20.15:17:18::SCWPlatform::Opened existing hwdb mblaze_FND_cntr_wrapper_1
TRACE::2023-11-20.15:17:18::SCWPlatform::Found the Hw Db part of the input DSA
TRACE::2023-11-20.15:17:18::SCWMssOS::Checking the sw design at  F:/Ian_Jung/workplace/Harman_Vitis/mblaze_FND_cntr_hw/microblaze_0/standalone_domain/bsp/system.mss
TRACE::2023-11-20.15:17:18::SCWMssOS::DEBUG:  swdes dump  
TRACE::2023-11-20.15:17:18::SCWMssOS::No sw design opened at  F:/Ian_Jung/workplace/Harman_Vitis/mblaze_FND_cntr_hw/microblaze_0/standalone_domain/bsp/system.mss
TRACE::2023-11-20.15:17:18::SCWMssOS::mss exists loading the mss file  F:/Ian_Jung/workplace/Harman_Vitis/mblaze_FND_cntr_hw/microblaze_0/standalone_domain/bsp/system.mss
TRACE::2023-11-20.15:17:18::SCWMssOS::Opened the sw design from mss  F:/Ian_Jung/workplace/Harman_Vitis/mblaze_FND_cntr_hw/microblaze_0/standalone_domain/bsp/system.mss
TRACE::2023-11-20.15:17:18::SCWMssOS::Adding the swdes entry F:/Ian_Jung/workplace/Harman_Vitis/mblaze_FND_cntr_hw/microblaze_0/standalone_domain/bsp/system.mss with des name system
TRACE::2023-11-20.15:17:18::SCWMssOS::updating the scw layer about changes
TRACE::2023-11-20.15:17:18::SCWMssOS::Opened the sw design.  F:/Ian_Jung/workplace/Harman_Vitis/mblaze_FND_cntr_hw/microblaze_0/standalone_domain/bsp/system.mss
TRACE::2023-11-20.15:17:18::SCWReader::Adding prebuilt librarypaths as   
TRACE::2023-11-20.15:17:18::SCWReader::Adding prebuilt incpaths  as   
TRACE::2023-11-20.15:17:18::SCWPlatform::Trying to open the hw design at F:/Ian_Jung/workplace/Harman_Vitis/mblaze_FND_cntr_hw/hw/mblaze_FND_cntr.xsa
TRACE::2023-11-20.15:17:18::SCWPlatform::DSA given F:/Ian_Jung/workplace/Harman_Vitis/mblaze_FND_cntr_hw/hw/mblaze_FND_cntr.xsa
TRACE::2023-11-20.15:17:18::SCWPlatform::DSA absoulate path F:/Ian_Jung/workplace/Harman_Vitis/mblaze_FND_cntr_hw/hw/mblaze_FND_cntr.xsa
TRACE::2023-11-20.15:17:18::SCWPlatform::DSA directory F:/Ian_Jung/workplace/Harman_Vitis/mblaze_FND_cntr_hw/hw
TRACE::2023-11-20.15:17:18::SCWPlatform:: Platform Path F:/Ian_Jung/workplace/Harman_Vitis/mblaze_FND_cntr_hw/hw/mblaze_FND_cntr.xsa
TRACE::2023-11-20.15:17:18::SCWPlatform:: Unique name xilinx:basys3::0.0
TRACE::2023-11-20.15:17:18::SCWPlatform::Trying to set the existing hwdb with name mblaze_FND_cntr_wrapper_1
TRACE::2023-11-20.15:17:18::SCWPlatform::Opened existing hwdb mblaze_FND_cntr_wrapper_1
TRACE::2023-11-20.15:17:18::SCWPlatform::Found the Hw Db part of the input DSA
TRACE::2023-11-20.15:17:18::SCWMssOS::Checking the sw design at  F:/Ian_Jung/workplace/Harman_Vitis/mblaze_FND_cntr_hw/microblaze_0/standalone_domain/bsp/system.mss
TRACE::2023-11-20.15:17:18::SCWMssOS::DEBUG:  swdes dump  F:/Ian_Jung/workplace/Harman_Vitis/mblaze_FND_cntr_hw/microblaze_0/standalone_domain/bsp/system.mss|system||

TRACE::2023-11-20.15:17:18::SCWMssOS::Sw design exists and opened at  F:/Ian_Jung/workplace/Harman_Vitis/mblaze_FND_cntr_hw/microblaze_0/standalone_domain/bsp/system.mss
TRACE::2023-11-20.15:17:18::SCWReader::No isolation master present  
TRACE::2023-11-20.15:17:18::SCWPlatform::Trying to open the hw design at F:/Ian_Jung/workplace/Harman_Vitis/mblaze_FND_cntr_hw/hw/mblaze_FND_cntr.xsa
TRACE::2023-11-20.15:17:18::SCWPlatform::DSA given F:/Ian_Jung/workplace/Harman_Vitis/mblaze_FND_cntr_hw/hw/mblaze_FND_cntr.xsa
TRACE::2023-11-20.15:17:18::SCWPlatform::DSA absoulate path F:/Ian_Jung/workplace/Harman_Vitis/mblaze_FND_cntr_hw/hw/mblaze_FND_cntr.xsa
TRACE::2023-11-20.15:17:18::SCWPlatform::DSA directory F:/Ian_Jung/workplace/Harman_Vitis/mblaze_FND_cntr_hw/hw
TRACE::2023-11-20.15:17:18::SCWPlatform:: Platform Path F:/Ian_Jung/workplace/Harman_Vitis/mblaze_FND_cntr_hw/hw/mblaze_FND_cntr.xsa
TRACE::2023-11-20.15:17:18::SCWPlatform:: Unique name xilinx:basys3::0.0
TRACE::2023-11-20.15:17:18::SCWPlatform::Trying to set the existing hwdb with name mblaze_FND_cntr_wrapper_1
TRACE::2023-11-20.15:17:18::SCWPlatform::Opened existing hwdb mblaze_FND_cntr_wrapper_1
TRACE::2023-11-20.15:17:18::SCWPlatform::Found the Hw Db part of the input DSA
TRACE::2023-11-20.15:17:18::SCWMssOS::Checking the sw design at  F:/Ian_Jung/workplace/Harman_Vitis/mblaze_FND_cntr_hw/microblaze_0/standalone_domain/bsp/system.mss
TRACE::2023-11-20.15:17:18::SCWMssOS::DEBUG:  swdes dump  F:/Ian_Jung/workplace/Harman_Vitis/mblaze_FND_cntr_hw/microblaze_0/standalone_domain/bsp/system.mss|system||

TRACE::2023-11-20.15:17:18::SCWMssOS::Sw design exists and opened at  F:/Ian_Jung/workplace/Harman_Vitis/mblaze_FND_cntr_hw/microblaze_0/standalone_domain/bsp/system.mss
TRACE::2023-11-20.15:17:19::SCWMssOS::In reload Mss file.
TRACE::2023-11-20.15:17:19::SCWPlatform::Trying to open the hw design at F:/Ian_Jung/workplace/Harman_Vitis/mblaze_FND_cntr_hw/hw/mblaze_FND_cntr.xsa
TRACE::2023-11-20.15:17:19::SCWPlatform::DSA given F:/Ian_Jung/workplace/Harman_Vitis/mblaze_FND_cntr_hw/hw/mblaze_FND_cntr.xsa
TRACE::2023-11-20.15:17:19::SCWPlatform::DSA absoulate path F:/Ian_Jung/workplace/Harman_Vitis/mblaze_FND_cntr_hw/hw/mblaze_FND_cntr.xsa
TRACE::2023-11-20.15:17:19::SCWPlatform::DSA directory F:/Ian_Jung/workplace/Harman_Vitis/mblaze_FND_cntr_hw/hw
TRACE::2023-11-20.15:17:19::SCWPlatform:: Platform Path F:/Ian_Jung/workplace/Harman_Vitis/mblaze_FND_cntr_hw/hw/mblaze_FND_cntr.xsa
TRACE::2023-11-20.15:17:19::SCWPlatform:: Unique name xilinx:basys3::0.0
TRACE::2023-11-20.15:17:19::SCWPlatform::Trying to set the existing hwdb with name mblaze_FND_cntr_wrapper_1
TRACE::2023-11-20.15:17:19::SCWPlatform::Opened existing hwdb mblaze_FND_cntr_wrapper_1
TRACE::2023-11-20.15:17:19::SCWPlatform::Found the Hw Db part of the input DSA
TRACE::2023-11-20.15:17:19::SCWMssOS::Checking the sw design at  F:/Ian_Jung/workplace/Harman_Vitis/mblaze_FND_cntr_hw/microblaze_0/standalone_domain/bsp/system.mss
TRACE::2023-11-20.15:17:19::SCWMssOS::DEBUG:  swdes dump  F:/Ian_Jung/workplace/Harman_Vitis/mblaze_FND_cntr_hw/microblaze_0/standalone_domain/bsp/system.mss|system||

KEYINFO::2023-11-20.15:17:19::SCWMssOS::Could not open the swdb for system
KEYINFO::2023-11-20.15:17:19::SCWMssOS::Could not open the sw design at  system
ERROR: [Hsi 55-1558] Software Design system is not found

TRACE::2023-11-20.15:17:19::SCWMssOS::Cleared the swdb table entry
TRACE::2023-11-20.15:17:19::SCWMssOS::No sw design opened at  F:/Ian_Jung/workplace/Harman_Vitis/mblaze_FND_cntr_hw/microblaze_0/standalone_domain/bsp/system.mss
TRACE::2023-11-20.15:17:19::SCWMssOS::mss exists loading the mss file  F:/Ian_Jung/workplace/Harman_Vitis/mblaze_FND_cntr_hw/microblaze_0/standalone_domain/bsp/system.mss
TRACE::2023-11-20.15:17:19::SCWMssOS::Opened the sw design from mss  F:/Ian_Jung/workplace/Harman_Vitis/mblaze_FND_cntr_hw/microblaze_0/standalone_domain/bsp/system.mss
TRACE::2023-11-20.15:17:19::SCWMssOS::Adding the swdes entry F:/Ian_Jung/workplace/Harman_Vitis/mblaze_FND_cntr_hw/microblaze_0/standalone_domain/bsp/system.mss with des name system
TRACE::2023-11-20.15:17:19::SCWMssOS::updating the scw layer about changes
TRACE::2023-11-20.15:17:19::SCWMssOS::Opened the sw design.  F:/Ian_Jung/workplace/Harman_Vitis/mblaze_FND_cntr_hw/microblaze_0/standalone_domain/bsp/system.mss
TRACE::2023-11-20.15:17:19::SCWPlatform::Trying to open the hw design at F:/Ian_Jung/workplace/Harman_Vitis/mblaze_FND_cntr_hw/hw/mblaze_FND_cntr.xsa
TRACE::2023-11-20.15:17:19::SCWPlatform::DSA given F:/Ian_Jung/workplace/Harman_Vitis/mblaze_FND_cntr_hw/hw/mblaze_FND_cntr.xsa
TRACE::2023-11-20.15:17:19::SCWPlatform::DSA absoulate path F:/Ian_Jung/workplace/Harman_Vitis/mblaze_FND_cntr_hw/hw/mblaze_FND_cntr.xsa
TRACE::2023-11-20.15:17:19::SCWPlatform::DSA directory F:/Ian_Jung/workplace/Harman_Vitis/mblaze_FND_cntr_hw/hw
TRACE::2023-11-20.15:17:19::SCWPlatform:: Platform Path F:/Ian_Jung/workplace/Harman_Vitis/mblaze_FND_cntr_hw/hw/mblaze_FND_cntr.xsa
TRACE::2023-11-20.15:17:19::SCWPlatform:: Unique name xilinx:basys3::0.0
TRACE::2023-11-20.15:17:19::SCWPlatform::Trying to set the existing hwdb with name mblaze_FND_cntr_wrapper_1
TRACE::2023-11-20.15:17:19::SCWPlatform::Opened existing hwdb mblaze_FND_cntr_wrapper_1
TRACE::2023-11-20.15:17:19::SCWPlatform::Found the Hw Db part of the input DSA
TRACE::2023-11-20.15:17:19::SCWMssOS::Checking the sw design at  F:/Ian_Jung/workplace/Harman_Vitis/mblaze_FND_cntr_hw/microblaze_0/standalone_domain/bsp/system.mss
TRACE::2023-11-20.15:17:19::SCWMssOS::DEBUG:  swdes dump  F:/Ian_Jung/workplace/Harman_Vitis/mblaze_FND_cntr_hw/microblaze_0/standalone_domain/bsp/system.mss|system||

TRACE::2023-11-20.15:17:19::SCWMssOS::Sw design exists and opened at  F:/Ian_Jung/workplace/Harman_Vitis/mblaze_FND_cntr_hw/microblaze_0/standalone_domain/bsp/system.mss
TRACE::2023-11-20.15:17:19::SCWMssOS::Removing the swdes entry for  F:/Ian_Jung/workplace/Harman_Vitis/mblaze_FND_cntr_hw/microblaze_0/standalone_domain/bsp/system.mss
LOG::2023-11-20.15:17:37::SCWPlatform::Started generating the artifacts platform mblaze_FND_cntr_hw
TRACE::2023-11-20.15:17:37::SCWPlatform::Sanity checking of platform is completed
LOG::2023-11-20.15:17:37::SCWPlatform::Started generating the artifacts for system configuration mblaze_FND_cntr_hw
LOG::2023-11-20.15:17:37::SCWSystem::Checking the domain standalone_domain
LOG::2023-11-20.15:17:37::SCWSystem::Not a boot domain 
LOG::2023-11-20.15:17:37::SCWSystem::Started Processing the domain standalone_domain
TRACE::2023-11-20.15:17:37::SCWDomain::Generating domain artifcats
TRACE::2023-11-20.15:17:37::SCWMssOS::Generating standalone artifcats
TRACE::2023-11-20.15:17:37::SCWMssOS:: Copying the user libraries. 
TRACE::2023-11-20.15:17:37::SCWPlatform::Trying to open the hw design at F:/Ian_Jung/workplace/Harman_Vitis/mblaze_FND_cntr_hw/hw/mblaze_FND_cntr.xsa
TRACE::2023-11-20.15:17:37::SCWPlatform::DSA given F:/Ian_Jung/workplace/Harman_Vitis/mblaze_FND_cntr_hw/hw/mblaze_FND_cntr.xsa
TRACE::2023-11-20.15:17:37::SCWPlatform::DSA absoulate path F:/Ian_Jung/workplace/Harman_Vitis/mblaze_FND_cntr_hw/hw/mblaze_FND_cntr.xsa
TRACE::2023-11-20.15:17:37::SCWPlatform::DSA directory F:/Ian_Jung/workplace/Harman_Vitis/mblaze_FND_cntr_hw/hw
TRACE::2023-11-20.15:17:37::SCWPlatform:: Platform Path F:/Ian_Jung/workplace/Harman_Vitis/mblaze_FND_cntr_hw/hw/mblaze_FND_cntr.xsa
TRACE::2023-11-20.15:17:37::SCWPlatform:: Unique name xilinx:basys3::0.0
TRACE::2023-11-20.15:17:37::SCWPlatform::Trying to set the existing hwdb with name mblaze_FND_cntr_wrapper_1
TRACE::2023-11-20.15:17:37::SCWPlatform::Opened existing hwdb mblaze_FND_cntr_wrapper_1
TRACE::2023-11-20.15:17:37::SCWPlatform::Found the Hw Db part of the input DSA
TRACE::2023-11-20.15:17:37::SCWMssOS::Checking the sw design at  F:/Ian_Jung/workplace/Harman_Vitis/mblaze_FND_cntr_hw/microblaze_0/standalone_domain/bsp/system.mss
TRACE::2023-11-20.15:17:37::SCWMssOS::DEBUG:  swdes dump  
TRACE::2023-11-20.15:17:37::SCWMssOS::No sw design opened at  F:/Ian_Jung/workplace/Harman_Vitis/mblaze_FND_cntr_hw/microblaze_0/standalone_domain/bsp/system.mss
TRACE::2023-11-20.15:17:37::SCWMssOS::mss exists loading the mss file  F:/Ian_Jung/workplace/Harman_Vitis/mblaze_FND_cntr_hw/microblaze_0/standalone_domain/bsp/system.mss
TRACE::2023-11-20.15:17:37::SCWMssOS::Opened the sw design from mss  F:/Ian_Jung/workplace/Harman_Vitis/mblaze_FND_cntr_hw/microblaze_0/standalone_domain/bsp/system.mss
TRACE::2023-11-20.15:17:37::SCWMssOS::Adding the swdes entry F:/Ian_Jung/workplace/Harman_Vitis/mblaze_FND_cntr_hw/microblaze_0/standalone_domain/bsp/system.mss with des name system
TRACE::2023-11-20.15:17:37::SCWMssOS::updating the scw layer about changes
TRACE::2023-11-20.15:17:37::SCWMssOS::Opened the sw design.  F:/Ian_Jung/workplace/Harman_Vitis/mblaze_FND_cntr_hw/microblaze_0/standalone_domain/bsp/system.mss
TRACE::2023-11-20.15:17:37::SCWMssOS::Completed writing the mss file at F:/Ian_Jung/workplace/Harman_Vitis/mblaze_FND_cntr_hw/microblaze_0/standalone_domain/bsp
TRACE::2023-11-20.15:17:37::SCWMssOS::Mss edits present, copying mssfile into export location F:/Ian_Jung/workplace/Harman_Vitis/mblaze_FND_cntr_hw/microblaze_0/standalone_domain/bsp/system.mss
TRACE::2023-11-20.15:17:37::SCWMssOS::bsp generated is upto date with the mss file. Skipping bsp generation.
TRACE::2023-11-20.15:17:37::SCWMssOS::BSP is already built. skipping the bsp build ... 
TRACE::2023-11-20.15:17:37::SCWDomain::Building the domain as part of full build :  standalone_domain
TRACE::2023-11-20.15:17:37::SCWMssOS::doing bsp build ... 
TRACE::2023-11-20.15:17:37::SCWMssOS::System Command Ran  F: & cd  F:/Ian_Jung/workplace/Harman_Vitis/mblaze_FND_cntr_hw/microblaze_0/standalone_domain/bsp & make 
TRACE::2023-11-20.15:17:37::SCWMssOS::"Running Make include in microblaze_0/libsrc/bram_v4_3/src"

TRACE::2023-11-20.15:17:37::SCWMssOS::make -C microblaze_0/libsrc/bram_v4_3/src -s include  "SHELL=CMD" "COMPILER=mb-gcc" "ASSEMBLER=mb-as" "ARCHIVER=mb-ar" "COMPILE
TRACE::2023-11-20.15:17:37::SCWMssOS::R_FLAGS=  -O2 -c -mcpu=v11.0 -mlittle-endian -mno-xl-reorder -mno-xl-soft-mul -mxl-barrel-shift -mxl-pattern-compare" "EXTRA_CO
TRACE::2023-11-20.15:17:37::SCWMssOS::MPILER_FLAGS=-g -ffunction-sections -fdata-sections -Wall -Wextra"

TRACE::2023-11-20.15:17:37::SCWMssOS::"Running Make include in microblaze_0/libsrc/cpu_v2_10/src"

TRACE::2023-11-20.15:17:37::SCWMssOS::make -C microblaze_0/libsrc/cpu_v2_10/src -s include  "SHELL=CMD" "COMPILER=mb-gcc" "ASSEMBLER=mb-as" "ARCHIVER=mb-ar" "COMPILE
TRACE::2023-11-20.15:17:37::SCWMssOS::R_FLAGS=  -O2 -c -mcpu=v11.0 -mlittle-endian -mno-xl-reorder -mno-xl-soft-mul -mxl-barrel-shift -mxl-pattern-compare" "EXTRA_CO
TRACE::2023-11-20.15:17:37::SCWMssOS::MPILER_FLAGS=-g -ffunction-sections -fdata-sections -Wall -Wextra"

TRACE::2023-11-20.15:17:37::SCWMssOS::"Running Make include in microblaze_0/libsrc/myip_FND_cntr_v1_0/src"

TRACE::2023-11-20.15:17:37::SCWMssOS::make -C microblaze_0/libsrc/myip_FND_cntr_v1_0/src -s include  "SHELL=CMD" "COMPILER=mb-gcc" "ASSEMBLER=mb-as" "ARCHIVER=mb-ar"
TRACE::2023-11-20.15:17:37::SCWMssOS:: "COMPILER_FLAGS=  -O2 -c -mcpu=v11.0 -mlittle-endian -mno-xl-reorder -mno-xl-soft-mul -mxl-barrel-shift -mxl-pattern-compare" 
TRACE::2023-11-20.15:17:37::SCWMssOS::"EXTRA_COMPILER_FLAGS=-g -ffunction-sections -fdata-sections -Wall -Wextra"

TRACE::2023-11-20.15:17:38::SCWMssOS::"Running Make include in microblaze_0/libsrc/standalone_v7_1/src"

TRACE::2023-11-20.15:17:38::SCWMssOS::make -C microblaze_0/libsrc/standalone_v7_1/src -s include  "SHELL=CMD" "COMPILER=mb-gcc" "ASSEMBLER=mb-as" "ARCHIVER=mb-ar" "C
TRACE::2023-11-20.15:17:38::SCWMssOS::OMPILER_FLAGS=  -O2 -c -mcpu=v11.0 -mlittle-endian -mno-xl-reorder -mno-xl-soft-mul -mxl-barrel-shift -mxl-pattern-compare" "EX
TRACE::2023-11-20.15:17:38::SCWMssOS::TRA_COMPILER_FLAGS=-g -ffunction-sections -fdata-sections -Wall -Wextra"

TRACE::2023-11-20.15:17:38::SCWMssOS::"Running Make include in microblaze_0/libsrc/uartlite_v3_3/src"

TRACE::2023-11-20.15:17:38::SCWMssOS::make -C microblaze_0/libsrc/uartlite_v3_3/src -s include  "SHELL=CMD" "COMPILER=mb-gcc" "ASSEMBLER=mb-as" "ARCHIVER=mb-ar" "COM
TRACE::2023-11-20.15:17:38::SCWMssOS::PILER_FLAGS=  -O2 -c -mcpu=v11.0 -mlittle-endian -mno-xl-reorder -mno-xl-soft-mul -mxl-barrel-shift -mxl-pattern-compare" "EXTR
TRACE::2023-11-20.15:17:38::SCWMssOS::A_COMPILER_FLAGS=-g -ffunction-sections -fdata-sections -Wall -Wextra"

TRACE::2023-11-20.15:17:38::SCWMssOS::"Running Make libs in microblaze_0/libsrc/bram_v4_3/src"

TRACE::2023-11-20.15:17:38::SCWMssOS::make -C microblaze_0/libsrc/bram_v4_3/src -s libs  "SHELL=CMD" "COMPILER=mb-gcc" "ASSEMBLER=mb-as" "ARCHIVER=mb-ar" "COMPILER_F
TRACE::2023-11-20.15:17:38::SCWMssOS::LAGS=  -O2 -c -mcpu=v11.0 -mlittle-endian -mno-xl-reorder -mno-xl-soft-mul -mxl-barrel-shift -mxl-pattern-compare" "EXTRA_COMPI
TRACE::2023-11-20.15:17:38::SCWMssOS::LER_FLAGS=-g -ffunction-sections -fdata-sections -Wall -Wextra"

TRACE::2023-11-20.15:17:38::SCWMssOS::"Compiling bram"

TRACE::2023-11-20.15:17:41::SCWMssOS::"Running Make libs in microblaze_0/libsrc/cpu_v2_10/src"

TRACE::2023-11-20.15:17:41::SCWMssOS::make -C microblaze_0/libsrc/cpu_v2_10/src -s libs  "SHELL=CMD" "COMPILER=mb-gcc" "ASSEMBLER=mb-as" "ARCHIVER=mb-ar" "COMPILER_F
TRACE::2023-11-20.15:17:41::SCWMssOS::LAGS=  -O2 -c -mcpu=v11.0 -mlittle-endian -mno-xl-reorder -mno-xl-soft-mul -mxl-barrel-shift -mxl-pattern-compare" "EXTRA_COMPI
TRACE::2023-11-20.15:17:41::SCWMssOS::LER_FLAGS=-g -ffunction-sections -fdata-sections -Wall -Wextra"

TRACE::2023-11-20.15:17:41::SCWMssOS::"Compiling cpu"

TRACE::2023-11-20.15:17:41::SCWMssOS::"Running Make libs in microblaze_0/libsrc/myip_FND_cntr_v1_0/src"

TRACE::2023-11-20.15:17:41::SCWMssOS::make -C microblaze_0/libsrc/myip_FND_cntr_v1_0/src -s libs  "SHELL=CMD" "COMPILER=mb-gcc" "ASSEMBLER=mb-as" "ARCHIVER=mb-ar" "C
TRACE::2023-11-20.15:17:41::SCWMssOS::OMPILER_FLAGS=  -O2 -c -mcpu=v11.0 -mlittle-endian -mno-xl-reorder -mno-xl-soft-mul -mxl-barrel-shift -mxl-pattern-compare" "EX
TRACE::2023-11-20.15:17:41::SCWMssOS::TRA_COMPILER_FLAGS=-g -ffunction-sections -fdata-sections -Wall -Wextra"

TRACE::2023-11-20.15:17:42::SCWMssOS::"Compiling myip_FND_cntr..."

TRACE::2023-11-20.15:17:42::SCWMssOS::"Running Make libs in microblaze_0/libsrc/standalone_v7_1/src"

TRACE::2023-11-20.15:17:42::SCWMssOS::make -C microblaze_0/libsrc/standalone_v7_1/src -s libs  "SHELL=CMD" "COMPILER=mb-gcc" "ASSEMBLER=mb-as" "ARCHIVER=mb-ar" "COMP
TRACE::2023-11-20.15:17:42::SCWMssOS::ILER_FLAGS=  -O2 -c -mcpu=v11.0 -mlittle-endian -mno-xl-reorder -mno-xl-soft-mul -mxl-barrel-shift -mxl-pattern-compare" "EXTRA
TRACE::2023-11-20.15:17:42::SCWMssOS::_COMPILER_FLAGS=-g -ffunction-sections -fdata-sections -Wall -Wextra"

TRACE::2023-11-20.15:17:42::SCWMssOS::"Compiling standalone";

TRACE::2023-11-20.15:17:47::SCWMssOS::"Running Make libs in microblaze_0/libsrc/uartlite_v3_3/src"

TRACE::2023-11-20.15:17:47::SCWMssOS::make -C microblaze_0/libsrc/uartlite_v3_3/src -s libs  "SHELL=CMD" "COMPILER=mb-gcc" "ASSEMBLER=mb-as" "ARCHIVER=mb-ar" "COMPIL
TRACE::2023-11-20.15:17:47::SCWMssOS::ER_FLAGS=  -O2 -c -mcpu=v11.0 -mlittle-endian -mno-xl-reorder -mno-xl-soft-mul -mxl-barrel-shift -mxl-pattern-compare" "EXTRA_C
TRACE::2023-11-20.15:17:47::SCWMssOS::OMPILER_FLAGS=-g -ffunction-sections -fdata-sections -Wall -Wextra"

TRACE::2023-11-20.15:17:47::SCWMssOS::"Compiling uartlite"

TRACE::2023-11-20.15:17:48::SCWMssOS::'Finished building libraries'

TRACE::2023-11-20.15:17:48::SCWMssOS::Copying to export directory.
TRACE::2023-11-20.15:17:48::SCWMssOS:: Checking if to create the Supporting Applications
TRACE::2023-11-20.15:17:48::SCWMssOS:: No Linux domain exists, trying to generate FSBL 
LOG::2023-11-20.15:17:48::SCWSystem::Completed Processing the domain standalone_domain
LOG::2023-11-20.15:17:48::SCWSystem::Completed Processing the sysconfig mblaze_FND_cntr_hw
LOG::2023-11-20.15:17:48::SCWPlatform::Completed generating the artifacts for system configuration mblaze_FND_cntr_hw
TRACE::2023-11-20.15:17:48::SCWPlatform::Started preparing the platform 
TRACE::2023-11-20.15:17:48::SCWSystem::Writing the bif file for system config mblaze_FND_cntr_hw
TRACE::2023-11-20.15:17:48::SCWSystem::dir created 
TRACE::2023-11-20.15:17:48::SCWSystem::Writing the bif 
TRACE::2023-11-20.15:17:48::SCWPlatform::Started writing the spfm file 
TRACE::2023-11-20.15:17:48::SCWPlatform::Started writing the xpfm file 
TRACE::2023-11-20.15:17:48::SCWPlatform::Completed generating the platform
TRACE::2023-11-20.15:17:48::SCWPlatform::Trying to open the hw design at F:/Ian_Jung/workplace/Harman_Vitis/mblaze_FND_cntr_hw/hw/mblaze_FND_cntr.xsa
TRACE::2023-11-20.15:17:48::SCWPlatform::DSA given F:/Ian_Jung/workplace/Harman_Vitis/mblaze_FND_cntr_hw/hw/mblaze_FND_cntr.xsa
TRACE::2023-11-20.15:17:48::SCWPlatform::DSA absoulate path F:/Ian_Jung/workplace/Harman_Vitis/mblaze_FND_cntr_hw/hw/mblaze_FND_cntr.xsa
TRACE::2023-11-20.15:17:48::SCWPlatform::DSA directory F:/Ian_Jung/workplace/Harman_Vitis/mblaze_FND_cntr_hw/hw
TRACE::2023-11-20.15:17:48::SCWPlatform:: Platform Path F:/Ian_Jung/workplace/Harman_Vitis/mblaze_FND_cntr_hw/hw/mblaze_FND_cntr.xsa
TRACE::2023-11-20.15:17:48::SCWPlatform:: Unique name xilinx:basys3::0.0
TRACE::2023-11-20.15:17:48::SCWPlatform::Trying to set the existing hwdb with name mblaze_FND_cntr_wrapper_1
TRACE::2023-11-20.15:17:48::SCWPlatform::Opened existing hwdb mblaze_FND_cntr_wrapper_1
TRACE::2023-11-20.15:17:48::SCWPlatform::Found the Hw Db part of the input DSA
TRACE::2023-11-20.15:17:48::SCWMssOS::Checking the sw design at  F:/Ian_Jung/workplace/Harman_Vitis/mblaze_FND_cntr_hw/microblaze_0/standalone_domain/bsp/system.mss
TRACE::2023-11-20.15:17:48::SCWMssOS::DEBUG:  swdes dump  F:/Ian_Jung/workplace/Harman_Vitis/mblaze_FND_cntr_hw/microblaze_0/standalone_domain/bsp/system.mss|system||

TRACE::2023-11-20.15:17:48::SCWMssOS::Sw design exists and opened at  F:/Ian_Jung/workplace/Harman_Vitis/mblaze_FND_cntr_hw/microblaze_0/standalone_domain/bsp/system.mss
TRACE::2023-11-20.15:17:48::SCWWriter::formatted JSON is {
	"platformName":	"mblaze_FND_cntr_hw",
	"sprVersion":	"2.0",
	"mode":	"gui",
	"dsaType":	"Fixed",
	"platformDesc":	"mblaze_FND_cntr_hw",
	"platHandOff":	"F:/Ian_Jung/workplace/cora_z7/cora_cpu_2019/Basys3_Microblaze_real/mblaze_FND_cntr.xsa",
	"platIntHandOff":	"<platformDir>/hw/mblaze_FND_cntr.xsa",
	"deviceType":	"FPGA",
	"platIsPrebuiltAutogen":	"false",
	"platIsNoBootBsp":	"false",
	"hasFsblMakeHasChanges":	"false",
	"hasPmufwMakeHasChanges":	"false",
	"platPreBuiltFlag":	false,
	"platformSamplesDir":	"",
	"platActiveSys":	"mblaze_FND_cntr_hw",
	"systems":	[{
			"systemName":	"mblaze_FND_cntr_hw",
			"systemDesc":	"mblaze_FND_cntr_hw",
			"sysIsBootAutoGen":	"true",
			"systemDispName":	"mblaze_FND_cntr_hw",
			"sysActiveDom":	"standalone_domain",
			"sysDefaultDom":	"standalone_domain",
			"domains":	[{
					"domainName":	"standalone_domain",
					"domainDispName":	"standalone on microblaze_0",
					"domainDesc":	"standalone_domain",
					"processors":	"microblaze_0",
					"os":	"standalone",
					"sdxOs":	"standalone",
					"debugEnable":	"False",
					"domRuntimes":	["cpp"],
					"swRepo":	"",
					"mssOsVer":	"7.1",
					"mssFile":	"",
					"md5Digest":	"d3a9560710cd57b4d248e7b47481bae8",
					"compatibleApp":	"",
					"domType":	"mssDomain",
					"appSettings":	{
						"appCompilerFlags":	"",
						"appLinkerFlags":	""
					},
					"addedLibs":	[],
					"libOptions":	{
						"libsContainingOptions":	[]
					},
					"prebuiltLibs":	{
						"prebuiltIncPath":	[],
						"prebuiltLibPath":	[]
					},
					"isolation":	{
					}
				}]
		}]
}
KEYINFO::2023-11-20.15:17:48::SCWPlatform::updated the xpfm file.
TRACE::2023-11-20.15:17:48::SCWPlatform::Trying to open the hw design at F:/Ian_Jung/workplace/Harman_Vitis/mblaze_FND_cntr_hw/hw/mblaze_FND_cntr.xsa
TRACE::2023-11-20.15:17:48::SCWPlatform::DSA given F:/Ian_Jung/workplace/Harman_Vitis/mblaze_FND_cntr_hw/hw/mblaze_FND_cntr.xsa
TRACE::2023-11-20.15:17:48::SCWPlatform::DSA absoulate path F:/Ian_Jung/workplace/Harman_Vitis/mblaze_FND_cntr_hw/hw/mblaze_FND_cntr.xsa
TRACE::2023-11-20.15:17:48::SCWPlatform::DSA directory F:/Ian_Jung/workplace/Harman_Vitis/mblaze_FND_cntr_hw/hw
TRACE::2023-11-20.15:17:48::SCWPlatform:: Platform Path F:/Ian_Jung/workplace/Harman_Vitis/mblaze_FND_cntr_hw/hw/mblaze_FND_cntr.xsa
TRACE::2023-11-20.15:17:48::SCWPlatform:: Unique name xilinx:basys3::0.0
TRACE::2023-11-20.15:17:48::SCWPlatform::Trying to set the existing hwdb with name mblaze_FND_cntr_wrapper_1
TRACE::2023-11-20.15:17:48::SCWPlatform::Opened existing hwdb mblaze_FND_cntr_wrapper_1
TRACE::2023-11-20.15:17:48::SCWPlatform::Found the Hw Db part of the input DSA
TRACE::2023-11-20.15:17:48::SCWMssOS::Checking the sw design at  F:/Ian_Jung/workplace/Harman_Vitis/mblaze_FND_cntr_hw/microblaze_0/standalone_domain/bsp/system.mss
TRACE::2023-11-20.15:17:48::SCWMssOS::DEBUG:  swdes dump  F:/Ian_Jung/workplace/Harman_Vitis/mblaze_FND_cntr_hw/microblaze_0/standalone_domain/bsp/system.mss|system||

TRACE::2023-11-20.15:17:48::SCWMssOS::Sw design exists and opened at  F:/Ian_Jung/workplace/Harman_Vitis/mblaze_FND_cntr_hw/microblaze_0/standalone_domain/bsp/system.mss
