TRACE::2023-11-28.16:37:12::SCWPlatform::Trying to open the hw design at F:/Ian_Jung/workplace/Harman_Vitis/mblaze_multifunction_fan_hw/hw/mblaze_Multifunction_Fan.xsa
TRACE::2023-11-28.16:37:12::SCWPlatform::DSA given F:/Ian_Jung/workplace/Harman_Vitis/mblaze_multifunction_fan_hw/hw/mblaze_Multifunction_Fan.xsa
TRACE::2023-11-28.16:37:12::SCWPlatform::DSA absoulate path F:/Ian_Jung/workplace/Harman_Vitis/mblaze_multifunction_fan_hw/hw/mblaze_Multifunction_Fan.xsa
TRACE::2023-11-28.16:37:15::SCWPlatform::DSA directory F:/Ian_Jung/workplace/Harman_Vitis/mblaze_multifunction_fan_hw/hw
TRACE::2023-11-28.16:37:15::SCWPlatform:: Platform Path F:/Ian_Jung/workplace/Harman_Vitis/mblaze_multifunction_fan_hw/hw/mblaze_Multifunction_Fan.xsa
TRACE::2023-11-28.16:37:15::SCWPlatform:: Unique name xilinx:basys3::0.0
TRACE::2023-11-28.16:37:15::SCWPlatform::Do not have an existing db opened. 
TRACE::2023-11-28.16:37:15::SCWPlatform::Opened new HwDB with name mblaze_Multifunction_Fan_wrapper_0
TRACE::2023-11-28.16:37:15::SCWWriter::formatted JSON is {
	"platformName":	"mblaze_multifunction_fan_hw",
	"sprVersion":	"2.0",
	"mode":	"gui",
	"dsaType":	"Fixed",
	"platformDesc":	"mblaze_multifunction_fan_hw",
	"platHandOff":	"F:/Ian_Jung/workplace/cora_z7/cora_cpu_2019/Basys3_Microblaze_real/mblaze_Multifunction_Fan.xsa",
	"platIntHandOff":	"<platformDir>/hw/mblaze_Multifunction_Fan.xsa",
	"deviceType":	"FPGA",
	"platIsPrebuiltAutogen":	"false",
	"platIsNoBootBsp":	"false",
	"hasFsblMakeHasChanges":	"false",
	"hasPmufwMakeHasChanges":	"false",
	"platPreBuiltFlag":	false,
	"platformSamplesDir":	""
}
TRACE::2023-11-28.16:37:15::SCWWriter::formatted JSON is {
	"platformName":	"mblaze_multifunction_fan_hw",
	"sprVersion":	"2.0",
	"mode":	"gui",
	"dsaType":	"Fixed",
	"platformDesc":	"mblaze_multifunction_fan_hw",
	"platHandOff":	"F:/Ian_Jung/workplace/cora_z7/cora_cpu_2019/Basys3_Microblaze_real/mblaze_Multifunction_Fan.xsa",
	"platIntHandOff":	"<platformDir>/hw/mblaze_Multifunction_Fan.xsa",
	"deviceType":	"FPGA",
	"platIsPrebuiltAutogen":	"false",
	"platIsNoBootBsp":	"false",
	"hasFsblMakeHasChanges":	"false",
	"hasPmufwMakeHasChanges":	"false",
	"platPreBuiltFlag":	false,
	"platformSamplesDir":	"",
	"platActiveSys":	"mblaze_multifunction_fan_hw",
	"systems":	[{
			"systemName":	"mblaze_multifunction_fan_hw",
			"systemDesc":	"mblaze_multifunction_fan_hw",
			"sysIsBootAutoGen":	"true",
			"systemDispName":	"mblaze_multifunction_fan_hw"
		}]
}
TRACE::2023-11-28.16:37:15::SCWPlatform::Boot application domains not present, creating them
TRACE::2023-11-28.16:37:15::SCWPlatform::Pure FPGA device, no boot application will be created.
TRACE::2023-11-28.16:37:15::SCWWriter::formatted JSON is {
	"platformName":	"mblaze_multifunction_fan_hw",
	"sprVersion":	"2.0",
	"mode":	"gui",
	"dsaType":	"Fixed",
	"platformDesc":	"mblaze_multifunction_fan_hw",
	"platHandOff":	"F:/Ian_Jung/workplace/cora_z7/cora_cpu_2019/Basys3_Microblaze_real/mblaze_Multifunction_Fan.xsa",
	"platIntHandOff":	"<platformDir>/hw/mblaze_Multifunction_Fan.xsa",
	"deviceType":	"FPGA",
	"platIsPrebuiltAutogen":	"false",
	"platIsNoBootBsp":	"false",
	"hasFsblMakeHasChanges":	"false",
	"hasPmufwMakeHasChanges":	"false",
	"platPreBuiltFlag":	false,
	"platformSamplesDir":	"",
	"platActiveSys":	"mblaze_multifunction_fan_hw",
	"systems":	[{
			"systemName":	"mblaze_multifunction_fan_hw",
			"systemDesc":	"mblaze_multifunction_fan_hw",
			"sysIsBootAutoGen":	"true",
			"systemDispName":	"mblaze_multifunction_fan_hw"
		}]
}
TRACE::2023-11-28.16:37:15::SCWPlatform::Trying to open the hw design at F:/Ian_Jung/workplace/Harman_Vitis/mblaze_multifunction_fan_hw/hw/mblaze_Multifunction_Fan.xsa
TRACE::2023-11-28.16:37:15::SCWPlatform::DSA given F:/Ian_Jung/workplace/Harman_Vitis/mblaze_multifunction_fan_hw/hw/mblaze_Multifunction_Fan.xsa
TRACE::2023-11-28.16:37:15::SCWPlatform::DSA absoulate path F:/Ian_Jung/workplace/Harman_Vitis/mblaze_multifunction_fan_hw/hw/mblaze_Multifunction_Fan.xsa
TRACE::2023-11-28.16:37:15::SCWPlatform::DSA directory F:/Ian_Jung/workplace/Harman_Vitis/mblaze_multifunction_fan_hw/hw
TRACE::2023-11-28.16:37:15::SCWPlatform:: Platform Path F:/Ian_Jung/workplace/Harman_Vitis/mblaze_multifunction_fan_hw/hw/mblaze_Multifunction_Fan.xsa
TRACE::2023-11-28.16:37:15::SCWPlatform:: Unique name xilinx:basys3::0.0
TRACE::2023-11-28.16:37:15::SCWPlatform::Trying to set the existing hwdb with name mblaze_Multifunction_Fan_wrapper_0
TRACE::2023-11-28.16:37:15::SCWPlatform::Opened existing hwdb mblaze_Multifunction_Fan_wrapper_0
TRACE::2023-11-28.16:37:15::SCWPlatform::Found the Hw Db part of the input DSA
TRACE::2023-11-28.16:37:15::SCWDomain::checking for install qemu data   : 
TRACE::2023-11-28.16:37:15::SCWPlatform::Trying to open the hw design at F:/Ian_Jung/workplace/Harman_Vitis/mblaze_multifunction_fan_hw/hw/mblaze_Multifunction_Fan.xsa
TRACE::2023-11-28.16:37:15::SCWPlatform::DSA given F:/Ian_Jung/workplace/Harman_Vitis/mblaze_multifunction_fan_hw/hw/mblaze_Multifunction_Fan.xsa
TRACE::2023-11-28.16:37:15::SCWPlatform::DSA absoulate path F:/Ian_Jung/workplace/Harman_Vitis/mblaze_multifunction_fan_hw/hw/mblaze_Multifunction_Fan.xsa
TRACE::2023-11-28.16:37:15::SCWPlatform::DSA directory F:/Ian_Jung/workplace/Harman_Vitis/mblaze_multifunction_fan_hw/hw
TRACE::2023-11-28.16:37:15::SCWPlatform:: Platform Path F:/Ian_Jung/workplace/Harman_Vitis/mblaze_multifunction_fan_hw/hw/mblaze_Multifunction_Fan.xsa
TRACE::2023-11-28.16:37:15::SCWPlatform:: Unique name xilinx:basys3::0.0
TRACE::2023-11-28.16:37:15::SCWPlatform::Trying to set the existing hwdb with name mblaze_Multifunction_Fan_wrapper_0
TRACE::2023-11-28.16:37:15::SCWPlatform::Opened existing hwdb mblaze_Multifunction_Fan_wrapper_0
TRACE::2023-11-28.16:37:15::SCWPlatform::Found the Hw Db part of the input DSA
TRACE::2023-11-28.16:37:15::SCWPlatform::Trying to open the hw design at F:/Ian_Jung/workplace/Harman_Vitis/mblaze_multifunction_fan_hw/hw/mblaze_Multifunction_Fan.xsa
TRACE::2023-11-28.16:37:15::SCWPlatform::DSA given F:/Ian_Jung/workplace/Harman_Vitis/mblaze_multifunction_fan_hw/hw/mblaze_Multifunction_Fan.xsa
TRACE::2023-11-28.16:37:15::SCWPlatform::DSA absoulate path F:/Ian_Jung/workplace/Harman_Vitis/mblaze_multifunction_fan_hw/hw/mblaze_Multifunction_Fan.xsa
TRACE::2023-11-28.16:37:15::SCWPlatform::DSA directory F:/Ian_Jung/workplace/Harman_Vitis/mblaze_multifunction_fan_hw/hw
TRACE::2023-11-28.16:37:15::SCWPlatform:: Platform Path F:/Ian_Jung/workplace/Harman_Vitis/mblaze_multifunction_fan_hw/hw/mblaze_Multifunction_Fan.xsa
TRACE::2023-11-28.16:37:15::SCWPlatform:: Unique name xilinx:basys3::0.0
TRACE::2023-11-28.16:37:15::SCWPlatform::Trying to set the existing hwdb with name mblaze_Multifunction_Fan_wrapper_0
TRACE::2023-11-28.16:37:15::SCWPlatform::Opened existing hwdb mblaze_Multifunction_Fan_wrapper_0
TRACE::2023-11-28.16:37:15::SCWPlatform::Found the Hw Db part of the input DSA
TRACE::2023-11-28.16:37:15::SCWMssOS::Checking the sw design at  F:/Ian_Jung/workplace/Harman_Vitis/mblaze_multifunction_fan_hw/microblaze_0/standalone_domain/bsp/system.mss
TRACE::2023-11-28.16:37:15::SCWMssOS::DEBUG:  swdes dump  
TRACE::2023-11-28.16:37:15::SCWMssOS::No sw design opened at  F:/Ian_Jung/workplace/Harman_Vitis/mblaze_multifunction_fan_hw/microblaze_0/standalone_domain/bsp/system.mss
TRACE::2023-11-28.16:37:15::SCWMssOS::mss does not exists at F:/Ian_Jung/workplace/Harman_Vitis/mblaze_multifunction_fan_hw/microblaze_0/standalone_domain/bsp/system.mss
TRACE::2023-11-28.16:37:15::SCWMssOS::Creating sw design at  F:/Ian_Jung/workplace/Harman_Vitis/mblaze_multifunction_fan_hw/microblaze_0/standalone_domain/bsp/system.mss
TRACE::2023-11-28.16:37:15::SCWMssOS::Adding the swdes entry, created swdb F:/Ian_Jung/workplace/Harman_Vitis/mblaze_multifunction_fan_hw/microblaze_0/standalone_domain/bsp/system.mss with des name F:/Ian_Jung/workplace/Harman_Vitis/mblaze_multifunction_fan_hw/microblaze_0/standalone_domain/bsp/system.mss
TRACE::2023-11-28.16:37:15::SCWMssOS::updating the scw layer changes to swdes at   F:/Ian_Jung/workplace/Harman_Vitis/mblaze_multifunction_fan_hw/microblaze_0/standalone_domain/bsp/system.mss
TRACE::2023-11-28.16:37:15::SCWMssOS::Writing mss at F:/Ian_Jung/workplace/Harman_Vitis/mblaze_multifunction_fan_hw/microblaze_0/standalone_domain/bsp/system.mss
TRACE::2023-11-28.16:37:15::SCWMssOS::Completed writing the mss file at F:/Ian_Jung/workplace/Harman_Vitis/mblaze_multifunction_fan_hw/microblaze_0/standalone_domain/bsp
TRACE::2023-11-28.16:37:15::SCWMssOS::Picking up changes from newly written mss file into SCW Layer. 
TRACE::2023-11-28.16:37:15::SCWMssOS::Updated the changes from newly written mss file into SCW Layer. 
TRACE::2023-11-28.16:37:15::SCWPlatform::Trying to open the hw design at F:/Ian_Jung/workplace/Harman_Vitis/mblaze_multifunction_fan_hw/hw/mblaze_Multifunction_Fan.xsa
TRACE::2023-11-28.16:37:15::SCWPlatform::DSA given F:/Ian_Jung/workplace/Harman_Vitis/mblaze_multifunction_fan_hw/hw/mblaze_Multifunction_Fan.xsa
TRACE::2023-11-28.16:37:15::SCWPlatform::DSA absoulate path F:/Ian_Jung/workplace/Harman_Vitis/mblaze_multifunction_fan_hw/hw/mblaze_Multifunction_Fan.xsa
TRACE::2023-11-28.16:37:15::SCWPlatform::DSA directory F:/Ian_Jung/workplace/Harman_Vitis/mblaze_multifunction_fan_hw/hw
TRACE::2023-11-28.16:37:15::SCWPlatform:: Platform Path F:/Ian_Jung/workplace/Harman_Vitis/mblaze_multifunction_fan_hw/hw/mblaze_Multifunction_Fan.xsa
TRACE::2023-11-28.16:37:15::SCWPlatform:: Unique name xilinx:basys3::0.0
TRACE::2023-11-28.16:37:15::SCWPlatform::Trying to set the existing hwdb with name mblaze_Multifunction_Fan_wrapper_0
TRACE::2023-11-28.16:37:15::SCWPlatform::Opened existing hwdb mblaze_Multifunction_Fan_wrapper_0
TRACE::2023-11-28.16:37:15::SCWPlatform::Found the Hw Db part of the input DSA
TRACE::2023-11-28.16:37:15::SCWMssOS::Checking the sw design at  F:/Ian_Jung/workplace/Harman_Vitis/mblaze_multifunction_fan_hw/microblaze_0/standalone_domain/bsp/system.mss
TRACE::2023-11-28.16:37:15::SCWMssOS::DEBUG:  swdes dump  F:/Ian_Jung/workplace/Harman_Vitis/mblaze_multifunction_fan_hw/microblaze_0/standalone_domain/bsp/system.mss|F:/Ian_Jung/workplace/Harman_Vitis/mblaze_multifunction_fan_hw/microblaze_0/standalone_domain/bsp/system.mss||

TRACE::2023-11-28.16:37:15::SCWMssOS::Sw design exists and opened at  F:/Ian_Jung/workplace/Harman_Vitis/mblaze_multifunction_fan_hw/microblaze_0/standalone_domain/bsp/system.mss
TRACE::2023-11-28.16:37:15::SCWPlatform::Trying to open the hw design at F:/Ian_Jung/workplace/Harman_Vitis/mblaze_multifunction_fan_hw/hw/mblaze_Multifunction_Fan.xsa
TRACE::2023-11-28.16:37:15::SCWPlatform::DSA given F:/Ian_Jung/workplace/Harman_Vitis/mblaze_multifunction_fan_hw/hw/mblaze_Multifunction_Fan.xsa
TRACE::2023-11-28.16:37:15::SCWPlatform::DSA absoulate path F:/Ian_Jung/workplace/Harman_Vitis/mblaze_multifunction_fan_hw/hw/mblaze_Multifunction_Fan.xsa
TRACE::2023-11-28.16:37:15::SCWPlatform::DSA directory F:/Ian_Jung/workplace/Harman_Vitis/mblaze_multifunction_fan_hw/hw
TRACE::2023-11-28.16:37:15::SCWPlatform:: Platform Path F:/Ian_Jung/workplace/Harman_Vitis/mblaze_multifunction_fan_hw/hw/mblaze_Multifunction_Fan.xsa
TRACE::2023-11-28.16:37:15::SCWPlatform:: Unique name xilinx:basys3::0.0
TRACE::2023-11-28.16:37:15::SCWPlatform::Trying to set the existing hwdb with name mblaze_Multifunction_Fan_wrapper_0
TRACE::2023-11-28.16:37:15::SCWPlatform::Opened existing hwdb mblaze_Multifunction_Fan_wrapper_0
TRACE::2023-11-28.16:37:15::SCWPlatform::Found the Hw Db part of the input DSA
TRACE::2023-11-28.16:37:15::SCWMssOS::Checking the sw design at  F:/Ian_Jung/workplace/Harman_Vitis/mblaze_multifunction_fan_hw/microblaze_0/standalone_domain/bsp/system.mss
TRACE::2023-11-28.16:37:15::SCWMssOS::DEBUG:  swdes dump  F:/Ian_Jung/workplace/Harman_Vitis/mblaze_multifunction_fan_hw/microblaze_0/standalone_domain/bsp/system.mss|F:/Ian_Jung/workplace/Harman_Vitis/mblaze_multifunction_fan_hw/microblaze_0/standalone_domain/bsp/system.mss||

TRACE::2023-11-28.16:37:15::SCWMssOS::Sw design exists and opened at  F:/Ian_Jung/workplace/Harman_Vitis/mblaze_multifunction_fan_hw/microblaze_0/standalone_domain/bsp/system.mss
TRACE::2023-11-28.16:37:15::SCWPlatform::Trying to open the hw design at F:/Ian_Jung/workplace/Harman_Vitis/mblaze_multifunction_fan_hw/hw/mblaze_Multifunction_Fan.xsa
TRACE::2023-11-28.16:37:15::SCWPlatform::DSA given F:/Ian_Jung/workplace/Harman_Vitis/mblaze_multifunction_fan_hw/hw/mblaze_Multifunction_Fan.xsa
TRACE::2023-11-28.16:37:15::SCWPlatform::DSA absoulate path F:/Ian_Jung/workplace/Harman_Vitis/mblaze_multifunction_fan_hw/hw/mblaze_Multifunction_Fan.xsa
TRACE::2023-11-28.16:37:15::SCWPlatform::DSA directory F:/Ian_Jung/workplace/Harman_Vitis/mblaze_multifunction_fan_hw/hw
TRACE::2023-11-28.16:37:15::SCWPlatform:: Platform Path F:/Ian_Jung/workplace/Harman_Vitis/mblaze_multifunction_fan_hw/hw/mblaze_Multifunction_Fan.xsa
TRACE::2023-11-28.16:37:15::SCWPlatform:: Unique name xilinx:basys3::0.0
TRACE::2023-11-28.16:37:15::SCWPlatform::Trying to set the existing hwdb with name mblaze_Multifunction_Fan_wrapper_0
TRACE::2023-11-28.16:37:15::SCWPlatform::Opened existing hwdb mblaze_Multifunction_Fan_wrapper_0
TRACE::2023-11-28.16:37:15::SCWPlatform::Found the Hw Db part of the input DSA
TRACE::2023-11-28.16:37:15::SCWMssOS::Checking the sw design at  F:/Ian_Jung/workplace/Harman_Vitis/mblaze_multifunction_fan_hw/microblaze_0/standalone_domain/bsp/system.mss
TRACE::2023-11-28.16:37:15::SCWMssOS::DEBUG:  swdes dump  F:/Ian_Jung/workplace/Harman_Vitis/mblaze_multifunction_fan_hw/microblaze_0/standalone_domain/bsp/system.mss|F:/Ian_Jung/workplace/Harman_Vitis/mblaze_multifunction_fan_hw/microblaze_0/standalone_domain/bsp/system.mss||

TRACE::2023-11-28.16:37:15::SCWMssOS::Sw design exists and opened at  F:/Ian_Jung/workplace/Harman_Vitis/mblaze_multifunction_fan_hw/microblaze_0/standalone_domain/bsp/system.mss
TRACE::2023-11-28.16:37:15::SCWWriter::formatted JSON is {
	"platformName":	"mblaze_multifunction_fan_hw",
	"sprVersion":	"2.0",
	"mode":	"gui",
	"dsaType":	"Fixed",
	"platformDesc":	"mblaze_multifunction_fan_hw",
	"platHandOff":	"F:/Ian_Jung/workplace/cora_z7/cora_cpu_2019/Basys3_Microblaze_real/mblaze_Multifunction_Fan.xsa",
	"platIntHandOff":	"<platformDir>/hw/mblaze_Multifunction_Fan.xsa",
	"deviceType":	"FPGA",
	"platIsPrebuiltAutogen":	"false",
	"platIsNoBootBsp":	"false",
	"hasFsblMakeHasChanges":	"false",
	"hasPmufwMakeHasChanges":	"false",
	"platPreBuiltFlag":	false,
	"platformSamplesDir":	"",
	"platActiveSys":	"mblaze_multifunction_fan_hw",
	"systems":	[{
			"systemName":	"mblaze_multifunction_fan_hw",
			"systemDesc":	"mblaze_multifunction_fan_hw",
			"sysIsBootAutoGen":	"true",
			"systemDispName":	"mblaze_multifunction_fan_hw",
			"sysActiveDom":	"standalone_domain",
			"sysDefaultDom":	"standalone_domain",
			"domains":	[{
					"domainName":	"standalone_domain",
					"domainDispName":	"standalone_domain",
					"domainDesc":	"standalone_domain",
					"processors":	"microblaze_0",
					"os":	"standalone",
					"sdxOs":	"standalone",
					"debugEnable":	"False",
					"domRuntimes":	["cpp"],
					"swRepo":	"",
					"mssOsVer":	"7.1",
					"mssFile":	"",
					"md5Digest":	"",
					"compatibleApp":	"",
					"domType":	"mssDomain",
					"appSettings":	{
						"appCompilerFlags":	"",
						"appLinkerFlags":	""
					},
					"addedLibs":	[],
					"libOptions":	{
						"libsContainingOptions":	[]
					},
					"prebuiltLibs":	{
						"prebuiltIncPath":	[],
						"prebuiltLibPath":	[]
					},
					"isolation":	{
					}
				}]
		}]
}
TRACE::2023-11-28.16:37:15::SCWPlatform::Trying to open the hw design at F:/Ian_Jung/workplace/Harman_Vitis/mblaze_multifunction_fan_hw/hw/mblaze_Multifunction_Fan.xsa
TRACE::2023-11-28.16:37:15::SCWPlatform::DSA given F:/Ian_Jung/workplace/Harman_Vitis/mblaze_multifunction_fan_hw/hw/mblaze_Multifunction_Fan.xsa
TRACE::2023-11-28.16:37:15::SCWPlatform::DSA absoulate path F:/Ian_Jung/workplace/Harman_Vitis/mblaze_multifunction_fan_hw/hw/mblaze_Multifunction_Fan.xsa
TRACE::2023-11-28.16:37:15::SCWPlatform::DSA directory F:/Ian_Jung/workplace/Harman_Vitis/mblaze_multifunction_fan_hw/hw
TRACE::2023-11-28.16:37:15::SCWPlatform:: Platform Path F:/Ian_Jung/workplace/Harman_Vitis/mblaze_multifunction_fan_hw/hw/mblaze_Multifunction_Fan.xsa
TRACE::2023-11-28.16:37:15::SCWPlatform:: Unique name xilinx:basys3::0.0
TRACE::2023-11-28.16:37:15::SCWPlatform::Trying to set the existing hwdb with name mblaze_Multifunction_Fan_wrapper_0
TRACE::2023-11-28.16:37:15::SCWPlatform::Opened existing hwdb mblaze_Multifunction_Fan_wrapper_0
TRACE::2023-11-28.16:37:15::SCWPlatform::Found the Hw Db part of the input DSA
TRACE::2023-11-28.16:37:15::SCWMssOS::Checking the sw design at  F:/Ian_Jung/workplace/Harman_Vitis/mblaze_multifunction_fan_hw/microblaze_0/standalone_domain/bsp/system.mss
TRACE::2023-11-28.16:37:15::SCWMssOS::DEBUG:  swdes dump  F:/Ian_Jung/workplace/Harman_Vitis/mblaze_multifunction_fan_hw/microblaze_0/standalone_domain/bsp/system.mss|F:/Ian_Jung/workplace/Harman_Vitis/mblaze_multifunction_fan_hw/microblaze_0/standalone_domain/bsp/system.mss||

TRACE::2023-11-28.16:37:15::SCWMssOS::Sw design exists and opened at  F:/Ian_Jung/workplace/Harman_Vitis/mblaze_multifunction_fan_hw/microblaze_0/standalone_domain/bsp/system.mss
TRACE::2023-11-28.16:37:15::SCWMssOS::Completed writing the mss file at F:/Ian_Jung/workplace/Harman_Vitis/mblaze_multifunction_fan_hw/microblaze_0/standalone_domain/bsp
TRACE::2023-11-28.16:37:15::SCWMssOS::Forcing BSP Sources regeneration.
LOG::2023-11-28.16:37:28::SCWPlatform::Started generating the artifacts platform mblaze_multifunction_fan_hw
TRACE::2023-11-28.16:37:28::SCWPlatform::Sanity checking of platform is completed
LOG::2023-11-28.16:37:28::SCWPlatform::Started generating the artifacts for system configuration mblaze_multifunction_fan_hw
LOG::2023-11-28.16:37:28::SCWSystem::Checking the domain standalone_domain
LOG::2023-11-28.16:37:28::SCWSystem::Not a boot domain 
LOG::2023-11-28.16:37:29::SCWSystem::Started Processing the domain standalone_domain
TRACE::2023-11-28.16:37:29::SCWDomain::Generating domain artifcats
TRACE::2023-11-28.16:37:29::SCWMssOS::Generating standalone artifcats
TRACE::2023-11-28.16:37:29::SCWMssOS:: Copying the user libraries. 
TRACE::2023-11-28.16:37:29::SCWPlatform::Trying to open the hw design at F:/Ian_Jung/workplace/Harman_Vitis/mblaze_multifunction_fan_hw/hw/mblaze_Multifunction_Fan.xsa
TRACE::2023-11-28.16:37:29::SCWPlatform::DSA given F:/Ian_Jung/workplace/Harman_Vitis/mblaze_multifunction_fan_hw/hw/mblaze_Multifunction_Fan.xsa
TRACE::2023-11-28.16:37:29::SCWPlatform::DSA absoulate path F:/Ian_Jung/workplace/Harman_Vitis/mblaze_multifunction_fan_hw/hw/mblaze_Multifunction_Fan.xsa
TRACE::2023-11-28.16:37:29::SCWPlatform::DSA directory F:/Ian_Jung/workplace/Harman_Vitis/mblaze_multifunction_fan_hw/hw
TRACE::2023-11-28.16:37:29::SCWPlatform:: Platform Path F:/Ian_Jung/workplace/Harman_Vitis/mblaze_multifunction_fan_hw/hw/mblaze_Multifunction_Fan.xsa
TRACE::2023-11-28.16:37:29::SCWPlatform:: Unique name xilinx:basys3::0.0
TRACE::2023-11-28.16:37:29::SCWPlatform::Trying to set the existing hwdb with name mblaze_Multifunction_Fan_wrapper_0
TRACE::2023-11-28.16:37:29::SCWPlatform::Opened existing hwdb mblaze_Multifunction_Fan_wrapper_0
TRACE::2023-11-28.16:37:29::SCWPlatform::Found the Hw Db part of the input DSA
TRACE::2023-11-28.16:37:29::SCWMssOS::Checking the sw design at  F:/Ian_Jung/workplace/Harman_Vitis/mblaze_multifunction_fan_hw/microblaze_0/standalone_domain/bsp/system.mss
TRACE::2023-11-28.16:37:29::SCWMssOS::DEBUG:  swdes dump  F:/Ian_Jung/workplace/Harman_Vitis/mblaze_multifunction_fan_hw/microblaze_0/standalone_domain/bsp/system.mss|F:/Ian_Jung/workplace/Harman_Vitis/mblaze_multifunction_fan_hw/microblaze_0/standalone_domain/bsp/system.mss||

KEYINFO::2023-11-28.16:37:29::SCWMssOS::Could not open the swdb for F:/Ian_Jung/workplace/Harman_Vitis/mblaze_multifunction_fan_hw/microblaze_0/standalone_domain/bsp/system.mss
KEYINFO::2023-11-28.16:37:29::SCWMssOS::Could not open the sw design at  F:/Ian_Jung/workplace/Harman_Vitis/mblaze_multifunction_fan_hw/microblaze_0/standalone_domain/bsp/system.mss
ERROR: [Hsi 55-1558] Software Design F:/Ian_Jung/workplace/Harman_Vitis/mblaze_multifunction_fan_hw/microblaze_0/standalone_domain/bsp/system.mss is not found

TRACE::2023-11-28.16:37:29::SCWMssOS::Cleared the swdb table entry
TRACE::2023-11-28.16:37:29::SCWMssOS::No sw design opened at  F:/Ian_Jung/workplace/Harman_Vitis/mblaze_multifunction_fan_hw/microblaze_0/standalone_domain/bsp/system.mss
TRACE::2023-11-28.16:37:29::SCWMssOS::mss exists loading the mss file  F:/Ian_Jung/workplace/Harman_Vitis/mblaze_multifunction_fan_hw/microblaze_0/standalone_domain/bsp/system.mss
TRACE::2023-11-28.16:37:29::SCWMssOS::Opened the sw design from mss  F:/Ian_Jung/workplace/Harman_Vitis/mblaze_multifunction_fan_hw/microblaze_0/standalone_domain/bsp/system.mss
TRACE::2023-11-28.16:37:29::SCWMssOS::Adding the swdes entry F:/Ian_Jung/workplace/Harman_Vitis/mblaze_multifunction_fan_hw/microblaze_0/standalone_domain/bsp/system.mss with des name system
TRACE::2023-11-28.16:37:29::SCWMssOS::updating the scw layer about changes
TRACE::2023-11-28.16:37:29::SCWMssOS::Opened the sw design.  F:/Ian_Jung/workplace/Harman_Vitis/mblaze_multifunction_fan_hw/microblaze_0/standalone_domain/bsp/system.mss
TRACE::2023-11-28.16:37:29::SCWMssOS::Completed writing the mss file at F:/Ian_Jung/workplace/Harman_Vitis/mblaze_multifunction_fan_hw/microblaze_0/standalone_domain/bsp
TRACE::2023-11-28.16:37:29::SCWMssOS::Mss edits present, copying mssfile into export location F:/Ian_Jung/workplace/Harman_Vitis/mblaze_multifunction_fan_hw/microblaze_0/standalone_domain/bsp/system.mss
TRACE::2023-11-28.16:37:29::SCWMssOS::bsp generated is upto date with the mss file. Skipping bsp generation.
TRACE::2023-11-28.16:37:29::SCWMssOS::BSP is already built. skipping the bsp build ... 
TRACE::2023-11-28.16:37:29::SCWDomain::Skipping the build for domain :  standalone_domain
TRACE::2023-11-28.16:37:29::SCWMssOS::skipping the bsp build ... 
TRACE::2023-11-28.16:37:29::SCWMssOS::Copying to export directory.
TRACE::2023-11-28.16:37:29::SCWMssOS:: Checking if to create the Supporting Applications
TRACE::2023-11-28.16:37:29::SCWMssOS:: No Linux domain exists, trying to generate FSBL 
LOG::2023-11-28.16:37:29::SCWSystem::Completed Processing the domain standalone_domain
LOG::2023-11-28.16:37:29::SCWSystem::Completed Processing the sysconfig mblaze_multifunction_fan_hw
LOG::2023-11-28.16:37:29::SCWPlatform::Completed generating the artifacts for system configuration mblaze_multifunction_fan_hw
TRACE::2023-11-28.16:37:29::SCWPlatform::Started preparing the platform 
TRACE::2023-11-28.16:37:29::SCWSystem::Writing the bif file for system config mblaze_multifunction_fan_hw
TRACE::2023-11-28.16:37:29::SCWSystem::dir created 
TRACE::2023-11-28.16:37:29::SCWSystem::Writing the bif 
TRACE::2023-11-28.16:37:29::SCWPlatform::Started writing the spfm file 
TRACE::2023-11-28.16:37:29::SCWPlatform::Started writing the xpfm file 
TRACE::2023-11-28.16:37:29::SCWPlatform::Completed generating the platform
TRACE::2023-11-28.16:37:29::SCWPlatform::Trying to open the hw design at F:/Ian_Jung/workplace/Harman_Vitis/mblaze_multifunction_fan_hw/hw/mblaze_Multifunction_Fan.xsa
TRACE::2023-11-28.16:37:29::SCWPlatform::DSA given F:/Ian_Jung/workplace/Harman_Vitis/mblaze_multifunction_fan_hw/hw/mblaze_Multifunction_Fan.xsa
TRACE::2023-11-28.16:37:29::SCWPlatform::DSA absoulate path F:/Ian_Jung/workplace/Harman_Vitis/mblaze_multifunction_fan_hw/hw/mblaze_Multifunction_Fan.xsa
TRACE::2023-11-28.16:37:29::SCWPlatform::DSA directory F:/Ian_Jung/workplace/Harman_Vitis/mblaze_multifunction_fan_hw/hw
TRACE::2023-11-28.16:37:29::SCWPlatform:: Platform Path F:/Ian_Jung/workplace/Harman_Vitis/mblaze_multifunction_fan_hw/hw/mblaze_Multifunction_Fan.xsa
TRACE::2023-11-28.16:37:29::SCWPlatform:: Unique name xilinx:basys3::0.0
TRACE::2023-11-28.16:37:29::SCWPlatform::Trying to set the existing hwdb with name mblaze_Multifunction_Fan_wrapper_0
TRACE::2023-11-28.16:37:29::SCWPlatform::Opened existing hwdb mblaze_Multifunction_Fan_wrapper_0
TRACE::2023-11-28.16:37:29::SCWPlatform::Found the Hw Db part of the input DSA
TRACE::2023-11-28.16:37:29::SCWMssOS::Checking the sw design at  F:/Ian_Jung/workplace/Harman_Vitis/mblaze_multifunction_fan_hw/microblaze_0/standalone_domain/bsp/system.mss
TRACE::2023-11-28.16:37:29::SCWMssOS::DEBUG:  swdes dump  F:/Ian_Jung/workplace/Harman_Vitis/mblaze_multifunction_fan_hw/microblaze_0/standalone_domain/bsp/system.mss|system||

TRACE::2023-11-28.16:37:29::SCWMssOS::Sw design exists and opened at  F:/Ian_Jung/workplace/Harman_Vitis/mblaze_multifunction_fan_hw/microblaze_0/standalone_domain/bsp/system.mss
TRACE::2023-11-28.16:37:29::SCWPlatform::Trying to open the hw design at F:/Ian_Jung/workplace/Harman_Vitis/mblaze_multifunction_fan_hw/hw/mblaze_Multifunction_Fan.xsa
TRACE::2023-11-28.16:37:29::SCWPlatform::DSA given F:/Ian_Jung/workplace/Harman_Vitis/mblaze_multifunction_fan_hw/hw/mblaze_Multifunction_Fan.xsa
TRACE::2023-11-28.16:37:29::SCWPlatform::DSA absoulate path F:/Ian_Jung/workplace/Harman_Vitis/mblaze_multifunction_fan_hw/hw/mblaze_Multifunction_Fan.xsa
TRACE::2023-11-28.16:37:29::SCWPlatform::DSA directory F:/Ian_Jung/workplace/Harman_Vitis/mblaze_multifunction_fan_hw/hw
TRACE::2023-11-28.16:37:29::SCWPlatform:: Platform Path F:/Ian_Jung/workplace/Harman_Vitis/mblaze_multifunction_fan_hw/hw/mblaze_Multifunction_Fan.xsa
TRACE::2023-11-28.16:37:29::SCWPlatform:: Unique name xilinx:basys3::0.0
TRACE::2023-11-28.16:37:29::SCWPlatform::Trying to set the existing hwdb with name mblaze_Multifunction_Fan_wrapper_0
TRACE::2023-11-28.16:37:29::SCWPlatform::Opened existing hwdb mblaze_Multifunction_Fan_wrapper_0
TRACE::2023-11-28.16:37:29::SCWPlatform::Found the Hw Db part of the input DSA
TRACE::2023-11-28.16:37:29::SCWMssOS::Checking the sw design at  F:/Ian_Jung/workplace/Harman_Vitis/mblaze_multifunction_fan_hw/microblaze_0/standalone_domain/bsp/system.mss
TRACE::2023-11-28.16:37:29::SCWMssOS::DEBUG:  swdes dump  F:/Ian_Jung/workplace/Harman_Vitis/mblaze_multifunction_fan_hw/microblaze_0/standalone_domain/bsp/system.mss|system||

TRACE::2023-11-28.16:37:29::SCWMssOS::Sw design exists and opened at  F:/Ian_Jung/workplace/Harman_Vitis/mblaze_multifunction_fan_hw/microblaze_0/standalone_domain/bsp/system.mss
TRACE::2023-11-28.16:37:29::SCWPlatform::Trying to open the hw design at F:/Ian_Jung/workplace/Harman_Vitis/mblaze_multifunction_fan_hw/hw/mblaze_Multifunction_Fan.xsa
TRACE::2023-11-28.16:37:29::SCWPlatform::DSA given F:/Ian_Jung/workplace/Harman_Vitis/mblaze_multifunction_fan_hw/hw/mblaze_Multifunction_Fan.xsa
TRACE::2023-11-28.16:37:29::SCWPlatform::DSA absoulate path F:/Ian_Jung/workplace/Harman_Vitis/mblaze_multifunction_fan_hw/hw/mblaze_Multifunction_Fan.xsa
TRACE::2023-11-28.16:37:29::SCWPlatform::DSA directory F:/Ian_Jung/workplace/Harman_Vitis/mblaze_multifunction_fan_hw/hw
TRACE::2023-11-28.16:37:29::SCWPlatform:: Platform Path F:/Ian_Jung/workplace/Harman_Vitis/mblaze_multifunction_fan_hw/hw/mblaze_Multifunction_Fan.xsa
TRACE::2023-11-28.16:37:29::SCWPlatform:: Unique name xilinx:basys3::0.0
TRACE::2023-11-28.16:37:29::SCWPlatform::Trying to set the existing hwdb with name mblaze_Multifunction_Fan_wrapper_0
TRACE::2023-11-28.16:37:29::SCWPlatform::Opened existing hwdb mblaze_Multifunction_Fan_wrapper_0
TRACE::2023-11-28.16:37:29::SCWPlatform::Found the Hw Db part of the input DSA
TRACE::2023-11-28.16:37:29::SCWMssOS::Checking the sw design at  F:/Ian_Jung/workplace/Harman_Vitis/mblaze_multifunction_fan_hw/microblaze_0/standalone_domain/bsp/system.mss
TRACE::2023-11-28.16:37:29::SCWMssOS::DEBUG:  swdes dump  F:/Ian_Jung/workplace/Harman_Vitis/mblaze_multifunction_fan_hw/microblaze_0/standalone_domain/bsp/system.mss|system||

TRACE::2023-11-28.16:37:29::SCWMssOS::Sw design exists and opened at  F:/Ian_Jung/workplace/Harman_Vitis/mblaze_multifunction_fan_hw/microblaze_0/standalone_domain/bsp/system.mss
TRACE::2023-11-28.16:37:29::SCWWriter::formatted JSON is {
	"platformName":	"mblaze_multifunction_fan_hw",
	"sprVersion":	"2.0",
	"mode":	"gui",
	"dsaType":	"Fixed",
	"platformDesc":	"mblaze_multifunction_fan_hw",
	"platHandOff":	"F:/Ian_Jung/workplace/cora_z7/cora_cpu_2019/Basys3_Microblaze_real/mblaze_Multifunction_Fan.xsa",
	"platIntHandOff":	"<platformDir>/hw/mblaze_Multifunction_Fan.xsa",
	"deviceType":	"FPGA",
	"platIsPrebuiltAutogen":	"false",
	"platIsNoBootBsp":	"false",
	"hasFsblMakeHasChanges":	"false",
	"hasPmufwMakeHasChanges":	"false",
	"platPreBuiltFlag":	false,
	"platformSamplesDir":	"",
	"platActiveSys":	"mblaze_multifunction_fan_hw",
	"systems":	[{
			"systemName":	"mblaze_multifunction_fan_hw",
			"systemDesc":	"mblaze_multifunction_fan_hw",
			"sysIsBootAutoGen":	"true",
			"systemDispName":	"mblaze_multifunction_fan_hw",
			"sysActiveDom":	"standalone_domain",
			"sysDefaultDom":	"standalone_domain",
			"domains":	[{
					"domainName":	"standalone_domain",
					"domainDispName":	"standalone_domain",
					"domainDesc":	"standalone_domain",
					"processors":	"microblaze_0",
					"os":	"standalone",
					"sdxOs":	"standalone",
					"debugEnable":	"False",
					"domRuntimes":	["cpp"],
					"swRepo":	"",
					"mssOsVer":	"7.1",
					"mssFile":	"",
					"md5Digest":	"6c5cc577ba764ceec5ed520e83cba002",
					"compatibleApp":	"",
					"domType":	"mssDomain",
					"appSettings":	{
						"appCompilerFlags":	"",
						"appLinkerFlags":	""
					},
					"addedLibs":	[],
					"libOptions":	{
						"libsContainingOptions":	[]
					},
					"prebuiltLibs":	{
						"prebuiltIncPath":	[],
						"prebuiltLibPath":	[]
					},
					"isolation":	{
					}
				}]
		}]
}
KEYINFO::2023-11-28.16:37:29::SCWPlatform::updated the xpfm file.
TRACE::2023-11-28.16:37:29::SCWPlatform::Trying to open the hw design at F:/Ian_Jung/workplace/Harman_Vitis/mblaze_multifunction_fan_hw/hw/mblaze_Multifunction_Fan.xsa
TRACE::2023-11-28.16:37:29::SCWPlatform::DSA given F:/Ian_Jung/workplace/Harman_Vitis/mblaze_multifunction_fan_hw/hw/mblaze_Multifunction_Fan.xsa
TRACE::2023-11-28.16:37:29::SCWPlatform::DSA absoulate path F:/Ian_Jung/workplace/Harman_Vitis/mblaze_multifunction_fan_hw/hw/mblaze_Multifunction_Fan.xsa
TRACE::2023-11-28.16:37:29::SCWPlatform::DSA directory F:/Ian_Jung/workplace/Harman_Vitis/mblaze_multifunction_fan_hw/hw
TRACE::2023-11-28.16:37:29::SCWPlatform:: Platform Path F:/Ian_Jung/workplace/Harman_Vitis/mblaze_multifunction_fan_hw/hw/mblaze_Multifunction_Fan.xsa
TRACE::2023-11-28.16:37:29::SCWPlatform:: Unique name xilinx:basys3::0.0
TRACE::2023-11-28.16:37:29::SCWPlatform::Trying to set the existing hwdb with name mblaze_Multifunction_Fan_wrapper_0
TRACE::2023-11-28.16:37:29::SCWPlatform::Opened existing hwdb mblaze_Multifunction_Fan_wrapper_0
TRACE::2023-11-28.16:37:29::SCWPlatform::Found the Hw Db part of the input DSA
TRACE::2023-11-28.16:37:29::SCWMssOS::Checking the sw design at  F:/Ian_Jung/workplace/Harman_Vitis/mblaze_multifunction_fan_hw/microblaze_0/standalone_domain/bsp/system.mss
TRACE::2023-11-28.16:37:29::SCWMssOS::DEBUG:  swdes dump  F:/Ian_Jung/workplace/Harman_Vitis/mblaze_multifunction_fan_hw/microblaze_0/standalone_domain/bsp/system.mss|system||

TRACE::2023-11-28.16:37:29::SCWMssOS::Sw design exists and opened at  F:/Ian_Jung/workplace/Harman_Vitis/mblaze_multifunction_fan_hw/microblaze_0/standalone_domain/bsp/system.mss
TRACE::2023-11-28.16:37:29::SCWPlatform::Trying to open the hw design at F:/Ian_Jung/workplace/Harman_Vitis/mblaze_multifunction_fan_hw/hw/mblaze_Multifunction_Fan.xsa
TRACE::2023-11-28.16:37:29::SCWPlatform::DSA given F:/Ian_Jung/workplace/Harman_Vitis/mblaze_multifunction_fan_hw/hw/mblaze_Multifunction_Fan.xsa
TRACE::2023-11-28.16:37:29::SCWPlatform::DSA absoulate path F:/Ian_Jung/workplace/Harman_Vitis/mblaze_multifunction_fan_hw/hw/mblaze_Multifunction_Fan.xsa
TRACE::2023-11-28.16:37:29::SCWPlatform::DSA directory F:/Ian_Jung/workplace/Harman_Vitis/mblaze_multifunction_fan_hw/hw
TRACE::2023-11-28.16:37:29::SCWPlatform:: Platform Path F:/Ian_Jung/workplace/Harman_Vitis/mblaze_multifunction_fan_hw/hw/mblaze_Multifunction_Fan.xsa
TRACE::2023-11-28.16:37:29::SCWPlatform:: Unique name xilinx:basys3::0.0
TRACE::2023-11-28.16:37:29::SCWPlatform::Trying to set the existing hwdb with name mblaze_Multifunction_Fan_wrapper_0
TRACE::2023-11-28.16:37:29::SCWPlatform::Opened existing hwdb mblaze_Multifunction_Fan_wrapper_0
TRACE::2023-11-28.16:37:29::SCWPlatform::Found the Hw Db part of the input DSA
TRACE::2023-11-28.16:37:29::SCWMssOS::Checking the sw design at  F:/Ian_Jung/workplace/Harman_Vitis/mblaze_multifunction_fan_hw/microblaze_0/standalone_domain/bsp/system.mss
TRACE::2023-11-28.16:37:29::SCWMssOS::DEBUG:  swdes dump  F:/Ian_Jung/workplace/Harman_Vitis/mblaze_multifunction_fan_hw/microblaze_0/standalone_domain/bsp/system.mss|system||

TRACE::2023-11-28.16:37:29::SCWMssOS::Sw design exists and opened at  F:/Ian_Jung/workplace/Harman_Vitis/mblaze_multifunction_fan_hw/microblaze_0/standalone_domain/bsp/system.mss
TRACE::2023-11-28.16:37:29::SCWPlatform::Trying to open the hw design at F:/Ian_Jung/workplace/Harman_Vitis/mblaze_multifunction_fan_hw/hw/mblaze_Multifunction_Fan.xsa
TRACE::2023-11-28.16:37:29::SCWPlatform::DSA given F:/Ian_Jung/workplace/Harman_Vitis/mblaze_multifunction_fan_hw/hw/mblaze_Multifunction_Fan.xsa
TRACE::2023-11-28.16:37:29::SCWPlatform::DSA absoulate path F:/Ian_Jung/workplace/Harman_Vitis/mblaze_multifunction_fan_hw/hw/mblaze_Multifunction_Fan.xsa
TRACE::2023-11-28.16:37:29::SCWPlatform::DSA directory F:/Ian_Jung/workplace/Harman_Vitis/mblaze_multifunction_fan_hw/hw
TRACE::2023-11-28.16:37:29::SCWPlatform:: Platform Path F:/Ian_Jung/workplace/Harman_Vitis/mblaze_multifunction_fan_hw/hw/mblaze_Multifunction_Fan.xsa
TRACE::2023-11-28.16:37:29::SCWPlatform:: Unique name xilinx:basys3::0.0
TRACE::2023-11-28.16:37:29::SCWPlatform::Trying to set the existing hwdb with name mblaze_Multifunction_Fan_wrapper_0
TRACE::2023-11-28.16:37:29::SCWPlatform::Opened existing hwdb mblaze_Multifunction_Fan_wrapper_0
TRACE::2023-11-28.16:37:29::SCWPlatform::Found the Hw Db part of the input DSA
TRACE::2023-11-28.16:37:29::SCWMssOS::Checking the sw design at  F:/Ian_Jung/workplace/Harman_Vitis/mblaze_multifunction_fan_hw/microblaze_0/standalone_domain/bsp/system.mss
TRACE::2023-11-28.16:37:29::SCWMssOS::DEBUG:  swdes dump  F:/Ian_Jung/workplace/Harman_Vitis/mblaze_multifunction_fan_hw/microblaze_0/standalone_domain/bsp/system.mss|system||

TRACE::2023-11-28.16:37:29::SCWMssOS::Sw design exists and opened at  F:/Ian_Jung/workplace/Harman_Vitis/mblaze_multifunction_fan_hw/microblaze_0/standalone_domain/bsp/system.mss
TRACE::2023-11-28.16:37:29::SCWPlatform::Trying to open the hw design at F:/Ian_Jung/workplace/Harman_Vitis/mblaze_multifunction_fan_hw/hw/mblaze_Multifunction_Fan.xsa
TRACE::2023-11-28.16:37:29::SCWPlatform::DSA given F:/Ian_Jung/workplace/Harman_Vitis/mblaze_multifunction_fan_hw/hw/mblaze_Multifunction_Fan.xsa
TRACE::2023-11-28.16:37:29::SCWPlatform::DSA absoulate path F:/Ian_Jung/workplace/Harman_Vitis/mblaze_multifunction_fan_hw/hw/mblaze_Multifunction_Fan.xsa
TRACE::2023-11-28.16:37:29::SCWPlatform::DSA directory F:/Ian_Jung/workplace/Harman_Vitis/mblaze_multifunction_fan_hw/hw
TRACE::2023-11-28.16:37:29::SCWPlatform:: Platform Path F:/Ian_Jung/workplace/Harman_Vitis/mblaze_multifunction_fan_hw/hw/mblaze_Multifunction_Fan.xsa
TRACE::2023-11-28.16:37:29::SCWPlatform:: Unique name xilinx:basys3::0.0
TRACE::2023-11-28.16:37:29::SCWPlatform::Trying to set the existing hwdb with name mblaze_Multifunction_Fan_wrapper_0
TRACE::2023-11-28.16:37:29::SCWPlatform::Opened existing hwdb mblaze_Multifunction_Fan_wrapper_0
TRACE::2023-11-28.16:37:29::SCWPlatform::Found the Hw Db part of the input DSA
TRACE::2023-11-28.16:37:29::SCWMssOS::Checking the sw design at  F:/Ian_Jung/workplace/Harman_Vitis/mblaze_multifunction_fan_hw/microblaze_0/standalone_domain/bsp/system.mss
TRACE::2023-11-28.16:37:29::SCWMssOS::DEBUG:  swdes dump  F:/Ian_Jung/workplace/Harman_Vitis/mblaze_multifunction_fan_hw/microblaze_0/standalone_domain/bsp/system.mss|system||

TRACE::2023-11-28.16:37:29::SCWMssOS::Sw design exists and opened at  F:/Ian_Jung/workplace/Harman_Vitis/mblaze_multifunction_fan_hw/microblaze_0/standalone_domain/bsp/system.mss
TRACE::2023-11-28.16:37:29::SCWWriter::formatted JSON is {
	"platformName":	"mblaze_multifunction_fan_hw",
	"sprVersion":	"2.0",
	"mode":	"gui",
	"dsaType":	"Fixed",
	"platformDesc":	"mblaze_multifunction_fan_hw",
	"platHandOff":	"F:/Ian_Jung/workplace/cora_z7/cora_cpu_2019/Basys3_Microblaze_real/mblaze_Multifunction_Fan.xsa",
	"platIntHandOff":	"<platformDir>/hw/mblaze_Multifunction_Fan.xsa",
	"deviceType":	"FPGA",
	"platIsPrebuiltAutogen":	"false",
	"platIsNoBootBsp":	"false",
	"hasFsblMakeHasChanges":	"false",
	"hasPmufwMakeHasChanges":	"false",
	"platPreBuiltFlag":	false,
	"platformSamplesDir":	"",
	"platActiveSys":	"mblaze_multifunction_fan_hw",
	"systems":	[{
			"systemName":	"mblaze_multifunction_fan_hw",
			"systemDesc":	"mblaze_multifunction_fan_hw",
			"sysIsBootAutoGen":	"true",
			"systemDispName":	"mblaze_multifunction_fan_hw",
			"sysActiveDom":	"standalone_domain",
			"sysDefaultDom":	"standalone_domain",
			"domains":	[{
					"domainName":	"standalone_domain",
					"domainDispName":	"standalone_domain",
					"domainDesc":	"standalone_domain",
					"processors":	"microblaze_0",
					"os":	"standalone",
					"sdxOs":	"standalone",
					"debugEnable":	"False",
					"domRuntimes":	["cpp"],
					"swRepo":	"",
					"mssOsVer":	"7.1",
					"mssFile":	"",
					"md5Digest":	"6c5cc577ba764ceec5ed520e83cba002",
					"compatibleApp":	"",
					"domType":	"mssDomain",
					"appSettings":	{
						"appCompilerFlags":	"",
						"appLinkerFlags":	""
					},
					"addedLibs":	[],
					"libOptions":	{
						"libsContainingOptions":	[]
					},
					"prebuiltLibs":	{
						"prebuiltIncPath":	[],
						"prebuiltLibPath":	[]
					},
					"isolation":	{
					}
				}]
		}]
}
TRACE::2023-11-28.16:37:29::SCWPlatform::Trying to open the hw design at F:/Ian_Jung/workplace/Harman_Vitis/mblaze_multifunction_fan_hw/hw/mblaze_Multifunction_Fan.xsa
TRACE::2023-11-28.16:37:29::SCWPlatform::DSA given F:/Ian_Jung/workplace/Harman_Vitis/mblaze_multifunction_fan_hw/hw/mblaze_Multifunction_Fan.xsa
TRACE::2023-11-28.16:37:29::SCWPlatform::DSA absoulate path F:/Ian_Jung/workplace/Harman_Vitis/mblaze_multifunction_fan_hw/hw/mblaze_Multifunction_Fan.xsa
TRACE::2023-11-28.16:37:29::SCWPlatform::DSA directory F:/Ian_Jung/workplace/Harman_Vitis/mblaze_multifunction_fan_hw/hw
TRACE::2023-11-28.16:37:29::SCWPlatform:: Platform Path F:/Ian_Jung/workplace/Harman_Vitis/mblaze_multifunction_fan_hw/hw/mblaze_Multifunction_Fan.xsa
TRACE::2023-11-28.16:37:29::SCWPlatform:: Unique name xilinx:basys3::0.0
TRACE::2023-11-28.16:37:29::SCWPlatform::Trying to set the existing hwdb with name mblaze_Multifunction_Fan_wrapper_0
TRACE::2023-11-28.16:37:29::SCWPlatform::Opened existing hwdb mblaze_Multifunction_Fan_wrapper_0
TRACE::2023-11-28.16:37:29::SCWPlatform::Found the Hw Db part of the input DSA
TRACE::2023-11-28.16:37:29::SCWMssOS::Checking the sw design at  F:/Ian_Jung/workplace/Harman_Vitis/mblaze_multifunction_fan_hw/microblaze_0/standalone_domain/bsp/system.mss
TRACE::2023-11-28.16:37:29::SCWMssOS::DEBUG:  swdes dump  F:/Ian_Jung/workplace/Harman_Vitis/mblaze_multifunction_fan_hw/microblaze_0/standalone_domain/bsp/system.mss|system||

TRACE::2023-11-28.16:37:29::SCWMssOS::Sw design exists and opened at  F:/Ian_Jung/workplace/Harman_Vitis/mblaze_multifunction_fan_hw/microblaze_0/standalone_domain/bsp/system.mss
TRACE::2023-11-28.16:37:29::SCWPlatform::Trying to open the hw design at F:/Ian_Jung/workplace/Harman_Vitis/mblaze_multifunction_fan_hw/hw/mblaze_Multifunction_Fan.xsa
TRACE::2023-11-28.16:37:29::SCWPlatform::DSA given F:/Ian_Jung/workplace/Harman_Vitis/mblaze_multifunction_fan_hw/hw/mblaze_Multifunction_Fan.xsa
TRACE::2023-11-28.16:37:29::SCWPlatform::DSA absoulate path F:/Ian_Jung/workplace/Harman_Vitis/mblaze_multifunction_fan_hw/hw/mblaze_Multifunction_Fan.xsa
TRACE::2023-11-28.16:37:29::SCWPlatform::DSA directory F:/Ian_Jung/workplace/Harman_Vitis/mblaze_multifunction_fan_hw/hw
TRACE::2023-11-28.16:37:29::SCWPlatform:: Platform Path F:/Ian_Jung/workplace/Harman_Vitis/mblaze_multifunction_fan_hw/hw/mblaze_Multifunction_Fan.xsa
TRACE::2023-11-28.16:37:29::SCWPlatform:: Unique name xilinx:basys3::0.0
TRACE::2023-11-28.16:37:29::SCWPlatform::Trying to set the existing hwdb with name mblaze_Multifunction_Fan_wrapper_0
TRACE::2023-11-28.16:37:29::SCWPlatform::Opened existing hwdb mblaze_Multifunction_Fan_wrapper_0
TRACE::2023-11-28.16:37:29::SCWPlatform::Found the Hw Db part of the input DSA
TRACE::2023-11-28.16:37:29::SCWMssOS::Checking the sw design at  F:/Ian_Jung/workplace/Harman_Vitis/mblaze_multifunction_fan_hw/microblaze_0/standalone_domain/bsp/system.mss
TRACE::2023-11-28.16:37:29::SCWMssOS::DEBUG:  swdes dump  F:/Ian_Jung/workplace/Harman_Vitis/mblaze_multifunction_fan_hw/microblaze_0/standalone_domain/bsp/system.mss|system||

TRACE::2023-11-28.16:37:29::SCWMssOS::Sw design exists and opened at  F:/Ian_Jung/workplace/Harman_Vitis/mblaze_multifunction_fan_hw/microblaze_0/standalone_domain/bsp/system.mss
TRACE::2023-11-28.16:37:29::SCWPlatform::Trying to open the hw design at F:/Ian_Jung/workplace/Harman_Vitis/mblaze_multifunction_fan_hw/hw/mblaze_Multifunction_Fan.xsa
TRACE::2023-11-28.16:37:29::SCWPlatform::DSA given F:/Ian_Jung/workplace/Harman_Vitis/mblaze_multifunction_fan_hw/hw/mblaze_Multifunction_Fan.xsa
TRACE::2023-11-28.16:37:29::SCWPlatform::DSA absoulate path F:/Ian_Jung/workplace/Harman_Vitis/mblaze_multifunction_fan_hw/hw/mblaze_Multifunction_Fan.xsa
TRACE::2023-11-28.16:37:29::SCWPlatform::DSA directory F:/Ian_Jung/workplace/Harman_Vitis/mblaze_multifunction_fan_hw/hw
TRACE::2023-11-28.16:37:29::SCWPlatform:: Platform Path F:/Ian_Jung/workplace/Harman_Vitis/mblaze_multifunction_fan_hw/hw/mblaze_Multifunction_Fan.xsa
TRACE::2023-11-28.16:37:29::SCWPlatform:: Unique name xilinx:basys3::0.0
TRACE::2023-11-28.16:37:29::SCWPlatform::Trying to set the existing hwdb with name mblaze_Multifunction_Fan_wrapper_0
TRACE::2023-11-28.16:37:29::SCWPlatform::Opened existing hwdb mblaze_Multifunction_Fan_wrapper_0
TRACE::2023-11-28.16:37:29::SCWPlatform::Found the Hw Db part of the input DSA
TRACE::2023-11-28.16:37:29::SCWMssOS::Checking the sw design at  F:/Ian_Jung/workplace/Harman_Vitis/mblaze_multifunction_fan_hw/microblaze_0/standalone_domain/bsp/system.mss
TRACE::2023-11-28.16:37:29::SCWMssOS::DEBUG:  swdes dump  F:/Ian_Jung/workplace/Harman_Vitis/mblaze_multifunction_fan_hw/microblaze_0/standalone_domain/bsp/system.mss|system||

TRACE::2023-11-28.16:37:29::SCWMssOS::Sw design exists and opened at  F:/Ian_Jung/workplace/Harman_Vitis/mblaze_multifunction_fan_hw/microblaze_0/standalone_domain/bsp/system.mss
TRACE::2023-11-28.16:37:29::SCWPlatform::Trying to open the hw design at F:/Ian_Jung/workplace/Harman_Vitis/mblaze_multifunction_fan_hw/hw/mblaze_Multifunction_Fan.xsa
TRACE::2023-11-28.16:37:29::SCWPlatform::DSA given F:/Ian_Jung/workplace/Harman_Vitis/mblaze_multifunction_fan_hw/hw/mblaze_Multifunction_Fan.xsa
TRACE::2023-11-28.16:37:29::SCWPlatform::DSA absoulate path F:/Ian_Jung/workplace/Harman_Vitis/mblaze_multifunction_fan_hw/hw/mblaze_Multifunction_Fan.xsa
TRACE::2023-11-28.16:37:29::SCWPlatform::DSA directory F:/Ian_Jung/workplace/Harman_Vitis/mblaze_multifunction_fan_hw/hw
TRACE::2023-11-28.16:37:29::SCWPlatform:: Platform Path F:/Ian_Jung/workplace/Harman_Vitis/mblaze_multifunction_fan_hw/hw/mblaze_Multifunction_Fan.xsa
TRACE::2023-11-28.16:37:29::SCWPlatform:: Unique name xilinx:basys3::0.0
TRACE::2023-11-28.16:37:29::SCWPlatform::Trying to set the existing hwdb with name mblaze_Multifunction_Fan_wrapper_0
TRACE::2023-11-28.16:37:29::SCWPlatform::Opened existing hwdb mblaze_Multifunction_Fan_wrapper_0
TRACE::2023-11-28.16:37:29::SCWPlatform::Found the Hw Db part of the input DSA
TRACE::2023-11-28.16:37:29::SCWMssOS::Checking the sw design at  F:/Ian_Jung/workplace/Harman_Vitis/mblaze_multifunction_fan_hw/microblaze_0/standalone_domain/bsp/system.mss
TRACE::2023-11-28.16:37:29::SCWMssOS::DEBUG:  swdes dump  F:/Ian_Jung/workplace/Harman_Vitis/mblaze_multifunction_fan_hw/microblaze_0/standalone_domain/bsp/system.mss|system||

TRACE::2023-11-28.16:37:29::SCWMssOS::Sw design exists and opened at  F:/Ian_Jung/workplace/Harman_Vitis/mblaze_multifunction_fan_hw/microblaze_0/standalone_domain/bsp/system.mss
TRACE::2023-11-28.16:37:29::SCWPlatform::Trying to open the hw design at F:/Ian_Jung/workplace/Harman_Vitis/mblaze_multifunction_fan_hw/hw/mblaze_Multifunction_Fan.xsa
TRACE::2023-11-28.16:37:29::SCWPlatform::DSA given F:/Ian_Jung/workplace/Harman_Vitis/mblaze_multifunction_fan_hw/hw/mblaze_Multifunction_Fan.xsa
TRACE::2023-11-28.16:37:29::SCWPlatform::DSA absoulate path F:/Ian_Jung/workplace/Harman_Vitis/mblaze_multifunction_fan_hw/hw/mblaze_Multifunction_Fan.xsa
TRACE::2023-11-28.16:37:29::SCWPlatform::DSA directory F:/Ian_Jung/workplace/Harman_Vitis/mblaze_multifunction_fan_hw/hw
TRACE::2023-11-28.16:37:29::SCWPlatform:: Platform Path F:/Ian_Jung/workplace/Harman_Vitis/mblaze_multifunction_fan_hw/hw/mblaze_Multifunction_Fan.xsa
TRACE::2023-11-28.16:37:29::SCWPlatform:: Unique name xilinx:basys3::0.0
TRACE::2023-11-28.16:37:29::SCWPlatform::Trying to set the existing hwdb with name mblaze_Multifunction_Fan_wrapper_0
TRACE::2023-11-28.16:37:29::SCWPlatform::Opened existing hwdb mblaze_Multifunction_Fan_wrapper_0
TRACE::2023-11-28.16:37:29::SCWPlatform::Found the Hw Db part of the input DSA
TRACE::2023-11-28.16:37:29::SCWMssOS::Checking the sw design at  F:/Ian_Jung/workplace/Harman_Vitis/mblaze_multifunction_fan_hw/microblaze_0/standalone_domain/bsp/system.mss
TRACE::2023-11-28.16:37:29::SCWMssOS::DEBUG:  swdes dump  F:/Ian_Jung/workplace/Harman_Vitis/mblaze_multifunction_fan_hw/microblaze_0/standalone_domain/bsp/system.mss|system||

TRACE::2023-11-28.16:37:29::SCWMssOS::Sw design exists and opened at  F:/Ian_Jung/workplace/Harman_Vitis/mblaze_multifunction_fan_hw/microblaze_0/standalone_domain/bsp/system.mss
TRACE::2023-11-28.16:37:29::SCWPlatform::Trying to open the hw design at F:/Ian_Jung/workplace/Harman_Vitis/mblaze_multifunction_fan_hw/hw/mblaze_Multifunction_Fan.xsa
TRACE::2023-11-28.16:37:29::SCWPlatform::DSA given F:/Ian_Jung/workplace/Harman_Vitis/mblaze_multifunction_fan_hw/hw/mblaze_Multifunction_Fan.xsa
TRACE::2023-11-28.16:37:29::SCWPlatform::DSA absoulate path F:/Ian_Jung/workplace/Harman_Vitis/mblaze_multifunction_fan_hw/hw/mblaze_Multifunction_Fan.xsa
TRACE::2023-11-28.16:37:29::SCWPlatform::DSA directory F:/Ian_Jung/workplace/Harman_Vitis/mblaze_multifunction_fan_hw/hw
TRACE::2023-11-28.16:37:29::SCWPlatform:: Platform Path F:/Ian_Jung/workplace/Harman_Vitis/mblaze_multifunction_fan_hw/hw/mblaze_Multifunction_Fan.xsa
TRACE::2023-11-28.16:37:29::SCWPlatform:: Unique name xilinx:basys3::0.0
TRACE::2023-11-28.16:37:29::SCWPlatform::Trying to set the existing hwdb with name mblaze_Multifunction_Fan_wrapper_0
TRACE::2023-11-28.16:37:29::SCWPlatform::Opened existing hwdb mblaze_Multifunction_Fan_wrapper_0
TRACE::2023-11-28.16:37:29::SCWPlatform::Found the Hw Db part of the input DSA
TRACE::2023-11-28.16:37:29::SCWMssOS::Checking the sw design at  F:/Ian_Jung/workplace/Harman_Vitis/mblaze_multifunction_fan_hw/microblaze_0/standalone_domain/bsp/system.mss
TRACE::2023-11-28.16:37:29::SCWMssOS::DEBUG:  swdes dump  F:/Ian_Jung/workplace/Harman_Vitis/mblaze_multifunction_fan_hw/microblaze_0/standalone_domain/bsp/system.mss|system||

TRACE::2023-11-28.16:37:29::SCWMssOS::Sw design exists and opened at  F:/Ian_Jung/workplace/Harman_Vitis/mblaze_multifunction_fan_hw/microblaze_0/standalone_domain/bsp/system.mss
TRACE::2023-11-28.16:37:29::SCWWriter::formatted JSON is {
	"platformName":	"mblaze_multifunction_fan_hw",
	"sprVersion":	"2.0",
	"mode":	"gui",
	"dsaType":	"Fixed",
	"platformDesc":	"mblaze_multifunction_fan_hw",
	"platHandOff":	"F:/Ian_Jung/workplace/cora_z7/cora_cpu_2019/Basys3_Microblaze_real/mblaze_Multifunction_Fan.xsa",
	"platIntHandOff":	"<platformDir>/hw/mblaze_Multifunction_Fan.xsa",
	"deviceType":	"FPGA",
	"platIsPrebuiltAutogen":	"false",
	"platIsNoBootBsp":	"false",
	"hasFsblMakeHasChanges":	"false",
	"hasPmufwMakeHasChanges":	"false",
	"platPreBuiltFlag":	false,
	"platformSamplesDir":	"",
	"platActiveSys":	"mblaze_multifunction_fan_hw",
	"systems":	[{
			"systemName":	"mblaze_multifunction_fan_hw",
			"systemDesc":	"mblaze_multifunction_fan_hw",
			"sysIsBootAutoGen":	"true",
			"systemDispName":	"mblaze_multifunction_fan_hw",
			"sysActiveDom":	"standalone_domain",
			"sysDefaultDom":	"standalone_domain",
			"domains":	[{
					"domainName":	"standalone_domain",
					"domainDispName":	"standalone on microblaze_0",
					"domainDesc":	"standalone_domain",
					"processors":	"microblaze_0",
					"os":	"standalone",
					"sdxOs":	"standalone",
					"debugEnable":	"False",
					"domRuntimes":	["cpp"],
					"swRepo":	"",
					"mssOsVer":	"7.1",
					"mssFile":	"",
					"md5Digest":	"6c5cc577ba764ceec5ed520e83cba002",
					"compatibleApp":	"",
					"domType":	"mssDomain",
					"appSettings":	{
						"appCompilerFlags":	"",
						"appLinkerFlags":	""
					},
					"addedLibs":	[],
					"libOptions":	{
						"libsContainingOptions":	[]
					},
					"prebuiltLibs":	{
						"prebuiltIncPath":	[],
						"prebuiltLibPath":	[]
					},
					"isolation":	{
					}
				}]
		}]
}
TRACE::2023-11-28.16:37:29::SCWPlatform::Trying to open the hw design at F:/Ian_Jung/workplace/Harman_Vitis/mblaze_multifunction_fan_hw/hw/mblaze_Multifunction_Fan.xsa
TRACE::2023-11-28.16:37:29::SCWPlatform::DSA given F:/Ian_Jung/workplace/Harman_Vitis/mblaze_multifunction_fan_hw/hw/mblaze_Multifunction_Fan.xsa
TRACE::2023-11-28.16:37:29::SCWPlatform::DSA absoulate path F:/Ian_Jung/workplace/Harman_Vitis/mblaze_multifunction_fan_hw/hw/mblaze_Multifunction_Fan.xsa
TRACE::2023-11-28.16:37:29::SCWPlatform::DSA directory F:/Ian_Jung/workplace/Harman_Vitis/mblaze_multifunction_fan_hw/hw
TRACE::2023-11-28.16:37:29::SCWPlatform:: Platform Path F:/Ian_Jung/workplace/Harman_Vitis/mblaze_multifunction_fan_hw/hw/mblaze_Multifunction_Fan.xsa
TRACE::2023-11-28.16:37:29::SCWPlatform:: Unique name xilinx:basys3::0.0
TRACE::2023-11-28.16:37:29::SCWPlatform::Trying to set the existing hwdb with name mblaze_Multifunction_Fan_wrapper_0
TRACE::2023-11-28.16:37:29::SCWPlatform::Opened existing hwdb mblaze_Multifunction_Fan_wrapper_0
TRACE::2023-11-28.16:37:29::SCWPlatform::Found the Hw Db part of the input DSA
TRACE::2023-11-28.16:37:29::SCWMssOS::Checking the sw design at  F:/Ian_Jung/workplace/Harman_Vitis/mblaze_multifunction_fan_hw/microblaze_0/standalone_domain/bsp/system.mss
TRACE::2023-11-28.16:37:29::SCWMssOS::DEBUG:  swdes dump  F:/Ian_Jung/workplace/Harman_Vitis/mblaze_multifunction_fan_hw/microblaze_0/standalone_domain/bsp/system.mss|system||

TRACE::2023-11-28.16:37:29::SCWMssOS::Sw design exists and opened at  F:/Ian_Jung/workplace/Harman_Vitis/mblaze_multifunction_fan_hw/microblaze_0/standalone_domain/bsp/system.mss
TRACE::2023-11-28.16:37:29::SCWPlatform::Trying to open the hw design at F:/Ian_Jung/workplace/Harman_Vitis/mblaze_multifunction_fan_hw/hw/mblaze_Multifunction_Fan.xsa
TRACE::2023-11-28.16:37:29::SCWPlatform::DSA given F:/Ian_Jung/workplace/Harman_Vitis/mblaze_multifunction_fan_hw/hw/mblaze_Multifunction_Fan.xsa
TRACE::2023-11-28.16:37:29::SCWPlatform::DSA absoulate path F:/Ian_Jung/workplace/Harman_Vitis/mblaze_multifunction_fan_hw/hw/mblaze_Multifunction_Fan.xsa
TRACE::2023-11-28.16:37:29::SCWPlatform::DSA directory F:/Ian_Jung/workplace/Harman_Vitis/mblaze_multifunction_fan_hw/hw
TRACE::2023-11-28.16:37:29::SCWPlatform:: Platform Path F:/Ian_Jung/workplace/Harman_Vitis/mblaze_multifunction_fan_hw/hw/mblaze_Multifunction_Fan.xsa
TRACE::2023-11-28.16:37:29::SCWPlatform:: Unique name xilinx:basys3::0.0
TRACE::2023-11-28.16:37:29::SCWPlatform::Trying to set the existing hwdb with name mblaze_Multifunction_Fan_wrapper_0
TRACE::2023-11-28.16:37:29::SCWPlatform::Opened existing hwdb mblaze_Multifunction_Fan_wrapper_0
TRACE::2023-11-28.16:37:29::SCWPlatform::Found the Hw Db part of the input DSA
TRACE::2023-11-28.16:37:29::SCWMssOS::Checking the sw design at  F:/Ian_Jung/workplace/Harman_Vitis/mblaze_multifunction_fan_hw/microblaze_0/standalone_domain/bsp/system.mss
TRACE::2023-11-28.16:37:29::SCWMssOS::DEBUG:  swdes dump  F:/Ian_Jung/workplace/Harman_Vitis/mblaze_multifunction_fan_hw/microblaze_0/standalone_domain/bsp/system.mss|system||

TRACE::2023-11-28.16:37:29::SCWMssOS::Sw design exists and opened at  F:/Ian_Jung/workplace/Harman_Vitis/mblaze_multifunction_fan_hw/microblaze_0/standalone_domain/bsp/system.mss
TRACE::2023-11-28.16:37:29::SCWPlatform::Trying to open the hw design at F:/Ian_Jung/workplace/Harman_Vitis/mblaze_multifunction_fan_hw/hw/mblaze_Multifunction_Fan.xsa
TRACE::2023-11-28.16:37:29::SCWPlatform::DSA given F:/Ian_Jung/workplace/Harman_Vitis/mblaze_multifunction_fan_hw/hw/mblaze_Multifunction_Fan.xsa
TRACE::2023-11-28.16:37:29::SCWPlatform::DSA absoulate path F:/Ian_Jung/workplace/Harman_Vitis/mblaze_multifunction_fan_hw/hw/mblaze_Multifunction_Fan.xsa
TRACE::2023-11-28.16:37:29::SCWPlatform::DSA directory F:/Ian_Jung/workplace/Harman_Vitis/mblaze_multifunction_fan_hw/hw
TRACE::2023-11-28.16:37:29::SCWPlatform:: Platform Path F:/Ian_Jung/workplace/Harman_Vitis/mblaze_multifunction_fan_hw/hw/mblaze_Multifunction_Fan.xsa
TRACE::2023-11-28.16:37:29::SCWPlatform:: Unique name xilinx:basys3::0.0
TRACE::2023-11-28.16:37:29::SCWPlatform::Trying to set the existing hwdb with name mblaze_Multifunction_Fan_wrapper_0
TRACE::2023-11-28.16:37:29::SCWPlatform::Opened existing hwdb mblaze_Multifunction_Fan_wrapper_0
TRACE::2023-11-28.16:37:29::SCWPlatform::Found the Hw Db part of the input DSA
TRACE::2023-11-28.16:37:29::SCWMssOS::Checking the sw design at  F:/Ian_Jung/workplace/Harman_Vitis/mblaze_multifunction_fan_hw/microblaze_0/standalone_domain/bsp/system.mss
TRACE::2023-11-28.16:37:29::SCWMssOS::DEBUG:  swdes dump  F:/Ian_Jung/workplace/Harman_Vitis/mblaze_multifunction_fan_hw/microblaze_0/standalone_domain/bsp/system.mss|system||

TRACE::2023-11-28.16:37:29::SCWMssOS::Sw design exists and opened at  F:/Ian_Jung/workplace/Harman_Vitis/mblaze_multifunction_fan_hw/microblaze_0/standalone_domain/bsp/system.mss
TRACE::2023-11-28.16:37:29::SCWWriter::formatted JSON is {
	"platformName":	"mblaze_multifunction_fan_hw",
	"sprVersion":	"2.0",
	"mode":	"gui",
	"dsaType":	"Fixed",
	"platformDesc":	"mblaze_multifunction_fan_hw",
	"platHandOff":	"F:/Ian_Jung/workplace/cora_z7/cora_cpu_2019/Basys3_Microblaze_real/mblaze_Multifunction_Fan.xsa",
	"platIntHandOff":	"<platformDir>/hw/mblaze_Multifunction_Fan.xsa",
	"deviceType":	"FPGA",
	"platIsPrebuiltAutogen":	"false",
	"platIsNoBootBsp":	"false",
	"hasFsblMakeHasChanges":	"false",
	"hasPmufwMakeHasChanges":	"false",
	"platPreBuiltFlag":	false,
	"platformSamplesDir":	"",
	"platActiveSys":	"mblaze_multifunction_fan_hw",
	"systems":	[{
			"systemName":	"mblaze_multifunction_fan_hw",
			"systemDesc":	"mblaze_multifunction_fan_hw",
			"sysIsBootAutoGen":	"true",
			"systemDispName":	"mblaze_multifunction_fan_hw",
			"sysActiveDom":	"standalone_domain",
			"sysDefaultDom":	"standalone_domain",
			"domains":	[{
					"domainName":	"standalone_domain",
					"domainDispName":	"standalone on microblaze_0",
					"domainDesc":	"standalone_domain",
					"processors":	"microblaze_0",
					"os":	"standalone",
					"sdxOs":	"standalone",
					"debugEnable":	"False",
					"domRuntimes":	["cpp"],
					"swRepo":	"",
					"mssOsVer":	"7.1",
					"mssFile":	"",
					"md5Digest":	"6c5cc577ba764ceec5ed520e83cba002",
					"compatibleApp":	"",
					"domType":	"mssDomain",
					"appSettings":	{
						"appCompilerFlags":	"",
						"appLinkerFlags":	""
					},
					"addedLibs":	[],
					"libOptions":	{
						"libsContainingOptions":	[]
					},
					"prebuiltLibs":	{
						"prebuiltIncPath":	[],
						"prebuiltLibPath":	[]
					},
					"isolation":	{
					}
				}]
		}]
}
TRACE::2023-11-28.16:37:30::SCWPlatform::Clearing the existing platform
TRACE::2023-11-28.16:37:30::SCWSystem::Clearing the existing sysconfig
TRACE::2023-11-28.16:37:30::SCWMssOS::Removing the swdes entry for  F:/Ian_Jung/workplace/Harman_Vitis/mblaze_multifunction_fan_hw/microblaze_0/standalone_domain/bsp/system.mss
TRACE::2023-11-28.16:37:30::SCWSystem::Clearing the domains completed.
TRACE::2023-11-28.16:37:30::SCWPlatform::Clearing the opened hw db.
TRACE::2023-11-28.16:37:30::SCWPlatform::DSA given F:/Ian_Jung/workplace/Harman_Vitis/mblaze_multifunction_fan_hw/hw/mblaze_Multifunction_Fan.xsa
TRACE::2023-11-28.16:37:30::SCWPlatform::DSA absoulate path F:/Ian_Jung/workplace/Harman_Vitis/mblaze_multifunction_fan_hw/hw/mblaze_Multifunction_Fan.xsa
TRACE::2023-11-28.16:37:30::SCWPlatform:: Platform location is F:/Ian_Jung/workplace/Harman_Vitis/mblaze_multifunction_fan_hw/hw
TRACE::2023-11-28.16:37:30::SCWPlatform:: Platform Path F:/Ian_Jung/workplace/Harman_Vitis/mblaze_multifunction_fan_hw/hw/mblaze_Multifunction_Fan.xsa
TRACE::2023-11-28.16:37:30::SCWPlatform:: Unique name xilinx:basys3::0.0
TRACE::2023-11-28.16:37:30::SCWPlatform::Removing the HwDB with name F:/Ian_Jung/workplace/Harman_Vitis/mblaze_multifunction_fan_hw/hw/mblaze_Multifunction_Fan.xsa
TRACE::2023-11-28.16:37:30::SCWPlatform::Trying to open the hw design at F:/Ian_Jung/workplace/Harman_Vitis/mblaze_multifunction_fan_hw/hw/mblaze_Multifunction_Fan.xsa
TRACE::2023-11-28.16:37:30::SCWPlatform::DSA given F:/Ian_Jung/workplace/Harman_Vitis/mblaze_multifunction_fan_hw/hw/mblaze_Multifunction_Fan.xsa
TRACE::2023-11-28.16:37:30::SCWPlatform::DSA absoulate path F:/Ian_Jung/workplace/Harman_Vitis/mblaze_multifunction_fan_hw/hw/mblaze_Multifunction_Fan.xsa
TRACE::2023-11-28.16:37:30::SCWPlatform::DSA directory F:/Ian_Jung/workplace/Harman_Vitis/mblaze_multifunction_fan_hw/hw
TRACE::2023-11-28.16:37:30::SCWPlatform:: Platform Path F:/Ian_Jung/workplace/Harman_Vitis/mblaze_multifunction_fan_hw/hw/mblaze_Multifunction_Fan.xsa
TRACE::2023-11-28.16:37:30::SCWPlatform:: Unique name xilinx:basys3::0.0
TRACE::2023-11-28.16:37:30::SCWPlatform::Do not have an existing db opened. 
TRACE::2023-11-28.16:37:30::SCWPlatform::Opened new HwDB with name mblaze_Multifunction_Fan_wrapper_1
TRACE::2023-11-28.16:37:30::SCWReader::Active system found as  mblaze_multifunction_fan_hw
TRACE::2023-11-28.16:37:30::SCWReader::Handling sysconfig mblaze_multifunction_fan_hw
TRACE::2023-11-28.16:37:30::SCWDomain::checking for install qemu data   : 
TRACE::2023-11-28.16:37:30::SCWPlatform::Trying to open the hw design at F:/Ian_Jung/workplace/Harman_Vitis/mblaze_multifunction_fan_hw/hw/mblaze_Multifunction_Fan.xsa
TRACE::2023-11-28.16:37:30::SCWPlatform::DSA given F:/Ian_Jung/workplace/Harman_Vitis/mblaze_multifunction_fan_hw/hw/mblaze_Multifunction_Fan.xsa
TRACE::2023-11-28.16:37:30::SCWPlatform::DSA absoulate path F:/Ian_Jung/workplace/Harman_Vitis/mblaze_multifunction_fan_hw/hw/mblaze_Multifunction_Fan.xsa
TRACE::2023-11-28.16:37:30::SCWPlatform::DSA directory F:/Ian_Jung/workplace/Harman_Vitis/mblaze_multifunction_fan_hw/hw
TRACE::2023-11-28.16:37:30::SCWPlatform:: Platform Path F:/Ian_Jung/workplace/Harman_Vitis/mblaze_multifunction_fan_hw/hw/mblaze_Multifunction_Fan.xsa
TRACE::2023-11-28.16:37:30::SCWPlatform:: Unique name xilinx:basys3::0.0
TRACE::2023-11-28.16:37:30::SCWPlatform::Trying to set the existing hwdb with name mblaze_Multifunction_Fan_wrapper_1
TRACE::2023-11-28.16:37:30::SCWPlatform::Opened existing hwdb mblaze_Multifunction_Fan_wrapper_1
TRACE::2023-11-28.16:37:30::SCWPlatform::Found the Hw Db part of the input DSA
TRACE::2023-11-28.16:37:30::SCWPlatform::Trying to open the hw design at F:/Ian_Jung/workplace/Harman_Vitis/mblaze_multifunction_fan_hw/hw/mblaze_Multifunction_Fan.xsa
TRACE::2023-11-28.16:37:30::SCWPlatform::DSA given F:/Ian_Jung/workplace/Harman_Vitis/mblaze_multifunction_fan_hw/hw/mblaze_Multifunction_Fan.xsa
TRACE::2023-11-28.16:37:30::SCWPlatform::DSA absoulate path F:/Ian_Jung/workplace/Harman_Vitis/mblaze_multifunction_fan_hw/hw/mblaze_Multifunction_Fan.xsa
TRACE::2023-11-28.16:37:30::SCWPlatform::DSA directory F:/Ian_Jung/workplace/Harman_Vitis/mblaze_multifunction_fan_hw/hw
TRACE::2023-11-28.16:37:30::SCWPlatform:: Platform Path F:/Ian_Jung/workplace/Harman_Vitis/mblaze_multifunction_fan_hw/hw/mblaze_Multifunction_Fan.xsa
TRACE::2023-11-28.16:37:30::SCWPlatform:: Unique name xilinx:basys3::0.0
TRACE::2023-11-28.16:37:30::SCWPlatform::Trying to set the existing hwdb with name mblaze_Multifunction_Fan_wrapper_1
TRACE::2023-11-28.16:37:30::SCWPlatform::Opened existing hwdb mblaze_Multifunction_Fan_wrapper_1
TRACE::2023-11-28.16:37:30::SCWPlatform::Found the Hw Db part of the input DSA
TRACE::2023-11-28.16:37:30::SCWPlatform::Trying to open the hw design at F:/Ian_Jung/workplace/Harman_Vitis/mblaze_multifunction_fan_hw/hw/mblaze_Multifunction_Fan.xsa
TRACE::2023-11-28.16:37:30::SCWPlatform::DSA given F:/Ian_Jung/workplace/Harman_Vitis/mblaze_multifunction_fan_hw/hw/mblaze_Multifunction_Fan.xsa
TRACE::2023-11-28.16:37:30::SCWPlatform::DSA absoulate path F:/Ian_Jung/workplace/Harman_Vitis/mblaze_multifunction_fan_hw/hw/mblaze_Multifunction_Fan.xsa
TRACE::2023-11-28.16:37:30::SCWPlatform::DSA directory F:/Ian_Jung/workplace/Harman_Vitis/mblaze_multifunction_fan_hw/hw
TRACE::2023-11-28.16:37:30::SCWPlatform:: Platform Path F:/Ian_Jung/workplace/Harman_Vitis/mblaze_multifunction_fan_hw/hw/mblaze_Multifunction_Fan.xsa
TRACE::2023-11-28.16:37:30::SCWPlatform:: Unique name xilinx:basys3::0.0
TRACE::2023-11-28.16:37:30::SCWPlatform::Trying to set the existing hwdb with name mblaze_Multifunction_Fan_wrapper_1
TRACE::2023-11-28.16:37:30::SCWPlatform::Opened existing hwdb mblaze_Multifunction_Fan_wrapper_1
TRACE::2023-11-28.16:37:30::SCWPlatform::Found the Hw Db part of the input DSA
TRACE::2023-11-28.16:37:30::SCWMssOS::Checking the sw design at  F:/Ian_Jung/workplace/Harman_Vitis/mblaze_multifunction_fan_hw/microblaze_0/standalone_domain/bsp/system.mss
TRACE::2023-11-28.16:37:30::SCWMssOS::DEBUG:  swdes dump  
TRACE::2023-11-28.16:37:30::SCWMssOS::No sw design opened at  F:/Ian_Jung/workplace/Harman_Vitis/mblaze_multifunction_fan_hw/microblaze_0/standalone_domain/bsp/system.mss
TRACE::2023-11-28.16:37:30::SCWMssOS::mss exists loading the mss file  F:/Ian_Jung/workplace/Harman_Vitis/mblaze_multifunction_fan_hw/microblaze_0/standalone_domain/bsp/system.mss
TRACE::2023-11-28.16:37:30::SCWMssOS::Opened the sw design from mss  F:/Ian_Jung/workplace/Harman_Vitis/mblaze_multifunction_fan_hw/microblaze_0/standalone_domain/bsp/system.mss
TRACE::2023-11-28.16:37:30::SCWMssOS::Adding the swdes entry F:/Ian_Jung/workplace/Harman_Vitis/mblaze_multifunction_fan_hw/microblaze_0/standalone_domain/bsp/system.mss with des name system
TRACE::2023-11-28.16:37:30::SCWMssOS::updating the scw layer about changes
TRACE::2023-11-28.16:37:30::SCWMssOS::Opened the sw design.  F:/Ian_Jung/workplace/Harman_Vitis/mblaze_multifunction_fan_hw/microblaze_0/standalone_domain/bsp/system.mss
TRACE::2023-11-28.16:37:30::SCWReader::Adding prebuilt librarypaths as   
TRACE::2023-11-28.16:37:30::SCWReader::Adding prebuilt incpaths  as   
TRACE::2023-11-28.16:37:30::SCWPlatform::Trying to open the hw design at F:/Ian_Jung/workplace/Harman_Vitis/mblaze_multifunction_fan_hw/hw/mblaze_Multifunction_Fan.xsa
TRACE::2023-11-28.16:37:30::SCWPlatform::DSA given F:/Ian_Jung/workplace/Harman_Vitis/mblaze_multifunction_fan_hw/hw/mblaze_Multifunction_Fan.xsa
TRACE::2023-11-28.16:37:30::SCWPlatform::DSA absoulate path F:/Ian_Jung/workplace/Harman_Vitis/mblaze_multifunction_fan_hw/hw/mblaze_Multifunction_Fan.xsa
TRACE::2023-11-28.16:37:30::SCWPlatform::DSA directory F:/Ian_Jung/workplace/Harman_Vitis/mblaze_multifunction_fan_hw/hw
TRACE::2023-11-28.16:37:30::SCWPlatform:: Platform Path F:/Ian_Jung/workplace/Harman_Vitis/mblaze_multifunction_fan_hw/hw/mblaze_Multifunction_Fan.xsa
TRACE::2023-11-28.16:37:30::SCWPlatform:: Unique name xilinx:basys3::0.0
TRACE::2023-11-28.16:37:30::SCWPlatform::Trying to set the existing hwdb with name mblaze_Multifunction_Fan_wrapper_1
TRACE::2023-11-28.16:37:30::SCWPlatform::Opened existing hwdb mblaze_Multifunction_Fan_wrapper_1
TRACE::2023-11-28.16:37:30::SCWPlatform::Found the Hw Db part of the input DSA
TRACE::2023-11-28.16:37:30::SCWMssOS::Checking the sw design at  F:/Ian_Jung/workplace/Harman_Vitis/mblaze_multifunction_fan_hw/microblaze_0/standalone_domain/bsp/system.mss
TRACE::2023-11-28.16:37:30::SCWMssOS::DEBUG:  swdes dump  F:/Ian_Jung/workplace/Harman_Vitis/mblaze_multifunction_fan_hw/microblaze_0/standalone_domain/bsp/system.mss|system||

TRACE::2023-11-28.16:37:30::SCWMssOS::Sw design exists and opened at  F:/Ian_Jung/workplace/Harman_Vitis/mblaze_multifunction_fan_hw/microblaze_0/standalone_domain/bsp/system.mss
TRACE::2023-11-28.16:37:30::SCWReader::No isolation master present  
TRACE::2023-11-28.16:37:30::SCWPlatform::Trying to open the hw design at F:/Ian_Jung/workplace/Harman_Vitis/mblaze_multifunction_fan_hw/hw/mblaze_Multifunction_Fan.xsa
TRACE::2023-11-28.16:37:30::SCWPlatform::DSA given F:/Ian_Jung/workplace/Harman_Vitis/mblaze_multifunction_fan_hw/hw/mblaze_Multifunction_Fan.xsa
TRACE::2023-11-28.16:37:30::SCWPlatform::DSA absoulate path F:/Ian_Jung/workplace/Harman_Vitis/mblaze_multifunction_fan_hw/hw/mblaze_Multifunction_Fan.xsa
TRACE::2023-11-28.16:37:30::SCWPlatform::DSA directory F:/Ian_Jung/workplace/Harman_Vitis/mblaze_multifunction_fan_hw/hw
TRACE::2023-11-28.16:37:30::SCWPlatform:: Platform Path F:/Ian_Jung/workplace/Harman_Vitis/mblaze_multifunction_fan_hw/hw/mblaze_Multifunction_Fan.xsa
TRACE::2023-11-28.16:37:30::SCWPlatform:: Unique name xilinx:basys3::0.0
TRACE::2023-11-28.16:37:30::SCWPlatform::Trying to set the existing hwdb with name mblaze_Multifunction_Fan_wrapper_1
TRACE::2023-11-28.16:37:30::SCWPlatform::Opened existing hwdb mblaze_Multifunction_Fan_wrapper_1
TRACE::2023-11-28.16:37:30::SCWPlatform::Found the Hw Db part of the input DSA
TRACE::2023-11-28.16:37:30::SCWMssOS::Checking the sw design at  F:/Ian_Jung/workplace/Harman_Vitis/mblaze_multifunction_fan_hw/microblaze_0/standalone_domain/bsp/system.mss
TRACE::2023-11-28.16:37:30::SCWMssOS::DEBUG:  swdes dump  F:/Ian_Jung/workplace/Harman_Vitis/mblaze_multifunction_fan_hw/microblaze_0/standalone_domain/bsp/system.mss|system||

TRACE::2023-11-28.16:37:30::SCWMssOS::Sw design exists and opened at  F:/Ian_Jung/workplace/Harman_Vitis/mblaze_multifunction_fan_hw/microblaze_0/standalone_domain/bsp/system.mss
TRACE::2023-11-28.16:37:31::SCWMssOS::In reload Mss file.
TRACE::2023-11-28.16:37:31::SCWPlatform::Trying to open the hw design at F:/Ian_Jung/workplace/Harman_Vitis/mblaze_multifunction_fan_hw/hw/mblaze_Multifunction_Fan.xsa
TRACE::2023-11-28.16:37:31::SCWPlatform::DSA given F:/Ian_Jung/workplace/Harman_Vitis/mblaze_multifunction_fan_hw/hw/mblaze_Multifunction_Fan.xsa
TRACE::2023-11-28.16:37:31::SCWPlatform::DSA absoulate path F:/Ian_Jung/workplace/Harman_Vitis/mblaze_multifunction_fan_hw/hw/mblaze_Multifunction_Fan.xsa
TRACE::2023-11-28.16:37:31::SCWPlatform::DSA directory F:/Ian_Jung/workplace/Harman_Vitis/mblaze_multifunction_fan_hw/hw
TRACE::2023-11-28.16:37:31::SCWPlatform:: Platform Path F:/Ian_Jung/workplace/Harman_Vitis/mblaze_multifunction_fan_hw/hw/mblaze_Multifunction_Fan.xsa
TRACE::2023-11-28.16:37:31::SCWPlatform:: Unique name xilinx:basys3::0.0
TRACE::2023-11-28.16:37:31::SCWPlatform::Trying to set the existing hwdb with name mblaze_Multifunction_Fan_wrapper_1
TRACE::2023-11-28.16:37:31::SCWPlatform::Opened existing hwdb mblaze_Multifunction_Fan_wrapper_1
TRACE::2023-11-28.16:37:31::SCWPlatform::Found the Hw Db part of the input DSA
TRACE::2023-11-28.16:37:31::SCWMssOS::Checking the sw design at  F:/Ian_Jung/workplace/Harman_Vitis/mblaze_multifunction_fan_hw/microblaze_0/standalone_domain/bsp/system.mss
TRACE::2023-11-28.16:37:31::SCWMssOS::DEBUG:  swdes dump  F:/Ian_Jung/workplace/Harman_Vitis/mblaze_multifunction_fan_hw/microblaze_0/standalone_domain/bsp/system.mss|system||

KEYINFO::2023-11-28.16:37:31::SCWMssOS::Could not open the swdb for system
KEYINFO::2023-11-28.16:37:31::SCWMssOS::Could not open the sw design at  system
ERROR: [Hsi 55-1558] Software Design system is not found

TRACE::2023-11-28.16:37:31::SCWMssOS::Cleared the swdb table entry
TRACE::2023-11-28.16:37:31::SCWMssOS::No sw design opened at  F:/Ian_Jung/workplace/Harman_Vitis/mblaze_multifunction_fan_hw/microblaze_0/standalone_domain/bsp/system.mss
TRACE::2023-11-28.16:37:31::SCWMssOS::mss exists loading the mss file  F:/Ian_Jung/workplace/Harman_Vitis/mblaze_multifunction_fan_hw/microblaze_0/standalone_domain/bsp/system.mss
TRACE::2023-11-28.16:37:31::SCWMssOS::Opened the sw design from mss  F:/Ian_Jung/workplace/Harman_Vitis/mblaze_multifunction_fan_hw/microblaze_0/standalone_domain/bsp/system.mss
TRACE::2023-11-28.16:37:31::SCWMssOS::Adding the swdes entry F:/Ian_Jung/workplace/Harman_Vitis/mblaze_multifunction_fan_hw/microblaze_0/standalone_domain/bsp/system.mss with des name system
TRACE::2023-11-28.16:37:31::SCWMssOS::updating the scw layer about changes
TRACE::2023-11-28.16:37:31::SCWMssOS::Opened the sw design.  F:/Ian_Jung/workplace/Harman_Vitis/mblaze_multifunction_fan_hw/microblaze_0/standalone_domain/bsp/system.mss
TRACE::2023-11-28.16:37:31::SCWPlatform::Trying to open the hw design at F:/Ian_Jung/workplace/Harman_Vitis/mblaze_multifunction_fan_hw/hw/mblaze_Multifunction_Fan.xsa
TRACE::2023-11-28.16:37:31::SCWPlatform::DSA given F:/Ian_Jung/workplace/Harman_Vitis/mblaze_multifunction_fan_hw/hw/mblaze_Multifunction_Fan.xsa
TRACE::2023-11-28.16:37:31::SCWPlatform::DSA absoulate path F:/Ian_Jung/workplace/Harman_Vitis/mblaze_multifunction_fan_hw/hw/mblaze_Multifunction_Fan.xsa
TRACE::2023-11-28.16:37:31::SCWPlatform::DSA directory F:/Ian_Jung/workplace/Harman_Vitis/mblaze_multifunction_fan_hw/hw
TRACE::2023-11-28.16:37:31::SCWPlatform:: Platform Path F:/Ian_Jung/workplace/Harman_Vitis/mblaze_multifunction_fan_hw/hw/mblaze_Multifunction_Fan.xsa
TRACE::2023-11-28.16:37:31::SCWPlatform:: Unique name xilinx:basys3::0.0
TRACE::2023-11-28.16:37:31::SCWPlatform::Trying to set the existing hwdb with name mblaze_Multifunction_Fan_wrapper_1
TRACE::2023-11-28.16:37:31::SCWPlatform::Opened existing hwdb mblaze_Multifunction_Fan_wrapper_1
TRACE::2023-11-28.16:37:31::SCWPlatform::Found the Hw Db part of the input DSA
TRACE::2023-11-28.16:37:31::SCWMssOS::Checking the sw design at  F:/Ian_Jung/workplace/Harman_Vitis/mblaze_multifunction_fan_hw/microblaze_0/standalone_domain/bsp/system.mss
TRACE::2023-11-28.16:37:31::SCWMssOS::DEBUG:  swdes dump  F:/Ian_Jung/workplace/Harman_Vitis/mblaze_multifunction_fan_hw/microblaze_0/standalone_domain/bsp/system.mss|system||

TRACE::2023-11-28.16:37:31::SCWMssOS::Sw design exists and opened at  F:/Ian_Jung/workplace/Harman_Vitis/mblaze_multifunction_fan_hw/microblaze_0/standalone_domain/bsp/system.mss
TRACE::2023-11-28.16:37:31::SCWMssOS::Removing the swdes entry for  F:/Ian_Jung/workplace/Harman_Vitis/mblaze_multifunction_fan_hw/microblaze_0/standalone_domain/bsp/system.mss
LOG::2023-11-28.16:37:37::SCWPlatform::Started generating the artifacts platform mblaze_multifunction_fan_hw
TRACE::2023-11-28.16:37:37::SCWPlatform::Sanity checking of platform is completed
LOG::2023-11-28.16:37:37::SCWPlatform::Started generating the artifacts for system configuration mblaze_multifunction_fan_hw
LOG::2023-11-28.16:37:37::SCWSystem::Checking the domain standalone_domain
LOG::2023-11-28.16:37:37::SCWSystem::Not a boot domain 
LOG::2023-11-28.16:37:37::SCWSystem::Started Processing the domain standalone_domain
TRACE::2023-11-28.16:37:37::SCWDomain::Generating domain artifcats
TRACE::2023-11-28.16:37:37::SCWMssOS::Generating standalone artifcats
TRACE::2023-11-28.16:37:37::SCWMssOS:: Copying the user libraries. 
TRACE::2023-11-28.16:37:37::SCWPlatform::Trying to open the hw design at F:/Ian_Jung/workplace/Harman_Vitis/mblaze_multifunction_fan_hw/hw/mblaze_Multifunction_Fan.xsa
TRACE::2023-11-28.16:37:37::SCWPlatform::DSA given F:/Ian_Jung/workplace/Harman_Vitis/mblaze_multifunction_fan_hw/hw/mblaze_Multifunction_Fan.xsa
TRACE::2023-11-28.16:37:37::SCWPlatform::DSA absoulate path F:/Ian_Jung/workplace/Harman_Vitis/mblaze_multifunction_fan_hw/hw/mblaze_Multifunction_Fan.xsa
TRACE::2023-11-28.16:37:37::SCWPlatform::DSA directory F:/Ian_Jung/workplace/Harman_Vitis/mblaze_multifunction_fan_hw/hw
TRACE::2023-11-28.16:37:37::SCWPlatform:: Platform Path F:/Ian_Jung/workplace/Harman_Vitis/mblaze_multifunction_fan_hw/hw/mblaze_Multifunction_Fan.xsa
TRACE::2023-11-28.16:37:37::SCWPlatform:: Unique name xilinx:basys3::0.0
TRACE::2023-11-28.16:37:37::SCWPlatform::Trying to set the existing hwdb with name mblaze_Multifunction_Fan_wrapper_1
TRACE::2023-11-28.16:37:37::SCWPlatform::Opened existing hwdb mblaze_Multifunction_Fan_wrapper_1
TRACE::2023-11-28.16:37:37::SCWPlatform::Found the Hw Db part of the input DSA
TRACE::2023-11-28.16:37:37::SCWMssOS::Checking the sw design at  F:/Ian_Jung/workplace/Harman_Vitis/mblaze_multifunction_fan_hw/microblaze_0/standalone_domain/bsp/system.mss
TRACE::2023-11-28.16:37:37::SCWMssOS::DEBUG:  swdes dump  
TRACE::2023-11-28.16:37:37::SCWMssOS::No sw design opened at  F:/Ian_Jung/workplace/Harman_Vitis/mblaze_multifunction_fan_hw/microblaze_0/standalone_domain/bsp/system.mss
TRACE::2023-11-28.16:37:37::SCWMssOS::mss exists loading the mss file  F:/Ian_Jung/workplace/Harman_Vitis/mblaze_multifunction_fan_hw/microblaze_0/standalone_domain/bsp/system.mss
TRACE::2023-11-28.16:37:37::SCWMssOS::Opened the sw design from mss  F:/Ian_Jung/workplace/Harman_Vitis/mblaze_multifunction_fan_hw/microblaze_0/standalone_domain/bsp/system.mss
TRACE::2023-11-28.16:37:37::SCWMssOS::Adding the swdes entry F:/Ian_Jung/workplace/Harman_Vitis/mblaze_multifunction_fan_hw/microblaze_0/standalone_domain/bsp/system.mss with des name system
TRACE::2023-11-28.16:37:37::SCWMssOS::updating the scw layer about changes
TRACE::2023-11-28.16:37:37::SCWMssOS::Opened the sw design.  F:/Ian_Jung/workplace/Harman_Vitis/mblaze_multifunction_fan_hw/microblaze_0/standalone_domain/bsp/system.mss
TRACE::2023-11-28.16:37:37::SCWMssOS::Completed writing the mss file at F:/Ian_Jung/workplace/Harman_Vitis/mblaze_multifunction_fan_hw/microblaze_0/standalone_domain/bsp
TRACE::2023-11-28.16:37:37::SCWMssOS::Mss edits present, copying mssfile into export location F:/Ian_Jung/workplace/Harman_Vitis/mblaze_multifunction_fan_hw/microblaze_0/standalone_domain/bsp/system.mss
TRACE::2023-11-28.16:37:37::SCWMssOS::bsp generated is upto date with the mss file. Skipping bsp generation.
TRACE::2023-11-28.16:37:37::SCWMssOS::BSP is already built. skipping the bsp build ... 
TRACE::2023-11-28.16:37:37::SCWDomain::Building the domain as part of full build :  standalone_domain
TRACE::2023-11-28.16:37:37::SCWMssOS::doing bsp build ... 
TRACE::2023-11-28.16:37:37::SCWMssOS::System Command Ran  F: & cd  F:/Ian_Jung/workplace/Harman_Vitis/mblaze_multifunction_fan_hw/microblaze_0/standalone_domain/bsp & make 
TRACE::2023-11-28.16:37:37::SCWMssOS::"Running Make include in microblaze_0/libsrc/bram_v4_3/src"

TRACE::2023-11-28.16:37:37::SCWMssOS::make -C microblaze_0/libsrc/bram_v4_3/src -s include  "SHELL=CMD" "COMPILER=mb-gcc" "ASSEMBLER=mb-as" "ARCHIVER=mb-ar" "COMPILE
TRACE::2023-11-28.16:37:37::SCWMssOS::R_FLAGS=  -O2 -c -mcpu=v11.0 -mlittle-endian -mno-xl-reorder -mno-xl-soft-mul -mxl-barrel-shift -mxl-pattern-compare" "EXTRA_CO
TRACE::2023-11-28.16:37:37::SCWMssOS::MPILER_FLAGS=-g -ffunction-sections -fdata-sections -Wall -Wextra"

TRACE::2023-11-28.16:37:38::SCWMssOS::"Running Make include in microblaze_0/libsrc/cpu_v2_10/src"

TRACE::2023-11-28.16:37:38::SCWMssOS::make -C microblaze_0/libsrc/cpu_v2_10/src -s include  "SHELL=CMD" "COMPILER=mb-gcc" "ASSEMBLER=mb-as" "ARCHIVER=mb-ar" "COMPILE
TRACE::2023-11-28.16:37:38::SCWMssOS::R_FLAGS=  -O2 -c -mcpu=v11.0 -mlittle-endian -mno-xl-reorder -mno-xl-soft-mul -mxl-barrel-shift -mxl-pattern-compare" "EXTRA_CO
TRACE::2023-11-28.16:37:38::SCWMssOS::MPILER_FLAGS=-g -ffunction-sections -fdata-sections -Wall -Wextra"

TRACE::2023-11-28.16:37:38::SCWMssOS::"Running Make include in microblaze_0/libsrc/gpio_v4_5/src"

TRACE::2023-11-28.16:37:38::SCWMssOS::make -C microblaze_0/libsrc/gpio_v4_5/src -s include  "SHELL=CMD" "COMPILER=mb-gcc" "ASSEMBLER=mb-as" "ARCHIVER=mb-ar" "COMPILE
TRACE::2023-11-28.16:37:38::SCWMssOS::R_FLAGS=  -O2 -c -mcpu=v11.0 -mlittle-endian -mno-xl-reorder -mno-xl-soft-mul -mxl-barrel-shift -mxl-pattern-compare" "EXTRA_CO
TRACE::2023-11-28.16:37:38::SCWMssOS::MPILER_FLAGS=-g -ffunction-sections -fdata-sections -Wall -Wextra"

TRACE::2023-11-28.16:37:38::SCWMssOS::"Running Make include in microblaze_0/libsrc/myip_multifunction_fan_v1_0/src"

TRACE::2023-11-28.16:37:38::SCWMssOS::make -C microblaze_0/libsrc/myip_multifunction_fan_v1_0/src -s include  "SHELL=CMD" "COMPILER=mb-gcc" "ASSEMBLER=mb-as" "ARCHIV
TRACE::2023-11-28.16:37:38::SCWMssOS::ER=mb-ar" "COMPILER_FLAGS=  -O2 -c -mcpu=v11.0 -mlittle-endian -mno-xl-reorder -mno-xl-soft-mul -mxl-barrel-shift -mxl-pattern-
TRACE::2023-11-28.16:37:38::SCWMssOS::compare" "EXTRA_COMPILER_FLAGS=-g -ffunction-sections -fdata-sections -Wall -Wextra"

TRACE::2023-11-28.16:37:38::SCWMssOS::"Running Make include in microblaze_0/libsrc/standalone_v7_1/src"

TRACE::2023-11-28.16:37:38::SCWMssOS::make -C microblaze_0/libsrc/standalone_v7_1/src -s include  "SHELL=CMD" "COMPILER=mb-gcc" "ASSEMBLER=mb-as" "ARCHIVER=mb-ar" "C
TRACE::2023-11-28.16:37:38::SCWMssOS::OMPILER_FLAGS=  -O2 -c -mcpu=v11.0 -mlittle-endian -mno-xl-reorder -mno-xl-soft-mul -mxl-barrel-shift -mxl-pattern-compare" "EX
TRACE::2023-11-28.16:37:38::SCWMssOS::TRA_COMPILER_FLAGS=-g -ffunction-sections -fdata-sections -Wall -Wextra"

TRACE::2023-11-28.16:37:39::SCWMssOS::"Running Make include in microblaze_0/libsrc/uartlite_v3_3/src"

TRACE::2023-11-28.16:37:39::SCWMssOS::make -C microblaze_0/libsrc/uartlite_v3_3/src -s include  "SHELL=CMD" "COMPILER=mb-gcc" "ASSEMBLER=mb-as" "ARCHIVER=mb-ar" "COM
TRACE::2023-11-28.16:37:39::SCWMssOS::PILER_FLAGS=  -O2 -c -mcpu=v11.0 -mlittle-endian -mno-xl-reorder -mno-xl-soft-mul -mxl-barrel-shift -mxl-pattern-compare" "EXTR
TRACE::2023-11-28.16:37:39::SCWMssOS::A_COMPILER_FLAGS=-g -ffunction-sections -fdata-sections -Wall -Wextra"

TRACE::2023-11-28.16:37:39::SCWMssOS::"Running Make libs in microblaze_0/libsrc/bram_v4_3/src"

TRACE::2023-11-28.16:37:39::SCWMssOS::make -C microblaze_0/libsrc/bram_v4_3/src -s libs  "SHELL=CMD" "COMPILER=mb-gcc" "ASSEMBLER=mb-as" "ARCHIVER=mb-ar" "COMPILER_F
TRACE::2023-11-28.16:37:39::SCWMssOS::LAGS=  -O2 -c -mcpu=v11.0 -mlittle-endian -mno-xl-reorder -mno-xl-soft-mul -mxl-barrel-shift -mxl-pattern-compare" "EXTRA_COMPI
TRACE::2023-11-28.16:37:39::SCWMssOS::LER_FLAGS=-g -ffunction-sections -fdata-sections -Wall -Wextra"

TRACE::2023-11-28.16:37:39::SCWMssOS::"Compiling bram"

TRACE::2023-11-28.16:37:42::SCWMssOS::"Running Make libs in microblaze_0/libsrc/cpu_v2_10/src"

TRACE::2023-11-28.16:37:42::SCWMssOS::make -C microblaze_0/libsrc/cpu_v2_10/src -s libs  "SHELL=CMD" "COMPILER=mb-gcc" "ASSEMBLER=mb-as" "ARCHIVER=mb-ar" "COMPILER_F
TRACE::2023-11-28.16:37:42::SCWMssOS::LAGS=  -O2 -c -mcpu=v11.0 -mlittle-endian -mno-xl-reorder -mno-xl-soft-mul -mxl-barrel-shift -mxl-pattern-compare" "EXTRA_COMPI
TRACE::2023-11-28.16:37:42::SCWMssOS::LER_FLAGS=-g -ffunction-sections -fdata-sections -Wall -Wextra"

TRACE::2023-11-28.16:37:42::SCWMssOS::"Compiling cpu"

TRACE::2023-11-28.16:37:43::SCWMssOS::"Running Make libs in microblaze_0/libsrc/gpio_v4_5/src"

TRACE::2023-11-28.16:37:43::SCWMssOS::make -C microblaze_0/libsrc/gpio_v4_5/src -s libs  "SHELL=CMD" "COMPILER=mb-gcc" "ASSEMBLER=mb-as" "ARCHIVER=mb-ar" "COMPILER_F
TRACE::2023-11-28.16:37:43::SCWMssOS::LAGS=  -O2 -c -mcpu=v11.0 -mlittle-endian -mno-xl-reorder -mno-xl-soft-mul -mxl-barrel-shift -mxl-pattern-compare" "EXTRA_COMPI
TRACE::2023-11-28.16:37:43::SCWMssOS::LER_FLAGS=-g -ffunction-sections -fdata-sections -Wall -Wextra"

TRACE::2023-11-28.16:37:43::SCWMssOS::"Compiling gpio"

TRACE::2023-11-28.16:37:44::SCWMssOS::"Running Make libs in microblaze_0/libsrc/myip_multifunction_fan_v1_0/src"

TRACE::2023-11-28.16:37:44::SCWMssOS::make -C microblaze_0/libsrc/myip_multifunction_fan_v1_0/src -s libs  "SHELL=CMD" "COMPILER=mb-gcc" "ASSEMBLER=mb-as" "ARCHIVER=
TRACE::2023-11-28.16:37:44::SCWMssOS::mb-ar" "COMPILER_FLAGS=  -O2 -c -mcpu=v11.0 -mlittle-endian -mno-xl-reorder -mno-xl-soft-mul -mxl-barrel-shift -mxl-pattern-com
TRACE::2023-11-28.16:37:44::SCWMssOS::pare" "EXTRA_COMPILER_FLAGS=-g -ffunction-sections -fdata-sections -Wall -Wextra"

TRACE::2023-11-28.16:37:44::SCWMssOS::"Compiling myip_multifunction_fan..."

TRACE::2023-11-28.16:37:45::SCWMssOS::"Running Make libs in microblaze_0/libsrc/standalone_v7_1/src"

TRACE::2023-11-28.16:37:45::SCWMssOS::make -C microblaze_0/libsrc/standalone_v7_1/src -s libs  "SHELL=CMD" "COMPILER=mb-gcc" "ASSEMBLER=mb-as" "ARCHIVER=mb-ar" "COMP
TRACE::2023-11-28.16:37:45::SCWMssOS::ILER_FLAGS=  -O2 -c -mcpu=v11.0 -mlittle-endian -mno-xl-reorder -mno-xl-soft-mul -mxl-barrel-shift -mxl-pattern-compare" "EXTRA
TRACE::2023-11-28.16:37:45::SCWMssOS::_COMPILER_FLAGS=-g -ffunction-sections -fdata-sections -Wall -Wextra"

TRACE::2023-11-28.16:37:45::SCWMssOS::"Compiling standalone";

TRACE::2023-11-28.16:37:49::SCWMssOS::"Running Make libs in microblaze_0/libsrc/uartlite_v3_3/src"

TRACE::2023-11-28.16:37:49::SCWMssOS::make -C microblaze_0/libsrc/uartlite_v3_3/src -s libs  "SHELL=CMD" "COMPILER=mb-gcc" "ASSEMBLER=mb-as" "ARCHIVER=mb-ar" "COMPIL
TRACE::2023-11-28.16:37:49::SCWMssOS::ER_FLAGS=  -O2 -c -mcpu=v11.0 -mlittle-endian -mno-xl-reorder -mno-xl-soft-mul -mxl-barrel-shift -mxl-pattern-compare" "EXTRA_C
TRACE::2023-11-28.16:37:49::SCWMssOS::OMPILER_FLAGS=-g -ffunction-sections -fdata-sections -Wall -Wextra"

TRACE::2023-11-28.16:37:49::SCWMssOS::"Compiling uartlite"

TRACE::2023-11-28.16:37:50::SCWMssOS::'Finished building libraries'

TRACE::2023-11-28.16:37:50::SCWMssOS::Copying to export directory.
TRACE::2023-11-28.16:37:50::SCWMssOS:: Checking if to create the Supporting Applications
TRACE::2023-11-28.16:37:50::SCWMssOS:: No Linux domain exists, trying to generate FSBL 
LOG::2023-11-28.16:37:50::SCWSystem::Completed Processing the domain standalone_domain
LOG::2023-11-28.16:37:50::SCWSystem::Completed Processing the sysconfig mblaze_multifunction_fan_hw
LOG::2023-11-28.16:37:50::SCWPlatform::Completed generating the artifacts for system configuration mblaze_multifunction_fan_hw
TRACE::2023-11-28.16:37:50::SCWPlatform::Started preparing the platform 
TRACE::2023-11-28.16:37:50::SCWSystem::Writing the bif file for system config mblaze_multifunction_fan_hw
TRACE::2023-11-28.16:37:50::SCWSystem::dir created 
TRACE::2023-11-28.16:37:50::SCWSystem::Writing the bif 
TRACE::2023-11-28.16:37:50::SCWPlatform::Started writing the spfm file 
TRACE::2023-11-28.16:37:50::SCWPlatform::Started writing the xpfm file 
TRACE::2023-11-28.16:37:50::SCWPlatform::Completed generating the platform
TRACE::2023-11-28.16:37:50::SCWPlatform::Trying to open the hw design at F:/Ian_Jung/workplace/Harman_Vitis/mblaze_multifunction_fan_hw/hw/mblaze_Multifunction_Fan.xsa
TRACE::2023-11-28.16:37:50::SCWPlatform::DSA given F:/Ian_Jung/workplace/Harman_Vitis/mblaze_multifunction_fan_hw/hw/mblaze_Multifunction_Fan.xsa
TRACE::2023-11-28.16:37:50::SCWPlatform::DSA absoulate path F:/Ian_Jung/workplace/Harman_Vitis/mblaze_multifunction_fan_hw/hw/mblaze_Multifunction_Fan.xsa
TRACE::2023-11-28.16:37:50::SCWPlatform::DSA directory F:/Ian_Jung/workplace/Harman_Vitis/mblaze_multifunction_fan_hw/hw
TRACE::2023-11-28.16:37:50::SCWPlatform:: Platform Path F:/Ian_Jung/workplace/Harman_Vitis/mblaze_multifunction_fan_hw/hw/mblaze_Multifunction_Fan.xsa
TRACE::2023-11-28.16:37:50::SCWPlatform:: Unique name xilinx:basys3::0.0
TRACE::2023-11-28.16:37:50::SCWPlatform::Trying to set the existing hwdb with name mblaze_Multifunction_Fan_wrapper_1
TRACE::2023-11-28.16:37:50::SCWPlatform::Opened existing hwdb mblaze_Multifunction_Fan_wrapper_1
TRACE::2023-11-28.16:37:50::SCWPlatform::Found the Hw Db part of the input DSA
TRACE::2023-11-28.16:37:50::SCWMssOS::Checking the sw design at  F:/Ian_Jung/workplace/Harman_Vitis/mblaze_multifunction_fan_hw/microblaze_0/standalone_domain/bsp/system.mss
TRACE::2023-11-28.16:37:50::SCWMssOS::DEBUG:  swdes dump  F:/Ian_Jung/workplace/Harman_Vitis/mblaze_multifunction_fan_hw/microblaze_0/standalone_domain/bsp/system.mss|system||

TRACE::2023-11-28.16:37:50::SCWMssOS::Sw design exists and opened at  F:/Ian_Jung/workplace/Harman_Vitis/mblaze_multifunction_fan_hw/microblaze_0/standalone_domain/bsp/system.mss
TRACE::2023-11-28.16:37:50::SCWWriter::formatted JSON is {
	"platformName":	"mblaze_multifunction_fan_hw",
	"sprVersion":	"2.0",
	"mode":	"gui",
	"dsaType":	"Fixed",
	"platformDesc":	"mblaze_multifunction_fan_hw",
	"platHandOff":	"F:/Ian_Jung/workplace/cora_z7/cora_cpu_2019/Basys3_Microblaze_real/mblaze_Multifunction_Fan.xsa",
	"platIntHandOff":	"<platformDir>/hw/mblaze_Multifunction_Fan.xsa",
	"deviceType":	"FPGA",
	"platIsPrebuiltAutogen":	"false",
	"platIsNoBootBsp":	"false",
	"hasFsblMakeHasChanges":	"false",
	"hasPmufwMakeHasChanges":	"false",
	"platPreBuiltFlag":	false,
	"platformSamplesDir":	"",
	"platActiveSys":	"mblaze_multifunction_fan_hw",
	"systems":	[{
			"systemName":	"mblaze_multifunction_fan_hw",
			"systemDesc":	"mblaze_multifunction_fan_hw",
			"sysIsBootAutoGen":	"true",
			"systemDispName":	"mblaze_multifunction_fan_hw",
			"sysActiveDom":	"standalone_domain",
			"sysDefaultDom":	"standalone_domain",
			"domains":	[{
					"domainName":	"standalone_domain",
					"domainDispName":	"standalone on microblaze_0",
					"domainDesc":	"standalone_domain",
					"processors":	"microblaze_0",
					"os":	"standalone",
					"sdxOs":	"standalone",
					"debugEnable":	"False",
					"domRuntimes":	["cpp"],
					"swRepo":	"",
					"mssOsVer":	"7.1",
					"mssFile":	"",
					"md5Digest":	"6c5cc577ba764ceec5ed520e83cba002",
					"compatibleApp":	"",
					"domType":	"mssDomain",
					"appSettings":	{
						"appCompilerFlags":	"",
						"appLinkerFlags":	""
					},
					"addedLibs":	[],
					"libOptions":	{
						"libsContainingOptions":	[]
					},
					"prebuiltLibs":	{
						"prebuiltIncPath":	[],
						"prebuiltLibPath":	[]
					},
					"isolation":	{
					}
				}]
		}]
}
KEYINFO::2023-11-28.16:37:50::SCWPlatform::updated the xpfm file.
TRACE::2023-11-28.16:37:51::SCWPlatform::Trying to open the hw design at F:/Ian_Jung/workplace/Harman_Vitis/mblaze_multifunction_fan_hw/hw/mblaze_Multifunction_Fan.xsa
TRACE::2023-11-28.16:37:51::SCWPlatform::DSA given F:/Ian_Jung/workplace/Harman_Vitis/mblaze_multifunction_fan_hw/hw/mblaze_Multifunction_Fan.xsa
TRACE::2023-11-28.16:37:51::SCWPlatform::DSA absoulate path F:/Ian_Jung/workplace/Harman_Vitis/mblaze_multifunction_fan_hw/hw/mblaze_Multifunction_Fan.xsa
TRACE::2023-11-28.16:37:51::SCWPlatform::DSA directory F:/Ian_Jung/workplace/Harman_Vitis/mblaze_multifunction_fan_hw/hw
TRACE::2023-11-28.16:37:51::SCWPlatform:: Platform Path F:/Ian_Jung/workplace/Harman_Vitis/mblaze_multifunction_fan_hw/hw/mblaze_Multifunction_Fan.xsa
TRACE::2023-11-28.16:37:51::SCWPlatform:: Unique name xilinx:basys3::0.0
TRACE::2023-11-28.16:37:51::SCWPlatform::Trying to set the existing hwdb with name mblaze_Multifunction_Fan_wrapper_1
TRACE::2023-11-28.16:37:51::SCWPlatform::Opened existing hwdb mblaze_Multifunction_Fan_wrapper_1
TRACE::2023-11-28.16:37:51::SCWPlatform::Found the Hw Db part of the input DSA
TRACE::2023-11-28.16:37:51::SCWMssOS::Checking the sw design at  F:/Ian_Jung/workplace/Harman_Vitis/mblaze_multifunction_fan_hw/microblaze_0/standalone_domain/bsp/system.mss
TRACE::2023-11-28.16:37:51::SCWMssOS::DEBUG:  swdes dump  F:/Ian_Jung/workplace/Harman_Vitis/mblaze_multifunction_fan_hw/microblaze_0/standalone_domain/bsp/system.mss|system||

TRACE::2023-11-28.16:37:51::SCWMssOS::Sw design exists and opened at  F:/Ian_Jung/workplace/Harman_Vitis/mblaze_multifunction_fan_hw/microblaze_0/standalone_domain/bsp/system.mss
