
*** Running vivado
    with args -log mblaze_PWM_1000x_myip_PWM_1000x_0_0.vds -m64 -product Vivado -mode batch -messageDb vivado.pb -notrace -source mblaze_PWM_1000x_myip_PWM_1000x_0_0.tcl


****** Vivado v2019.2 (64-bit)
  **** SW Build 2708876 on Wed Nov  6 21:40:23 MST 2019
  **** IP Build 2700528 on Thu Nov  7 00:09:20 MST 2019
    ** Copyright 1986-2019 Xilinx, Inc. All Rights Reserved.

source mblaze_PWM_1000x_myip_PWM_1000x_0_0.tcl -notrace
INFO: [IP_Flow 19-234] Refreshing IP repositories
INFO: [IP_Flow 19-1700] Loaded user IP repository 'f:/Ian_Jung/workplace/cora_z7/cora_cpu_2019/ip_repo/myip_PWM_1000x_1.0'.
INFO: [IP_Flow 19-1700] Loaded user IP repository 'f:/Ian_Jung/workplace/cora_z7/cora_cpu_2019/ip_repo/myip_PWM_1.0'.
INFO: [IP_Flow 19-1700] Loaded user IP repository 'f:/Ian_Jung/workplace/cora_z7/cora_cpu_2019/ip_repo/myip_FND_cntr_1.0'.
INFO: [IP_Flow 19-2313] Loaded Vivado IP repository 'F:/Vivado/2019.2/data/ip'.
WARNING: [IP_Flow 19-4995] The host OS only allows 260 characters in a normal path. The IP cache path is more than 80 characters. If you experience issues with IP caching, please consider changing the IP cache to a location with a shorter path. Alternately consider using the OS subst command to map part of the path to a drive letter. 
Current IP cache path is f:/Ian_Jung/workplace/cora_z7/cora_cpu_2019/Basys3_Microblaze_real/Basys3_Microblaze_real.cache/ip 
Command: synth_design -top mblaze_PWM_1000x_myip_PWM_1000x_0_0 -part xc7a35tcpg236-1 -mode out_of_context
Starting synth_design
Attempting to get a license for feature 'Synthesis' and/or device 'xc7a35t'
INFO: [Common 17-349] Got license for feature 'Synthesis' and/or device 'xc7a35t'
INFO: [Device 21-403] Loading part xc7a35tcpg236-1
INFO: Launching helper process for spawning children vivado processes
INFO: Helper process launched with PID 17964 
---------------------------------------------------------------------------------
Starting RTL Elaboration : Time (s): cpu = 00:00:04 ; elapsed = 00:00:04 . Memory (MB): peak = 1003.637 ; gain = 234.453
---------------------------------------------------------------------------------
INFO: [Synth 8-6157] synthesizing module 'mblaze_PWM_1000x_myip_PWM_1000x_0_0' [f:/Ian_Jung/workplace/cora_z7/cora_cpu_2019/Basys3_Microblaze_real/Basys3_Microblaze_real.srcs/sources_1/bd/mblaze_PWM_1000x/ip/mblaze_PWM_1000x_myip_PWM_1000x_0_0/synth/mblaze_PWM_1000x_myip_PWM_1000x_0_0.v:57]
INFO: [Synth 8-6157] synthesizing module 'myip_PWM_1000x_v1_0' [f:/Ian_Jung/workplace/cora_z7/cora_cpu_2019/Basys3_Microblaze_real/Basys3_Microblaze_real.srcs/sources_1/bd/mblaze_PWM_1000x/ipshared/287f/hdl/myip_PWM_1000x_v1_0.v:4]
	Parameter C_S00_AXI_DATA_WIDTH bound to: 32 - type: integer 
	Parameter C_S00_AXI_ADDR_WIDTH bound to: 5 - type: integer 
INFO: [Synth 8-6157] synthesizing module 'myip_PWM_1000x_v1_0_S00_AXI' [f:/Ian_Jung/workplace/cora_z7/cora_cpu_2019/Basys3_Microblaze_real/Basys3_Microblaze_real.srcs/sources_1/bd/mblaze_PWM_1000x/ipshared/287f/hdl/myip_PWM_1000x_v1_0_S00_AXI.v:4]
	Parameter C_S_AXI_DATA_WIDTH bound to: 32 - type: integer 
	Parameter C_S_AXI_ADDR_WIDTH bound to: 5 - type: integer 
	Parameter ADDR_LSB bound to: 2 - type: integer 
	Parameter OPT_MEM_ADDR_BITS bound to: 2 - type: integer 
INFO: [Synth 8-226] default block is never used [f:/Ian_Jung/workplace/cora_z7/cora_cpu_2019/Basys3_Microblaze_real/Basys3_Microblaze_real.srcs/sources_1/bd/mblaze_PWM_1000x/ipshared/287f/hdl/myip_PWM_1000x_v1_0_S00_AXI.v:239]
INFO: [Synth 8-226] default block is never used [f:/Ian_Jung/workplace/cora_z7/cora_cpu_2019/Basys3_Microblaze_real/Basys3_Microblaze_real.srcs/sources_1/bd/mblaze_PWM_1000x/ipshared/287f/hdl/myip_PWM_1000x_v1_0_S00_AXI.v:412]
INFO: [Synth 8-6157] synthesizing module 'PWM_1000' [f:/Ian_Jung/workplace/cora_z7/cora_cpu_2019/Basys3_Microblaze_real/Basys3_Microblaze_real.srcs/sources_1/bd/mblaze_PWM_1000x/ipshared/287f/src/PWM_100x.v:94]
	Parameter sys_clk_freq bound to: 100000000 - type: integer 
INFO: [Synth 8-6157] synthesizing module 'edge_detector_p' [f:/Ian_Jung/workplace/cora_z7/cora_cpu_2019/Basys3_Microblaze_real/Basys3_Microblaze_real.srcs/sources_1/bd/mblaze_PWM_1000x/ipshared/287f/src/exam02_sequential_logic.v:306]
INFO: [Synth 8-6155] done synthesizing module 'edge_detector_p' (1#1) [f:/Ian_Jung/workplace/cora_z7/cora_cpu_2019/Basys3_Microblaze_real/Basys3_Microblaze_real.srcs/sources_1/bd/mblaze_PWM_1000x/ipshared/287f/src/exam02_sequential_logic.v:306]
WARNING: [Synth 8-7023] instance 'edg' of module 'edge_detector_p' has 5 connections declared, but only 4 given [f:/Ian_Jung/workplace/cora_z7/cora_cpu_2019/Basys3_Microblaze_real/Basys3_Microblaze_real.srcs/sources_1/bd/mblaze_PWM_1000x/ipshared/287f/src/PWM_100x.v:134]
INFO: [Synth 8-6155] done synthesizing module 'PWM_1000' (2#1) [f:/Ian_Jung/workplace/cora_z7/cora_cpu_2019/Basys3_Microblaze_real/Basys3_Microblaze_real.srcs/sources_1/bd/mblaze_PWM_1000x/ipshared/287f/src/PWM_100x.v:94]
INFO: [Synth 8-6155] done synthesizing module 'myip_PWM_1000x_v1_0_S00_AXI' (3#1) [f:/Ian_Jung/workplace/cora_z7/cora_cpu_2019/Basys3_Microblaze_real/Basys3_Microblaze_real.srcs/sources_1/bd/mblaze_PWM_1000x/ipshared/287f/hdl/myip_PWM_1000x_v1_0_S00_AXI.v:4]
INFO: [Synth 8-6155] done synthesizing module 'myip_PWM_1000x_v1_0' (4#1) [f:/Ian_Jung/workplace/cora_z7/cora_cpu_2019/Basys3_Microblaze_real/Basys3_Microblaze_real.srcs/sources_1/bd/mblaze_PWM_1000x/ipshared/287f/hdl/myip_PWM_1000x_v1_0.v:4]
INFO: [Synth 8-6155] done synthesizing module 'mblaze_PWM_1000x_myip_PWM_1000x_0_0' (5#1) [f:/Ian_Jung/workplace/cora_z7/cora_cpu_2019/Basys3_Microblaze_real/Basys3_Microblaze_real.srcs/sources_1/bd/mblaze_PWM_1000x/ip/mblaze_PWM_1000x_myip_PWM_1000x_0_0/synth/mblaze_PWM_1000x_myip_PWM_1000x_0_0.v:57]
WARNING: [Synth 8-3331] design myip_PWM_1000x_v1_0_S00_AXI has unconnected port S_AXI_AWPROT[2]
WARNING: [Synth 8-3331] design myip_PWM_1000x_v1_0_S00_AXI has unconnected port S_AXI_AWPROT[1]
WARNING: [Synth 8-3331] design myip_PWM_1000x_v1_0_S00_AXI has unconnected port S_AXI_AWPROT[0]
WARNING: [Synth 8-3331] design myip_PWM_1000x_v1_0_S00_AXI has unconnected port S_AXI_ARPROT[2]
WARNING: [Synth 8-3331] design myip_PWM_1000x_v1_0_S00_AXI has unconnected port S_AXI_ARPROT[1]
WARNING: [Synth 8-3331] design myip_PWM_1000x_v1_0_S00_AXI has unconnected port S_AXI_ARPROT[0]
---------------------------------------------------------------------------------
Finished RTL Elaboration : Time (s): cpu = 00:00:05 ; elapsed = 00:00:05 . Memory (MB): peak = 1079.320 ; gain = 310.137
---------------------------------------------------------------------------------

Report Check Netlist: 
+------+------------------+-------+---------+-------+------------------+
|      |Item              |Errors |Warnings |Status |Description       |
+------+------------------+-------+---------+-------+------------------+
|1     |multi_driven_nets |      0|        0|Passed |Multi driven nets |
+------+------------------+-------+---------+-------+------------------+
---------------------------------------------------------------------------------
Start Handling Custom Attributes
---------------------------------------------------------------------------------
---------------------------------------------------------------------------------
Finished Handling Custom Attributes : Time (s): cpu = 00:00:05 ; elapsed = 00:00:06 . Memory (MB): peak = 1079.320 ; gain = 310.137
---------------------------------------------------------------------------------
---------------------------------------------------------------------------------
Finished RTL Optimization Phase 1 : Time (s): cpu = 00:00:05 ; elapsed = 00:00:06 . Memory (MB): peak = 1079.320 ; gain = 310.137
---------------------------------------------------------------------------------
Netlist sorting complete. Time (s): cpu = 00:00:00 ; elapsed = 00:00:00.011 . Memory (MB): peak = 1079.320 ; gain = 0.000
INFO: [Project 1-570] Preparing netlist for logic optimization

Processing XDC Constraints
Initializing timing engine
Completed Processing XDC Constraints

Netlist sorting complete. Time (s): cpu = 00:00:00 ; elapsed = 00:00:00 . Memory (MB): peak = 1147.320 ; gain = 0.000
INFO: [Project 1-111] Unisim Transformation Summary:
No Unisim elements were transformed.

WARNING: [Constraints 18-5210] No constraints selected for write.
Resolution: This message can indicate that there are no constraints for the design, or it can indicate that the used_in flags are set such that the constraints are ignored. This later case is used when running synth_design to not write synthesis constraints to the resulting checkpoint. Instead, project constraints are read when the synthesized design is opened.
Constraint Validation Runtime : Time (s): cpu = 00:00:00 ; elapsed = 00:00:00.061 . Memory (MB): peak = 1149.391 ; gain = 2.070
---------------------------------------------------------------------------------
Finished Constraint Validation : Time (s): cpu = 00:00:11 ; elapsed = 00:00:11 . Memory (MB): peak = 1149.391 ; gain = 380.207
---------------------------------------------------------------------------------
---------------------------------------------------------------------------------
Start Loading Part and Timing Information
---------------------------------------------------------------------------------
Loading part: xc7a35tcpg236-1
---------------------------------------------------------------------------------
Finished Loading Part and Timing Information : Time (s): cpu = 00:00:11 ; elapsed = 00:00:11 . Memory (MB): peak = 1149.391 ; gain = 380.207
---------------------------------------------------------------------------------
---------------------------------------------------------------------------------
Start Applying 'set_property' XDC Constraints
---------------------------------------------------------------------------------
---------------------------------------------------------------------------------
Finished applying 'set_property' XDC Constraints : Time (s): cpu = 00:00:11 ; elapsed = 00:00:11 . Memory (MB): peak = 1149.391 ; gain = 380.207
---------------------------------------------------------------------------------
---------------------------------------------------------------------------------
Finished RTL Optimization Phase 2 : Time (s): cpu = 00:00:11 ; elapsed = 00:00:12 . Memory (MB): peak = 1149.391 ; gain = 380.207
---------------------------------------------------------------------------------

Report RTL Partitions: 
+-+--------------+------------+----------+
| |RTL Partition |Replication |Instances |
+-+--------------+------------+----------+
+-+--------------+------------+----------+
---------------------------------------------------------------------------------
Start RTL Component Statistics 
---------------------------------------------------------------------------------
Detailed RTL Component Info : 
+---Adders : 
	   2 Input     10 Bit       Adders := 1     
+---Registers : 
	               32 Bit    Registers := 9     
	               10 Bit    Registers := 1     
	                5 Bit    Registers := 2     
	                2 Bit    Registers := 2     
	                1 Bit    Registers := 10    
+---Muxes : 
	   2 Input     32 Bit        Muxes := 8     
	   8 Input     32 Bit        Muxes := 8     
	   2 Input     10 Bit        Muxes := 1     
	   2 Input      1 Bit        Muxes := 5     
---------------------------------------------------------------------------------
Finished RTL Component Statistics 
---------------------------------------------------------------------------------
---------------------------------------------------------------------------------
Start RTL Hierarchical Component Statistics 
---------------------------------------------------------------------------------
Hierarchical RTL Component report 
Module edge_detector_p 
Detailed RTL Component Info : 
+---Registers : 
	                1 Bit    Registers := 2     
Module PWM_1000 
Detailed RTL Component Info : 
+---Adders : 
	   2 Input     10 Bit       Adders := 1     
+---Registers : 
	               10 Bit    Registers := 1     
	                1 Bit    Registers := 2     
+---Muxes : 
	   2 Input     10 Bit        Muxes := 1     
Module myip_PWM_1000x_v1_0_S00_AXI 
Detailed RTL Component Info : 
+---Registers : 
	               32 Bit    Registers := 9     
	                5 Bit    Registers := 2     
	                2 Bit    Registers := 2     
	                1 Bit    Registers := 6     
+---Muxes : 
	   2 Input     32 Bit        Muxes := 8     
	   8 Input     32 Bit        Muxes := 8     
	   2 Input      1 Bit        Muxes := 5     
---------------------------------------------------------------------------------
Finished RTL Hierarchical Component Statistics
---------------------------------------------------------------------------------
---------------------------------------------------------------------------------
Start Part Resource Summary
---------------------------------------------------------------------------------
Part Resources:
DSPs: 90 (col length:60)
BRAMs: 100 (col length: RAMB18 60 RAMB36 30)
---------------------------------------------------------------------------------
Finished Part Resource Summary
---------------------------------------------------------------------------------
---------------------------------------------------------------------------------
Start Cross Boundary and Area Optimization
---------------------------------------------------------------------------------
Warning: Parallel synthesis criteria is not met 
WARNING: [Synth 8-3331] design myip_PWM_1000x_v1_0_S00_AXI has unconnected port S_AXI_AWPROT[2]
WARNING: [Synth 8-3331] design myip_PWM_1000x_v1_0_S00_AXI has unconnected port S_AXI_AWPROT[1]
WARNING: [Synth 8-3331] design myip_PWM_1000x_v1_0_S00_AXI has unconnected port S_AXI_AWPROT[0]
WARNING: [Synth 8-3331] design myip_PWM_1000x_v1_0_S00_AXI has unconnected port S_AXI_ARPROT[2]
WARNING: [Synth 8-3331] design myip_PWM_1000x_v1_0_S00_AXI has unconnected port S_AXI_ARPROT[1]
WARNING: [Synth 8-3331] design myip_PWM_1000x_v1_0_S00_AXI has unconnected port S_AXI_ARPROT[0]
INFO: [Synth 8-3886] merging instance 'inst/myip_PWM_1000x_v1_0_S00_AXI_inst/axi_rresp_reg[0]' (FDRE) to 'inst/myip_PWM_1000x_v1_0_S00_AXI_inst/axi_rresp_reg[1]'
INFO: [Synth 8-3333] propagating constant 0 across sequential element (\inst/myip_PWM_1000x_v1_0_S00_AXI_inst/axi_rresp_reg[1] )
INFO: [Synth 8-3886] merging instance 'inst/myip_PWM_1000x_v1_0_S00_AXI_inst/axi_bresp_reg[0]' (FDRE) to 'inst/myip_PWM_1000x_v1_0_S00_AXI_inst/axi_bresp_reg[1]'
INFO: [Synth 8-3333] propagating constant 0 across sequential element (\inst/myip_PWM_1000x_v1_0_S00_AXI_inst/axi_bresp_reg[1] )
---------------------------------------------------------------------------------
Finished Cross Boundary and Area Optimization : Time (s): cpu = 00:00:14 ; elapsed = 00:00:15 . Memory (MB): peak = 1149.391 ; gain = 380.207
---------------------------------------------------------------------------------

Report RTL Partitions: 
+-+--------------+------------+----------+
| |RTL Partition |Replication |Instances |
+-+--------------+------------+----------+
+-+--------------+------------+----------+
---------------------------------------------------------------------------------
Start Applying XDC Timing Constraints
---------------------------------------------------------------------------------
---------------------------------------------------------------------------------
Finished Applying XDC Timing Constraints : Time (s): cpu = 00:00:22 ; elapsed = 00:00:22 . Memory (MB): peak = 1151.309 ; gain = 382.125
---------------------------------------------------------------------------------
---------------------------------------------------------------------------------
Start Timing Optimization
---------------------------------------------------------------------------------
---------------------------------------------------------------------------------
Finished Timing Optimization : Time (s): cpu = 00:00:22 ; elapsed = 00:00:22 . Memory (MB): peak = 1152.129 ; gain = 382.945
---------------------------------------------------------------------------------

Report RTL Partitions: 
+-+--------------+------------+----------+
| |RTL Partition |Replication |Instances |
+-+--------------+------------+----------+
+-+--------------+------------+----------+
---------------------------------------------------------------------------------
Start Technology Mapping
---------------------------------------------------------------------------------
---------------------------------------------------------------------------------
Finished Technology Mapping : Time (s): cpu = 00:00:22 ; elapsed = 00:00:23 . Memory (MB): peak = 1166.289 ; gain = 397.105
---------------------------------------------------------------------------------

Report RTL Partitions: 
+-+--------------+------------+----------+
| |RTL Partition |Replication |Instances |
+-+--------------+------------+----------+
+-+--------------+------------+----------+
---------------------------------------------------------------------------------
Start IO Insertion
---------------------------------------------------------------------------------
---------------------------------------------------------------------------------
Start Flattening Before IO Insertion
---------------------------------------------------------------------------------
---------------------------------------------------------------------------------
Finished Flattening Before IO Insertion
---------------------------------------------------------------------------------
---------------------------------------------------------------------------------
Start Final Netlist Cleanup
---------------------------------------------------------------------------------
---------------------------------------------------------------------------------
Finished Final Netlist Cleanup
---------------------------------------------------------------------------------
---------------------------------------------------------------------------------
Finished IO Insertion : Time (s): cpu = 00:00:26 ; elapsed = 00:00:27 . Memory (MB): peak = 1181.098 ; gain = 411.914
---------------------------------------------------------------------------------
---------------------------------------------------------------------------------
Start Renaming Generated Instances
---------------------------------------------------------------------------------
---------------------------------------------------------------------------------
Finished Renaming Generated Instances : Time (s): cpu = 00:00:26 ; elapsed = 00:00:27 . Memory (MB): peak = 1181.098 ; gain = 411.914
---------------------------------------------------------------------------------

Report RTL Partitions: 
+-+--------------+------------+----------+
| |RTL Partition |Replication |Instances |
+-+--------------+------------+----------+
+-+--------------+------------+----------+

Report Check Netlist: 
+------+------------------+-------+---------+-------+------------------+
|      |Item              |Errors |Warnings |Status |Description       |
+------+------------------+-------+---------+-------+------------------+
|1     |multi_driven_nets |      0|        0|Passed |Multi driven nets |
+------+------------------+-------+---------+-------+------------------+
---------------------------------------------------------------------------------
Start Rebuilding User Hierarchy
---------------------------------------------------------------------------------
---------------------------------------------------------------------------------
Finished Rebuilding User Hierarchy : Time (s): cpu = 00:00:26 ; elapsed = 00:00:27 . Memory (MB): peak = 1181.098 ; gain = 411.914
---------------------------------------------------------------------------------
---------------------------------------------------------------------------------
Start Renaming Generated Ports
---------------------------------------------------------------------------------
---------------------------------------------------------------------------------
Finished Renaming Generated Ports : Time (s): cpu = 00:00:26 ; elapsed = 00:00:27 . Memory (MB): peak = 1181.098 ; gain = 411.914
---------------------------------------------------------------------------------
---------------------------------------------------------------------------------
Start Handling Custom Attributes
---------------------------------------------------------------------------------
---------------------------------------------------------------------------------
Finished Handling Custom Attributes : Time (s): cpu = 00:00:26 ; elapsed = 00:00:27 . Memory (MB): peak = 1181.098 ; gain = 411.914
---------------------------------------------------------------------------------
---------------------------------------------------------------------------------
Start Renaming Generated Nets
---------------------------------------------------------------------------------
---------------------------------------------------------------------------------
Finished Renaming Generated Nets : Time (s): cpu = 00:00:26 ; elapsed = 00:00:27 . Memory (MB): peak = 1181.098 ; gain = 411.914
---------------------------------------------------------------------------------
---------------------------------------------------------------------------------
Start Writing Synthesis Report
---------------------------------------------------------------------------------

Report BlackBoxes: 
+-+--------------+----------+
| |BlackBox name |Instances |
+-+--------------+----------+
+-+--------------+----------+

Report Cell Usage: 
+------+-------+------+
|      |Cell   |Count |
+------+-------+------+
|1     |CARRY4 |   161|
|2     |LUT1   |    31|
|3     |LUT2   |   152|
|4     |LUT3   |   415|
|5     |LUT4   |    77|
|6     |LUT5   |    64|
|7     |LUT6   |   120|
|8     |MUXF7  |    32|
|9     |FDCE   |    41|
|10    |FDRE   |   299|
|11    |FDSE   |     1|
+------+-------+------+

Report Instance Areas: 
+------+-------------------------------------+----------------------------+------+
|      |Instance                             |Module                      |Cells |
+------+-------------------------------------+----------------------------+------+
|1     |top                                  |                            |  1393|
|2     |  inst                               |myip_PWM_1000x_v1_0         |  1393|
|3     |    myip_PWM_1000x_v1_0_S00_AXI_inst |myip_PWM_1000x_v1_0_S00_AXI |  1389|
|4     |      pwm1000                        |PWM_1000                    |   950|
|5     |        edg                          |edge_detector_p             |     4|
+------+-------------------------------------+----------------------------+------+
---------------------------------------------------------------------------------
Finished Writing Synthesis Report : Time (s): cpu = 00:00:26 ; elapsed = 00:00:27 . Memory (MB): peak = 1181.098 ; gain = 411.914
---------------------------------------------------------------------------------
Synthesis finished with 0 errors, 0 critical warnings and 6 warnings.
Synthesis Optimization Runtime : Time (s): cpu = 00:00:20 ; elapsed = 00:00:26 . Memory (MB): peak = 1181.098 ; gain = 341.844
Synthesis Optimization Complete : Time (s): cpu = 00:00:27 ; elapsed = 00:00:27 . Memory (MB): peak = 1181.098 ; gain = 411.914
INFO: [Project 1-571] Translating synthesized netlist
Netlist sorting complete. Time (s): cpu = 00:00:00 ; elapsed = 00:00:00.014 . Memory (MB): peak = 1183.664 ; gain = 0.000
INFO: [Netlist 29-17] Analyzing 193 Unisim elements for replacement
INFO: [Netlist 29-28] Unisim Transformation completed in 0 CPU seconds
INFO: [Project 1-570] Preparing netlist for logic optimization
INFO: [Opt 31-138] Pushed 0 inverter(s) to 0 load pin(s).
Netlist sorting complete. Time (s): cpu = 00:00:00 ; elapsed = 00:00:00.001 . Memory (MB): peak = 1192.309 ; gain = 0.000
INFO: [Project 1-111] Unisim Transformation Summary:
No Unisim elements were transformed.

INFO: [Common 17-83] Releasing license: Synthesis
32 Infos, 15 Warnings, 0 Critical Warnings and 0 Errors encountered.
synth_design completed successfully
synth_design: Time (s): cpu = 00:00:32 ; elapsed = 00:00:33 . Memory (MB): peak = 1192.309 ; gain = 688.840
Netlist sorting complete. Time (s): cpu = 00:00:00 ; elapsed = 00:00:00 . Memory (MB): peak = 1192.309 ; gain = 0.000
WARNING: [Constraints 18-5210] No constraints selected for write.
Resolution: This message can indicate that there are no constraints for the design, or it can indicate that the used_in flags are set such that the constraints are ignored. This later case is used when running synth_design to not write synthesis constraints to the resulting checkpoint. Instead, project constraints are read when the synthesized design is opened.
INFO: [Common 17-1381] The checkpoint 'F:/Ian_Jung/workplace/cora_z7/cora_cpu_2019/Basys3_Microblaze_real/Basys3_Microblaze_real.runs/mblaze_PWM_1000x_myip_PWM_1000x_0_0_synth_1/mblaze_PWM_1000x_myip_PWM_1000x_0_0.dcp' has been generated.
WARNING: [Common 17-576] 'use_project_ipc' is deprecated. This option is deprecated and no longer used.
INFO: [Coretcl 2-1648] Added synthesis output to IP cache for IP mblaze_PWM_1000x_myip_PWM_1000x_0_0, cache-ID = 5c63504b3e9af120
INFO: [Coretcl 2-1174] Renamed 4 cell refs.
Netlist sorting complete. Time (s): cpu = 00:00:00 ; elapsed = 00:00:00.001 . Memory (MB): peak = 1192.309 ; gain = 0.000
WARNING: [Constraints 18-5210] No constraints selected for write.
Resolution: This message can indicate that there are no constraints for the design, or it can indicate that the used_in flags are set such that the constraints are ignored. This later case is used when running synth_design to not write synthesis constraints to the resulting checkpoint. Instead, project constraints are read when the synthesized design is opened.
INFO: [Common 17-1381] The checkpoint 'F:/Ian_Jung/workplace/cora_z7/cora_cpu_2019/Basys3_Microblaze_real/Basys3_Microblaze_real.runs/mblaze_PWM_1000x_myip_PWM_1000x_0_0_synth_1/mblaze_PWM_1000x_myip_PWM_1000x_0_0.dcp' has been generated.
INFO: [runtcl-4] Executing : report_utilization -file mblaze_PWM_1000x_myip_PWM_1000x_0_0_utilization_synth.rpt -pb mblaze_PWM_1000x_myip_PWM_1000x_0_0_utilization_synth.pb
INFO: [Common 17-206] Exiting Vivado at Tue Nov 21 15:55:09 2023...
