TRACE::2023-11-22.12:43:24::SCWPlatform::Trying to open the hw design at F:/Ian_Jung/workplace/Harman_Vitis/mblaze_DHT11_w/hw/mblaze_DHT11.xsa
TRACE::2023-11-22.12:43:24::SCWPlatform::DSA given F:/Ian_Jung/workplace/Harman_Vitis/mblaze_DHT11_w/hw/mblaze_DHT11.xsa
TRACE::2023-11-22.12:43:24::SCWPlatform::DSA absoulate path F:/Ian_Jung/workplace/Harman_Vitis/mblaze_DHT11_w/hw/mblaze_DHT11.xsa
TRACE::2023-11-22.12:43:24::SCWPlatform::DSA directory F:/Ian_Jung/workplace/Harman_Vitis/mblaze_DHT11_w/hw
TRACE::2023-11-22.12:43:24::SCWPlatform:: Platform Path F:/Ian_Jung/workplace/Harman_Vitis/mblaze_DHT11_w/hw/mblaze_DHT11.xsa
TRACE::2023-11-22.12:43:24::SCWPlatform:: Unique name xilinx:basys3::0.0
TRACE::2023-11-22.12:43:24::SCWPlatform::Do not have an existing db opened. 
TRACE::2023-11-22.12:43:24::SCWPlatform::Opened new HwDB with name mblaze_DHT11_wrapper_0
TRACE::2023-11-22.12:43:24::SCWWriter::formatted JSON is {
	"platformName":	"mblaze_DHT11_w",
	"sprVersion":	"2.0",
	"mode":	"gui",
	"dsaType":	"Fixed",
	"platformDesc":	"mblaze_DHT11_w",
	"platHandOff":	"F:/Ian_Jung/workplace/cora_z7/cora_cpu_2019/Basys3_Microblaze_real/mblaze_DHT11.xsa",
	"platIntHandOff":	"<platformDir>/hw/mblaze_DHT11.xsa",
	"deviceType":	"FPGA",
	"platIsPrebuiltAutogen":	"false",
	"platIsNoBootBsp":	"false",
	"hasFsblMakeHasChanges":	"false",
	"hasPmufwMakeHasChanges":	"false",
	"platPreBuiltFlag":	false,
	"platformSamplesDir":	""
}
TRACE::2023-11-22.12:43:24::SCWWriter::formatted JSON is {
	"platformName":	"mblaze_DHT11_w",
	"sprVersion":	"2.0",
	"mode":	"gui",
	"dsaType":	"Fixed",
	"platformDesc":	"mblaze_DHT11_w",
	"platHandOff":	"F:/Ian_Jung/workplace/cora_z7/cora_cpu_2019/Basys3_Microblaze_real/mblaze_DHT11.xsa",
	"platIntHandOff":	"<platformDir>/hw/mblaze_DHT11.xsa",
	"deviceType":	"FPGA",
	"platIsPrebuiltAutogen":	"false",
	"platIsNoBootBsp":	"false",
	"hasFsblMakeHasChanges":	"false",
	"hasPmufwMakeHasChanges":	"false",
	"platPreBuiltFlag":	false,
	"platformSamplesDir":	"",
	"platActiveSys":	"mblaze_DHT11_w",
	"systems":	[{
			"systemName":	"mblaze_DHT11_w",
			"systemDesc":	"mblaze_DHT11_w",
			"sysIsBootAutoGen":	"true",
			"systemDispName":	"mblaze_DHT11_w"
		}]
}
TRACE::2023-11-22.12:43:24::SCWPlatform::Boot application domains not present, creating them
TRACE::2023-11-22.12:43:24::SCWPlatform::Pure FPGA device, no boot application will be created.
TRACE::2023-11-22.12:43:24::SCWWriter::formatted JSON is {
	"platformName":	"mblaze_DHT11_w",
	"sprVersion":	"2.0",
	"mode":	"gui",
	"dsaType":	"Fixed",
	"platformDesc":	"mblaze_DHT11_w",
	"platHandOff":	"F:/Ian_Jung/workplace/cora_z7/cora_cpu_2019/Basys3_Microblaze_real/mblaze_DHT11.xsa",
	"platIntHandOff":	"<platformDir>/hw/mblaze_DHT11.xsa",
	"deviceType":	"FPGA",
	"platIsPrebuiltAutogen":	"false",
	"platIsNoBootBsp":	"false",
	"hasFsblMakeHasChanges":	"false",
	"hasPmufwMakeHasChanges":	"false",
	"platPreBuiltFlag":	false,
	"platformSamplesDir":	"",
	"platActiveSys":	"mblaze_DHT11_w",
	"systems":	[{
			"systemName":	"mblaze_DHT11_w",
			"systemDesc":	"mblaze_DHT11_w",
			"sysIsBootAutoGen":	"true",
			"systemDispName":	"mblaze_DHT11_w"
		}]
}
TRACE::2023-11-22.12:43:24::SCWPlatform::Trying to open the hw design at F:/Ian_Jung/workplace/Harman_Vitis/mblaze_DHT11_w/hw/mblaze_DHT11.xsa
TRACE::2023-11-22.12:43:24::SCWPlatform::DSA given F:/Ian_Jung/workplace/Harman_Vitis/mblaze_DHT11_w/hw/mblaze_DHT11.xsa
TRACE::2023-11-22.12:43:24::SCWPlatform::DSA absoulate path F:/Ian_Jung/workplace/Harman_Vitis/mblaze_DHT11_w/hw/mblaze_DHT11.xsa
TRACE::2023-11-22.12:43:24::SCWPlatform::DSA directory F:/Ian_Jung/workplace/Harman_Vitis/mblaze_DHT11_w/hw
TRACE::2023-11-22.12:43:24::SCWPlatform:: Platform Path F:/Ian_Jung/workplace/Harman_Vitis/mblaze_DHT11_w/hw/mblaze_DHT11.xsa
TRACE::2023-11-22.12:43:24::SCWPlatform:: Unique name xilinx:basys3::0.0
TRACE::2023-11-22.12:43:24::SCWPlatform::Trying to set the existing hwdb with name mblaze_DHT11_wrapper_0
TRACE::2023-11-22.12:43:24::SCWPlatform::Opened existing hwdb mblaze_DHT11_wrapper_0
TRACE::2023-11-22.12:43:24::SCWPlatform::Found the Hw Db part of the input DSA
TRACE::2023-11-22.12:43:24::SCWDomain::checking for install qemu data   : 
TRACE::2023-11-22.12:43:24::SCWPlatform::Trying to open the hw design at F:/Ian_Jung/workplace/Harman_Vitis/mblaze_DHT11_w/hw/mblaze_DHT11.xsa
TRACE::2023-11-22.12:43:24::SCWPlatform::DSA given F:/Ian_Jung/workplace/Harman_Vitis/mblaze_DHT11_w/hw/mblaze_DHT11.xsa
TRACE::2023-11-22.12:43:24::SCWPlatform::DSA absoulate path F:/Ian_Jung/workplace/Harman_Vitis/mblaze_DHT11_w/hw/mblaze_DHT11.xsa
TRACE::2023-11-22.12:43:24::SCWPlatform::DSA directory F:/Ian_Jung/workplace/Harman_Vitis/mblaze_DHT11_w/hw
TRACE::2023-11-22.12:43:24::SCWPlatform:: Platform Path F:/Ian_Jung/workplace/Harman_Vitis/mblaze_DHT11_w/hw/mblaze_DHT11.xsa
TRACE::2023-11-22.12:43:24::SCWPlatform:: Unique name xilinx:basys3::0.0
TRACE::2023-11-22.12:43:24::SCWPlatform::Trying to set the existing hwdb with name mblaze_DHT11_wrapper_0
TRACE::2023-11-22.12:43:24::SCWPlatform::Opened existing hwdb mblaze_DHT11_wrapper_0
TRACE::2023-11-22.12:43:24::SCWPlatform::Found the Hw Db part of the input DSA
TRACE::2023-11-22.12:43:24::SCWPlatform::Trying to open the hw design at F:/Ian_Jung/workplace/Harman_Vitis/mblaze_DHT11_w/hw/mblaze_DHT11.xsa
TRACE::2023-11-22.12:43:24::SCWPlatform::DSA given F:/Ian_Jung/workplace/Harman_Vitis/mblaze_DHT11_w/hw/mblaze_DHT11.xsa
TRACE::2023-11-22.12:43:24::SCWPlatform::DSA absoulate path F:/Ian_Jung/workplace/Harman_Vitis/mblaze_DHT11_w/hw/mblaze_DHT11.xsa
TRACE::2023-11-22.12:43:24::SCWPlatform::DSA directory F:/Ian_Jung/workplace/Harman_Vitis/mblaze_DHT11_w/hw
TRACE::2023-11-22.12:43:24::SCWPlatform:: Platform Path F:/Ian_Jung/workplace/Harman_Vitis/mblaze_DHT11_w/hw/mblaze_DHT11.xsa
TRACE::2023-11-22.12:43:24::SCWPlatform:: Unique name xilinx:basys3::0.0
TRACE::2023-11-22.12:43:24::SCWPlatform::Trying to set the existing hwdb with name mblaze_DHT11_wrapper_0
TRACE::2023-11-22.12:43:24::SCWPlatform::Opened existing hwdb mblaze_DHT11_wrapper_0
TRACE::2023-11-22.12:43:24::SCWPlatform::Found the Hw Db part of the input DSA
TRACE::2023-11-22.12:43:24::SCWMssOS::Checking the sw design at  F:/Ian_Jung/workplace/Harman_Vitis/mblaze_DHT11_w/microblaze_0/standalone_domain/bsp/system.mss
TRACE::2023-11-22.12:43:24::SCWMssOS::DEBUG:  swdes dump  F:/Ian_Jung/workplace/Harman_Vitis/mblaze_UltraSonic_hw/microblaze_0/standalone_domain/bsp/system.mss|system||

TRACE::2023-11-22.12:43:24::SCWMssOS::No sw design opened at  F:/Ian_Jung/workplace/Harman_Vitis/mblaze_DHT11_w/microblaze_0/standalone_domain/bsp/system.mss
TRACE::2023-11-22.12:43:24::SCWMssOS::mss does not exists at F:/Ian_Jung/workplace/Harman_Vitis/mblaze_DHT11_w/microblaze_0/standalone_domain/bsp/system.mss
TRACE::2023-11-22.12:43:24::SCWMssOS::Creating sw design at  F:/Ian_Jung/workplace/Harman_Vitis/mblaze_DHT11_w/microblaze_0/standalone_domain/bsp/system.mss
TRACE::2023-11-22.12:43:24::SCWMssOS::Adding the swdes entry, created swdb F:/Ian_Jung/workplace/Harman_Vitis/mblaze_DHT11_w/microblaze_0/standalone_domain/bsp/system.mss with des name F:/Ian_Jung/workplace/Harman_Vitis/mblaze_DHT11_w/microblaze_0/standalone_domain/bsp/system.mss
TRACE::2023-11-22.12:43:24::SCWMssOS::updating the scw layer changes to swdes at   F:/Ian_Jung/workplace/Harman_Vitis/mblaze_DHT11_w/microblaze_0/standalone_domain/bsp/system.mss
TRACE::2023-11-22.12:43:24::SCWMssOS::Writing mss at F:/Ian_Jung/workplace/Harman_Vitis/mblaze_DHT11_w/microblaze_0/standalone_domain/bsp/system.mss
TRACE::2023-11-22.12:43:24::SCWMssOS::Completed writing the mss file at F:/Ian_Jung/workplace/Harman_Vitis/mblaze_DHT11_w/microblaze_0/standalone_domain/bsp
TRACE::2023-11-22.12:43:24::SCWMssOS::Picking up changes from newly written mss file into SCW Layer. 
TRACE::2023-11-22.12:43:24::SCWMssOS::Updated the changes from newly written mss file into SCW Layer. 
TRACE::2023-11-22.12:43:24::SCWPlatform::Trying to open the hw design at F:/Ian_Jung/workplace/Harman_Vitis/mblaze_DHT11_w/hw/mblaze_DHT11.xsa
TRACE::2023-11-22.12:43:24::SCWPlatform::DSA given F:/Ian_Jung/workplace/Harman_Vitis/mblaze_DHT11_w/hw/mblaze_DHT11.xsa
TRACE::2023-11-22.12:43:24::SCWPlatform::DSA absoulate path F:/Ian_Jung/workplace/Harman_Vitis/mblaze_DHT11_w/hw/mblaze_DHT11.xsa
TRACE::2023-11-22.12:43:24::SCWPlatform::DSA directory F:/Ian_Jung/workplace/Harman_Vitis/mblaze_DHT11_w/hw
TRACE::2023-11-22.12:43:24::SCWPlatform:: Platform Path F:/Ian_Jung/workplace/Harman_Vitis/mblaze_DHT11_w/hw/mblaze_DHT11.xsa
TRACE::2023-11-22.12:43:24::SCWPlatform:: Unique name xilinx:basys3::0.0
TRACE::2023-11-22.12:43:24::SCWPlatform::Trying to set the existing hwdb with name mblaze_DHT11_wrapper_0
TRACE::2023-11-22.12:43:24::SCWPlatform::Opened existing hwdb mblaze_DHT11_wrapper_0
TRACE::2023-11-22.12:43:24::SCWPlatform::Found the Hw Db part of the input DSA
TRACE::2023-11-22.12:43:24::SCWMssOS::Checking the sw design at  F:/Ian_Jung/workplace/Harman_Vitis/mblaze_DHT11_w/microblaze_0/standalone_domain/bsp/system.mss
TRACE::2023-11-22.12:43:24::SCWMssOS::DEBUG:  swdes dump  F:/Ian_Jung/workplace/Harman_Vitis/mblaze_DHT11_w/microblaze_0/standalone_domain/bsp/system.mss|F:/Ian_Jung/workplace/Harman_Vitis/mblaze_DHT11_w/microblaze_0/standalone_domain/bsp/system.mss||
F:/Ian_Jung/workplace/Harman_Vitis/mblaze_UltraSonic_hw/microblaze_0/standalone_domain/bsp/system.mss|system||

TRACE::2023-11-22.12:43:24::SCWMssOS::Sw design exists and opened at  F:/Ian_Jung/workplace/Harman_Vitis/mblaze_DHT11_w/microblaze_0/standalone_domain/bsp/system.mss
TRACE::2023-11-22.12:43:24::SCWPlatform::Trying to open the hw design at F:/Ian_Jung/workplace/Harman_Vitis/mblaze_DHT11_w/hw/mblaze_DHT11.xsa
TRACE::2023-11-22.12:43:24::SCWPlatform::DSA given F:/Ian_Jung/workplace/Harman_Vitis/mblaze_DHT11_w/hw/mblaze_DHT11.xsa
TRACE::2023-11-22.12:43:24::SCWPlatform::DSA absoulate path F:/Ian_Jung/workplace/Harman_Vitis/mblaze_DHT11_w/hw/mblaze_DHT11.xsa
TRACE::2023-11-22.12:43:24::SCWPlatform::DSA directory F:/Ian_Jung/workplace/Harman_Vitis/mblaze_DHT11_w/hw
TRACE::2023-11-22.12:43:24::SCWPlatform:: Platform Path F:/Ian_Jung/workplace/Harman_Vitis/mblaze_DHT11_w/hw/mblaze_DHT11.xsa
TRACE::2023-11-22.12:43:24::SCWPlatform:: Unique name xilinx:basys3::0.0
TRACE::2023-11-22.12:43:24::SCWPlatform::Trying to set the existing hwdb with name mblaze_DHT11_wrapper_0
TRACE::2023-11-22.12:43:24::SCWPlatform::Opened existing hwdb mblaze_DHT11_wrapper_0
TRACE::2023-11-22.12:43:24::SCWPlatform::Found the Hw Db part of the input DSA
TRACE::2023-11-22.12:43:24::SCWMssOS::Checking the sw design at  F:/Ian_Jung/workplace/Harman_Vitis/mblaze_DHT11_w/microblaze_0/standalone_domain/bsp/system.mss
TRACE::2023-11-22.12:43:24::SCWMssOS::DEBUG:  swdes dump  F:/Ian_Jung/workplace/Harman_Vitis/mblaze_DHT11_w/microblaze_0/standalone_domain/bsp/system.mss|F:/Ian_Jung/workplace/Harman_Vitis/mblaze_DHT11_w/microblaze_0/standalone_domain/bsp/system.mss||
F:/Ian_Jung/workplace/Harman_Vitis/mblaze_UltraSonic_hw/microblaze_0/standalone_domain/bsp/system.mss|system||

TRACE::2023-11-22.12:43:24::SCWMssOS::Sw design exists and opened at  F:/Ian_Jung/workplace/Harman_Vitis/mblaze_DHT11_w/microblaze_0/standalone_domain/bsp/system.mss
TRACE::2023-11-22.12:43:24::SCWPlatform::Trying to open the hw design at F:/Ian_Jung/workplace/Harman_Vitis/mblaze_DHT11_w/hw/mblaze_DHT11.xsa
TRACE::2023-11-22.12:43:24::SCWPlatform::DSA given F:/Ian_Jung/workplace/Harman_Vitis/mblaze_DHT11_w/hw/mblaze_DHT11.xsa
TRACE::2023-11-22.12:43:24::SCWPlatform::DSA absoulate path F:/Ian_Jung/workplace/Harman_Vitis/mblaze_DHT11_w/hw/mblaze_DHT11.xsa
TRACE::2023-11-22.12:43:24::SCWPlatform::DSA directory F:/Ian_Jung/workplace/Harman_Vitis/mblaze_DHT11_w/hw
TRACE::2023-11-22.12:43:24::SCWPlatform:: Platform Path F:/Ian_Jung/workplace/Harman_Vitis/mblaze_DHT11_w/hw/mblaze_DHT11.xsa
TRACE::2023-11-22.12:43:24::SCWPlatform:: Unique name xilinx:basys3::0.0
TRACE::2023-11-22.12:43:24::SCWPlatform::Trying to set the existing hwdb with name mblaze_DHT11_wrapper_0
TRACE::2023-11-22.12:43:24::SCWPlatform::Opened existing hwdb mblaze_DHT11_wrapper_0
TRACE::2023-11-22.12:43:24::SCWPlatform::Found the Hw Db part of the input DSA
TRACE::2023-11-22.12:43:24::SCWMssOS::Checking the sw design at  F:/Ian_Jung/workplace/Harman_Vitis/mblaze_DHT11_w/microblaze_0/standalone_domain/bsp/system.mss
TRACE::2023-11-22.12:43:24::SCWMssOS::DEBUG:  swdes dump  F:/Ian_Jung/workplace/Harman_Vitis/mblaze_DHT11_w/microblaze_0/standalone_domain/bsp/system.mss|F:/Ian_Jung/workplace/Harman_Vitis/mblaze_DHT11_w/microblaze_0/standalone_domain/bsp/system.mss||
F:/Ian_Jung/workplace/Harman_Vitis/mblaze_UltraSonic_hw/microblaze_0/standalone_domain/bsp/system.mss|system||

TRACE::2023-11-22.12:43:24::SCWMssOS::Sw design exists and opened at  F:/Ian_Jung/workplace/Harman_Vitis/mblaze_DHT11_w/microblaze_0/standalone_domain/bsp/system.mss
TRACE::2023-11-22.12:43:24::SCWWriter::formatted JSON is {
	"platformName":	"mblaze_DHT11_w",
	"sprVersion":	"2.0",
	"mode":	"gui",
	"dsaType":	"Fixed",
	"platformDesc":	"mblaze_DHT11_w",
	"platHandOff":	"F:/Ian_Jung/workplace/cora_z7/cora_cpu_2019/Basys3_Microblaze_real/mblaze_DHT11.xsa",
	"platIntHandOff":	"<platformDir>/hw/mblaze_DHT11.xsa",
	"deviceType":	"FPGA",
	"platIsPrebuiltAutogen":	"false",
	"platIsNoBootBsp":	"false",
	"hasFsblMakeHasChanges":	"false",
	"hasPmufwMakeHasChanges":	"false",
	"platPreBuiltFlag":	false,
	"platformSamplesDir":	"",
	"platActiveSys":	"mblaze_DHT11_w",
	"systems":	[{
			"systemName":	"mblaze_DHT11_w",
			"systemDesc":	"mblaze_DHT11_w",
			"sysIsBootAutoGen":	"true",
			"systemDispName":	"mblaze_DHT11_w",
			"sysActiveDom":	"standalone_domain",
			"sysDefaultDom":	"standalone_domain",
			"domains":	[{
					"domainName":	"standalone_domain",
					"domainDispName":	"standalone_domain",
					"domainDesc":	"standalone_domain",
					"processors":	"microblaze_0",
					"os":	"standalone",
					"sdxOs":	"standalone",
					"debugEnable":	"False",
					"domRuntimes":	["cpp"],
					"swRepo":	"",
					"mssOsVer":	"7.1",
					"mssFile":	"",
					"md5Digest":	"",
					"compatibleApp":	"",
					"domType":	"mssDomain",
					"appSettings":	{
						"appCompilerFlags":	"",
						"appLinkerFlags":	""
					},
					"addedLibs":	[],
					"libOptions":	{
						"libsContainingOptions":	[]
					},
					"prebuiltLibs":	{
						"prebuiltIncPath":	[],
						"prebuiltLibPath":	[]
					},
					"isolation":	{
					}
				}]
		}]
}
TRACE::2023-11-22.12:43:24::SCWPlatform::Trying to open the hw design at F:/Ian_Jung/workplace/Harman_Vitis/mblaze_DHT11_w/hw/mblaze_DHT11.xsa
TRACE::2023-11-22.12:43:24::SCWPlatform::DSA given F:/Ian_Jung/workplace/Harman_Vitis/mblaze_DHT11_w/hw/mblaze_DHT11.xsa
TRACE::2023-11-22.12:43:24::SCWPlatform::DSA absoulate path F:/Ian_Jung/workplace/Harman_Vitis/mblaze_DHT11_w/hw/mblaze_DHT11.xsa
TRACE::2023-11-22.12:43:24::SCWPlatform::DSA directory F:/Ian_Jung/workplace/Harman_Vitis/mblaze_DHT11_w/hw
TRACE::2023-11-22.12:43:24::SCWPlatform:: Platform Path F:/Ian_Jung/workplace/Harman_Vitis/mblaze_DHT11_w/hw/mblaze_DHT11.xsa
TRACE::2023-11-22.12:43:24::SCWPlatform:: Unique name xilinx:basys3::0.0
TRACE::2023-11-22.12:43:24::SCWPlatform::Trying to set the existing hwdb with name mblaze_DHT11_wrapper_0
TRACE::2023-11-22.12:43:24::SCWPlatform::Opened existing hwdb mblaze_DHT11_wrapper_0
TRACE::2023-11-22.12:43:24::SCWPlatform::Found the Hw Db part of the input DSA
TRACE::2023-11-22.12:43:24::SCWMssOS::Checking the sw design at  F:/Ian_Jung/workplace/Harman_Vitis/mblaze_DHT11_w/microblaze_0/standalone_domain/bsp/system.mss
TRACE::2023-11-22.12:43:24::SCWMssOS::DEBUG:  swdes dump  F:/Ian_Jung/workplace/Harman_Vitis/mblaze_DHT11_w/microblaze_0/standalone_domain/bsp/system.mss|F:/Ian_Jung/workplace/Harman_Vitis/mblaze_DHT11_w/microblaze_0/standalone_domain/bsp/system.mss||
F:/Ian_Jung/workplace/Harman_Vitis/mblaze_UltraSonic_hw/microblaze_0/standalone_domain/bsp/system.mss|system||

TRACE::2023-11-22.12:43:24::SCWMssOS::Sw design exists and opened at  F:/Ian_Jung/workplace/Harman_Vitis/mblaze_DHT11_w/microblaze_0/standalone_domain/bsp/system.mss
TRACE::2023-11-22.12:43:24::SCWMssOS::Completed writing the mss file at F:/Ian_Jung/workplace/Harman_Vitis/mblaze_DHT11_w/microblaze_0/standalone_domain/bsp
TRACE::2023-11-22.12:43:24::SCWMssOS::Forcing BSP Sources regeneration.
LOG::2023-11-22.12:43:25::SCWPlatform::Started generating the artifacts platform mblaze_DHT11_w
TRACE::2023-11-22.12:43:25::SCWPlatform::Sanity checking of platform is completed
LOG::2023-11-22.12:43:25::SCWPlatform::Started generating the artifacts for system configuration mblaze_DHT11_w
LOG::2023-11-22.12:43:25::SCWSystem::Checking the domain standalone_domain
LOG::2023-11-22.12:43:25::SCWSystem::Not a boot domain 
LOG::2023-11-22.12:43:25::SCWSystem::Started Processing the domain standalone_domain
TRACE::2023-11-22.12:43:25::SCWDomain::Generating domain artifcats
TRACE::2023-11-22.12:43:25::SCWMssOS::Generating standalone artifcats
TRACE::2023-11-22.12:43:25::SCWMssOS:: Copying the user libraries. 
TRACE::2023-11-22.12:43:25::SCWPlatform::Trying to open the hw design at F:/Ian_Jung/workplace/Harman_Vitis/mblaze_DHT11_w/hw/mblaze_DHT11.xsa
TRACE::2023-11-22.12:43:25::SCWPlatform::DSA given F:/Ian_Jung/workplace/Harman_Vitis/mblaze_DHT11_w/hw/mblaze_DHT11.xsa
TRACE::2023-11-22.12:43:25::SCWPlatform::DSA absoulate path F:/Ian_Jung/workplace/Harman_Vitis/mblaze_DHT11_w/hw/mblaze_DHT11.xsa
TRACE::2023-11-22.12:43:25::SCWPlatform::DSA directory F:/Ian_Jung/workplace/Harman_Vitis/mblaze_DHT11_w/hw
TRACE::2023-11-22.12:43:25::SCWPlatform:: Platform Path F:/Ian_Jung/workplace/Harman_Vitis/mblaze_DHT11_w/hw/mblaze_DHT11.xsa
TRACE::2023-11-22.12:43:25::SCWPlatform:: Unique name xilinx:basys3::0.0
TRACE::2023-11-22.12:43:25::SCWPlatform::Trying to set the existing hwdb with name mblaze_DHT11_wrapper_0
TRACE::2023-11-22.12:43:25::SCWPlatform::Opened existing hwdb mblaze_DHT11_wrapper_0
TRACE::2023-11-22.12:43:25::SCWPlatform::Found the Hw Db part of the input DSA
TRACE::2023-11-22.12:43:25::SCWMssOS::Checking the sw design at  F:/Ian_Jung/workplace/Harman_Vitis/mblaze_DHT11_w/microblaze_0/standalone_domain/bsp/system.mss
TRACE::2023-11-22.12:43:25::SCWMssOS::DEBUG:  swdes dump  F:/Ian_Jung/workplace/Harman_Vitis/mblaze_DHT11_w/microblaze_0/standalone_domain/bsp/system.mss|F:/Ian_Jung/workplace/Harman_Vitis/mblaze_DHT11_w/microblaze_0/standalone_domain/bsp/system.mss||
F:/Ian_Jung/workplace/Harman_Vitis/mblaze_UltraSonic_hw/microblaze_0/standalone_domain/bsp/system.mss|system||

KEYINFO::2023-11-22.12:43:25::SCWMssOS::Could not open the swdb for F:/Ian_Jung/workplace/Harman_Vitis/mblaze_DHT11_w/microblaze_0/standalone_domain/bsp/system.mss
KEYINFO::2023-11-22.12:43:25::SCWMssOS::Could not open the sw design at  F:/Ian_Jung/workplace/Harman_Vitis/mblaze_DHT11_w/microblaze_0/standalone_domain/bsp/system.mss
ERROR: [Hsi 55-1558] Software Design F:/Ian_Jung/workplace/Harman_Vitis/mblaze_DHT11_w/microblaze_0/standalone_domain/bsp/system.mss is not found

TRACE::2023-11-22.12:43:25::SCWMssOS::Cleared the swdb table entry
TRACE::2023-11-22.12:43:25::SCWMssOS::No sw design opened at  F:/Ian_Jung/workplace/Harman_Vitis/mblaze_DHT11_w/microblaze_0/standalone_domain/bsp/system.mss
TRACE::2023-11-22.12:43:25::SCWMssOS::mss exists loading the mss file  F:/Ian_Jung/workplace/Harman_Vitis/mblaze_DHT11_w/microblaze_0/standalone_domain/bsp/system.mss
TRACE::2023-11-22.12:43:25::SCWMssOS::Opened the sw design from mss  F:/Ian_Jung/workplace/Harman_Vitis/mblaze_DHT11_w/microblaze_0/standalone_domain/bsp/system.mss
TRACE::2023-11-22.12:43:25::SCWMssOS::Adding the swdes entry F:/Ian_Jung/workplace/Harman_Vitis/mblaze_DHT11_w/microblaze_0/standalone_domain/bsp/system.mss with des name system_0
TRACE::2023-11-22.12:43:25::SCWMssOS::updating the scw layer about changes
TRACE::2023-11-22.12:43:25::SCWMssOS::Opened the sw design.  F:/Ian_Jung/workplace/Harman_Vitis/mblaze_DHT11_w/microblaze_0/standalone_domain/bsp/system.mss
TRACE::2023-11-22.12:43:25::SCWMssOS::Completed writing the mss file at F:/Ian_Jung/workplace/Harman_Vitis/mblaze_DHT11_w/microblaze_0/standalone_domain/bsp
TRACE::2023-11-22.12:43:25::SCWMssOS::Mss edits present, copying mssfile into export location F:/Ian_Jung/workplace/Harman_Vitis/mblaze_DHT11_w/microblaze_0/standalone_domain/bsp/system.mss
TRACE::2023-11-22.12:43:25::SCWMssOS::bsp generated is upto date with the mss file. Skipping bsp generation.
TRACE::2023-11-22.12:43:25::SCWMssOS::BSP is already built. skipping the bsp build ... 
TRACE::2023-11-22.12:43:25::SCWDomain::Skipping the build for domain :  standalone_domain
TRACE::2023-11-22.12:43:26::SCWMssOS::skipping the bsp build ... 
TRACE::2023-11-22.12:43:26::SCWMssOS::Copying to export directory.
TRACE::2023-11-22.12:43:26::SCWMssOS:: Checking if to create the Supporting Applications
TRACE::2023-11-22.12:43:26::SCWMssOS:: No Linux domain exists, trying to generate FSBL 
LOG::2023-11-22.12:43:26::SCWSystem::Completed Processing the domain standalone_domain
LOG::2023-11-22.12:43:26::SCWSystem::Completed Processing the sysconfig mblaze_DHT11_w
LOG::2023-11-22.12:43:26::SCWPlatform::Completed generating the artifacts for system configuration mblaze_DHT11_w
TRACE::2023-11-22.12:43:26::SCWPlatform::Started preparing the platform 
TRACE::2023-11-22.12:43:26::SCWSystem::Writing the bif file for system config mblaze_DHT11_w
TRACE::2023-11-22.12:43:26::SCWSystem::dir created 
TRACE::2023-11-22.12:43:26::SCWSystem::Writing the bif 
TRACE::2023-11-22.12:43:26::SCWPlatform::Started writing the spfm file 
TRACE::2023-11-22.12:43:26::SCWPlatform::Started writing the xpfm file 
TRACE::2023-11-22.12:43:26::SCWPlatform::Completed generating the platform
TRACE::2023-11-22.12:43:26::SCWPlatform::Trying to open the hw design at F:/Ian_Jung/workplace/Harman_Vitis/mblaze_DHT11_w/hw/mblaze_DHT11.xsa
TRACE::2023-11-22.12:43:26::SCWPlatform::DSA given F:/Ian_Jung/workplace/Harman_Vitis/mblaze_DHT11_w/hw/mblaze_DHT11.xsa
TRACE::2023-11-22.12:43:26::SCWPlatform::DSA absoulate path F:/Ian_Jung/workplace/Harman_Vitis/mblaze_DHT11_w/hw/mblaze_DHT11.xsa
TRACE::2023-11-22.12:43:26::SCWPlatform::DSA directory F:/Ian_Jung/workplace/Harman_Vitis/mblaze_DHT11_w/hw
TRACE::2023-11-22.12:43:26::SCWPlatform:: Platform Path F:/Ian_Jung/workplace/Harman_Vitis/mblaze_DHT11_w/hw/mblaze_DHT11.xsa
TRACE::2023-11-22.12:43:26::SCWPlatform:: Unique name xilinx:basys3::0.0
TRACE::2023-11-22.12:43:26::SCWPlatform::Trying to set the existing hwdb with name mblaze_DHT11_wrapper_0
TRACE::2023-11-22.12:43:26::SCWPlatform::Opened existing hwdb mblaze_DHT11_wrapper_0
TRACE::2023-11-22.12:43:26::SCWPlatform::Found the Hw Db part of the input DSA
TRACE::2023-11-22.12:43:26::SCWMssOS::Checking the sw design at  F:/Ian_Jung/workplace/Harman_Vitis/mblaze_DHT11_w/microblaze_0/standalone_domain/bsp/system.mss
TRACE::2023-11-22.12:43:26::SCWMssOS::DEBUG:  swdes dump  F:/Ian_Jung/workplace/Harman_Vitis/mblaze_DHT11_w/microblaze_0/standalone_domain/bsp/system.mss|system_0||
F:/Ian_Jung/workplace/Harman_Vitis/mblaze_UltraSonic_hw/microblaze_0/standalone_domain/bsp/system.mss|system||

TRACE::2023-11-22.12:43:26::SCWMssOS::Sw design exists and opened at  F:/Ian_Jung/workplace/Harman_Vitis/mblaze_DHT11_w/microblaze_0/standalone_domain/bsp/system.mss
TRACE::2023-11-22.12:43:26::SCWPlatform::Trying to open the hw design at F:/Ian_Jung/workplace/Harman_Vitis/mblaze_DHT11_w/hw/mblaze_DHT11.xsa
TRACE::2023-11-22.12:43:26::SCWPlatform::DSA given F:/Ian_Jung/workplace/Harman_Vitis/mblaze_DHT11_w/hw/mblaze_DHT11.xsa
TRACE::2023-11-22.12:43:26::SCWPlatform::DSA absoulate path F:/Ian_Jung/workplace/Harman_Vitis/mblaze_DHT11_w/hw/mblaze_DHT11.xsa
TRACE::2023-11-22.12:43:26::SCWPlatform::DSA directory F:/Ian_Jung/workplace/Harman_Vitis/mblaze_DHT11_w/hw
TRACE::2023-11-22.12:43:26::SCWPlatform:: Platform Path F:/Ian_Jung/workplace/Harman_Vitis/mblaze_DHT11_w/hw/mblaze_DHT11.xsa
TRACE::2023-11-22.12:43:26::SCWPlatform:: Unique name xilinx:basys3::0.0
TRACE::2023-11-22.12:43:26::SCWPlatform::Trying to set the existing hwdb with name mblaze_DHT11_wrapper_0
TRACE::2023-11-22.12:43:26::SCWPlatform::Opened existing hwdb mblaze_DHT11_wrapper_0
TRACE::2023-11-22.12:43:26::SCWPlatform::Found the Hw Db part of the input DSA
TRACE::2023-11-22.12:43:26::SCWMssOS::Checking the sw design at  F:/Ian_Jung/workplace/Harman_Vitis/mblaze_DHT11_w/microblaze_0/standalone_domain/bsp/system.mss
TRACE::2023-11-22.12:43:26::SCWMssOS::DEBUG:  swdes dump  F:/Ian_Jung/workplace/Harman_Vitis/mblaze_DHT11_w/microblaze_0/standalone_domain/bsp/system.mss|system_0||
F:/Ian_Jung/workplace/Harman_Vitis/mblaze_UltraSonic_hw/microblaze_0/standalone_domain/bsp/system.mss|system||

TRACE::2023-11-22.12:43:26::SCWMssOS::Sw design exists and opened at  F:/Ian_Jung/workplace/Harman_Vitis/mblaze_DHT11_w/microblaze_0/standalone_domain/bsp/system.mss
TRACE::2023-11-22.12:43:26::SCWPlatform::Trying to open the hw design at F:/Ian_Jung/workplace/Harman_Vitis/mblaze_DHT11_w/hw/mblaze_DHT11.xsa
TRACE::2023-11-22.12:43:26::SCWPlatform::DSA given F:/Ian_Jung/workplace/Harman_Vitis/mblaze_DHT11_w/hw/mblaze_DHT11.xsa
TRACE::2023-11-22.12:43:26::SCWPlatform::DSA absoulate path F:/Ian_Jung/workplace/Harman_Vitis/mblaze_DHT11_w/hw/mblaze_DHT11.xsa
TRACE::2023-11-22.12:43:26::SCWPlatform::DSA directory F:/Ian_Jung/workplace/Harman_Vitis/mblaze_DHT11_w/hw
TRACE::2023-11-22.12:43:26::SCWPlatform:: Platform Path F:/Ian_Jung/workplace/Harman_Vitis/mblaze_DHT11_w/hw/mblaze_DHT11.xsa
TRACE::2023-11-22.12:43:26::SCWPlatform:: Unique name xilinx:basys3::0.0
TRACE::2023-11-22.12:43:26::SCWPlatform::Trying to set the existing hwdb with name mblaze_DHT11_wrapper_0
TRACE::2023-11-22.12:43:26::SCWPlatform::Opened existing hwdb mblaze_DHT11_wrapper_0
TRACE::2023-11-22.12:43:26::SCWPlatform::Found the Hw Db part of the input DSA
TRACE::2023-11-22.12:43:26::SCWMssOS::Checking the sw design at  F:/Ian_Jung/workplace/Harman_Vitis/mblaze_DHT11_w/microblaze_0/standalone_domain/bsp/system.mss
TRACE::2023-11-22.12:43:26::SCWMssOS::DEBUG:  swdes dump  F:/Ian_Jung/workplace/Harman_Vitis/mblaze_DHT11_w/microblaze_0/standalone_domain/bsp/system.mss|system_0||
F:/Ian_Jung/workplace/Harman_Vitis/mblaze_UltraSonic_hw/microblaze_0/standalone_domain/bsp/system.mss|system||

TRACE::2023-11-22.12:43:26::SCWMssOS::Sw design exists and opened at  F:/Ian_Jung/workplace/Harman_Vitis/mblaze_DHT11_w/microblaze_0/standalone_domain/bsp/system.mss
TRACE::2023-11-22.12:43:26::SCWWriter::formatted JSON is {
	"platformName":	"mblaze_DHT11_w",
	"sprVersion":	"2.0",
	"mode":	"gui",
	"dsaType":	"Fixed",
	"platformDesc":	"mblaze_DHT11_w",
	"platHandOff":	"F:/Ian_Jung/workplace/cora_z7/cora_cpu_2019/Basys3_Microblaze_real/mblaze_DHT11.xsa",
	"platIntHandOff":	"<platformDir>/hw/mblaze_DHT11.xsa",
	"deviceType":	"FPGA",
	"platIsPrebuiltAutogen":	"false",
	"platIsNoBootBsp":	"false",
	"hasFsblMakeHasChanges":	"false",
	"hasPmufwMakeHasChanges":	"false",
	"platPreBuiltFlag":	false,
	"platformSamplesDir":	"",
	"platActiveSys":	"mblaze_DHT11_w",
	"systems":	[{
			"systemName":	"mblaze_DHT11_w",
			"systemDesc":	"mblaze_DHT11_w",
			"sysIsBootAutoGen":	"true",
			"systemDispName":	"mblaze_DHT11_w",
			"sysActiveDom":	"standalone_domain",
			"sysDefaultDom":	"standalone_domain",
			"domains":	[{
					"domainName":	"standalone_domain",
					"domainDispName":	"standalone_domain",
					"domainDesc":	"standalone_domain",
					"processors":	"microblaze_0",
					"os":	"standalone",
					"sdxOs":	"standalone",
					"debugEnable":	"False",
					"domRuntimes":	["cpp"],
					"swRepo":	"",
					"mssOsVer":	"7.1",
					"mssFile":	"",
					"md5Digest":	"1ad4ce935fb027ee8254c8d7cdcf3e74",
					"compatibleApp":	"",
					"domType":	"mssDomain",
					"appSettings":	{
						"appCompilerFlags":	"",
						"appLinkerFlags":	""
					},
					"addedLibs":	[],
					"libOptions":	{
						"libsContainingOptions":	[]
					},
					"prebuiltLibs":	{
						"prebuiltIncPath":	[],
						"prebuiltLibPath":	[]
					},
					"isolation":	{
					}
				}]
		}]
}
KEYINFO::2023-11-22.12:43:26::SCWPlatform::updated the xpfm file.
TRACE::2023-11-22.12:43:26::SCWPlatform::Trying to open the hw design at F:/Ian_Jung/workplace/Harman_Vitis/mblaze_DHT11_w/hw/mblaze_DHT11.xsa
TRACE::2023-11-22.12:43:26::SCWPlatform::DSA given F:/Ian_Jung/workplace/Harman_Vitis/mblaze_DHT11_w/hw/mblaze_DHT11.xsa
TRACE::2023-11-22.12:43:26::SCWPlatform::DSA absoulate path F:/Ian_Jung/workplace/Harman_Vitis/mblaze_DHT11_w/hw/mblaze_DHT11.xsa
TRACE::2023-11-22.12:43:26::SCWPlatform::DSA directory F:/Ian_Jung/workplace/Harman_Vitis/mblaze_DHT11_w/hw
TRACE::2023-11-22.12:43:26::SCWPlatform:: Platform Path F:/Ian_Jung/workplace/Harman_Vitis/mblaze_DHT11_w/hw/mblaze_DHT11.xsa
TRACE::2023-11-22.12:43:26::SCWPlatform:: Unique name xilinx:basys3::0.0
TRACE::2023-11-22.12:43:26::SCWPlatform::Trying to set the existing hwdb with name mblaze_DHT11_wrapper_0
TRACE::2023-11-22.12:43:26::SCWPlatform::Opened existing hwdb mblaze_DHT11_wrapper_0
TRACE::2023-11-22.12:43:26::SCWPlatform::Found the Hw Db part of the input DSA
TRACE::2023-11-22.12:43:26::SCWMssOS::Checking the sw design at  F:/Ian_Jung/workplace/Harman_Vitis/mblaze_DHT11_w/microblaze_0/standalone_domain/bsp/system.mss
TRACE::2023-11-22.12:43:26::SCWMssOS::DEBUG:  swdes dump  F:/Ian_Jung/workplace/Harman_Vitis/mblaze_DHT11_w/microblaze_0/standalone_domain/bsp/system.mss|system_0||
F:/Ian_Jung/workplace/Harman_Vitis/mblaze_UltraSonic_hw/microblaze_0/standalone_domain/bsp/system.mss|system||

TRACE::2023-11-22.12:43:26::SCWMssOS::Sw design exists and opened at  F:/Ian_Jung/workplace/Harman_Vitis/mblaze_DHT11_w/microblaze_0/standalone_domain/bsp/system.mss
TRACE::2023-11-22.12:43:26::SCWPlatform::Trying to open the hw design at F:/Ian_Jung/workplace/Harman_Vitis/mblaze_DHT11_w/hw/mblaze_DHT11.xsa
TRACE::2023-11-22.12:43:26::SCWPlatform::DSA given F:/Ian_Jung/workplace/Harman_Vitis/mblaze_DHT11_w/hw/mblaze_DHT11.xsa
TRACE::2023-11-22.12:43:26::SCWPlatform::DSA absoulate path F:/Ian_Jung/workplace/Harman_Vitis/mblaze_DHT11_w/hw/mblaze_DHT11.xsa
TRACE::2023-11-22.12:43:26::SCWPlatform::DSA directory F:/Ian_Jung/workplace/Harman_Vitis/mblaze_DHT11_w/hw
TRACE::2023-11-22.12:43:26::SCWPlatform:: Platform Path F:/Ian_Jung/workplace/Harman_Vitis/mblaze_DHT11_w/hw/mblaze_DHT11.xsa
TRACE::2023-11-22.12:43:26::SCWPlatform:: Unique name xilinx:basys3::0.0
TRACE::2023-11-22.12:43:26::SCWPlatform::Trying to set the existing hwdb with name mblaze_DHT11_wrapper_0
TRACE::2023-11-22.12:43:26::SCWPlatform::Opened existing hwdb mblaze_DHT11_wrapper_0
TRACE::2023-11-22.12:43:26::SCWPlatform::Found the Hw Db part of the input DSA
TRACE::2023-11-22.12:43:26::SCWMssOS::Checking the sw design at  F:/Ian_Jung/workplace/Harman_Vitis/mblaze_DHT11_w/microblaze_0/standalone_domain/bsp/system.mss
TRACE::2023-11-22.12:43:26::SCWMssOS::DEBUG:  swdes dump  F:/Ian_Jung/workplace/Harman_Vitis/mblaze_DHT11_w/microblaze_0/standalone_domain/bsp/system.mss|system_0||
F:/Ian_Jung/workplace/Harman_Vitis/mblaze_UltraSonic_hw/microblaze_0/standalone_domain/bsp/system.mss|system||

TRACE::2023-11-22.12:43:26::SCWMssOS::Sw design exists and opened at  F:/Ian_Jung/workplace/Harman_Vitis/mblaze_DHT11_w/microblaze_0/standalone_domain/bsp/system.mss
TRACE::2023-11-22.12:43:26::SCWPlatform::Trying to open the hw design at F:/Ian_Jung/workplace/Harman_Vitis/mblaze_DHT11_w/hw/mblaze_DHT11.xsa
TRACE::2023-11-22.12:43:26::SCWPlatform::DSA given F:/Ian_Jung/workplace/Harman_Vitis/mblaze_DHT11_w/hw/mblaze_DHT11.xsa
TRACE::2023-11-22.12:43:26::SCWPlatform::DSA absoulate path F:/Ian_Jung/workplace/Harman_Vitis/mblaze_DHT11_w/hw/mblaze_DHT11.xsa
TRACE::2023-11-22.12:43:26::SCWPlatform::DSA directory F:/Ian_Jung/workplace/Harman_Vitis/mblaze_DHT11_w/hw
TRACE::2023-11-22.12:43:26::SCWPlatform:: Platform Path F:/Ian_Jung/workplace/Harman_Vitis/mblaze_DHT11_w/hw/mblaze_DHT11.xsa
TRACE::2023-11-22.12:43:26::SCWPlatform:: Unique name xilinx:basys3::0.0
TRACE::2023-11-22.12:43:26::SCWPlatform::Trying to set the existing hwdb with name mblaze_DHT11_wrapper_0
TRACE::2023-11-22.12:43:26::SCWPlatform::Opened existing hwdb mblaze_DHT11_wrapper_0
TRACE::2023-11-22.12:43:26::SCWPlatform::Found the Hw Db part of the input DSA
TRACE::2023-11-22.12:43:26::SCWMssOS::Checking the sw design at  F:/Ian_Jung/workplace/Harman_Vitis/mblaze_DHT11_w/microblaze_0/standalone_domain/bsp/system.mss
TRACE::2023-11-22.12:43:26::SCWMssOS::DEBUG:  swdes dump  F:/Ian_Jung/workplace/Harman_Vitis/mblaze_DHT11_w/microblaze_0/standalone_domain/bsp/system.mss|system_0||
F:/Ian_Jung/workplace/Harman_Vitis/mblaze_UltraSonic_hw/microblaze_0/standalone_domain/bsp/system.mss|system||

TRACE::2023-11-22.12:43:26::SCWMssOS::Sw design exists and opened at  F:/Ian_Jung/workplace/Harman_Vitis/mblaze_DHT11_w/microblaze_0/standalone_domain/bsp/system.mss
TRACE::2023-11-22.12:43:26::SCWPlatform::Trying to open the hw design at F:/Ian_Jung/workplace/Harman_Vitis/mblaze_DHT11_w/hw/mblaze_DHT11.xsa
TRACE::2023-11-22.12:43:26::SCWPlatform::DSA given F:/Ian_Jung/workplace/Harman_Vitis/mblaze_DHT11_w/hw/mblaze_DHT11.xsa
TRACE::2023-11-22.12:43:26::SCWPlatform::DSA absoulate path F:/Ian_Jung/workplace/Harman_Vitis/mblaze_DHT11_w/hw/mblaze_DHT11.xsa
TRACE::2023-11-22.12:43:26::SCWPlatform::DSA directory F:/Ian_Jung/workplace/Harman_Vitis/mblaze_DHT11_w/hw
TRACE::2023-11-22.12:43:26::SCWPlatform:: Platform Path F:/Ian_Jung/workplace/Harman_Vitis/mblaze_DHT11_w/hw/mblaze_DHT11.xsa
TRACE::2023-11-22.12:43:26::SCWPlatform:: Unique name xilinx:basys3::0.0
TRACE::2023-11-22.12:43:26::SCWPlatform::Trying to set the existing hwdb with name mblaze_DHT11_wrapper_0
TRACE::2023-11-22.12:43:26::SCWPlatform::Opened existing hwdb mblaze_DHT11_wrapper_0
TRACE::2023-11-22.12:43:26::SCWPlatform::Found the Hw Db part of the input DSA
TRACE::2023-11-22.12:43:26::SCWMssOS::Checking the sw design at  F:/Ian_Jung/workplace/Harman_Vitis/mblaze_DHT11_w/microblaze_0/standalone_domain/bsp/system.mss
TRACE::2023-11-22.12:43:26::SCWMssOS::DEBUG:  swdes dump  F:/Ian_Jung/workplace/Harman_Vitis/mblaze_DHT11_w/microblaze_0/standalone_domain/bsp/system.mss|system_0||
F:/Ian_Jung/workplace/Harman_Vitis/mblaze_UltraSonic_hw/microblaze_0/standalone_domain/bsp/system.mss|system||

TRACE::2023-11-22.12:43:26::SCWMssOS::Sw design exists and opened at  F:/Ian_Jung/workplace/Harman_Vitis/mblaze_DHT11_w/microblaze_0/standalone_domain/bsp/system.mss
TRACE::2023-11-22.12:43:26::SCWWriter::formatted JSON is {
	"platformName":	"mblaze_DHT11_w",
	"sprVersion":	"2.0",
	"mode":	"gui",
	"dsaType":	"Fixed",
	"platformDesc":	"mblaze_DHT11_w",
	"platHandOff":	"F:/Ian_Jung/workplace/cora_z7/cora_cpu_2019/Basys3_Microblaze_real/mblaze_DHT11.xsa",
	"platIntHandOff":	"<platformDir>/hw/mblaze_DHT11.xsa",
	"deviceType":	"FPGA",
	"platIsPrebuiltAutogen":	"false",
	"platIsNoBootBsp":	"false",
	"hasFsblMakeHasChanges":	"false",
	"hasPmufwMakeHasChanges":	"false",
	"platPreBuiltFlag":	false,
	"platformSamplesDir":	"",
	"platActiveSys":	"mblaze_DHT11_w",
	"systems":	[{
			"systemName":	"mblaze_DHT11_w",
			"systemDesc":	"mblaze_DHT11_w",
			"sysIsBootAutoGen":	"true",
			"systemDispName":	"mblaze_DHT11_w",
			"sysActiveDom":	"standalone_domain",
			"sysDefaultDom":	"standalone_domain",
			"domains":	[{
					"domainName":	"standalone_domain",
					"domainDispName":	"standalone_domain",
					"domainDesc":	"standalone_domain",
					"processors":	"microblaze_0",
					"os":	"standalone",
					"sdxOs":	"standalone",
					"debugEnable":	"False",
					"domRuntimes":	["cpp"],
					"swRepo":	"",
					"mssOsVer":	"7.1",
					"mssFile":	"",
					"md5Digest":	"1ad4ce935fb027ee8254c8d7cdcf3e74",
					"compatibleApp":	"",
					"domType":	"mssDomain",
					"appSettings":	{
						"appCompilerFlags":	"",
						"appLinkerFlags":	""
					},
					"addedLibs":	[],
					"libOptions":	{
						"libsContainingOptions":	[]
					},
					"prebuiltLibs":	{
						"prebuiltIncPath":	[],
						"prebuiltLibPath":	[]
					},
					"isolation":	{
					}
				}]
		}]
}
TRACE::2023-11-22.12:43:26::SCWPlatform::Trying to open the hw design at F:/Ian_Jung/workplace/Harman_Vitis/mblaze_DHT11_w/hw/mblaze_DHT11.xsa
TRACE::2023-11-22.12:43:26::SCWPlatform::DSA given F:/Ian_Jung/workplace/Harman_Vitis/mblaze_DHT11_w/hw/mblaze_DHT11.xsa
TRACE::2023-11-22.12:43:26::SCWPlatform::DSA absoulate path F:/Ian_Jung/workplace/Harman_Vitis/mblaze_DHT11_w/hw/mblaze_DHT11.xsa
TRACE::2023-11-22.12:43:26::SCWPlatform::DSA directory F:/Ian_Jung/workplace/Harman_Vitis/mblaze_DHT11_w/hw
TRACE::2023-11-22.12:43:26::SCWPlatform:: Platform Path F:/Ian_Jung/workplace/Harman_Vitis/mblaze_DHT11_w/hw/mblaze_DHT11.xsa
TRACE::2023-11-22.12:43:26::SCWPlatform:: Unique name xilinx:basys3::0.0
TRACE::2023-11-22.12:43:26::SCWPlatform::Trying to set the existing hwdb with name mblaze_DHT11_wrapper_0
TRACE::2023-11-22.12:43:26::SCWPlatform::Opened existing hwdb mblaze_DHT11_wrapper_0
TRACE::2023-11-22.12:43:26::SCWPlatform::Found the Hw Db part of the input DSA
TRACE::2023-11-22.12:43:26::SCWMssOS::Checking the sw design at  F:/Ian_Jung/workplace/Harman_Vitis/mblaze_DHT11_w/microblaze_0/standalone_domain/bsp/system.mss
TRACE::2023-11-22.12:43:26::SCWMssOS::DEBUG:  swdes dump  F:/Ian_Jung/workplace/Harman_Vitis/mblaze_DHT11_w/microblaze_0/standalone_domain/bsp/system.mss|system_0||
F:/Ian_Jung/workplace/Harman_Vitis/mblaze_UltraSonic_hw/microblaze_0/standalone_domain/bsp/system.mss|system||

TRACE::2023-11-22.12:43:26::SCWMssOS::Sw design exists and opened at  F:/Ian_Jung/workplace/Harman_Vitis/mblaze_DHT11_w/microblaze_0/standalone_domain/bsp/system.mss
TRACE::2023-11-22.12:43:26::SCWPlatform::Trying to open the hw design at F:/Ian_Jung/workplace/Harman_Vitis/mblaze_DHT11_w/hw/mblaze_DHT11.xsa
TRACE::2023-11-22.12:43:26::SCWPlatform::DSA given F:/Ian_Jung/workplace/Harman_Vitis/mblaze_DHT11_w/hw/mblaze_DHT11.xsa
TRACE::2023-11-22.12:43:26::SCWPlatform::DSA absoulate path F:/Ian_Jung/workplace/Harman_Vitis/mblaze_DHT11_w/hw/mblaze_DHT11.xsa
TRACE::2023-11-22.12:43:26::SCWPlatform::DSA directory F:/Ian_Jung/workplace/Harman_Vitis/mblaze_DHT11_w/hw
TRACE::2023-11-22.12:43:26::SCWPlatform:: Platform Path F:/Ian_Jung/workplace/Harman_Vitis/mblaze_DHT11_w/hw/mblaze_DHT11.xsa
TRACE::2023-11-22.12:43:26::SCWPlatform:: Unique name xilinx:basys3::0.0
TRACE::2023-11-22.12:43:26::SCWPlatform::Trying to set the existing hwdb with name mblaze_DHT11_wrapper_0
TRACE::2023-11-22.12:43:26::SCWPlatform::Opened existing hwdb mblaze_DHT11_wrapper_0
TRACE::2023-11-22.12:43:26::SCWPlatform::Found the Hw Db part of the input DSA
TRACE::2023-11-22.12:43:26::SCWMssOS::Checking the sw design at  F:/Ian_Jung/workplace/Harman_Vitis/mblaze_DHT11_w/microblaze_0/standalone_domain/bsp/system.mss
TRACE::2023-11-22.12:43:26::SCWMssOS::DEBUG:  swdes dump  F:/Ian_Jung/workplace/Harman_Vitis/mblaze_DHT11_w/microblaze_0/standalone_domain/bsp/system.mss|system_0||
F:/Ian_Jung/workplace/Harman_Vitis/mblaze_UltraSonic_hw/microblaze_0/standalone_domain/bsp/system.mss|system||

TRACE::2023-11-22.12:43:26::SCWMssOS::Sw design exists and opened at  F:/Ian_Jung/workplace/Harman_Vitis/mblaze_DHT11_w/microblaze_0/standalone_domain/bsp/system.mss
TRACE::2023-11-22.12:43:26::SCWPlatform::Trying to open the hw design at F:/Ian_Jung/workplace/Harman_Vitis/mblaze_DHT11_w/hw/mblaze_DHT11.xsa
TRACE::2023-11-22.12:43:26::SCWPlatform::DSA given F:/Ian_Jung/workplace/Harman_Vitis/mblaze_DHT11_w/hw/mblaze_DHT11.xsa
TRACE::2023-11-22.12:43:26::SCWPlatform::DSA absoulate path F:/Ian_Jung/workplace/Harman_Vitis/mblaze_DHT11_w/hw/mblaze_DHT11.xsa
TRACE::2023-11-22.12:43:26::SCWPlatform::DSA directory F:/Ian_Jung/workplace/Harman_Vitis/mblaze_DHT11_w/hw
TRACE::2023-11-22.12:43:26::SCWPlatform:: Platform Path F:/Ian_Jung/workplace/Harman_Vitis/mblaze_DHT11_w/hw/mblaze_DHT11.xsa
TRACE::2023-11-22.12:43:26::SCWPlatform:: Unique name xilinx:basys3::0.0
TRACE::2023-11-22.12:43:26::SCWPlatform::Trying to set the existing hwdb with name mblaze_DHT11_wrapper_0
TRACE::2023-11-22.12:43:26::SCWPlatform::Opened existing hwdb mblaze_DHT11_wrapper_0
TRACE::2023-11-22.12:43:26::SCWPlatform::Found the Hw Db part of the input DSA
TRACE::2023-11-22.12:43:26::SCWMssOS::Checking the sw design at  F:/Ian_Jung/workplace/Harman_Vitis/mblaze_DHT11_w/microblaze_0/standalone_domain/bsp/system.mss
TRACE::2023-11-22.12:43:26::SCWMssOS::DEBUG:  swdes dump  F:/Ian_Jung/workplace/Harman_Vitis/mblaze_DHT11_w/microblaze_0/standalone_domain/bsp/system.mss|system_0||
F:/Ian_Jung/workplace/Harman_Vitis/mblaze_UltraSonic_hw/microblaze_0/standalone_domain/bsp/system.mss|system||

TRACE::2023-11-22.12:43:26::SCWMssOS::Sw design exists and opened at  F:/Ian_Jung/workplace/Harman_Vitis/mblaze_DHT11_w/microblaze_0/standalone_domain/bsp/system.mss
TRACE::2023-11-22.12:43:26::SCWPlatform::Trying to open the hw design at F:/Ian_Jung/workplace/Harman_Vitis/mblaze_DHT11_w/hw/mblaze_DHT11.xsa
TRACE::2023-11-22.12:43:26::SCWPlatform::DSA given F:/Ian_Jung/workplace/Harman_Vitis/mblaze_DHT11_w/hw/mblaze_DHT11.xsa
TRACE::2023-11-22.12:43:26::SCWPlatform::DSA absoulate path F:/Ian_Jung/workplace/Harman_Vitis/mblaze_DHT11_w/hw/mblaze_DHT11.xsa
TRACE::2023-11-22.12:43:26::SCWPlatform::DSA directory F:/Ian_Jung/workplace/Harman_Vitis/mblaze_DHT11_w/hw
TRACE::2023-11-22.12:43:26::SCWPlatform:: Platform Path F:/Ian_Jung/workplace/Harman_Vitis/mblaze_DHT11_w/hw/mblaze_DHT11.xsa
TRACE::2023-11-22.12:43:26::SCWPlatform:: Unique name xilinx:basys3::0.0
TRACE::2023-11-22.12:43:26::SCWPlatform::Trying to set the existing hwdb with name mblaze_DHT11_wrapper_0
TRACE::2023-11-22.12:43:26::SCWPlatform::Opened existing hwdb mblaze_DHT11_wrapper_0
TRACE::2023-11-22.12:43:26::SCWPlatform::Found the Hw Db part of the input DSA
TRACE::2023-11-22.12:43:26::SCWMssOS::Checking the sw design at  F:/Ian_Jung/workplace/Harman_Vitis/mblaze_DHT11_w/microblaze_0/standalone_domain/bsp/system.mss
TRACE::2023-11-22.12:43:26::SCWMssOS::DEBUG:  swdes dump  F:/Ian_Jung/workplace/Harman_Vitis/mblaze_DHT11_w/microblaze_0/standalone_domain/bsp/system.mss|system_0||
F:/Ian_Jung/workplace/Harman_Vitis/mblaze_UltraSonic_hw/microblaze_0/standalone_domain/bsp/system.mss|system||

TRACE::2023-11-22.12:43:26::SCWMssOS::Sw design exists and opened at  F:/Ian_Jung/workplace/Harman_Vitis/mblaze_DHT11_w/microblaze_0/standalone_domain/bsp/system.mss
TRACE::2023-11-22.12:43:26::SCWPlatform::Trying to open the hw design at F:/Ian_Jung/workplace/Harman_Vitis/mblaze_DHT11_w/hw/mblaze_DHT11.xsa
TRACE::2023-11-22.12:43:26::SCWPlatform::DSA given F:/Ian_Jung/workplace/Harman_Vitis/mblaze_DHT11_w/hw/mblaze_DHT11.xsa
TRACE::2023-11-22.12:43:26::SCWPlatform::DSA absoulate path F:/Ian_Jung/workplace/Harman_Vitis/mblaze_DHT11_w/hw/mblaze_DHT11.xsa
TRACE::2023-11-22.12:43:26::SCWPlatform::DSA directory F:/Ian_Jung/workplace/Harman_Vitis/mblaze_DHT11_w/hw
TRACE::2023-11-22.12:43:26::SCWPlatform:: Platform Path F:/Ian_Jung/workplace/Harman_Vitis/mblaze_DHT11_w/hw/mblaze_DHT11.xsa
TRACE::2023-11-22.12:43:26::SCWPlatform:: Unique name xilinx:basys3::0.0
TRACE::2023-11-22.12:43:26::SCWPlatform::Trying to set the existing hwdb with name mblaze_DHT11_wrapper_0
TRACE::2023-11-22.12:43:26::SCWPlatform::Opened existing hwdb mblaze_DHT11_wrapper_0
TRACE::2023-11-22.12:43:26::SCWPlatform::Found the Hw Db part of the input DSA
TRACE::2023-11-22.12:43:26::SCWMssOS::Checking the sw design at  F:/Ian_Jung/workplace/Harman_Vitis/mblaze_DHT11_w/microblaze_0/standalone_domain/bsp/system.mss
TRACE::2023-11-22.12:43:26::SCWMssOS::DEBUG:  swdes dump  F:/Ian_Jung/workplace/Harman_Vitis/mblaze_DHT11_w/microblaze_0/standalone_domain/bsp/system.mss|system_0||
F:/Ian_Jung/workplace/Harman_Vitis/mblaze_UltraSonic_hw/microblaze_0/standalone_domain/bsp/system.mss|system||

TRACE::2023-11-22.12:43:26::SCWMssOS::Sw design exists and opened at  F:/Ian_Jung/workplace/Harman_Vitis/mblaze_DHT11_w/microblaze_0/standalone_domain/bsp/system.mss
TRACE::2023-11-22.12:43:26::SCWPlatform::Trying to open the hw design at F:/Ian_Jung/workplace/Harman_Vitis/mblaze_DHT11_w/hw/mblaze_DHT11.xsa
TRACE::2023-11-22.12:43:26::SCWPlatform::DSA given F:/Ian_Jung/workplace/Harman_Vitis/mblaze_DHT11_w/hw/mblaze_DHT11.xsa
TRACE::2023-11-22.12:43:26::SCWPlatform::DSA absoulate path F:/Ian_Jung/workplace/Harman_Vitis/mblaze_DHT11_w/hw/mblaze_DHT11.xsa
TRACE::2023-11-22.12:43:26::SCWPlatform::DSA directory F:/Ian_Jung/workplace/Harman_Vitis/mblaze_DHT11_w/hw
TRACE::2023-11-22.12:43:26::SCWPlatform:: Platform Path F:/Ian_Jung/workplace/Harman_Vitis/mblaze_DHT11_w/hw/mblaze_DHT11.xsa
TRACE::2023-11-22.12:43:26::SCWPlatform:: Unique name xilinx:basys3::0.0
TRACE::2023-11-22.12:43:26::SCWPlatform::Trying to set the existing hwdb with name mblaze_DHT11_wrapper_0
TRACE::2023-11-22.12:43:26::SCWPlatform::Opened existing hwdb mblaze_DHT11_wrapper_0
TRACE::2023-11-22.12:43:26::SCWPlatform::Found the Hw Db part of the input DSA
TRACE::2023-11-22.12:43:26::SCWMssOS::Checking the sw design at  F:/Ian_Jung/workplace/Harman_Vitis/mblaze_DHT11_w/microblaze_0/standalone_domain/bsp/system.mss
TRACE::2023-11-22.12:43:26::SCWMssOS::DEBUG:  swdes dump  F:/Ian_Jung/workplace/Harman_Vitis/mblaze_DHT11_w/microblaze_0/standalone_domain/bsp/system.mss|system_0||
F:/Ian_Jung/workplace/Harman_Vitis/mblaze_UltraSonic_hw/microblaze_0/standalone_domain/bsp/system.mss|system||

TRACE::2023-11-22.12:43:26::SCWMssOS::Sw design exists and opened at  F:/Ian_Jung/workplace/Harman_Vitis/mblaze_DHT11_w/microblaze_0/standalone_domain/bsp/system.mss
TRACE::2023-11-22.12:43:26::SCWWriter::formatted JSON is {
	"platformName":	"mblaze_DHT11_w",
	"sprVersion":	"2.0",
	"mode":	"gui",
	"dsaType":	"Fixed",
	"platformDesc":	"mblaze_DHT11_w",
	"platHandOff":	"F:/Ian_Jung/workplace/cora_z7/cora_cpu_2019/Basys3_Microblaze_real/mblaze_DHT11.xsa",
	"platIntHandOff":	"<platformDir>/hw/mblaze_DHT11.xsa",
	"deviceType":	"FPGA",
	"platIsPrebuiltAutogen":	"false",
	"platIsNoBootBsp":	"false",
	"hasFsblMakeHasChanges":	"false",
	"hasPmufwMakeHasChanges":	"false",
	"platPreBuiltFlag":	false,
	"platformSamplesDir":	"",
	"platActiveSys":	"mblaze_DHT11_w",
	"systems":	[{
			"systemName":	"mblaze_DHT11_w",
			"systemDesc":	"mblaze_DHT11_w",
			"sysIsBootAutoGen":	"true",
			"systemDispName":	"mblaze_DHT11_w",
			"sysActiveDom":	"standalone_domain",
			"sysDefaultDom":	"standalone_domain",
			"domains":	[{
					"domainName":	"standalone_domain",
					"domainDispName":	"standalone on microblaze_0",
					"domainDesc":	"standalone_domain",
					"processors":	"microblaze_0",
					"os":	"standalone",
					"sdxOs":	"standalone",
					"debugEnable":	"False",
					"domRuntimes":	["cpp"],
					"swRepo":	"",
					"mssOsVer":	"7.1",
					"mssFile":	"",
					"md5Digest":	"1ad4ce935fb027ee8254c8d7cdcf3e74",
					"compatibleApp":	"",
					"domType":	"mssDomain",
					"appSettings":	{
						"appCompilerFlags":	"",
						"appLinkerFlags":	""
					},
					"addedLibs":	[],
					"libOptions":	{
						"libsContainingOptions":	[]
					},
					"prebuiltLibs":	{
						"prebuiltIncPath":	[],
						"prebuiltLibPath":	[]
					},
					"isolation":	{
					}
				}]
		}]
}
TRACE::2023-11-22.12:43:26::SCWPlatform::Trying to open the hw design at F:/Ian_Jung/workplace/Harman_Vitis/mblaze_DHT11_w/hw/mblaze_DHT11.xsa
TRACE::2023-11-22.12:43:26::SCWPlatform::DSA given F:/Ian_Jung/workplace/Harman_Vitis/mblaze_DHT11_w/hw/mblaze_DHT11.xsa
TRACE::2023-11-22.12:43:26::SCWPlatform::DSA absoulate path F:/Ian_Jung/workplace/Harman_Vitis/mblaze_DHT11_w/hw/mblaze_DHT11.xsa
TRACE::2023-11-22.12:43:26::SCWPlatform::DSA directory F:/Ian_Jung/workplace/Harman_Vitis/mblaze_DHT11_w/hw
TRACE::2023-11-22.12:43:26::SCWPlatform:: Platform Path F:/Ian_Jung/workplace/Harman_Vitis/mblaze_DHT11_w/hw/mblaze_DHT11.xsa
TRACE::2023-11-22.12:43:26::SCWPlatform:: Unique name xilinx:basys3::0.0
TRACE::2023-11-22.12:43:26::SCWPlatform::Trying to set the existing hwdb with name mblaze_DHT11_wrapper_0
TRACE::2023-11-22.12:43:26::SCWPlatform::Opened existing hwdb mblaze_DHT11_wrapper_0
TRACE::2023-11-22.12:43:26::SCWPlatform::Found the Hw Db part of the input DSA
TRACE::2023-11-22.12:43:26::SCWMssOS::Checking the sw design at  F:/Ian_Jung/workplace/Harman_Vitis/mblaze_DHT11_w/microblaze_0/standalone_domain/bsp/system.mss
TRACE::2023-11-22.12:43:26::SCWMssOS::DEBUG:  swdes dump  F:/Ian_Jung/workplace/Harman_Vitis/mblaze_DHT11_w/microblaze_0/standalone_domain/bsp/system.mss|system_0||
F:/Ian_Jung/workplace/Harman_Vitis/mblaze_UltraSonic_hw/microblaze_0/standalone_domain/bsp/system.mss|system||

TRACE::2023-11-22.12:43:26::SCWMssOS::Sw design exists and opened at  F:/Ian_Jung/workplace/Harman_Vitis/mblaze_DHT11_w/microblaze_0/standalone_domain/bsp/system.mss
TRACE::2023-11-22.12:43:26::SCWPlatform::Trying to open the hw design at F:/Ian_Jung/workplace/Harman_Vitis/mblaze_DHT11_w/hw/mblaze_DHT11.xsa
TRACE::2023-11-22.12:43:26::SCWPlatform::DSA given F:/Ian_Jung/workplace/Harman_Vitis/mblaze_DHT11_w/hw/mblaze_DHT11.xsa
TRACE::2023-11-22.12:43:26::SCWPlatform::DSA absoulate path F:/Ian_Jung/workplace/Harman_Vitis/mblaze_DHT11_w/hw/mblaze_DHT11.xsa
TRACE::2023-11-22.12:43:26::SCWPlatform::DSA directory F:/Ian_Jung/workplace/Harman_Vitis/mblaze_DHT11_w/hw
TRACE::2023-11-22.12:43:26::SCWPlatform:: Platform Path F:/Ian_Jung/workplace/Harman_Vitis/mblaze_DHT11_w/hw/mblaze_DHT11.xsa
TRACE::2023-11-22.12:43:26::SCWPlatform:: Unique name xilinx:basys3::0.0
TRACE::2023-11-22.12:43:26::SCWPlatform::Trying to set the existing hwdb with name mblaze_DHT11_wrapper_0
TRACE::2023-11-22.12:43:26::SCWPlatform::Opened existing hwdb mblaze_DHT11_wrapper_0
TRACE::2023-11-22.12:43:26::SCWPlatform::Found the Hw Db part of the input DSA
TRACE::2023-11-22.12:43:26::SCWMssOS::Checking the sw design at  F:/Ian_Jung/workplace/Harman_Vitis/mblaze_DHT11_w/microblaze_0/standalone_domain/bsp/system.mss
TRACE::2023-11-22.12:43:26::SCWMssOS::DEBUG:  swdes dump  F:/Ian_Jung/workplace/Harman_Vitis/mblaze_DHT11_w/microblaze_0/standalone_domain/bsp/system.mss|system_0||
F:/Ian_Jung/workplace/Harman_Vitis/mblaze_UltraSonic_hw/microblaze_0/standalone_domain/bsp/system.mss|system||

TRACE::2023-11-22.12:43:26::SCWMssOS::Sw design exists and opened at  F:/Ian_Jung/workplace/Harman_Vitis/mblaze_DHT11_w/microblaze_0/standalone_domain/bsp/system.mss
TRACE::2023-11-22.12:43:26::SCWPlatform::Trying to open the hw design at F:/Ian_Jung/workplace/Harman_Vitis/mblaze_DHT11_w/hw/mblaze_DHT11.xsa
TRACE::2023-11-22.12:43:26::SCWPlatform::DSA given F:/Ian_Jung/workplace/Harman_Vitis/mblaze_DHT11_w/hw/mblaze_DHT11.xsa
TRACE::2023-11-22.12:43:26::SCWPlatform::DSA absoulate path F:/Ian_Jung/workplace/Harman_Vitis/mblaze_DHT11_w/hw/mblaze_DHT11.xsa
TRACE::2023-11-22.12:43:26::SCWPlatform::DSA directory F:/Ian_Jung/workplace/Harman_Vitis/mblaze_DHT11_w/hw
TRACE::2023-11-22.12:43:26::SCWPlatform:: Platform Path F:/Ian_Jung/workplace/Harman_Vitis/mblaze_DHT11_w/hw/mblaze_DHT11.xsa
TRACE::2023-11-22.12:43:26::SCWPlatform:: Unique name xilinx:basys3::0.0
TRACE::2023-11-22.12:43:26::SCWPlatform::Trying to set the existing hwdb with name mblaze_DHT11_wrapper_0
TRACE::2023-11-22.12:43:26::SCWPlatform::Opened existing hwdb mblaze_DHT11_wrapper_0
TRACE::2023-11-22.12:43:26::SCWPlatform::Found the Hw Db part of the input DSA
TRACE::2023-11-22.12:43:26::SCWMssOS::Checking the sw design at  F:/Ian_Jung/workplace/Harman_Vitis/mblaze_DHT11_w/microblaze_0/standalone_domain/bsp/system.mss
TRACE::2023-11-22.12:43:26::SCWMssOS::DEBUG:  swdes dump  F:/Ian_Jung/workplace/Harman_Vitis/mblaze_DHT11_w/microblaze_0/standalone_domain/bsp/system.mss|system_0||
F:/Ian_Jung/workplace/Harman_Vitis/mblaze_UltraSonic_hw/microblaze_0/standalone_domain/bsp/system.mss|system||

TRACE::2023-11-22.12:43:26::SCWMssOS::Sw design exists and opened at  F:/Ian_Jung/workplace/Harman_Vitis/mblaze_DHT11_w/microblaze_0/standalone_domain/bsp/system.mss
TRACE::2023-11-22.12:43:26::SCWWriter::formatted JSON is {
	"platformName":	"mblaze_DHT11_w",
	"sprVersion":	"2.0",
	"mode":	"gui",
	"dsaType":	"Fixed",
	"platformDesc":	"mblaze_DHT11_w",
	"platHandOff":	"F:/Ian_Jung/workplace/cora_z7/cora_cpu_2019/Basys3_Microblaze_real/mblaze_DHT11.xsa",
	"platIntHandOff":	"<platformDir>/hw/mblaze_DHT11.xsa",
	"deviceType":	"FPGA",
	"platIsPrebuiltAutogen":	"false",
	"platIsNoBootBsp":	"false",
	"hasFsblMakeHasChanges":	"false",
	"hasPmufwMakeHasChanges":	"false",
	"platPreBuiltFlag":	false,
	"platformSamplesDir":	"",
	"platActiveSys":	"mblaze_DHT11_w",
	"systems":	[{
			"systemName":	"mblaze_DHT11_w",
			"systemDesc":	"mblaze_DHT11_w",
			"sysIsBootAutoGen":	"true",
			"systemDispName":	"mblaze_DHT11_w",
			"sysActiveDom":	"standalone_domain",
			"sysDefaultDom":	"standalone_domain",
			"domains":	[{
					"domainName":	"standalone_domain",
					"domainDispName":	"standalone on microblaze_0",
					"domainDesc":	"standalone_domain",
					"processors":	"microblaze_0",
					"os":	"standalone",
					"sdxOs":	"standalone",
					"debugEnable":	"False",
					"domRuntimes":	["cpp"],
					"swRepo":	"",
					"mssOsVer":	"7.1",
					"mssFile":	"",
					"md5Digest":	"1ad4ce935fb027ee8254c8d7cdcf3e74",
					"compatibleApp":	"",
					"domType":	"mssDomain",
					"appSettings":	{
						"appCompilerFlags":	"",
						"appLinkerFlags":	""
					},
					"addedLibs":	[],
					"libOptions":	{
						"libsContainingOptions":	[]
					},
					"prebuiltLibs":	{
						"prebuiltIncPath":	[],
						"prebuiltLibPath":	[]
					},
					"isolation":	{
					}
				}]
		}]
}
TRACE::2023-11-22.12:43:26::SCWPlatform::Clearing the existing platform
TRACE::2023-11-22.12:43:26::SCWSystem::Clearing the existing sysconfig
TRACE::2023-11-22.12:43:26::SCWMssOS::Removing the swdes entry for  F:/Ian_Jung/workplace/Harman_Vitis/mblaze_DHT11_w/microblaze_0/standalone_domain/bsp/system.mss
TRACE::2023-11-22.12:43:26::SCWSystem::Clearing the domains completed.
TRACE::2023-11-22.12:43:26::SCWPlatform::Clearing the opened hw db.
TRACE::2023-11-22.12:43:26::SCWPlatform::DSA given F:/Ian_Jung/workplace/Harman_Vitis/mblaze_DHT11_w/hw/mblaze_DHT11.xsa
TRACE::2023-11-22.12:43:26::SCWPlatform::DSA absoulate path F:/Ian_Jung/workplace/Harman_Vitis/mblaze_DHT11_w/hw/mblaze_DHT11.xsa
TRACE::2023-11-22.12:43:26::SCWPlatform:: Platform location is F:/Ian_Jung/workplace/Harman_Vitis/mblaze_DHT11_w/hw
TRACE::2023-11-22.12:43:26::SCWPlatform:: Platform Path F:/Ian_Jung/workplace/Harman_Vitis/mblaze_DHT11_w/hw/mblaze_DHT11.xsa
TRACE::2023-11-22.12:43:26::SCWPlatform:: Unique name xilinx:basys3::0.0
TRACE::2023-11-22.12:43:26::SCWPlatform::Removing the HwDB with name F:/Ian_Jung/workplace/Harman_Vitis/mblaze_DHT11_w/hw/mblaze_DHT11.xsa
TRACE::2023-11-22.12:43:26::SCWPlatform::Trying to open the hw design at F:/Ian_Jung/workplace/Harman_Vitis/mblaze_DHT11_w/hw/mblaze_DHT11.xsa
TRACE::2023-11-22.12:43:26::SCWPlatform::DSA given F:/Ian_Jung/workplace/Harman_Vitis/mblaze_DHT11_w/hw/mblaze_DHT11.xsa
TRACE::2023-11-22.12:43:26::SCWPlatform::DSA absoulate path F:/Ian_Jung/workplace/Harman_Vitis/mblaze_DHT11_w/hw/mblaze_DHT11.xsa
TRACE::2023-11-22.12:43:26::SCWPlatform::DSA directory F:/Ian_Jung/workplace/Harman_Vitis/mblaze_DHT11_w/hw
TRACE::2023-11-22.12:43:26::SCWPlatform:: Platform Path F:/Ian_Jung/workplace/Harman_Vitis/mblaze_DHT11_w/hw/mblaze_DHT11.xsa
TRACE::2023-11-22.12:43:26::SCWPlatform:: Unique name xilinx:basys3::0.0
TRACE::2023-11-22.12:43:26::SCWPlatform::Do not have an existing db opened. 
TRACE::2023-11-22.12:43:26::SCWPlatform::Opened new HwDB with name mblaze_DHT11_wrapper_1
TRACE::2023-11-22.12:43:26::SCWReader::Active system found as  mblaze_DHT11_w
TRACE::2023-11-22.12:43:26::SCWReader::Handling sysconfig mblaze_DHT11_w
TRACE::2023-11-22.12:43:26::SCWDomain::checking for install qemu data   : 
TRACE::2023-11-22.12:43:26::SCWPlatform::Trying to open the hw design at F:/Ian_Jung/workplace/Harman_Vitis/mblaze_DHT11_w/hw/mblaze_DHT11.xsa
TRACE::2023-11-22.12:43:26::SCWPlatform::DSA given F:/Ian_Jung/workplace/Harman_Vitis/mblaze_DHT11_w/hw/mblaze_DHT11.xsa
TRACE::2023-11-22.12:43:26::SCWPlatform::DSA absoulate path F:/Ian_Jung/workplace/Harman_Vitis/mblaze_DHT11_w/hw/mblaze_DHT11.xsa
TRACE::2023-11-22.12:43:26::SCWPlatform::DSA directory F:/Ian_Jung/workplace/Harman_Vitis/mblaze_DHT11_w/hw
TRACE::2023-11-22.12:43:26::SCWPlatform:: Platform Path F:/Ian_Jung/workplace/Harman_Vitis/mblaze_DHT11_w/hw/mblaze_DHT11.xsa
TRACE::2023-11-22.12:43:26::SCWPlatform:: Unique name xilinx:basys3::0.0
TRACE::2023-11-22.12:43:26::SCWPlatform::Trying to set the existing hwdb with name mblaze_DHT11_wrapper_1
TRACE::2023-11-22.12:43:26::SCWPlatform::Opened existing hwdb mblaze_DHT11_wrapper_1
TRACE::2023-11-22.12:43:26::SCWPlatform::Found the Hw Db part of the input DSA
TRACE::2023-11-22.12:43:26::SCWPlatform::Trying to open the hw design at F:/Ian_Jung/workplace/Harman_Vitis/mblaze_DHT11_w/hw/mblaze_DHT11.xsa
TRACE::2023-11-22.12:43:26::SCWPlatform::DSA given F:/Ian_Jung/workplace/Harman_Vitis/mblaze_DHT11_w/hw/mblaze_DHT11.xsa
TRACE::2023-11-22.12:43:26::SCWPlatform::DSA absoulate path F:/Ian_Jung/workplace/Harman_Vitis/mblaze_DHT11_w/hw/mblaze_DHT11.xsa
TRACE::2023-11-22.12:43:26::SCWPlatform::DSA directory F:/Ian_Jung/workplace/Harman_Vitis/mblaze_DHT11_w/hw
TRACE::2023-11-22.12:43:26::SCWPlatform:: Platform Path F:/Ian_Jung/workplace/Harman_Vitis/mblaze_DHT11_w/hw/mblaze_DHT11.xsa
TRACE::2023-11-22.12:43:26::SCWPlatform:: Unique name xilinx:basys3::0.0
TRACE::2023-11-22.12:43:26::SCWPlatform::Trying to set the existing hwdb with name mblaze_DHT11_wrapper_1
TRACE::2023-11-22.12:43:26::SCWPlatform::Opened existing hwdb mblaze_DHT11_wrapper_1
TRACE::2023-11-22.12:43:26::SCWPlatform::Found the Hw Db part of the input DSA
TRACE::2023-11-22.12:43:26::SCWPlatform::Trying to open the hw design at F:/Ian_Jung/workplace/Harman_Vitis/mblaze_DHT11_w/hw/mblaze_DHT11.xsa
TRACE::2023-11-22.12:43:26::SCWPlatform::DSA given F:/Ian_Jung/workplace/Harman_Vitis/mblaze_DHT11_w/hw/mblaze_DHT11.xsa
TRACE::2023-11-22.12:43:26::SCWPlatform::DSA absoulate path F:/Ian_Jung/workplace/Harman_Vitis/mblaze_DHT11_w/hw/mblaze_DHT11.xsa
TRACE::2023-11-22.12:43:26::SCWPlatform::DSA directory F:/Ian_Jung/workplace/Harman_Vitis/mblaze_DHT11_w/hw
TRACE::2023-11-22.12:43:26::SCWPlatform:: Platform Path F:/Ian_Jung/workplace/Harman_Vitis/mblaze_DHT11_w/hw/mblaze_DHT11.xsa
TRACE::2023-11-22.12:43:26::SCWPlatform:: Unique name xilinx:basys3::0.0
TRACE::2023-11-22.12:43:26::SCWPlatform::Trying to set the existing hwdb with name mblaze_DHT11_wrapper_1
TRACE::2023-11-22.12:43:26::SCWPlatform::Opened existing hwdb mblaze_DHT11_wrapper_1
TRACE::2023-11-22.12:43:26::SCWPlatform::Found the Hw Db part of the input DSA
TRACE::2023-11-22.12:43:26::SCWMssOS::Checking the sw design at  F:/Ian_Jung/workplace/Harman_Vitis/mblaze_DHT11_w/microblaze_0/standalone_domain/bsp/system.mss
TRACE::2023-11-22.12:43:26::SCWMssOS::DEBUG:  swdes dump  F:/Ian_Jung/workplace/Harman_Vitis/mblaze_UltraSonic_hw/microblaze_0/standalone_domain/bsp/system.mss|system||

TRACE::2023-11-22.12:43:26::SCWMssOS::No sw design opened at  F:/Ian_Jung/workplace/Harman_Vitis/mblaze_DHT11_w/microblaze_0/standalone_domain/bsp/system.mss
TRACE::2023-11-22.12:43:26::SCWMssOS::mss exists loading the mss file  F:/Ian_Jung/workplace/Harman_Vitis/mblaze_DHT11_w/microblaze_0/standalone_domain/bsp/system.mss
TRACE::2023-11-22.12:43:26::SCWMssOS::Opened the sw design from mss  F:/Ian_Jung/workplace/Harman_Vitis/mblaze_DHT11_w/microblaze_0/standalone_domain/bsp/system.mss
TRACE::2023-11-22.12:43:26::SCWMssOS::Adding the swdes entry F:/Ian_Jung/workplace/Harman_Vitis/mblaze_DHT11_w/microblaze_0/standalone_domain/bsp/system.mss with des name system_0
TRACE::2023-11-22.12:43:26::SCWMssOS::updating the scw layer about changes
TRACE::2023-11-22.12:43:26::SCWMssOS::Opened the sw design.  F:/Ian_Jung/workplace/Harman_Vitis/mblaze_DHT11_w/microblaze_0/standalone_domain/bsp/system.mss
TRACE::2023-11-22.12:43:26::SCWReader::Adding prebuilt librarypaths as   
TRACE::2023-11-22.12:43:26::SCWReader::Adding prebuilt incpaths  as   
TRACE::2023-11-22.12:43:26::SCWPlatform::Trying to open the hw design at F:/Ian_Jung/workplace/Harman_Vitis/mblaze_DHT11_w/hw/mblaze_DHT11.xsa
TRACE::2023-11-22.12:43:26::SCWPlatform::DSA given F:/Ian_Jung/workplace/Harman_Vitis/mblaze_DHT11_w/hw/mblaze_DHT11.xsa
TRACE::2023-11-22.12:43:26::SCWPlatform::DSA absoulate path F:/Ian_Jung/workplace/Harman_Vitis/mblaze_DHT11_w/hw/mblaze_DHT11.xsa
TRACE::2023-11-22.12:43:26::SCWPlatform::DSA directory F:/Ian_Jung/workplace/Harman_Vitis/mblaze_DHT11_w/hw
TRACE::2023-11-22.12:43:26::SCWPlatform:: Platform Path F:/Ian_Jung/workplace/Harman_Vitis/mblaze_DHT11_w/hw/mblaze_DHT11.xsa
TRACE::2023-11-22.12:43:26::SCWPlatform:: Unique name xilinx:basys3::0.0
TRACE::2023-11-22.12:43:26::SCWPlatform::Trying to set the existing hwdb with name mblaze_DHT11_wrapper_1
TRACE::2023-11-22.12:43:26::SCWPlatform::Opened existing hwdb mblaze_DHT11_wrapper_1
TRACE::2023-11-22.12:43:26::SCWPlatform::Found the Hw Db part of the input DSA
TRACE::2023-11-22.12:43:26::SCWMssOS::Checking the sw design at  F:/Ian_Jung/workplace/Harman_Vitis/mblaze_DHT11_w/microblaze_0/standalone_domain/bsp/system.mss
TRACE::2023-11-22.12:43:26::SCWMssOS::DEBUG:  swdes dump  F:/Ian_Jung/workplace/Harman_Vitis/mblaze_DHT11_w/microblaze_0/standalone_domain/bsp/system.mss|system_0||
F:/Ian_Jung/workplace/Harman_Vitis/mblaze_UltraSonic_hw/microblaze_0/standalone_domain/bsp/system.mss|system||

TRACE::2023-11-22.12:43:26::SCWMssOS::Sw design exists and opened at  F:/Ian_Jung/workplace/Harman_Vitis/mblaze_DHT11_w/microblaze_0/standalone_domain/bsp/system.mss
TRACE::2023-11-22.12:43:26::SCWReader::No isolation master present  
TRACE::2023-11-22.12:43:26::SCWPlatform::Trying to open the hw design at F:/Ian_Jung/workplace/Harman_Vitis/mblaze_DHT11_w/hw/mblaze_DHT11.xsa
TRACE::2023-11-22.12:43:26::SCWPlatform::DSA given F:/Ian_Jung/workplace/Harman_Vitis/mblaze_DHT11_w/hw/mblaze_DHT11.xsa
TRACE::2023-11-22.12:43:26::SCWPlatform::DSA absoulate path F:/Ian_Jung/workplace/Harman_Vitis/mblaze_DHT11_w/hw/mblaze_DHT11.xsa
TRACE::2023-11-22.12:43:26::SCWPlatform::DSA directory F:/Ian_Jung/workplace/Harman_Vitis/mblaze_DHT11_w/hw
TRACE::2023-11-22.12:43:26::SCWPlatform:: Platform Path F:/Ian_Jung/workplace/Harman_Vitis/mblaze_DHT11_w/hw/mblaze_DHT11.xsa
TRACE::2023-11-22.12:43:26::SCWPlatform:: Unique name xilinx:basys3::0.0
TRACE::2023-11-22.12:43:26::SCWPlatform::Trying to set the existing hwdb with name mblaze_DHT11_wrapper_1
TRACE::2023-11-22.12:43:26::SCWPlatform::Opened existing hwdb mblaze_DHT11_wrapper_1
TRACE::2023-11-22.12:43:26::SCWPlatform::Found the Hw Db part of the input DSA
TRACE::2023-11-22.12:43:26::SCWMssOS::Checking the sw design at  F:/Ian_Jung/workplace/Harman_Vitis/mblaze_DHT11_w/microblaze_0/standalone_domain/bsp/system.mss
TRACE::2023-11-22.12:43:26::SCWMssOS::DEBUG:  swdes dump  F:/Ian_Jung/workplace/Harman_Vitis/mblaze_DHT11_w/microblaze_0/standalone_domain/bsp/system.mss|system_0||
F:/Ian_Jung/workplace/Harman_Vitis/mblaze_UltraSonic_hw/microblaze_0/standalone_domain/bsp/system.mss|system||

TRACE::2023-11-22.12:43:26::SCWMssOS::Sw design exists and opened at  F:/Ian_Jung/workplace/Harman_Vitis/mblaze_DHT11_w/microblaze_0/standalone_domain/bsp/system.mss
TRACE::2023-11-22.12:43:27::SCWMssOS::In reload Mss file.
TRACE::2023-11-22.12:43:27::SCWPlatform::Trying to open the hw design at F:/Ian_Jung/workplace/Harman_Vitis/mblaze_DHT11_w/hw/mblaze_DHT11.xsa
TRACE::2023-11-22.12:43:27::SCWPlatform::DSA given F:/Ian_Jung/workplace/Harman_Vitis/mblaze_DHT11_w/hw/mblaze_DHT11.xsa
TRACE::2023-11-22.12:43:27::SCWPlatform::DSA absoulate path F:/Ian_Jung/workplace/Harman_Vitis/mblaze_DHT11_w/hw/mblaze_DHT11.xsa
TRACE::2023-11-22.12:43:27::SCWPlatform::DSA directory F:/Ian_Jung/workplace/Harman_Vitis/mblaze_DHT11_w/hw
TRACE::2023-11-22.12:43:27::SCWPlatform:: Platform Path F:/Ian_Jung/workplace/Harman_Vitis/mblaze_DHT11_w/hw/mblaze_DHT11.xsa
TRACE::2023-11-22.12:43:27::SCWPlatform:: Unique name xilinx:basys3::0.0
TRACE::2023-11-22.12:43:27::SCWPlatform::Trying to set the existing hwdb with name mblaze_DHT11_wrapper_1
TRACE::2023-11-22.12:43:27::SCWPlatform::Opened existing hwdb mblaze_DHT11_wrapper_1
TRACE::2023-11-22.12:43:27::SCWPlatform::Found the Hw Db part of the input DSA
TRACE::2023-11-22.12:43:27::SCWMssOS::Checking the sw design at  F:/Ian_Jung/workplace/Harman_Vitis/mblaze_DHT11_w/microblaze_0/standalone_domain/bsp/system.mss
TRACE::2023-11-22.12:43:27::SCWMssOS::DEBUG:  swdes dump  F:/Ian_Jung/workplace/Harman_Vitis/mblaze_DHT11_w/microblaze_0/standalone_domain/bsp/system.mss|system_0||
F:/Ian_Jung/workplace/Harman_Vitis/mblaze_UltraSonic_hw/microblaze_0/standalone_domain/bsp/system.mss|system||

KEYINFO::2023-11-22.12:43:27::SCWMssOS::Could not open the swdb for system_0
KEYINFO::2023-11-22.12:43:27::SCWMssOS::Could not open the sw design at  system_0
ERROR: [Hsi 55-1558] Software Design system_0 is not found

TRACE::2023-11-22.12:43:27::SCWMssOS::Cleared the swdb table entry
TRACE::2023-11-22.12:43:27::SCWMssOS::No sw design opened at  F:/Ian_Jung/workplace/Harman_Vitis/mblaze_DHT11_w/microblaze_0/standalone_domain/bsp/system.mss
TRACE::2023-11-22.12:43:27::SCWMssOS::mss exists loading the mss file  F:/Ian_Jung/workplace/Harman_Vitis/mblaze_DHT11_w/microblaze_0/standalone_domain/bsp/system.mss
TRACE::2023-11-22.12:43:27::SCWMssOS::Opened the sw design from mss  F:/Ian_Jung/workplace/Harman_Vitis/mblaze_DHT11_w/microblaze_0/standalone_domain/bsp/system.mss
TRACE::2023-11-22.12:43:27::SCWMssOS::Adding the swdes entry F:/Ian_Jung/workplace/Harman_Vitis/mblaze_DHT11_w/microblaze_0/standalone_domain/bsp/system.mss with des name system_0
TRACE::2023-11-22.12:43:27::SCWMssOS::updating the scw layer about changes
TRACE::2023-11-22.12:43:27::SCWMssOS::Opened the sw design.  F:/Ian_Jung/workplace/Harman_Vitis/mblaze_DHT11_w/microblaze_0/standalone_domain/bsp/system.mss
TRACE::2023-11-22.12:43:27::SCWPlatform::Trying to open the hw design at F:/Ian_Jung/workplace/Harman_Vitis/mblaze_DHT11_w/hw/mblaze_DHT11.xsa
TRACE::2023-11-22.12:43:27::SCWPlatform::DSA given F:/Ian_Jung/workplace/Harman_Vitis/mblaze_DHT11_w/hw/mblaze_DHT11.xsa
TRACE::2023-11-22.12:43:27::SCWPlatform::DSA absoulate path F:/Ian_Jung/workplace/Harman_Vitis/mblaze_DHT11_w/hw/mblaze_DHT11.xsa
TRACE::2023-11-22.12:43:27::SCWPlatform::DSA directory F:/Ian_Jung/workplace/Harman_Vitis/mblaze_DHT11_w/hw
TRACE::2023-11-22.12:43:27::SCWPlatform:: Platform Path F:/Ian_Jung/workplace/Harman_Vitis/mblaze_DHT11_w/hw/mblaze_DHT11.xsa
TRACE::2023-11-22.12:43:27::SCWPlatform:: Unique name xilinx:basys3::0.0
TRACE::2023-11-22.12:43:27::SCWPlatform::Trying to set the existing hwdb with name mblaze_DHT11_wrapper_1
TRACE::2023-11-22.12:43:27::SCWPlatform::Opened existing hwdb mblaze_DHT11_wrapper_1
TRACE::2023-11-22.12:43:27::SCWPlatform::Found the Hw Db part of the input DSA
TRACE::2023-11-22.12:43:27::SCWMssOS::Checking the sw design at  F:/Ian_Jung/workplace/Harman_Vitis/mblaze_DHT11_w/microblaze_0/standalone_domain/bsp/system.mss
TRACE::2023-11-22.12:43:27::SCWMssOS::DEBUG:  swdes dump  F:/Ian_Jung/workplace/Harman_Vitis/mblaze_DHT11_w/microblaze_0/standalone_domain/bsp/system.mss|system_0||
F:/Ian_Jung/workplace/Harman_Vitis/mblaze_UltraSonic_hw/microblaze_0/standalone_domain/bsp/system.mss|system||

TRACE::2023-11-22.12:43:27::SCWMssOS::Sw design exists and opened at  F:/Ian_Jung/workplace/Harman_Vitis/mblaze_DHT11_w/microblaze_0/standalone_domain/bsp/system.mss
TRACE::2023-11-22.12:43:27::SCWMssOS::Removing the swdes entry for  F:/Ian_Jung/workplace/Harman_Vitis/mblaze_DHT11_w/microblaze_0/standalone_domain/bsp/system.mss
LOG::2023-11-22.12:43:40::SCWPlatform::Started generating the artifacts platform mblaze_DHT11_w
TRACE::2023-11-22.12:43:40::SCWPlatform::Sanity checking of platform is completed
LOG::2023-11-22.12:43:40::SCWPlatform::Started generating the artifacts for system configuration mblaze_DHT11_w
LOG::2023-11-22.12:43:40::SCWSystem::Checking the domain standalone_domain
LOG::2023-11-22.12:43:40::SCWSystem::Not a boot domain 
LOG::2023-11-22.12:43:40::SCWSystem::Started Processing the domain standalone_domain
TRACE::2023-11-22.12:43:40::SCWDomain::Generating domain artifcats
TRACE::2023-11-22.12:43:40::SCWMssOS::Generating standalone artifcats
TRACE::2023-11-22.12:43:40::SCWMssOS:: Copying the user libraries. 
TRACE::2023-11-22.12:43:40::SCWPlatform::Trying to open the hw design at F:/Ian_Jung/workplace/Harman_Vitis/mblaze_DHT11_w/hw/mblaze_DHT11.xsa
TRACE::2023-11-22.12:43:40::SCWPlatform::DSA given F:/Ian_Jung/workplace/Harman_Vitis/mblaze_DHT11_w/hw/mblaze_DHT11.xsa
TRACE::2023-11-22.12:43:40::SCWPlatform::DSA absoulate path F:/Ian_Jung/workplace/Harman_Vitis/mblaze_DHT11_w/hw/mblaze_DHT11.xsa
TRACE::2023-11-22.12:43:40::SCWPlatform::DSA directory F:/Ian_Jung/workplace/Harman_Vitis/mblaze_DHT11_w/hw
TRACE::2023-11-22.12:43:40::SCWPlatform:: Platform Path F:/Ian_Jung/workplace/Harman_Vitis/mblaze_DHT11_w/hw/mblaze_DHT11.xsa
TRACE::2023-11-22.12:43:40::SCWPlatform:: Unique name xilinx:basys3::0.0
TRACE::2023-11-22.12:43:40::SCWPlatform::Trying to set the existing hwdb with name mblaze_DHT11_wrapper_1
TRACE::2023-11-22.12:43:40::SCWPlatform::Opened existing hwdb mblaze_DHT11_wrapper_1
TRACE::2023-11-22.12:43:40::SCWPlatform::Found the Hw Db part of the input DSA
TRACE::2023-11-22.12:43:40::SCWMssOS::Checking the sw design at  F:/Ian_Jung/workplace/Harman_Vitis/mblaze_DHT11_w/microblaze_0/standalone_domain/bsp/system.mss
TRACE::2023-11-22.12:43:40::SCWMssOS::DEBUG:  swdes dump  F:/Ian_Jung/workplace/Harman_Vitis/mblaze_UltraSonic_hw/microblaze_0/standalone_domain/bsp/system.mss|system||

TRACE::2023-11-22.12:43:40::SCWMssOS::No sw design opened at  F:/Ian_Jung/workplace/Harman_Vitis/mblaze_DHT11_w/microblaze_0/standalone_domain/bsp/system.mss
TRACE::2023-11-22.12:43:40::SCWMssOS::mss exists loading the mss file  F:/Ian_Jung/workplace/Harman_Vitis/mblaze_DHT11_w/microblaze_0/standalone_domain/bsp/system.mss
TRACE::2023-11-22.12:43:40::SCWMssOS::Opened the sw design from mss  F:/Ian_Jung/workplace/Harman_Vitis/mblaze_DHT11_w/microblaze_0/standalone_domain/bsp/system.mss
TRACE::2023-11-22.12:43:40::SCWMssOS::Adding the swdes entry F:/Ian_Jung/workplace/Harman_Vitis/mblaze_DHT11_w/microblaze_0/standalone_domain/bsp/system.mss with des name system_0
TRACE::2023-11-22.12:43:40::SCWMssOS::updating the scw layer about changes
TRACE::2023-11-22.12:43:40::SCWMssOS::Opened the sw design.  F:/Ian_Jung/workplace/Harman_Vitis/mblaze_DHT11_w/microblaze_0/standalone_domain/bsp/system.mss
TRACE::2023-11-22.12:43:40::SCWMssOS::Completed writing the mss file at F:/Ian_Jung/workplace/Harman_Vitis/mblaze_DHT11_w/microblaze_0/standalone_domain/bsp
TRACE::2023-11-22.12:43:40::SCWMssOS::Mss edits present, copying mssfile into export location F:/Ian_Jung/workplace/Harman_Vitis/mblaze_DHT11_w/microblaze_0/standalone_domain/bsp/system.mss
TRACE::2023-11-22.12:43:40::SCWMssOS::bsp generated is upto date with the mss file. Skipping bsp generation.
TRACE::2023-11-22.12:43:40::SCWMssOS::BSP is already built. skipping the bsp build ... 
TRACE::2023-11-22.12:43:40::SCWDomain::Building the domain as part of full build :  standalone_domain
TRACE::2023-11-22.12:43:40::SCWMssOS::doing bsp build ... 
TRACE::2023-11-22.12:43:40::SCWMssOS::System Command Ran  F: & cd  F:/Ian_Jung/workplace/Harman_Vitis/mblaze_DHT11_w/microblaze_0/standalone_domain/bsp & make 
TRACE::2023-11-22.12:43:41::SCWMssOS::"Running Make include in microblaze_0/libsrc/bram_v4_3/src"

TRACE::2023-11-22.12:43:41::SCWMssOS::make -C microblaze_0/libsrc/bram_v4_3/src -s include  "SHELL=CMD" "COMPILER=mb-gcc" "ASSEMBLER=mb-as" "ARCHIVER=mb-ar" "COMPILE
TRACE::2023-11-22.12:43:41::SCWMssOS::R_FLAGS=  -O2 -c -mcpu=v11.0 -mlittle-endian -mno-xl-reorder -mno-xl-soft-mul -mxl-barrel-shift -mxl-pattern-compare" "EXTRA_CO
TRACE::2023-11-22.12:43:41::SCWMssOS::MPILER_FLAGS=-g -ffunction-sections -fdata-sections -Wall -Wextra"

TRACE::2023-11-22.12:43:41::SCWMssOS::"Running Make include in microblaze_0/libsrc/cpu_v2_10/src"

TRACE::2023-11-22.12:43:41::SCWMssOS::make -C microblaze_0/libsrc/cpu_v2_10/src -s include  "SHELL=CMD" "COMPILER=mb-gcc" "ASSEMBLER=mb-as" "ARCHIVER=mb-ar" "COMPILE
TRACE::2023-11-22.12:43:41::SCWMssOS::R_FLAGS=  -O2 -c -mcpu=v11.0 -mlittle-endian -mno-xl-reorder -mno-xl-soft-mul -mxl-barrel-shift -mxl-pattern-compare" "EXTRA_CO
TRACE::2023-11-22.12:43:41::SCWMssOS::MPILER_FLAGS=-g -ffunction-sections -fdata-sections -Wall -Wextra"

TRACE::2023-11-22.12:43:41::SCWMssOS::"Running Make include in microblaze_0/libsrc/myip_DHT11_v1_0/src"

TRACE::2023-11-22.12:43:41::SCWMssOS::make -C microblaze_0/libsrc/myip_DHT11_v1_0/src -s include  "SHELL=CMD" "COMPILER=mb-gcc" "ASSEMBLER=mb-as" "ARCHIVER=mb-ar" "C
TRACE::2023-11-22.12:43:41::SCWMssOS::OMPILER_FLAGS=  -O2 -c -mcpu=v11.0 -mlittle-endian -mno-xl-reorder -mno-xl-soft-mul -mxl-barrel-shift -mxl-pattern-compare" "EX
TRACE::2023-11-22.12:43:41::SCWMssOS::TRA_COMPILER_FLAGS=-g -ffunction-sections -fdata-sections -Wall -Wextra"

TRACE::2023-11-22.12:43:41::SCWMssOS::"Running Make include in microblaze_0/libsrc/standalone_v7_1/src"

TRACE::2023-11-22.12:43:41::SCWMssOS::make -C microblaze_0/libsrc/standalone_v7_1/src -s include  "SHELL=CMD" "COMPILER=mb-gcc" "ASSEMBLER=mb-as" "ARCHIVER=mb-ar" "C
TRACE::2023-11-22.12:43:41::SCWMssOS::OMPILER_FLAGS=  -O2 -c -mcpu=v11.0 -mlittle-endian -mno-xl-reorder -mno-xl-soft-mul -mxl-barrel-shift -mxl-pattern-compare" "EX
TRACE::2023-11-22.12:43:41::SCWMssOS::TRA_COMPILER_FLAGS=-g -ffunction-sections -fdata-sections -Wall -Wextra"

TRACE::2023-11-22.12:43:42::SCWMssOS::"Running Make include in microblaze_0/libsrc/uartlite_v3_3/src"

TRACE::2023-11-22.12:43:42::SCWMssOS::make -C microblaze_0/libsrc/uartlite_v3_3/src -s include  "SHELL=CMD" "COMPILER=mb-gcc" "ASSEMBLER=mb-as" "ARCHIVER=mb-ar" "COM
TRACE::2023-11-22.12:43:42::SCWMssOS::PILER_FLAGS=  -O2 -c -mcpu=v11.0 -mlittle-endian -mno-xl-reorder -mno-xl-soft-mul -mxl-barrel-shift -mxl-pattern-compare" "EXTR
TRACE::2023-11-22.12:43:42::SCWMssOS::A_COMPILER_FLAGS=-g -ffunction-sections -fdata-sections -Wall -Wextra"

TRACE::2023-11-22.12:43:42::SCWMssOS::"Running Make libs in microblaze_0/libsrc/bram_v4_3/src"

TRACE::2023-11-22.12:43:42::SCWMssOS::make -C microblaze_0/libsrc/bram_v4_3/src -s libs  "SHELL=CMD" "COMPILER=mb-gcc" "ASSEMBLER=mb-as" "ARCHIVER=mb-ar" "COMPILER_F
TRACE::2023-11-22.12:43:42::SCWMssOS::LAGS=  -O2 -c -mcpu=v11.0 -mlittle-endian -mno-xl-reorder -mno-xl-soft-mul -mxl-barrel-shift -mxl-pattern-compare" "EXTRA_COMPI
TRACE::2023-11-22.12:43:42::SCWMssOS::LER_FLAGS=-g -ffunction-sections -fdata-sections -Wall -Wextra"

TRACE::2023-11-22.12:43:42::SCWMssOS::"Compiling bram"

TRACE::2023-11-22.12:43:43::SCWMssOS::"Running Make libs in microblaze_0/libsrc/cpu_v2_10/src"

TRACE::2023-11-22.12:43:43::SCWMssOS::make -C microblaze_0/libsrc/cpu_v2_10/src -s libs  "SHELL=CMD" "COMPILER=mb-gcc" "ASSEMBLER=mb-as" "ARCHIVER=mb-ar" "COMPILER_F
TRACE::2023-11-22.12:43:43::SCWMssOS::LAGS=  -O2 -c -mcpu=v11.0 -mlittle-endian -mno-xl-reorder -mno-xl-soft-mul -mxl-barrel-shift -mxl-pattern-compare" "EXTRA_COMPI
TRACE::2023-11-22.12:43:43::SCWMssOS::LER_FLAGS=-g -ffunction-sections -fdata-sections -Wall -Wextra"

TRACE::2023-11-22.12:43:43::SCWMssOS::"Compiling cpu"

TRACE::2023-11-22.12:43:43::SCWMssOS::"Running Make libs in microblaze_0/libsrc/myip_DHT11_v1_0/src"

TRACE::2023-11-22.12:43:43::SCWMssOS::make -C microblaze_0/libsrc/myip_DHT11_v1_0/src -s libs  "SHELL=CMD" "COMPILER=mb-gcc" "ASSEMBLER=mb-as" "ARCHIVER=mb-ar" "COMP
TRACE::2023-11-22.12:43:43::SCWMssOS::ILER_FLAGS=  -O2 -c -mcpu=v11.0 -mlittle-endian -mno-xl-reorder -mno-xl-soft-mul -mxl-barrel-shift -mxl-pattern-compare" "EXTRA
TRACE::2023-11-22.12:43:43::SCWMssOS::_COMPILER_FLAGS=-g -ffunction-sections -fdata-sections -Wall -Wextra"

TRACE::2023-11-22.12:43:43::SCWMssOS::"Compiling myip_DHT11..."

TRACE::2023-11-22.12:43:44::SCWMssOS::"Running Make libs in microblaze_0/libsrc/standalone_v7_1/src"

TRACE::2023-11-22.12:43:44::SCWMssOS::make -C microblaze_0/libsrc/standalone_v7_1/src -s libs  "SHELL=CMD" "COMPILER=mb-gcc" "ASSEMBLER=mb-as" "ARCHIVER=mb-ar" "COMP
TRACE::2023-11-22.12:43:44::SCWMssOS::ILER_FLAGS=  -O2 -c -mcpu=v11.0 -mlittle-endian -mno-xl-reorder -mno-xl-soft-mul -mxl-barrel-shift -mxl-pattern-compare" "EXTRA
TRACE::2023-11-22.12:43:44::SCWMssOS::_COMPILER_FLAGS=-g -ffunction-sections -fdata-sections -Wall -Wextra"

TRACE::2023-11-22.12:43:44::SCWMssOS::"Compiling standalone";

TRACE::2023-11-22.12:43:48::SCWMssOS::"Running Make libs in microblaze_0/libsrc/uartlite_v3_3/src"

TRACE::2023-11-22.12:43:48::SCWMssOS::make -C microblaze_0/libsrc/uartlite_v3_3/src -s libs  "SHELL=CMD" "COMPILER=mb-gcc" "ASSEMBLER=mb-as" "ARCHIVER=mb-ar" "COMPIL
TRACE::2023-11-22.12:43:48::SCWMssOS::ER_FLAGS=  -O2 -c -mcpu=v11.0 -mlittle-endian -mno-xl-reorder -mno-xl-soft-mul -mxl-barrel-shift -mxl-pattern-compare" "EXTRA_C
TRACE::2023-11-22.12:43:48::SCWMssOS::OMPILER_FLAGS=-g -ffunction-sections -fdata-sections -Wall -Wextra"

TRACE::2023-11-22.12:43:48::SCWMssOS::"Compiling uartlite"

TRACE::2023-11-22.12:43:49::SCWMssOS::'Finished building libraries'

TRACE::2023-11-22.12:43:49::SCWMssOS::Copying to export directory.
TRACE::2023-11-22.12:43:49::SCWMssOS:: Checking if to create the Supporting Applications
TRACE::2023-11-22.12:43:49::SCWMssOS:: No Linux domain exists, trying to generate FSBL 
LOG::2023-11-22.12:43:50::SCWSystem::Completed Processing the domain standalone_domain
LOG::2023-11-22.12:43:50::SCWSystem::Completed Processing the sysconfig mblaze_DHT11_w
LOG::2023-11-22.12:43:50::SCWPlatform::Completed generating the artifacts for system configuration mblaze_DHT11_w
TRACE::2023-11-22.12:43:50::SCWPlatform::Started preparing the platform 
TRACE::2023-11-22.12:43:50::SCWSystem::Writing the bif file for system config mblaze_DHT11_w
TRACE::2023-11-22.12:43:50::SCWSystem::dir created 
TRACE::2023-11-22.12:43:50::SCWSystem::Writing the bif 
TRACE::2023-11-22.12:43:50::SCWPlatform::Started writing the spfm file 
TRACE::2023-11-22.12:43:50::SCWPlatform::Started writing the xpfm file 
TRACE::2023-11-22.12:43:50::SCWPlatform::Completed generating the platform
TRACE::2023-11-22.12:43:50::SCWPlatform::Trying to open the hw design at F:/Ian_Jung/workplace/Harman_Vitis/mblaze_DHT11_w/hw/mblaze_DHT11.xsa
TRACE::2023-11-22.12:43:50::SCWPlatform::DSA given F:/Ian_Jung/workplace/Harman_Vitis/mblaze_DHT11_w/hw/mblaze_DHT11.xsa
TRACE::2023-11-22.12:43:50::SCWPlatform::DSA absoulate path F:/Ian_Jung/workplace/Harman_Vitis/mblaze_DHT11_w/hw/mblaze_DHT11.xsa
TRACE::2023-11-22.12:43:50::SCWPlatform::DSA directory F:/Ian_Jung/workplace/Harman_Vitis/mblaze_DHT11_w/hw
TRACE::2023-11-22.12:43:50::SCWPlatform:: Platform Path F:/Ian_Jung/workplace/Harman_Vitis/mblaze_DHT11_w/hw/mblaze_DHT11.xsa
TRACE::2023-11-22.12:43:50::SCWPlatform:: Unique name xilinx:basys3::0.0
TRACE::2023-11-22.12:43:50::SCWPlatform::Trying to set the existing hwdb with name mblaze_DHT11_wrapper_1
TRACE::2023-11-22.12:43:50::SCWPlatform::Opened existing hwdb mblaze_DHT11_wrapper_1
TRACE::2023-11-22.12:43:50::SCWPlatform::Found the Hw Db part of the input DSA
TRACE::2023-11-22.12:43:50::SCWMssOS::Checking the sw design at  F:/Ian_Jung/workplace/Harman_Vitis/mblaze_DHT11_w/microblaze_0/standalone_domain/bsp/system.mss
TRACE::2023-11-22.12:43:50::SCWMssOS::DEBUG:  swdes dump  F:/Ian_Jung/workplace/Harman_Vitis/mblaze_DHT11_w/microblaze_0/standalone_domain/bsp/system.mss|system_0||
F:/Ian_Jung/workplace/Harman_Vitis/mblaze_UltraSonic_hw/microblaze_0/standalone_domain/bsp/system.mss|system||

TRACE::2023-11-22.12:43:50::SCWMssOS::Sw design exists and opened at  F:/Ian_Jung/workplace/Harman_Vitis/mblaze_DHT11_w/microblaze_0/standalone_domain/bsp/system.mss
TRACE::2023-11-22.12:43:50::SCWWriter::formatted JSON is {
	"platformName":	"mblaze_DHT11_w",
	"sprVersion":	"2.0",
	"mode":	"gui",
	"dsaType":	"Fixed",
	"platformDesc":	"mblaze_DHT11_w",
	"platHandOff":	"F:/Ian_Jung/workplace/cora_z7/cora_cpu_2019/Basys3_Microblaze_real/mblaze_DHT11.xsa",
	"platIntHandOff":	"<platformDir>/hw/mblaze_DHT11.xsa",
	"deviceType":	"FPGA",
	"platIsPrebuiltAutogen":	"false",
	"platIsNoBootBsp":	"false",
	"hasFsblMakeHasChanges":	"false",
	"hasPmufwMakeHasChanges":	"false",
	"platPreBuiltFlag":	false,
	"platformSamplesDir":	"",
	"platActiveSys":	"mblaze_DHT11_w",
	"systems":	[{
			"systemName":	"mblaze_DHT11_w",
			"systemDesc":	"mblaze_DHT11_w",
			"sysIsBootAutoGen":	"true",
			"systemDispName":	"mblaze_DHT11_w",
			"sysActiveDom":	"standalone_domain",
			"sysDefaultDom":	"standalone_domain",
			"domains":	[{
					"domainName":	"standalone_domain",
					"domainDispName":	"standalone on microblaze_0",
					"domainDesc":	"standalone_domain",
					"processors":	"microblaze_0",
					"os":	"standalone",
					"sdxOs":	"standalone",
					"debugEnable":	"False",
					"domRuntimes":	["cpp"],
					"swRepo":	"",
					"mssOsVer":	"7.1",
					"mssFile":	"",
					"md5Digest":	"1ad4ce935fb027ee8254c8d7cdcf3e74",
					"compatibleApp":	"",
					"domType":	"mssDomain",
					"appSettings":	{
						"appCompilerFlags":	"",
						"appLinkerFlags":	""
					},
					"addedLibs":	[],
					"libOptions":	{
						"libsContainingOptions":	[]
					},
					"prebuiltLibs":	{
						"prebuiltIncPath":	[],
						"prebuiltLibPath":	[]
					},
					"isolation":	{
					}
				}]
		}]
}
KEYINFO::2023-11-22.12:43:50::SCWPlatform::updated the xpfm file.
TRACE::2023-11-22.12:43:50::SCWPlatform::Trying to open the hw design at F:/Ian_Jung/workplace/Harman_Vitis/mblaze_DHT11_w/hw/mblaze_DHT11.xsa
TRACE::2023-11-22.12:43:50::SCWPlatform::DSA given F:/Ian_Jung/workplace/Harman_Vitis/mblaze_DHT11_w/hw/mblaze_DHT11.xsa
TRACE::2023-11-22.12:43:50::SCWPlatform::DSA absoulate path F:/Ian_Jung/workplace/Harman_Vitis/mblaze_DHT11_w/hw/mblaze_DHT11.xsa
TRACE::2023-11-22.12:43:50::SCWPlatform::DSA directory F:/Ian_Jung/workplace/Harman_Vitis/mblaze_DHT11_w/hw
TRACE::2023-11-22.12:43:50::SCWPlatform:: Platform Path F:/Ian_Jung/workplace/Harman_Vitis/mblaze_DHT11_w/hw/mblaze_DHT11.xsa
TRACE::2023-11-22.12:43:50::SCWPlatform:: Unique name xilinx:basys3::0.0
TRACE::2023-11-22.12:43:50::SCWPlatform::Trying to set the existing hwdb with name mblaze_DHT11_wrapper_1
TRACE::2023-11-22.12:43:50::SCWPlatform::Opened existing hwdb mblaze_DHT11_wrapper_1
TRACE::2023-11-22.12:43:50::SCWPlatform::Found the Hw Db part of the input DSA
TRACE::2023-11-22.12:43:50::SCWMssOS::Checking the sw design at  F:/Ian_Jung/workplace/Harman_Vitis/mblaze_DHT11_w/microblaze_0/standalone_domain/bsp/system.mss
TRACE::2023-11-22.12:43:50::SCWMssOS::DEBUG:  swdes dump  F:/Ian_Jung/workplace/Harman_Vitis/mblaze_DHT11_w/microblaze_0/standalone_domain/bsp/system.mss|system_0||
F:/Ian_Jung/workplace/Harman_Vitis/mblaze_UltraSonic_hw/microblaze_0/standalone_domain/bsp/system.mss|system||

TRACE::2023-11-22.12:43:50::SCWMssOS::Sw design exists and opened at  F:/Ian_Jung/workplace/Harman_Vitis/mblaze_DHT11_w/microblaze_0/standalone_domain/bsp/system.mss
