TRACE::2023-11-27.12:49:03::SCWPlatform::Trying to open the hw design at F:/Ian_Jung/workplace/Harman_Vitis/mblaze_stopwatch_final/hw/mblaze_stopwatch_fin.xsa
TRACE::2023-11-27.12:49:03::SCWPlatform::DSA given F:/Ian_Jung/workplace/Harman_Vitis/mblaze_stopwatch_final/hw/mblaze_stopwatch_fin.xsa
TRACE::2023-11-27.12:49:03::SCWPlatform::DSA absoulate path F:/Ian_Jung/workplace/Harman_Vitis/mblaze_stopwatch_final/hw/mblaze_stopwatch_fin.xsa
TRACE::2023-11-27.12:49:03::SCWPlatform::DSA directory F:/Ian_Jung/workplace/Harman_Vitis/mblaze_stopwatch_final/hw
TRACE::2023-11-27.12:49:03::SCWPlatform:: Platform Path F:/Ian_Jung/workplace/Harman_Vitis/mblaze_stopwatch_final/hw/mblaze_stopwatch_fin.xsa
TRACE::2023-11-27.12:49:03::SCWPlatform:: Unique name xilinx:basys3::0.0
TRACE::2023-11-27.12:49:03::SCWPlatform::Do not have an existing db opened. 
TRACE::2023-11-27.12:49:03::SCWPlatform::Opened new HwDB with name mblaze_stopwatch_wrapper_14
TRACE::2023-11-27.12:49:03::SCWWriter::formatted JSON is {
	"platformName":	"mblaze_stopwatch_final",
	"sprVersion":	"2.0",
	"mode":	"gui",
	"dsaType":	"Fixed",
	"platformDesc":	"mblaze_stopwatch_final",
	"platHandOff":	"F:/Ian_Jung/workplace/cora_z7/cora_cpu_2019/Basys3_Microblaze_real/mblaze_stopwatch_fin.xsa",
	"platIntHandOff":	"<platformDir>/hw/mblaze_stopwatch_fin.xsa",
	"deviceType":	"FPGA",
	"platIsPrebuiltAutogen":	"false",
	"platIsNoBootBsp":	"false",
	"hasFsblMakeHasChanges":	"false",
	"hasPmufwMakeHasChanges":	"false",
	"platPreBuiltFlag":	false,
	"platformSamplesDir":	""
}
TRACE::2023-11-27.12:49:03::SCWWriter::formatted JSON is {
	"platformName":	"mblaze_stopwatch_final",
	"sprVersion":	"2.0",
	"mode":	"gui",
	"dsaType":	"Fixed",
	"platformDesc":	"mblaze_stopwatch_final",
	"platHandOff":	"F:/Ian_Jung/workplace/cora_z7/cora_cpu_2019/Basys3_Microblaze_real/mblaze_stopwatch_fin.xsa",
	"platIntHandOff":	"<platformDir>/hw/mblaze_stopwatch_fin.xsa",
	"deviceType":	"FPGA",
	"platIsPrebuiltAutogen":	"false",
	"platIsNoBootBsp":	"false",
	"hasFsblMakeHasChanges":	"false",
	"hasPmufwMakeHasChanges":	"false",
	"platPreBuiltFlag":	false,
	"platformSamplesDir":	"",
	"platActiveSys":	"mblaze_stopwatch_final",
	"systems":	[{
			"systemName":	"mblaze_stopwatch_final",
			"systemDesc":	"mblaze_stopwatch_final",
			"sysIsBootAutoGen":	"true",
			"systemDispName":	"mblaze_stopwatch_final"
		}]
}
TRACE::2023-11-27.12:49:03::SCWPlatform::Boot application domains not present, creating them
TRACE::2023-11-27.12:49:03::SCWPlatform::Pure FPGA device, no boot application will be created.
TRACE::2023-11-27.12:49:03::SCWWriter::formatted JSON is {
	"platformName":	"mblaze_stopwatch_final",
	"sprVersion":	"2.0",
	"mode":	"gui",
	"dsaType":	"Fixed",
	"platformDesc":	"mblaze_stopwatch_final",
	"platHandOff":	"F:/Ian_Jung/workplace/cora_z7/cora_cpu_2019/Basys3_Microblaze_real/mblaze_stopwatch_fin.xsa",
	"platIntHandOff":	"<platformDir>/hw/mblaze_stopwatch_fin.xsa",
	"deviceType":	"FPGA",
	"platIsPrebuiltAutogen":	"false",
	"platIsNoBootBsp":	"false",
	"hasFsblMakeHasChanges":	"false",
	"hasPmufwMakeHasChanges":	"false",
	"platPreBuiltFlag":	false,
	"platformSamplesDir":	"",
	"platActiveSys":	"mblaze_stopwatch_final",
	"systems":	[{
			"systemName":	"mblaze_stopwatch_final",
			"systemDesc":	"mblaze_stopwatch_final",
			"sysIsBootAutoGen":	"true",
			"systemDispName":	"mblaze_stopwatch_final"
		}]
}
TRACE::2023-11-27.12:49:03::SCWPlatform::Trying to open the hw design at F:/Ian_Jung/workplace/Harman_Vitis/mblaze_stopwatch_final/hw/mblaze_stopwatch_fin.xsa
TRACE::2023-11-27.12:49:03::SCWPlatform::DSA given F:/Ian_Jung/workplace/Harman_Vitis/mblaze_stopwatch_final/hw/mblaze_stopwatch_fin.xsa
TRACE::2023-11-27.12:49:03::SCWPlatform::DSA absoulate path F:/Ian_Jung/workplace/Harman_Vitis/mblaze_stopwatch_final/hw/mblaze_stopwatch_fin.xsa
TRACE::2023-11-27.12:49:03::SCWPlatform::DSA directory F:/Ian_Jung/workplace/Harman_Vitis/mblaze_stopwatch_final/hw
TRACE::2023-11-27.12:49:03::SCWPlatform:: Platform Path F:/Ian_Jung/workplace/Harman_Vitis/mblaze_stopwatch_final/hw/mblaze_stopwatch_fin.xsa
TRACE::2023-11-27.12:49:03::SCWPlatform:: Unique name xilinx:basys3::0.0
TRACE::2023-11-27.12:49:03::SCWPlatform::Trying to set the existing hwdb with name mblaze_stopwatch_wrapper_14
TRACE::2023-11-27.12:49:03::SCWPlatform::Opened existing hwdb mblaze_stopwatch_wrapper_14
TRACE::2023-11-27.12:49:03::SCWPlatform::Found the Hw Db part of the input DSA
TRACE::2023-11-27.12:49:03::SCWDomain::checking for install qemu data   : 
TRACE::2023-11-27.12:49:03::SCWPlatform::Trying to open the hw design at F:/Ian_Jung/workplace/Harman_Vitis/mblaze_stopwatch_final/hw/mblaze_stopwatch_fin.xsa
TRACE::2023-11-27.12:49:03::SCWPlatform::DSA given F:/Ian_Jung/workplace/Harman_Vitis/mblaze_stopwatch_final/hw/mblaze_stopwatch_fin.xsa
TRACE::2023-11-27.12:49:03::SCWPlatform::DSA absoulate path F:/Ian_Jung/workplace/Harman_Vitis/mblaze_stopwatch_final/hw/mblaze_stopwatch_fin.xsa
TRACE::2023-11-27.12:49:03::SCWPlatform::DSA directory F:/Ian_Jung/workplace/Harman_Vitis/mblaze_stopwatch_final/hw
TRACE::2023-11-27.12:49:03::SCWPlatform:: Platform Path F:/Ian_Jung/workplace/Harman_Vitis/mblaze_stopwatch_final/hw/mblaze_stopwatch_fin.xsa
TRACE::2023-11-27.12:49:03::SCWPlatform:: Unique name xilinx:basys3::0.0
TRACE::2023-11-27.12:49:03::SCWPlatform::Trying to set the existing hwdb with name mblaze_stopwatch_wrapper_14
TRACE::2023-11-27.12:49:03::SCWPlatform::Opened existing hwdb mblaze_stopwatch_wrapper_14
TRACE::2023-11-27.12:49:03::SCWPlatform::Found the Hw Db part of the input DSA
TRACE::2023-11-27.12:49:03::SCWPlatform::Trying to open the hw design at F:/Ian_Jung/workplace/Harman_Vitis/mblaze_stopwatch_final/hw/mblaze_stopwatch_fin.xsa
TRACE::2023-11-27.12:49:03::SCWPlatform::DSA given F:/Ian_Jung/workplace/Harman_Vitis/mblaze_stopwatch_final/hw/mblaze_stopwatch_fin.xsa
TRACE::2023-11-27.12:49:03::SCWPlatform::DSA absoulate path F:/Ian_Jung/workplace/Harman_Vitis/mblaze_stopwatch_final/hw/mblaze_stopwatch_fin.xsa
TRACE::2023-11-27.12:49:03::SCWPlatform::DSA directory F:/Ian_Jung/workplace/Harman_Vitis/mblaze_stopwatch_final/hw
TRACE::2023-11-27.12:49:03::SCWPlatform:: Platform Path F:/Ian_Jung/workplace/Harman_Vitis/mblaze_stopwatch_final/hw/mblaze_stopwatch_fin.xsa
TRACE::2023-11-27.12:49:03::SCWPlatform:: Unique name xilinx:basys3::0.0
TRACE::2023-11-27.12:49:03::SCWPlatform::Trying to set the existing hwdb with name mblaze_stopwatch_wrapper_14
TRACE::2023-11-27.12:49:03::SCWPlatform::Opened existing hwdb mblaze_stopwatch_wrapper_14
TRACE::2023-11-27.12:49:03::SCWPlatform::Found the Hw Db part of the input DSA
TRACE::2023-11-27.12:49:03::SCWMssOS::Checking the sw design at  F:/Ian_Jung/workplace/Harman_Vitis/mblaze_stopwatch_final/microblaze_0/standalone_domain/bsp/system.mss
TRACE::2023-11-27.12:49:03::SCWMssOS::DEBUG:  swdes dump  
TRACE::2023-11-27.12:49:03::SCWMssOS::No sw design opened at  F:/Ian_Jung/workplace/Harman_Vitis/mblaze_stopwatch_final/microblaze_0/standalone_domain/bsp/system.mss
TRACE::2023-11-27.12:49:03::SCWMssOS::mss does not exists at F:/Ian_Jung/workplace/Harman_Vitis/mblaze_stopwatch_final/microblaze_0/standalone_domain/bsp/system.mss
TRACE::2023-11-27.12:49:03::SCWMssOS::Creating sw design at  F:/Ian_Jung/workplace/Harman_Vitis/mblaze_stopwatch_final/microblaze_0/standalone_domain/bsp/system.mss
TRACE::2023-11-27.12:49:03::SCWMssOS::Adding the swdes entry, created swdb F:/Ian_Jung/workplace/Harman_Vitis/mblaze_stopwatch_final/microblaze_0/standalone_domain/bsp/system.mss with des name F:/Ian_Jung/workplace/Harman_Vitis/mblaze_stopwatch_final/microblaze_0/standalone_domain/bsp/system.mss
TRACE::2023-11-27.12:49:03::SCWMssOS::updating the scw layer changes to swdes at   F:/Ian_Jung/workplace/Harman_Vitis/mblaze_stopwatch_final/microblaze_0/standalone_domain/bsp/system.mss
TRACE::2023-11-27.12:49:03::SCWMssOS::Writing mss at F:/Ian_Jung/workplace/Harman_Vitis/mblaze_stopwatch_final/microblaze_0/standalone_domain/bsp/system.mss
TRACE::2023-11-27.12:49:03::SCWMssOS::Completed writing the mss file at F:/Ian_Jung/workplace/Harman_Vitis/mblaze_stopwatch_final/microblaze_0/standalone_domain/bsp
TRACE::2023-11-27.12:49:03::SCWMssOS::Picking up changes from newly written mss file into SCW Layer. 
TRACE::2023-11-27.12:49:03::SCWMssOS::Updated the changes from newly written mss file into SCW Layer. 
TRACE::2023-11-27.12:49:03::SCWPlatform::Trying to open the hw design at F:/Ian_Jung/workplace/Harman_Vitis/mblaze_stopwatch_final/hw/mblaze_stopwatch_fin.xsa
TRACE::2023-11-27.12:49:03::SCWPlatform::DSA given F:/Ian_Jung/workplace/Harman_Vitis/mblaze_stopwatch_final/hw/mblaze_stopwatch_fin.xsa
TRACE::2023-11-27.12:49:03::SCWPlatform::DSA absoulate path F:/Ian_Jung/workplace/Harman_Vitis/mblaze_stopwatch_final/hw/mblaze_stopwatch_fin.xsa
TRACE::2023-11-27.12:49:03::SCWPlatform::DSA directory F:/Ian_Jung/workplace/Harman_Vitis/mblaze_stopwatch_final/hw
TRACE::2023-11-27.12:49:03::SCWPlatform:: Platform Path F:/Ian_Jung/workplace/Harman_Vitis/mblaze_stopwatch_final/hw/mblaze_stopwatch_fin.xsa
TRACE::2023-11-27.12:49:03::SCWPlatform:: Unique name xilinx:basys3::0.0
TRACE::2023-11-27.12:49:03::SCWPlatform::Trying to set the existing hwdb with name mblaze_stopwatch_wrapper_14
TRACE::2023-11-27.12:49:03::SCWPlatform::Opened existing hwdb mblaze_stopwatch_wrapper_14
TRACE::2023-11-27.12:49:03::SCWPlatform::Found the Hw Db part of the input DSA
TRACE::2023-11-27.12:49:03::SCWMssOS::Checking the sw design at  F:/Ian_Jung/workplace/Harman_Vitis/mblaze_stopwatch_final/microblaze_0/standalone_domain/bsp/system.mss
TRACE::2023-11-27.12:49:03::SCWMssOS::DEBUG:  swdes dump  F:/Ian_Jung/workplace/Harman_Vitis/mblaze_stopwatch_final/microblaze_0/standalone_domain/bsp/system.mss|F:/Ian_Jung/workplace/Harman_Vitis/mblaze_stopwatch_final/microblaze_0/standalone_domain/bsp/system.mss||

TRACE::2023-11-27.12:49:03::SCWMssOS::Sw design exists and opened at  F:/Ian_Jung/workplace/Harman_Vitis/mblaze_stopwatch_final/microblaze_0/standalone_domain/bsp/system.mss
TRACE::2023-11-27.12:49:03::SCWPlatform::Trying to open the hw design at F:/Ian_Jung/workplace/Harman_Vitis/mblaze_stopwatch_final/hw/mblaze_stopwatch_fin.xsa
TRACE::2023-11-27.12:49:03::SCWPlatform::DSA given F:/Ian_Jung/workplace/Harman_Vitis/mblaze_stopwatch_final/hw/mblaze_stopwatch_fin.xsa
TRACE::2023-11-27.12:49:03::SCWPlatform::DSA absoulate path F:/Ian_Jung/workplace/Harman_Vitis/mblaze_stopwatch_final/hw/mblaze_stopwatch_fin.xsa
TRACE::2023-11-27.12:49:03::SCWPlatform::DSA directory F:/Ian_Jung/workplace/Harman_Vitis/mblaze_stopwatch_final/hw
TRACE::2023-11-27.12:49:03::SCWPlatform:: Platform Path F:/Ian_Jung/workplace/Harman_Vitis/mblaze_stopwatch_final/hw/mblaze_stopwatch_fin.xsa
TRACE::2023-11-27.12:49:03::SCWPlatform:: Unique name xilinx:basys3::0.0
TRACE::2023-11-27.12:49:03::SCWPlatform::Trying to set the existing hwdb with name mblaze_stopwatch_wrapper_14
TRACE::2023-11-27.12:49:03::SCWPlatform::Opened existing hwdb mblaze_stopwatch_wrapper_14
TRACE::2023-11-27.12:49:03::SCWPlatform::Found the Hw Db part of the input DSA
TRACE::2023-11-27.12:49:03::SCWMssOS::Checking the sw design at  F:/Ian_Jung/workplace/Harman_Vitis/mblaze_stopwatch_final/microblaze_0/standalone_domain/bsp/system.mss
TRACE::2023-11-27.12:49:03::SCWMssOS::DEBUG:  swdes dump  F:/Ian_Jung/workplace/Harman_Vitis/mblaze_stopwatch_final/microblaze_0/standalone_domain/bsp/system.mss|F:/Ian_Jung/workplace/Harman_Vitis/mblaze_stopwatch_final/microblaze_0/standalone_domain/bsp/system.mss||

TRACE::2023-11-27.12:49:03::SCWMssOS::Sw design exists and opened at  F:/Ian_Jung/workplace/Harman_Vitis/mblaze_stopwatch_final/microblaze_0/standalone_domain/bsp/system.mss
TRACE::2023-11-27.12:49:03::SCWPlatform::Trying to open the hw design at F:/Ian_Jung/workplace/Harman_Vitis/mblaze_stopwatch_final/hw/mblaze_stopwatch_fin.xsa
TRACE::2023-11-27.12:49:03::SCWPlatform::DSA given F:/Ian_Jung/workplace/Harman_Vitis/mblaze_stopwatch_final/hw/mblaze_stopwatch_fin.xsa
TRACE::2023-11-27.12:49:03::SCWPlatform::DSA absoulate path F:/Ian_Jung/workplace/Harman_Vitis/mblaze_stopwatch_final/hw/mblaze_stopwatch_fin.xsa
TRACE::2023-11-27.12:49:03::SCWPlatform::DSA directory F:/Ian_Jung/workplace/Harman_Vitis/mblaze_stopwatch_final/hw
TRACE::2023-11-27.12:49:03::SCWPlatform:: Platform Path F:/Ian_Jung/workplace/Harman_Vitis/mblaze_stopwatch_final/hw/mblaze_stopwatch_fin.xsa
TRACE::2023-11-27.12:49:03::SCWPlatform:: Unique name xilinx:basys3::0.0
TRACE::2023-11-27.12:49:03::SCWPlatform::Trying to set the existing hwdb with name mblaze_stopwatch_wrapper_14
TRACE::2023-11-27.12:49:03::SCWPlatform::Opened existing hwdb mblaze_stopwatch_wrapper_14
TRACE::2023-11-27.12:49:03::SCWPlatform::Found the Hw Db part of the input DSA
TRACE::2023-11-27.12:49:03::SCWMssOS::Checking the sw design at  F:/Ian_Jung/workplace/Harman_Vitis/mblaze_stopwatch_final/microblaze_0/standalone_domain/bsp/system.mss
TRACE::2023-11-27.12:49:03::SCWMssOS::DEBUG:  swdes dump  F:/Ian_Jung/workplace/Harman_Vitis/mblaze_stopwatch_final/microblaze_0/standalone_domain/bsp/system.mss|F:/Ian_Jung/workplace/Harman_Vitis/mblaze_stopwatch_final/microblaze_0/standalone_domain/bsp/system.mss||

TRACE::2023-11-27.12:49:03::SCWMssOS::Sw design exists and opened at  F:/Ian_Jung/workplace/Harman_Vitis/mblaze_stopwatch_final/microblaze_0/standalone_domain/bsp/system.mss
TRACE::2023-11-27.12:49:03::SCWWriter::formatted JSON is {
	"platformName":	"mblaze_stopwatch_final",
	"sprVersion":	"2.0",
	"mode":	"gui",
	"dsaType":	"Fixed",
	"platformDesc":	"mblaze_stopwatch_final",
	"platHandOff":	"F:/Ian_Jung/workplace/cora_z7/cora_cpu_2019/Basys3_Microblaze_real/mblaze_stopwatch_fin.xsa",
	"platIntHandOff":	"<platformDir>/hw/mblaze_stopwatch_fin.xsa",
	"deviceType":	"FPGA",
	"platIsPrebuiltAutogen":	"false",
	"platIsNoBootBsp":	"false",
	"hasFsblMakeHasChanges":	"false",
	"hasPmufwMakeHasChanges":	"false",
	"platPreBuiltFlag":	false,
	"platformSamplesDir":	"",
	"platActiveSys":	"mblaze_stopwatch_final",
	"systems":	[{
			"systemName":	"mblaze_stopwatch_final",
			"systemDesc":	"mblaze_stopwatch_final",
			"sysIsBootAutoGen":	"true",
			"systemDispName":	"mblaze_stopwatch_final",
			"sysActiveDom":	"standalone_domain",
			"sysDefaultDom":	"standalone_domain",
			"domains":	[{
					"domainName":	"standalone_domain",
					"domainDispName":	"standalone_domain",
					"domainDesc":	"standalone_domain",
					"processors":	"microblaze_0",
					"os":	"standalone",
					"sdxOs":	"standalone",
					"debugEnable":	"False",
					"domRuntimes":	["cpp"],
					"swRepo":	"",
					"mssOsVer":	"7.1",
					"mssFile":	"",
					"md5Digest":	"",
					"compatibleApp":	"",
					"domType":	"mssDomain",
					"appSettings":	{
						"appCompilerFlags":	"",
						"appLinkerFlags":	""
					},
					"addedLibs":	[],
					"libOptions":	{
						"libsContainingOptions":	[]
					},
					"prebuiltLibs":	{
						"prebuiltIncPath":	[],
						"prebuiltLibPath":	[]
					},
					"isolation":	{
					}
				}]
		}]
}
TRACE::2023-11-27.12:49:03::SCWPlatform::Trying to open the hw design at F:/Ian_Jung/workplace/Harman_Vitis/mblaze_stopwatch_final/hw/mblaze_stopwatch_fin.xsa
TRACE::2023-11-27.12:49:03::SCWPlatform::DSA given F:/Ian_Jung/workplace/Harman_Vitis/mblaze_stopwatch_final/hw/mblaze_stopwatch_fin.xsa
TRACE::2023-11-27.12:49:03::SCWPlatform::DSA absoulate path F:/Ian_Jung/workplace/Harman_Vitis/mblaze_stopwatch_final/hw/mblaze_stopwatch_fin.xsa
TRACE::2023-11-27.12:49:03::SCWPlatform::DSA directory F:/Ian_Jung/workplace/Harman_Vitis/mblaze_stopwatch_final/hw
TRACE::2023-11-27.12:49:03::SCWPlatform:: Platform Path F:/Ian_Jung/workplace/Harman_Vitis/mblaze_stopwatch_final/hw/mblaze_stopwatch_fin.xsa
TRACE::2023-11-27.12:49:03::SCWPlatform:: Unique name xilinx:basys3::0.0
TRACE::2023-11-27.12:49:03::SCWPlatform::Trying to set the existing hwdb with name mblaze_stopwatch_wrapper_14
TRACE::2023-11-27.12:49:03::SCWPlatform::Opened existing hwdb mblaze_stopwatch_wrapper_14
TRACE::2023-11-27.12:49:03::SCWPlatform::Found the Hw Db part of the input DSA
TRACE::2023-11-27.12:49:03::SCWMssOS::Checking the sw design at  F:/Ian_Jung/workplace/Harman_Vitis/mblaze_stopwatch_final/microblaze_0/standalone_domain/bsp/system.mss
TRACE::2023-11-27.12:49:03::SCWMssOS::DEBUG:  swdes dump  F:/Ian_Jung/workplace/Harman_Vitis/mblaze_stopwatch_final/microblaze_0/standalone_domain/bsp/system.mss|F:/Ian_Jung/workplace/Harman_Vitis/mblaze_stopwatch_final/microblaze_0/standalone_domain/bsp/system.mss||

TRACE::2023-11-27.12:49:03::SCWMssOS::Sw design exists and opened at  F:/Ian_Jung/workplace/Harman_Vitis/mblaze_stopwatch_final/microblaze_0/standalone_domain/bsp/system.mss
TRACE::2023-11-27.12:49:03::SCWMssOS::Completed writing the mss file at F:/Ian_Jung/workplace/Harman_Vitis/mblaze_stopwatch_final/microblaze_0/standalone_domain/bsp
TRACE::2023-11-27.12:49:03::SCWMssOS::Forcing BSP Sources regeneration.
LOG::2023-11-27.12:49:04::SCWPlatform::Started generating the artifacts platform mblaze_stopwatch_final
TRACE::2023-11-27.12:49:04::SCWPlatform::Sanity checking of platform is completed
LOG::2023-11-27.12:49:04::SCWPlatform::Started generating the artifacts for system configuration mblaze_stopwatch_final
LOG::2023-11-27.12:49:04::SCWSystem::Checking the domain standalone_domain
LOG::2023-11-27.12:49:04::SCWSystem::Not a boot domain 
LOG::2023-11-27.12:49:04::SCWSystem::Started Processing the domain standalone_domain
TRACE::2023-11-27.12:49:04::SCWDomain::Generating domain artifcats
TRACE::2023-11-27.12:49:04::SCWMssOS::Generating standalone artifcats
TRACE::2023-11-27.12:49:04::SCWMssOS:: Copying the user libraries. 
TRACE::2023-11-27.12:49:04::SCWPlatform::Trying to open the hw design at F:/Ian_Jung/workplace/Harman_Vitis/mblaze_stopwatch_final/hw/mblaze_stopwatch_fin.xsa
TRACE::2023-11-27.12:49:04::SCWPlatform::DSA given F:/Ian_Jung/workplace/Harman_Vitis/mblaze_stopwatch_final/hw/mblaze_stopwatch_fin.xsa
TRACE::2023-11-27.12:49:04::SCWPlatform::DSA absoulate path F:/Ian_Jung/workplace/Harman_Vitis/mblaze_stopwatch_final/hw/mblaze_stopwatch_fin.xsa
TRACE::2023-11-27.12:49:04::SCWPlatform::DSA directory F:/Ian_Jung/workplace/Harman_Vitis/mblaze_stopwatch_final/hw
TRACE::2023-11-27.12:49:04::SCWPlatform:: Platform Path F:/Ian_Jung/workplace/Harman_Vitis/mblaze_stopwatch_final/hw/mblaze_stopwatch_fin.xsa
TRACE::2023-11-27.12:49:04::SCWPlatform:: Unique name xilinx:basys3::0.0
TRACE::2023-11-27.12:49:04::SCWPlatform::Trying to set the existing hwdb with name mblaze_stopwatch_wrapper_14
TRACE::2023-11-27.12:49:04::SCWPlatform::Opened existing hwdb mblaze_stopwatch_wrapper_14
TRACE::2023-11-27.12:49:04::SCWPlatform::Found the Hw Db part of the input DSA
TRACE::2023-11-27.12:49:04::SCWMssOS::Checking the sw design at  F:/Ian_Jung/workplace/Harman_Vitis/mblaze_stopwatch_final/microblaze_0/standalone_domain/bsp/system.mss
TRACE::2023-11-27.12:49:04::SCWMssOS::DEBUG:  swdes dump  F:/Ian_Jung/workplace/Harman_Vitis/mblaze_stopwatch_final/microblaze_0/standalone_domain/bsp/system.mss|F:/Ian_Jung/workplace/Harman_Vitis/mblaze_stopwatch_final/microblaze_0/standalone_domain/bsp/system.mss||

KEYINFO::2023-11-27.12:49:04::SCWMssOS::Could not open the swdb for F:/Ian_Jung/workplace/Harman_Vitis/mblaze_stopwatch_final/microblaze_0/standalone_domain/bsp/system.mss
KEYINFO::2023-11-27.12:49:04::SCWMssOS::Could not open the sw design at  F:/Ian_Jung/workplace/Harman_Vitis/mblaze_stopwatch_final/microblaze_0/standalone_domain/bsp/system.mss
ERROR: [Hsi 55-1558] Software Design F:/Ian_Jung/workplace/Harman_Vitis/mblaze_stopwatch_final/microblaze_0/standalone_domain/bsp/system.mss is not found

TRACE::2023-11-27.12:49:04::SCWMssOS::Cleared the swdb table entry
TRACE::2023-11-27.12:49:04::SCWMssOS::No sw design opened at  F:/Ian_Jung/workplace/Harman_Vitis/mblaze_stopwatch_final/microblaze_0/standalone_domain/bsp/system.mss
TRACE::2023-11-27.12:49:04::SCWMssOS::mss exists loading the mss file  F:/Ian_Jung/workplace/Harman_Vitis/mblaze_stopwatch_final/microblaze_0/standalone_domain/bsp/system.mss
TRACE::2023-11-27.12:49:04::SCWMssOS::Opened the sw design from mss  F:/Ian_Jung/workplace/Harman_Vitis/mblaze_stopwatch_final/microblaze_0/standalone_domain/bsp/system.mss
TRACE::2023-11-27.12:49:04::SCWMssOS::Adding the swdes entry F:/Ian_Jung/workplace/Harman_Vitis/mblaze_stopwatch_final/microblaze_0/standalone_domain/bsp/system.mss with des name system
TRACE::2023-11-27.12:49:04::SCWMssOS::updating the scw layer about changes
TRACE::2023-11-27.12:49:04::SCWMssOS::Opened the sw design.  F:/Ian_Jung/workplace/Harman_Vitis/mblaze_stopwatch_final/microblaze_0/standalone_domain/bsp/system.mss
TRACE::2023-11-27.12:49:04::SCWMssOS::Completed writing the mss file at F:/Ian_Jung/workplace/Harman_Vitis/mblaze_stopwatch_final/microblaze_0/standalone_domain/bsp
TRACE::2023-11-27.12:49:04::SCWMssOS::Mss edits present, copying mssfile into export location F:/Ian_Jung/workplace/Harman_Vitis/mblaze_stopwatch_final/microblaze_0/standalone_domain/bsp/system.mss
TRACE::2023-11-27.12:49:04::SCWMssOS::bsp generated is upto date with the mss file. Skipping bsp generation.
TRACE::2023-11-27.12:49:04::SCWMssOS::BSP is already built. skipping the bsp build ... 
TRACE::2023-11-27.12:49:04::SCWDomain::Skipping the build for domain :  standalone_domain
TRACE::2023-11-27.12:49:04::SCWMssOS::skipping the bsp build ... 
TRACE::2023-11-27.12:49:04::SCWMssOS::Copying to export directory.
TRACE::2023-11-27.12:49:04::SCWMssOS:: Checking if to create the Supporting Applications
TRACE::2023-11-27.12:49:04::SCWMssOS:: No Linux domain exists, trying to generate FSBL 
LOG::2023-11-27.12:49:04::SCWSystem::Completed Processing the domain standalone_domain
LOG::2023-11-27.12:49:04::SCWSystem::Completed Processing the sysconfig mblaze_stopwatch_final
LOG::2023-11-27.12:49:04::SCWPlatform::Completed generating the artifacts for system configuration mblaze_stopwatch_final
TRACE::2023-11-27.12:49:04::SCWPlatform::Started preparing the platform 
TRACE::2023-11-27.12:49:04::SCWSystem::Writing the bif file for system config mblaze_stopwatch_final
TRACE::2023-11-27.12:49:04::SCWSystem::dir created 
TRACE::2023-11-27.12:49:04::SCWSystem::Writing the bif 
TRACE::2023-11-27.12:49:04::SCWPlatform::Started writing the spfm file 
TRACE::2023-11-27.12:49:04::SCWPlatform::Started writing the xpfm file 
TRACE::2023-11-27.12:49:04::SCWPlatform::Completed generating the platform
TRACE::2023-11-27.12:49:04::SCWPlatform::Trying to open the hw design at F:/Ian_Jung/workplace/Harman_Vitis/mblaze_stopwatch_final/hw/mblaze_stopwatch_fin.xsa
TRACE::2023-11-27.12:49:04::SCWPlatform::DSA given F:/Ian_Jung/workplace/Harman_Vitis/mblaze_stopwatch_final/hw/mblaze_stopwatch_fin.xsa
TRACE::2023-11-27.12:49:04::SCWPlatform::DSA absoulate path F:/Ian_Jung/workplace/Harman_Vitis/mblaze_stopwatch_final/hw/mblaze_stopwatch_fin.xsa
TRACE::2023-11-27.12:49:04::SCWPlatform::DSA directory F:/Ian_Jung/workplace/Harman_Vitis/mblaze_stopwatch_final/hw
TRACE::2023-11-27.12:49:04::SCWPlatform:: Platform Path F:/Ian_Jung/workplace/Harman_Vitis/mblaze_stopwatch_final/hw/mblaze_stopwatch_fin.xsa
TRACE::2023-11-27.12:49:04::SCWPlatform:: Unique name xilinx:basys3::0.0
TRACE::2023-11-27.12:49:04::SCWPlatform::Trying to set the existing hwdb with name mblaze_stopwatch_wrapper_14
TRACE::2023-11-27.12:49:04::SCWPlatform::Opened existing hwdb mblaze_stopwatch_wrapper_14
TRACE::2023-11-27.12:49:04::SCWPlatform::Found the Hw Db part of the input DSA
TRACE::2023-11-27.12:49:04::SCWMssOS::Checking the sw design at  F:/Ian_Jung/workplace/Harman_Vitis/mblaze_stopwatch_final/microblaze_0/standalone_domain/bsp/system.mss
TRACE::2023-11-27.12:49:04::SCWMssOS::DEBUG:  swdes dump  F:/Ian_Jung/workplace/Harman_Vitis/mblaze_stopwatch_final/microblaze_0/standalone_domain/bsp/system.mss|system||

TRACE::2023-11-27.12:49:04::SCWMssOS::Sw design exists and opened at  F:/Ian_Jung/workplace/Harman_Vitis/mblaze_stopwatch_final/microblaze_0/standalone_domain/bsp/system.mss
TRACE::2023-11-27.12:49:04::SCWPlatform::Trying to open the hw design at F:/Ian_Jung/workplace/Harman_Vitis/mblaze_stopwatch_final/hw/mblaze_stopwatch_fin.xsa
TRACE::2023-11-27.12:49:04::SCWPlatform::DSA given F:/Ian_Jung/workplace/Harman_Vitis/mblaze_stopwatch_final/hw/mblaze_stopwatch_fin.xsa
TRACE::2023-11-27.12:49:04::SCWPlatform::DSA absoulate path F:/Ian_Jung/workplace/Harman_Vitis/mblaze_stopwatch_final/hw/mblaze_stopwatch_fin.xsa
TRACE::2023-11-27.12:49:04::SCWPlatform::DSA directory F:/Ian_Jung/workplace/Harman_Vitis/mblaze_stopwatch_final/hw
TRACE::2023-11-27.12:49:04::SCWPlatform:: Platform Path F:/Ian_Jung/workplace/Harman_Vitis/mblaze_stopwatch_final/hw/mblaze_stopwatch_fin.xsa
TRACE::2023-11-27.12:49:04::SCWPlatform:: Unique name xilinx:basys3::0.0
TRACE::2023-11-27.12:49:04::SCWPlatform::Trying to set the existing hwdb with name mblaze_stopwatch_wrapper_14
TRACE::2023-11-27.12:49:04::SCWPlatform::Opened existing hwdb mblaze_stopwatch_wrapper_14
TRACE::2023-11-27.12:49:04::SCWPlatform::Found the Hw Db part of the input DSA
TRACE::2023-11-27.12:49:04::SCWMssOS::Checking the sw design at  F:/Ian_Jung/workplace/Harman_Vitis/mblaze_stopwatch_final/microblaze_0/standalone_domain/bsp/system.mss
TRACE::2023-11-27.12:49:04::SCWMssOS::DEBUG:  swdes dump  F:/Ian_Jung/workplace/Harman_Vitis/mblaze_stopwatch_final/microblaze_0/standalone_domain/bsp/system.mss|system||

TRACE::2023-11-27.12:49:04::SCWMssOS::Sw design exists and opened at  F:/Ian_Jung/workplace/Harman_Vitis/mblaze_stopwatch_final/microblaze_0/standalone_domain/bsp/system.mss
TRACE::2023-11-27.12:49:04::SCWPlatform::Trying to open the hw design at F:/Ian_Jung/workplace/Harman_Vitis/mblaze_stopwatch_final/hw/mblaze_stopwatch_fin.xsa
TRACE::2023-11-27.12:49:04::SCWPlatform::DSA given F:/Ian_Jung/workplace/Harman_Vitis/mblaze_stopwatch_final/hw/mblaze_stopwatch_fin.xsa
TRACE::2023-11-27.12:49:04::SCWPlatform::DSA absoulate path F:/Ian_Jung/workplace/Harman_Vitis/mblaze_stopwatch_final/hw/mblaze_stopwatch_fin.xsa
TRACE::2023-11-27.12:49:04::SCWPlatform::DSA directory F:/Ian_Jung/workplace/Harman_Vitis/mblaze_stopwatch_final/hw
TRACE::2023-11-27.12:49:04::SCWPlatform:: Platform Path F:/Ian_Jung/workplace/Harman_Vitis/mblaze_stopwatch_final/hw/mblaze_stopwatch_fin.xsa
TRACE::2023-11-27.12:49:04::SCWPlatform:: Unique name xilinx:basys3::0.0
TRACE::2023-11-27.12:49:04::SCWPlatform::Trying to set the existing hwdb with name mblaze_stopwatch_wrapper_14
TRACE::2023-11-27.12:49:04::SCWPlatform::Opened existing hwdb mblaze_stopwatch_wrapper_14
TRACE::2023-11-27.12:49:04::SCWPlatform::Found the Hw Db part of the input DSA
TRACE::2023-11-27.12:49:04::SCWMssOS::Checking the sw design at  F:/Ian_Jung/workplace/Harman_Vitis/mblaze_stopwatch_final/microblaze_0/standalone_domain/bsp/system.mss
TRACE::2023-11-27.12:49:04::SCWMssOS::DEBUG:  swdes dump  F:/Ian_Jung/workplace/Harman_Vitis/mblaze_stopwatch_final/microblaze_0/standalone_domain/bsp/system.mss|system||

TRACE::2023-11-27.12:49:04::SCWMssOS::Sw design exists and opened at  F:/Ian_Jung/workplace/Harman_Vitis/mblaze_stopwatch_final/microblaze_0/standalone_domain/bsp/system.mss
TRACE::2023-11-27.12:49:04::SCWWriter::formatted JSON is {
	"platformName":	"mblaze_stopwatch_final",
	"sprVersion":	"2.0",
	"mode":	"gui",
	"dsaType":	"Fixed",
	"platformDesc":	"mblaze_stopwatch_final",
	"platHandOff":	"F:/Ian_Jung/workplace/cora_z7/cora_cpu_2019/Basys3_Microblaze_real/mblaze_stopwatch_fin.xsa",
	"platIntHandOff":	"<platformDir>/hw/mblaze_stopwatch_fin.xsa",
	"deviceType":	"FPGA",
	"platIsPrebuiltAutogen":	"false",
	"platIsNoBootBsp":	"false",
	"hasFsblMakeHasChanges":	"false",
	"hasPmufwMakeHasChanges":	"false",
	"platPreBuiltFlag":	false,
	"platformSamplesDir":	"",
	"platActiveSys":	"mblaze_stopwatch_final",
	"systems":	[{
			"systemName":	"mblaze_stopwatch_final",
			"systemDesc":	"mblaze_stopwatch_final",
			"sysIsBootAutoGen":	"true",
			"systemDispName":	"mblaze_stopwatch_final",
			"sysActiveDom":	"standalone_domain",
			"sysDefaultDom":	"standalone_domain",
			"domains":	[{
					"domainName":	"standalone_domain",
					"domainDispName":	"standalone_domain",
					"domainDesc":	"standalone_domain",
					"processors":	"microblaze_0",
					"os":	"standalone",
					"sdxOs":	"standalone",
					"debugEnable":	"False",
					"domRuntimes":	["cpp"],
					"swRepo":	"",
					"mssOsVer":	"7.1",
					"mssFile":	"",
					"md5Digest":	"014f09aa243a9c860dc58c4f989b44fe",
					"compatibleApp":	"",
					"domType":	"mssDomain",
					"appSettings":	{
						"appCompilerFlags":	"",
						"appLinkerFlags":	""
					},
					"addedLibs":	[],
					"libOptions":	{
						"libsContainingOptions":	[]
					},
					"prebuiltLibs":	{
						"prebuiltIncPath":	[],
						"prebuiltLibPath":	[]
					},
					"isolation":	{
					}
				}]
		}]
}
KEYINFO::2023-11-27.12:49:04::SCWPlatform::updated the xpfm file.
TRACE::2023-11-27.12:49:04::SCWPlatform::Trying to open the hw design at F:/Ian_Jung/workplace/Harman_Vitis/mblaze_stopwatch_final/hw/mblaze_stopwatch_fin.xsa
TRACE::2023-11-27.12:49:04::SCWPlatform::DSA given F:/Ian_Jung/workplace/Harman_Vitis/mblaze_stopwatch_final/hw/mblaze_stopwatch_fin.xsa
TRACE::2023-11-27.12:49:04::SCWPlatform::DSA absoulate path F:/Ian_Jung/workplace/Harman_Vitis/mblaze_stopwatch_final/hw/mblaze_stopwatch_fin.xsa
TRACE::2023-11-27.12:49:04::SCWPlatform::DSA directory F:/Ian_Jung/workplace/Harman_Vitis/mblaze_stopwatch_final/hw
TRACE::2023-11-27.12:49:04::SCWPlatform:: Platform Path F:/Ian_Jung/workplace/Harman_Vitis/mblaze_stopwatch_final/hw/mblaze_stopwatch_fin.xsa
TRACE::2023-11-27.12:49:04::SCWPlatform:: Unique name xilinx:basys3::0.0
TRACE::2023-11-27.12:49:04::SCWPlatform::Trying to set the existing hwdb with name mblaze_stopwatch_wrapper_14
TRACE::2023-11-27.12:49:04::SCWPlatform::Opened existing hwdb mblaze_stopwatch_wrapper_14
TRACE::2023-11-27.12:49:04::SCWPlatform::Found the Hw Db part of the input DSA
TRACE::2023-11-27.12:49:04::SCWMssOS::Checking the sw design at  F:/Ian_Jung/workplace/Harman_Vitis/mblaze_stopwatch_final/microblaze_0/standalone_domain/bsp/system.mss
TRACE::2023-11-27.12:49:04::SCWMssOS::DEBUG:  swdes dump  F:/Ian_Jung/workplace/Harman_Vitis/mblaze_stopwatch_final/microblaze_0/standalone_domain/bsp/system.mss|system||

TRACE::2023-11-27.12:49:04::SCWMssOS::Sw design exists and opened at  F:/Ian_Jung/workplace/Harman_Vitis/mblaze_stopwatch_final/microblaze_0/standalone_domain/bsp/system.mss
TRACE::2023-11-27.12:49:04::SCWPlatform::Trying to open the hw design at F:/Ian_Jung/workplace/Harman_Vitis/mblaze_stopwatch_final/hw/mblaze_stopwatch_fin.xsa
TRACE::2023-11-27.12:49:04::SCWPlatform::DSA given F:/Ian_Jung/workplace/Harman_Vitis/mblaze_stopwatch_final/hw/mblaze_stopwatch_fin.xsa
TRACE::2023-11-27.12:49:04::SCWPlatform::DSA absoulate path F:/Ian_Jung/workplace/Harman_Vitis/mblaze_stopwatch_final/hw/mblaze_stopwatch_fin.xsa
TRACE::2023-11-27.12:49:04::SCWPlatform::DSA directory F:/Ian_Jung/workplace/Harman_Vitis/mblaze_stopwatch_final/hw
TRACE::2023-11-27.12:49:04::SCWPlatform:: Platform Path F:/Ian_Jung/workplace/Harman_Vitis/mblaze_stopwatch_final/hw/mblaze_stopwatch_fin.xsa
TRACE::2023-11-27.12:49:04::SCWPlatform:: Unique name xilinx:basys3::0.0
TRACE::2023-11-27.12:49:04::SCWPlatform::Trying to set the existing hwdb with name mblaze_stopwatch_wrapper_14
TRACE::2023-11-27.12:49:04::SCWPlatform::Opened existing hwdb mblaze_stopwatch_wrapper_14
TRACE::2023-11-27.12:49:04::SCWPlatform::Found the Hw Db part of the input DSA
TRACE::2023-11-27.12:49:04::SCWMssOS::Checking the sw design at  F:/Ian_Jung/workplace/Harman_Vitis/mblaze_stopwatch_final/microblaze_0/standalone_domain/bsp/system.mss
TRACE::2023-11-27.12:49:04::SCWMssOS::DEBUG:  swdes dump  F:/Ian_Jung/workplace/Harman_Vitis/mblaze_stopwatch_final/microblaze_0/standalone_domain/bsp/system.mss|system||

TRACE::2023-11-27.12:49:04::SCWMssOS::Sw design exists and opened at  F:/Ian_Jung/workplace/Harman_Vitis/mblaze_stopwatch_final/microblaze_0/standalone_domain/bsp/system.mss
TRACE::2023-11-27.12:49:04::SCWPlatform::Trying to open the hw design at F:/Ian_Jung/workplace/Harman_Vitis/mblaze_stopwatch_final/hw/mblaze_stopwatch_fin.xsa
TRACE::2023-11-27.12:49:04::SCWPlatform::DSA given F:/Ian_Jung/workplace/Harman_Vitis/mblaze_stopwatch_final/hw/mblaze_stopwatch_fin.xsa
TRACE::2023-11-27.12:49:04::SCWPlatform::DSA absoulate path F:/Ian_Jung/workplace/Harman_Vitis/mblaze_stopwatch_final/hw/mblaze_stopwatch_fin.xsa
TRACE::2023-11-27.12:49:04::SCWPlatform::DSA directory F:/Ian_Jung/workplace/Harman_Vitis/mblaze_stopwatch_final/hw
TRACE::2023-11-27.12:49:04::SCWPlatform:: Platform Path F:/Ian_Jung/workplace/Harman_Vitis/mblaze_stopwatch_final/hw/mblaze_stopwatch_fin.xsa
TRACE::2023-11-27.12:49:04::SCWPlatform:: Unique name xilinx:basys3::0.0
TRACE::2023-11-27.12:49:04::SCWPlatform::Trying to set the existing hwdb with name mblaze_stopwatch_wrapper_14
TRACE::2023-11-27.12:49:04::SCWPlatform::Opened existing hwdb mblaze_stopwatch_wrapper_14
TRACE::2023-11-27.12:49:04::SCWPlatform::Found the Hw Db part of the input DSA
TRACE::2023-11-27.12:49:04::SCWMssOS::Checking the sw design at  F:/Ian_Jung/workplace/Harman_Vitis/mblaze_stopwatch_final/microblaze_0/standalone_domain/bsp/system.mss
TRACE::2023-11-27.12:49:04::SCWMssOS::DEBUG:  swdes dump  F:/Ian_Jung/workplace/Harman_Vitis/mblaze_stopwatch_final/microblaze_0/standalone_domain/bsp/system.mss|system||

TRACE::2023-11-27.12:49:04::SCWMssOS::Sw design exists and opened at  F:/Ian_Jung/workplace/Harman_Vitis/mblaze_stopwatch_final/microblaze_0/standalone_domain/bsp/system.mss
TRACE::2023-11-27.12:49:04::SCWPlatform::Trying to open the hw design at F:/Ian_Jung/workplace/Harman_Vitis/mblaze_stopwatch_final/hw/mblaze_stopwatch_fin.xsa
TRACE::2023-11-27.12:49:04::SCWPlatform::DSA given F:/Ian_Jung/workplace/Harman_Vitis/mblaze_stopwatch_final/hw/mblaze_stopwatch_fin.xsa
TRACE::2023-11-27.12:49:04::SCWPlatform::DSA absoulate path F:/Ian_Jung/workplace/Harman_Vitis/mblaze_stopwatch_final/hw/mblaze_stopwatch_fin.xsa
TRACE::2023-11-27.12:49:04::SCWPlatform::DSA directory F:/Ian_Jung/workplace/Harman_Vitis/mblaze_stopwatch_final/hw
TRACE::2023-11-27.12:49:04::SCWPlatform:: Platform Path F:/Ian_Jung/workplace/Harman_Vitis/mblaze_stopwatch_final/hw/mblaze_stopwatch_fin.xsa
TRACE::2023-11-27.12:49:04::SCWPlatform:: Unique name xilinx:basys3::0.0
TRACE::2023-11-27.12:49:04::SCWPlatform::Trying to set the existing hwdb with name mblaze_stopwatch_wrapper_14
TRACE::2023-11-27.12:49:04::SCWPlatform::Opened existing hwdb mblaze_stopwatch_wrapper_14
TRACE::2023-11-27.12:49:04::SCWPlatform::Found the Hw Db part of the input DSA
TRACE::2023-11-27.12:49:04::SCWMssOS::Checking the sw design at  F:/Ian_Jung/workplace/Harman_Vitis/mblaze_stopwatch_final/microblaze_0/standalone_domain/bsp/system.mss
TRACE::2023-11-27.12:49:04::SCWMssOS::DEBUG:  swdes dump  F:/Ian_Jung/workplace/Harman_Vitis/mblaze_stopwatch_final/microblaze_0/standalone_domain/bsp/system.mss|system||

TRACE::2023-11-27.12:49:04::SCWMssOS::Sw design exists and opened at  F:/Ian_Jung/workplace/Harman_Vitis/mblaze_stopwatch_final/microblaze_0/standalone_domain/bsp/system.mss
TRACE::2023-11-27.12:49:04::SCWWriter::formatted JSON is {
	"platformName":	"mblaze_stopwatch_final",
	"sprVersion":	"2.0",
	"mode":	"gui",
	"dsaType":	"Fixed",
	"platformDesc":	"mblaze_stopwatch_final",
	"platHandOff":	"F:/Ian_Jung/workplace/cora_z7/cora_cpu_2019/Basys3_Microblaze_real/mblaze_stopwatch_fin.xsa",
	"platIntHandOff":	"<platformDir>/hw/mblaze_stopwatch_fin.xsa",
	"deviceType":	"FPGA",
	"platIsPrebuiltAutogen":	"false",
	"platIsNoBootBsp":	"false",
	"hasFsblMakeHasChanges":	"false",
	"hasPmufwMakeHasChanges":	"false",
	"platPreBuiltFlag":	false,
	"platformSamplesDir":	"",
	"platActiveSys":	"mblaze_stopwatch_final",
	"systems":	[{
			"systemName":	"mblaze_stopwatch_final",
			"systemDesc":	"mblaze_stopwatch_final",
			"sysIsBootAutoGen":	"true",
			"systemDispName":	"mblaze_stopwatch_final",
			"sysActiveDom":	"standalone_domain",
			"sysDefaultDom":	"standalone_domain",
			"domains":	[{
					"domainName":	"standalone_domain",
					"domainDispName":	"standalone_domain",
					"domainDesc":	"standalone_domain",
					"processors":	"microblaze_0",
					"os":	"standalone",
					"sdxOs":	"standalone",
					"debugEnable":	"False",
					"domRuntimes":	["cpp"],
					"swRepo":	"",
					"mssOsVer":	"7.1",
					"mssFile":	"",
					"md5Digest":	"014f09aa243a9c860dc58c4f989b44fe",
					"compatibleApp":	"",
					"domType":	"mssDomain",
					"appSettings":	{
						"appCompilerFlags":	"",
						"appLinkerFlags":	""
					},
					"addedLibs":	[],
					"libOptions":	{
						"libsContainingOptions":	[]
					},
					"prebuiltLibs":	{
						"prebuiltIncPath":	[],
						"prebuiltLibPath":	[]
					},
					"isolation":	{
					}
				}]
		}]
}
TRACE::2023-11-27.12:49:04::SCWPlatform::Trying to open the hw design at F:/Ian_Jung/workplace/Harman_Vitis/mblaze_stopwatch_final/hw/mblaze_stopwatch_fin.xsa
TRACE::2023-11-27.12:49:04::SCWPlatform::DSA given F:/Ian_Jung/workplace/Harman_Vitis/mblaze_stopwatch_final/hw/mblaze_stopwatch_fin.xsa
TRACE::2023-11-27.12:49:04::SCWPlatform::DSA absoulate path F:/Ian_Jung/workplace/Harman_Vitis/mblaze_stopwatch_final/hw/mblaze_stopwatch_fin.xsa
TRACE::2023-11-27.12:49:04::SCWPlatform::DSA directory F:/Ian_Jung/workplace/Harman_Vitis/mblaze_stopwatch_final/hw
TRACE::2023-11-27.12:49:04::SCWPlatform:: Platform Path F:/Ian_Jung/workplace/Harman_Vitis/mblaze_stopwatch_final/hw/mblaze_stopwatch_fin.xsa
TRACE::2023-11-27.12:49:04::SCWPlatform:: Unique name xilinx:basys3::0.0
TRACE::2023-11-27.12:49:04::SCWPlatform::Trying to set the existing hwdb with name mblaze_stopwatch_wrapper_14
TRACE::2023-11-27.12:49:04::SCWPlatform::Opened existing hwdb mblaze_stopwatch_wrapper_14
TRACE::2023-11-27.12:49:04::SCWPlatform::Found the Hw Db part of the input DSA
TRACE::2023-11-27.12:49:04::SCWMssOS::Checking the sw design at  F:/Ian_Jung/workplace/Harman_Vitis/mblaze_stopwatch_final/microblaze_0/standalone_domain/bsp/system.mss
TRACE::2023-11-27.12:49:04::SCWMssOS::DEBUG:  swdes dump  F:/Ian_Jung/workplace/Harman_Vitis/mblaze_stopwatch_final/microblaze_0/standalone_domain/bsp/system.mss|system||

TRACE::2023-11-27.12:49:04::SCWMssOS::Sw design exists and opened at  F:/Ian_Jung/workplace/Harman_Vitis/mblaze_stopwatch_final/microblaze_0/standalone_domain/bsp/system.mss
TRACE::2023-11-27.12:49:04::SCWPlatform::Trying to open the hw design at F:/Ian_Jung/workplace/Harman_Vitis/mblaze_stopwatch_final/hw/mblaze_stopwatch_fin.xsa
TRACE::2023-11-27.12:49:04::SCWPlatform::DSA given F:/Ian_Jung/workplace/Harman_Vitis/mblaze_stopwatch_final/hw/mblaze_stopwatch_fin.xsa
TRACE::2023-11-27.12:49:04::SCWPlatform::DSA absoulate path F:/Ian_Jung/workplace/Harman_Vitis/mblaze_stopwatch_final/hw/mblaze_stopwatch_fin.xsa
TRACE::2023-11-27.12:49:04::SCWPlatform::DSA directory F:/Ian_Jung/workplace/Harman_Vitis/mblaze_stopwatch_final/hw
TRACE::2023-11-27.12:49:04::SCWPlatform:: Platform Path F:/Ian_Jung/workplace/Harman_Vitis/mblaze_stopwatch_final/hw/mblaze_stopwatch_fin.xsa
TRACE::2023-11-27.12:49:04::SCWPlatform:: Unique name xilinx:basys3::0.0
TRACE::2023-11-27.12:49:04::SCWPlatform::Trying to set the existing hwdb with name mblaze_stopwatch_wrapper_14
TRACE::2023-11-27.12:49:04::SCWPlatform::Opened existing hwdb mblaze_stopwatch_wrapper_14
TRACE::2023-11-27.12:49:04::SCWPlatform::Found the Hw Db part of the input DSA
TRACE::2023-11-27.12:49:04::SCWMssOS::Checking the sw design at  F:/Ian_Jung/workplace/Harman_Vitis/mblaze_stopwatch_final/microblaze_0/standalone_domain/bsp/system.mss
TRACE::2023-11-27.12:49:04::SCWMssOS::DEBUG:  swdes dump  F:/Ian_Jung/workplace/Harman_Vitis/mblaze_stopwatch_final/microblaze_0/standalone_domain/bsp/system.mss|system||

TRACE::2023-11-27.12:49:04::SCWMssOS::Sw design exists and opened at  F:/Ian_Jung/workplace/Harman_Vitis/mblaze_stopwatch_final/microblaze_0/standalone_domain/bsp/system.mss
TRACE::2023-11-27.12:49:04::SCWPlatform::Trying to open the hw design at F:/Ian_Jung/workplace/Harman_Vitis/mblaze_stopwatch_final/hw/mblaze_stopwatch_fin.xsa
TRACE::2023-11-27.12:49:04::SCWPlatform::DSA given F:/Ian_Jung/workplace/Harman_Vitis/mblaze_stopwatch_final/hw/mblaze_stopwatch_fin.xsa
TRACE::2023-11-27.12:49:04::SCWPlatform::DSA absoulate path F:/Ian_Jung/workplace/Harman_Vitis/mblaze_stopwatch_final/hw/mblaze_stopwatch_fin.xsa
TRACE::2023-11-27.12:49:04::SCWPlatform::DSA directory F:/Ian_Jung/workplace/Harman_Vitis/mblaze_stopwatch_final/hw
TRACE::2023-11-27.12:49:04::SCWPlatform:: Platform Path F:/Ian_Jung/workplace/Harman_Vitis/mblaze_stopwatch_final/hw/mblaze_stopwatch_fin.xsa
TRACE::2023-11-27.12:49:04::SCWPlatform:: Unique name xilinx:basys3::0.0
TRACE::2023-11-27.12:49:04::SCWPlatform::Trying to set the existing hwdb with name mblaze_stopwatch_wrapper_14
TRACE::2023-11-27.12:49:04::SCWPlatform::Opened existing hwdb mblaze_stopwatch_wrapper_14
TRACE::2023-11-27.12:49:04::SCWPlatform::Found the Hw Db part of the input DSA
TRACE::2023-11-27.12:49:04::SCWMssOS::Checking the sw design at  F:/Ian_Jung/workplace/Harman_Vitis/mblaze_stopwatch_final/microblaze_0/standalone_domain/bsp/system.mss
TRACE::2023-11-27.12:49:04::SCWMssOS::DEBUG:  swdes dump  F:/Ian_Jung/workplace/Harman_Vitis/mblaze_stopwatch_final/microblaze_0/standalone_domain/bsp/system.mss|system||

TRACE::2023-11-27.12:49:04::SCWMssOS::Sw design exists and opened at  F:/Ian_Jung/workplace/Harman_Vitis/mblaze_stopwatch_final/microblaze_0/standalone_domain/bsp/system.mss
TRACE::2023-11-27.12:49:04::SCWPlatform::Trying to open the hw design at F:/Ian_Jung/workplace/Harman_Vitis/mblaze_stopwatch_final/hw/mblaze_stopwatch_fin.xsa
TRACE::2023-11-27.12:49:04::SCWPlatform::DSA given F:/Ian_Jung/workplace/Harman_Vitis/mblaze_stopwatch_final/hw/mblaze_stopwatch_fin.xsa
TRACE::2023-11-27.12:49:04::SCWPlatform::DSA absoulate path F:/Ian_Jung/workplace/Harman_Vitis/mblaze_stopwatch_final/hw/mblaze_stopwatch_fin.xsa
TRACE::2023-11-27.12:49:04::SCWPlatform::DSA directory F:/Ian_Jung/workplace/Harman_Vitis/mblaze_stopwatch_final/hw
TRACE::2023-11-27.12:49:04::SCWPlatform:: Platform Path F:/Ian_Jung/workplace/Harman_Vitis/mblaze_stopwatch_final/hw/mblaze_stopwatch_fin.xsa
TRACE::2023-11-27.12:49:04::SCWPlatform:: Unique name xilinx:basys3::0.0
TRACE::2023-11-27.12:49:04::SCWPlatform::Trying to set the existing hwdb with name mblaze_stopwatch_wrapper_14
TRACE::2023-11-27.12:49:04::SCWPlatform::Opened existing hwdb mblaze_stopwatch_wrapper_14
TRACE::2023-11-27.12:49:04::SCWPlatform::Found the Hw Db part of the input DSA
TRACE::2023-11-27.12:49:04::SCWMssOS::Checking the sw design at  F:/Ian_Jung/workplace/Harman_Vitis/mblaze_stopwatch_final/microblaze_0/standalone_domain/bsp/system.mss
TRACE::2023-11-27.12:49:04::SCWMssOS::DEBUG:  swdes dump  F:/Ian_Jung/workplace/Harman_Vitis/mblaze_stopwatch_final/microblaze_0/standalone_domain/bsp/system.mss|system||

TRACE::2023-11-27.12:49:04::SCWMssOS::Sw design exists and opened at  F:/Ian_Jung/workplace/Harman_Vitis/mblaze_stopwatch_final/microblaze_0/standalone_domain/bsp/system.mss
TRACE::2023-11-27.12:49:04::SCWPlatform::Trying to open the hw design at F:/Ian_Jung/workplace/Harman_Vitis/mblaze_stopwatch_final/hw/mblaze_stopwatch_fin.xsa
TRACE::2023-11-27.12:49:04::SCWPlatform::DSA given F:/Ian_Jung/workplace/Harman_Vitis/mblaze_stopwatch_final/hw/mblaze_stopwatch_fin.xsa
TRACE::2023-11-27.12:49:04::SCWPlatform::DSA absoulate path F:/Ian_Jung/workplace/Harman_Vitis/mblaze_stopwatch_final/hw/mblaze_stopwatch_fin.xsa
TRACE::2023-11-27.12:49:04::SCWPlatform::DSA directory F:/Ian_Jung/workplace/Harman_Vitis/mblaze_stopwatch_final/hw
TRACE::2023-11-27.12:49:04::SCWPlatform:: Platform Path F:/Ian_Jung/workplace/Harman_Vitis/mblaze_stopwatch_final/hw/mblaze_stopwatch_fin.xsa
TRACE::2023-11-27.12:49:04::SCWPlatform:: Unique name xilinx:basys3::0.0
TRACE::2023-11-27.12:49:04::SCWPlatform::Trying to set the existing hwdb with name mblaze_stopwatch_wrapper_14
TRACE::2023-11-27.12:49:04::SCWPlatform::Opened existing hwdb mblaze_stopwatch_wrapper_14
TRACE::2023-11-27.12:49:04::SCWPlatform::Found the Hw Db part of the input DSA
TRACE::2023-11-27.12:49:04::SCWMssOS::Checking the sw design at  F:/Ian_Jung/workplace/Harman_Vitis/mblaze_stopwatch_final/microblaze_0/standalone_domain/bsp/system.mss
TRACE::2023-11-27.12:49:04::SCWMssOS::DEBUG:  swdes dump  F:/Ian_Jung/workplace/Harman_Vitis/mblaze_stopwatch_final/microblaze_0/standalone_domain/bsp/system.mss|system||

TRACE::2023-11-27.12:49:04::SCWMssOS::Sw design exists and opened at  F:/Ian_Jung/workplace/Harman_Vitis/mblaze_stopwatch_final/microblaze_0/standalone_domain/bsp/system.mss
TRACE::2023-11-27.12:49:04::SCWPlatform::Trying to open the hw design at F:/Ian_Jung/workplace/Harman_Vitis/mblaze_stopwatch_final/hw/mblaze_stopwatch_fin.xsa
TRACE::2023-11-27.12:49:04::SCWPlatform::DSA given F:/Ian_Jung/workplace/Harman_Vitis/mblaze_stopwatch_final/hw/mblaze_stopwatch_fin.xsa
TRACE::2023-11-27.12:49:04::SCWPlatform::DSA absoulate path F:/Ian_Jung/workplace/Harman_Vitis/mblaze_stopwatch_final/hw/mblaze_stopwatch_fin.xsa
TRACE::2023-11-27.12:49:04::SCWPlatform::DSA directory F:/Ian_Jung/workplace/Harman_Vitis/mblaze_stopwatch_final/hw
TRACE::2023-11-27.12:49:04::SCWPlatform:: Platform Path F:/Ian_Jung/workplace/Harman_Vitis/mblaze_stopwatch_final/hw/mblaze_stopwatch_fin.xsa
TRACE::2023-11-27.12:49:04::SCWPlatform:: Unique name xilinx:basys3::0.0
TRACE::2023-11-27.12:49:04::SCWPlatform::Trying to set the existing hwdb with name mblaze_stopwatch_wrapper_14
TRACE::2023-11-27.12:49:04::SCWPlatform::Opened existing hwdb mblaze_stopwatch_wrapper_14
TRACE::2023-11-27.12:49:04::SCWPlatform::Found the Hw Db part of the input DSA
TRACE::2023-11-27.12:49:04::SCWMssOS::Checking the sw design at  F:/Ian_Jung/workplace/Harman_Vitis/mblaze_stopwatch_final/microblaze_0/standalone_domain/bsp/system.mss
TRACE::2023-11-27.12:49:04::SCWMssOS::DEBUG:  swdes dump  F:/Ian_Jung/workplace/Harman_Vitis/mblaze_stopwatch_final/microblaze_0/standalone_domain/bsp/system.mss|system||

TRACE::2023-11-27.12:49:04::SCWMssOS::Sw design exists and opened at  F:/Ian_Jung/workplace/Harman_Vitis/mblaze_stopwatch_final/microblaze_0/standalone_domain/bsp/system.mss
TRACE::2023-11-27.12:49:04::SCWWriter::formatted JSON is {
	"platformName":	"mblaze_stopwatch_final",
	"sprVersion":	"2.0",
	"mode":	"gui",
	"dsaType":	"Fixed",
	"platformDesc":	"mblaze_stopwatch_final",
	"platHandOff":	"F:/Ian_Jung/workplace/cora_z7/cora_cpu_2019/Basys3_Microblaze_real/mblaze_stopwatch_fin.xsa",
	"platIntHandOff":	"<platformDir>/hw/mblaze_stopwatch_fin.xsa",
	"deviceType":	"FPGA",
	"platIsPrebuiltAutogen":	"false",
	"platIsNoBootBsp":	"false",
	"hasFsblMakeHasChanges":	"false",
	"hasPmufwMakeHasChanges":	"false",
	"platPreBuiltFlag":	false,
	"platformSamplesDir":	"",
	"platActiveSys":	"mblaze_stopwatch_final",
	"systems":	[{
			"systemName":	"mblaze_stopwatch_final",
			"systemDesc":	"mblaze_stopwatch_final",
			"sysIsBootAutoGen":	"true",
			"systemDispName":	"mblaze_stopwatch_final",
			"sysActiveDom":	"standalone_domain",
			"sysDefaultDom":	"standalone_domain",
			"domains":	[{
					"domainName":	"standalone_domain",
					"domainDispName":	"standalone on microblaze_0",
					"domainDesc":	"standalone_domain",
					"processors":	"microblaze_0",
					"os":	"standalone",
					"sdxOs":	"standalone",
					"debugEnable":	"False",
					"domRuntimes":	["cpp"],
					"swRepo":	"",
					"mssOsVer":	"7.1",
					"mssFile":	"",
					"md5Digest":	"014f09aa243a9c860dc58c4f989b44fe",
					"compatibleApp":	"",
					"domType":	"mssDomain",
					"appSettings":	{
						"appCompilerFlags":	"",
						"appLinkerFlags":	""
					},
					"addedLibs":	[],
					"libOptions":	{
						"libsContainingOptions":	[]
					},
					"prebuiltLibs":	{
						"prebuiltIncPath":	[],
						"prebuiltLibPath":	[]
					},
					"isolation":	{
					}
				}]
		}]
}
TRACE::2023-11-27.12:49:04::SCWPlatform::Trying to open the hw design at F:/Ian_Jung/workplace/Harman_Vitis/mblaze_stopwatch_final/hw/mblaze_stopwatch_fin.xsa
TRACE::2023-11-27.12:49:04::SCWPlatform::DSA given F:/Ian_Jung/workplace/Harman_Vitis/mblaze_stopwatch_final/hw/mblaze_stopwatch_fin.xsa
TRACE::2023-11-27.12:49:04::SCWPlatform::DSA absoulate path F:/Ian_Jung/workplace/Harman_Vitis/mblaze_stopwatch_final/hw/mblaze_stopwatch_fin.xsa
TRACE::2023-11-27.12:49:04::SCWPlatform::DSA directory F:/Ian_Jung/workplace/Harman_Vitis/mblaze_stopwatch_final/hw
TRACE::2023-11-27.12:49:04::SCWPlatform:: Platform Path F:/Ian_Jung/workplace/Harman_Vitis/mblaze_stopwatch_final/hw/mblaze_stopwatch_fin.xsa
TRACE::2023-11-27.12:49:04::SCWPlatform:: Unique name xilinx:basys3::0.0
TRACE::2023-11-27.12:49:04::SCWPlatform::Trying to set the existing hwdb with name mblaze_stopwatch_wrapper_14
TRACE::2023-11-27.12:49:04::SCWPlatform::Opened existing hwdb mblaze_stopwatch_wrapper_14
TRACE::2023-11-27.12:49:04::SCWPlatform::Found the Hw Db part of the input DSA
TRACE::2023-11-27.12:49:04::SCWMssOS::Checking the sw design at  F:/Ian_Jung/workplace/Harman_Vitis/mblaze_stopwatch_final/microblaze_0/standalone_domain/bsp/system.mss
TRACE::2023-11-27.12:49:04::SCWMssOS::DEBUG:  swdes dump  F:/Ian_Jung/workplace/Harman_Vitis/mblaze_stopwatch_final/microblaze_0/standalone_domain/bsp/system.mss|system||

TRACE::2023-11-27.12:49:04::SCWMssOS::Sw design exists and opened at  F:/Ian_Jung/workplace/Harman_Vitis/mblaze_stopwatch_final/microblaze_0/standalone_domain/bsp/system.mss
TRACE::2023-11-27.12:49:04::SCWPlatform::Trying to open the hw design at F:/Ian_Jung/workplace/Harman_Vitis/mblaze_stopwatch_final/hw/mblaze_stopwatch_fin.xsa
TRACE::2023-11-27.12:49:04::SCWPlatform::DSA given F:/Ian_Jung/workplace/Harman_Vitis/mblaze_stopwatch_final/hw/mblaze_stopwatch_fin.xsa
TRACE::2023-11-27.12:49:04::SCWPlatform::DSA absoulate path F:/Ian_Jung/workplace/Harman_Vitis/mblaze_stopwatch_final/hw/mblaze_stopwatch_fin.xsa
TRACE::2023-11-27.12:49:04::SCWPlatform::DSA directory F:/Ian_Jung/workplace/Harman_Vitis/mblaze_stopwatch_final/hw
TRACE::2023-11-27.12:49:04::SCWPlatform:: Platform Path F:/Ian_Jung/workplace/Harman_Vitis/mblaze_stopwatch_final/hw/mblaze_stopwatch_fin.xsa
TRACE::2023-11-27.12:49:04::SCWPlatform:: Unique name xilinx:basys3::0.0
TRACE::2023-11-27.12:49:04::SCWPlatform::Trying to set the existing hwdb with name mblaze_stopwatch_wrapper_14
TRACE::2023-11-27.12:49:04::SCWPlatform::Opened existing hwdb mblaze_stopwatch_wrapper_14
TRACE::2023-11-27.12:49:04::SCWPlatform::Found the Hw Db part of the input DSA
TRACE::2023-11-27.12:49:04::SCWMssOS::Checking the sw design at  F:/Ian_Jung/workplace/Harman_Vitis/mblaze_stopwatch_final/microblaze_0/standalone_domain/bsp/system.mss
TRACE::2023-11-27.12:49:04::SCWMssOS::DEBUG:  swdes dump  F:/Ian_Jung/workplace/Harman_Vitis/mblaze_stopwatch_final/microblaze_0/standalone_domain/bsp/system.mss|system||

TRACE::2023-11-27.12:49:04::SCWMssOS::Sw design exists and opened at  F:/Ian_Jung/workplace/Harman_Vitis/mblaze_stopwatch_final/microblaze_0/standalone_domain/bsp/system.mss
TRACE::2023-11-27.12:49:04::SCWPlatform::Trying to open the hw design at F:/Ian_Jung/workplace/Harman_Vitis/mblaze_stopwatch_final/hw/mblaze_stopwatch_fin.xsa
TRACE::2023-11-27.12:49:04::SCWPlatform::DSA given F:/Ian_Jung/workplace/Harman_Vitis/mblaze_stopwatch_final/hw/mblaze_stopwatch_fin.xsa
TRACE::2023-11-27.12:49:04::SCWPlatform::DSA absoulate path F:/Ian_Jung/workplace/Harman_Vitis/mblaze_stopwatch_final/hw/mblaze_stopwatch_fin.xsa
TRACE::2023-11-27.12:49:04::SCWPlatform::DSA directory F:/Ian_Jung/workplace/Harman_Vitis/mblaze_stopwatch_final/hw
TRACE::2023-11-27.12:49:04::SCWPlatform:: Platform Path F:/Ian_Jung/workplace/Harman_Vitis/mblaze_stopwatch_final/hw/mblaze_stopwatch_fin.xsa
TRACE::2023-11-27.12:49:04::SCWPlatform:: Unique name xilinx:basys3::0.0
TRACE::2023-11-27.12:49:04::SCWPlatform::Trying to set the existing hwdb with name mblaze_stopwatch_wrapper_14
TRACE::2023-11-27.12:49:04::SCWPlatform::Opened existing hwdb mblaze_stopwatch_wrapper_14
TRACE::2023-11-27.12:49:04::SCWPlatform::Found the Hw Db part of the input DSA
TRACE::2023-11-27.12:49:04::SCWMssOS::Checking the sw design at  F:/Ian_Jung/workplace/Harman_Vitis/mblaze_stopwatch_final/microblaze_0/standalone_domain/bsp/system.mss
TRACE::2023-11-27.12:49:04::SCWMssOS::DEBUG:  swdes dump  F:/Ian_Jung/workplace/Harman_Vitis/mblaze_stopwatch_final/microblaze_0/standalone_domain/bsp/system.mss|system||

TRACE::2023-11-27.12:49:04::SCWMssOS::Sw design exists and opened at  F:/Ian_Jung/workplace/Harman_Vitis/mblaze_stopwatch_final/microblaze_0/standalone_domain/bsp/system.mss
TRACE::2023-11-27.12:49:04::SCWWriter::formatted JSON is {
	"platformName":	"mblaze_stopwatch_final",
	"sprVersion":	"2.0",
	"mode":	"gui",
	"dsaType":	"Fixed",
	"platformDesc":	"mblaze_stopwatch_final",
	"platHandOff":	"F:/Ian_Jung/workplace/cora_z7/cora_cpu_2019/Basys3_Microblaze_real/mblaze_stopwatch_fin.xsa",
	"platIntHandOff":	"<platformDir>/hw/mblaze_stopwatch_fin.xsa",
	"deviceType":	"FPGA",
	"platIsPrebuiltAutogen":	"false",
	"platIsNoBootBsp":	"false",
	"hasFsblMakeHasChanges":	"false",
	"hasPmufwMakeHasChanges":	"false",
	"platPreBuiltFlag":	false,
	"platformSamplesDir":	"",
	"platActiveSys":	"mblaze_stopwatch_final",
	"systems":	[{
			"systemName":	"mblaze_stopwatch_final",
			"systemDesc":	"mblaze_stopwatch_final",
			"sysIsBootAutoGen":	"true",
			"systemDispName":	"mblaze_stopwatch_final",
			"sysActiveDom":	"standalone_domain",
			"sysDefaultDom":	"standalone_domain",
			"domains":	[{
					"domainName":	"standalone_domain",
					"domainDispName":	"standalone on microblaze_0",
					"domainDesc":	"standalone_domain",
					"processors":	"microblaze_0",
					"os":	"standalone",
					"sdxOs":	"standalone",
					"debugEnable":	"False",
					"domRuntimes":	["cpp"],
					"swRepo":	"",
					"mssOsVer":	"7.1",
					"mssFile":	"",
					"md5Digest":	"014f09aa243a9c860dc58c4f989b44fe",
					"compatibleApp":	"",
					"domType":	"mssDomain",
					"appSettings":	{
						"appCompilerFlags":	"",
						"appLinkerFlags":	""
					},
					"addedLibs":	[],
					"libOptions":	{
						"libsContainingOptions":	[]
					},
					"prebuiltLibs":	{
						"prebuiltIncPath":	[],
						"prebuiltLibPath":	[]
					},
					"isolation":	{
					}
				}]
		}]
}
TRACE::2023-11-27.12:49:05::SCWPlatform::Clearing the existing platform
TRACE::2023-11-27.12:49:05::SCWSystem::Clearing the existing sysconfig
TRACE::2023-11-27.12:49:05::SCWMssOS::Removing the swdes entry for  F:/Ian_Jung/workplace/Harman_Vitis/mblaze_stopwatch_final/microblaze_0/standalone_domain/bsp/system.mss
TRACE::2023-11-27.12:49:05::SCWSystem::Clearing the domains completed.
TRACE::2023-11-27.12:49:05::SCWPlatform::Clearing the opened hw db.
TRACE::2023-11-27.12:49:05::SCWPlatform::DSA given F:/Ian_Jung/workplace/Harman_Vitis/mblaze_stopwatch_final/hw/mblaze_stopwatch_fin.xsa
TRACE::2023-11-27.12:49:05::SCWPlatform::DSA absoulate path F:/Ian_Jung/workplace/Harman_Vitis/mblaze_stopwatch_final/hw/mblaze_stopwatch_fin.xsa
TRACE::2023-11-27.12:49:05::SCWPlatform:: Platform location is F:/Ian_Jung/workplace/Harman_Vitis/mblaze_stopwatch_final/hw
TRACE::2023-11-27.12:49:05::SCWPlatform:: Platform Path F:/Ian_Jung/workplace/Harman_Vitis/mblaze_stopwatch_final/hw/mblaze_stopwatch_fin.xsa
TRACE::2023-11-27.12:49:05::SCWPlatform:: Unique name xilinx:basys3::0.0
TRACE::2023-11-27.12:49:05::SCWPlatform::Removing the HwDB with name F:/Ian_Jung/workplace/Harman_Vitis/mblaze_stopwatch_final/hw/mblaze_stopwatch_fin.xsa
TRACE::2023-11-27.12:49:05::SCWPlatform::Trying to open the hw design at F:/Ian_Jung/workplace/Harman_Vitis/mblaze_stopwatch_final/hw/mblaze_stopwatch_fin.xsa
TRACE::2023-11-27.12:49:05::SCWPlatform::DSA given F:/Ian_Jung/workplace/Harman_Vitis/mblaze_stopwatch_final/hw/mblaze_stopwatch_fin.xsa
TRACE::2023-11-27.12:49:05::SCWPlatform::DSA absoulate path F:/Ian_Jung/workplace/Harman_Vitis/mblaze_stopwatch_final/hw/mblaze_stopwatch_fin.xsa
TRACE::2023-11-27.12:49:05::SCWPlatform::DSA directory F:/Ian_Jung/workplace/Harman_Vitis/mblaze_stopwatch_final/hw
TRACE::2023-11-27.12:49:05::SCWPlatform:: Platform Path F:/Ian_Jung/workplace/Harman_Vitis/mblaze_stopwatch_final/hw/mblaze_stopwatch_fin.xsa
TRACE::2023-11-27.12:49:05::SCWPlatform:: Unique name xilinx:basys3::0.0
TRACE::2023-11-27.12:49:05::SCWPlatform::Do not have an existing db opened. 
TRACE::2023-11-27.12:49:05::SCWPlatform::Opened new HwDB with name mblaze_stopwatch_wrapper_15
TRACE::2023-11-27.12:49:05::SCWReader::Active system found as  mblaze_stopwatch_final
TRACE::2023-11-27.12:49:05::SCWReader::Handling sysconfig mblaze_stopwatch_final
TRACE::2023-11-27.12:49:05::SCWDomain::checking for install qemu data   : 
TRACE::2023-11-27.12:49:05::SCWPlatform::Trying to open the hw design at F:/Ian_Jung/workplace/Harman_Vitis/mblaze_stopwatch_final/hw/mblaze_stopwatch_fin.xsa
TRACE::2023-11-27.12:49:05::SCWPlatform::DSA given F:/Ian_Jung/workplace/Harman_Vitis/mblaze_stopwatch_final/hw/mblaze_stopwatch_fin.xsa
TRACE::2023-11-27.12:49:05::SCWPlatform::DSA absoulate path F:/Ian_Jung/workplace/Harman_Vitis/mblaze_stopwatch_final/hw/mblaze_stopwatch_fin.xsa
TRACE::2023-11-27.12:49:05::SCWPlatform::DSA directory F:/Ian_Jung/workplace/Harman_Vitis/mblaze_stopwatch_final/hw
TRACE::2023-11-27.12:49:05::SCWPlatform:: Platform Path F:/Ian_Jung/workplace/Harman_Vitis/mblaze_stopwatch_final/hw/mblaze_stopwatch_fin.xsa
TRACE::2023-11-27.12:49:05::SCWPlatform:: Unique name xilinx:basys3::0.0
TRACE::2023-11-27.12:49:05::SCWPlatform::Trying to set the existing hwdb with name mblaze_stopwatch_wrapper_15
TRACE::2023-11-27.12:49:05::SCWPlatform::Opened existing hwdb mblaze_stopwatch_wrapper_15
TRACE::2023-11-27.12:49:05::SCWPlatform::Found the Hw Db part of the input DSA
TRACE::2023-11-27.12:49:05::SCWPlatform::Trying to open the hw design at F:/Ian_Jung/workplace/Harman_Vitis/mblaze_stopwatch_final/hw/mblaze_stopwatch_fin.xsa
TRACE::2023-11-27.12:49:05::SCWPlatform::DSA given F:/Ian_Jung/workplace/Harman_Vitis/mblaze_stopwatch_final/hw/mblaze_stopwatch_fin.xsa
TRACE::2023-11-27.12:49:05::SCWPlatform::DSA absoulate path F:/Ian_Jung/workplace/Harman_Vitis/mblaze_stopwatch_final/hw/mblaze_stopwatch_fin.xsa
TRACE::2023-11-27.12:49:05::SCWPlatform::DSA directory F:/Ian_Jung/workplace/Harman_Vitis/mblaze_stopwatch_final/hw
TRACE::2023-11-27.12:49:05::SCWPlatform:: Platform Path F:/Ian_Jung/workplace/Harman_Vitis/mblaze_stopwatch_final/hw/mblaze_stopwatch_fin.xsa
TRACE::2023-11-27.12:49:05::SCWPlatform:: Unique name xilinx:basys3::0.0
TRACE::2023-11-27.12:49:05::SCWPlatform::Trying to set the existing hwdb with name mblaze_stopwatch_wrapper_15
TRACE::2023-11-27.12:49:05::SCWPlatform::Opened existing hwdb mblaze_stopwatch_wrapper_15
TRACE::2023-11-27.12:49:05::SCWPlatform::Found the Hw Db part of the input DSA
TRACE::2023-11-27.12:49:05::SCWPlatform::Trying to open the hw design at F:/Ian_Jung/workplace/Harman_Vitis/mblaze_stopwatch_final/hw/mblaze_stopwatch_fin.xsa
TRACE::2023-11-27.12:49:05::SCWPlatform::DSA given F:/Ian_Jung/workplace/Harman_Vitis/mblaze_stopwatch_final/hw/mblaze_stopwatch_fin.xsa
TRACE::2023-11-27.12:49:05::SCWPlatform::DSA absoulate path F:/Ian_Jung/workplace/Harman_Vitis/mblaze_stopwatch_final/hw/mblaze_stopwatch_fin.xsa
TRACE::2023-11-27.12:49:05::SCWPlatform::DSA directory F:/Ian_Jung/workplace/Harman_Vitis/mblaze_stopwatch_final/hw
TRACE::2023-11-27.12:49:05::SCWPlatform:: Platform Path F:/Ian_Jung/workplace/Harman_Vitis/mblaze_stopwatch_final/hw/mblaze_stopwatch_fin.xsa
TRACE::2023-11-27.12:49:05::SCWPlatform:: Unique name xilinx:basys3::0.0
TRACE::2023-11-27.12:49:05::SCWPlatform::Trying to set the existing hwdb with name mblaze_stopwatch_wrapper_15
TRACE::2023-11-27.12:49:05::SCWPlatform::Opened existing hwdb mblaze_stopwatch_wrapper_15
TRACE::2023-11-27.12:49:05::SCWPlatform::Found the Hw Db part of the input DSA
TRACE::2023-11-27.12:49:05::SCWMssOS::Checking the sw design at  F:/Ian_Jung/workplace/Harman_Vitis/mblaze_stopwatch_final/microblaze_0/standalone_domain/bsp/system.mss
TRACE::2023-11-27.12:49:05::SCWMssOS::DEBUG:  swdes dump  
TRACE::2023-11-27.12:49:05::SCWMssOS::No sw design opened at  F:/Ian_Jung/workplace/Harman_Vitis/mblaze_stopwatch_final/microblaze_0/standalone_domain/bsp/system.mss
TRACE::2023-11-27.12:49:05::SCWMssOS::mss exists loading the mss file  F:/Ian_Jung/workplace/Harman_Vitis/mblaze_stopwatch_final/microblaze_0/standalone_domain/bsp/system.mss
TRACE::2023-11-27.12:49:05::SCWMssOS::Opened the sw design from mss  F:/Ian_Jung/workplace/Harman_Vitis/mblaze_stopwatch_final/microblaze_0/standalone_domain/bsp/system.mss
TRACE::2023-11-27.12:49:05::SCWMssOS::Adding the swdes entry F:/Ian_Jung/workplace/Harman_Vitis/mblaze_stopwatch_final/microblaze_0/standalone_domain/bsp/system.mss with des name system
TRACE::2023-11-27.12:49:05::SCWMssOS::updating the scw layer about changes
TRACE::2023-11-27.12:49:05::SCWMssOS::Opened the sw design.  F:/Ian_Jung/workplace/Harman_Vitis/mblaze_stopwatch_final/microblaze_0/standalone_domain/bsp/system.mss
TRACE::2023-11-27.12:49:05::SCWReader::Adding prebuilt librarypaths as   
TRACE::2023-11-27.12:49:05::SCWReader::Adding prebuilt incpaths  as   
TRACE::2023-11-27.12:49:05::SCWPlatform::Trying to open the hw design at F:/Ian_Jung/workplace/Harman_Vitis/mblaze_stopwatch_final/hw/mblaze_stopwatch_fin.xsa
TRACE::2023-11-27.12:49:05::SCWPlatform::DSA given F:/Ian_Jung/workplace/Harman_Vitis/mblaze_stopwatch_final/hw/mblaze_stopwatch_fin.xsa
TRACE::2023-11-27.12:49:05::SCWPlatform::DSA absoulate path F:/Ian_Jung/workplace/Harman_Vitis/mblaze_stopwatch_final/hw/mblaze_stopwatch_fin.xsa
TRACE::2023-11-27.12:49:05::SCWPlatform::DSA directory F:/Ian_Jung/workplace/Harman_Vitis/mblaze_stopwatch_final/hw
TRACE::2023-11-27.12:49:05::SCWPlatform:: Platform Path F:/Ian_Jung/workplace/Harman_Vitis/mblaze_stopwatch_final/hw/mblaze_stopwatch_fin.xsa
TRACE::2023-11-27.12:49:05::SCWPlatform:: Unique name xilinx:basys3::0.0
TRACE::2023-11-27.12:49:05::SCWPlatform::Trying to set the existing hwdb with name mblaze_stopwatch_wrapper_15
TRACE::2023-11-27.12:49:05::SCWPlatform::Opened existing hwdb mblaze_stopwatch_wrapper_15
TRACE::2023-11-27.12:49:05::SCWPlatform::Found the Hw Db part of the input DSA
TRACE::2023-11-27.12:49:05::SCWMssOS::Checking the sw design at  F:/Ian_Jung/workplace/Harman_Vitis/mblaze_stopwatch_final/microblaze_0/standalone_domain/bsp/system.mss
TRACE::2023-11-27.12:49:05::SCWMssOS::DEBUG:  swdes dump  F:/Ian_Jung/workplace/Harman_Vitis/mblaze_stopwatch_final/microblaze_0/standalone_domain/bsp/system.mss|system||

TRACE::2023-11-27.12:49:05::SCWMssOS::Sw design exists and opened at  F:/Ian_Jung/workplace/Harman_Vitis/mblaze_stopwatch_final/microblaze_0/standalone_domain/bsp/system.mss
TRACE::2023-11-27.12:49:05::SCWReader::No isolation master present  
TRACE::2023-11-27.12:49:05::SCWPlatform::Trying to open the hw design at F:/Ian_Jung/workplace/Harman_Vitis/mblaze_stopwatch_final/hw/mblaze_stopwatch_fin.xsa
TRACE::2023-11-27.12:49:05::SCWPlatform::DSA given F:/Ian_Jung/workplace/Harman_Vitis/mblaze_stopwatch_final/hw/mblaze_stopwatch_fin.xsa
TRACE::2023-11-27.12:49:05::SCWPlatform::DSA absoulate path F:/Ian_Jung/workplace/Harman_Vitis/mblaze_stopwatch_final/hw/mblaze_stopwatch_fin.xsa
TRACE::2023-11-27.12:49:05::SCWPlatform::DSA directory F:/Ian_Jung/workplace/Harman_Vitis/mblaze_stopwatch_final/hw
TRACE::2023-11-27.12:49:05::SCWPlatform:: Platform Path F:/Ian_Jung/workplace/Harman_Vitis/mblaze_stopwatch_final/hw/mblaze_stopwatch_fin.xsa
TRACE::2023-11-27.12:49:05::SCWPlatform:: Unique name xilinx:basys3::0.0
TRACE::2023-11-27.12:49:05::SCWPlatform::Trying to set the existing hwdb with name mblaze_stopwatch_wrapper_15
TRACE::2023-11-27.12:49:05::SCWPlatform::Opened existing hwdb mblaze_stopwatch_wrapper_15
TRACE::2023-11-27.12:49:05::SCWPlatform::Found the Hw Db part of the input DSA
TRACE::2023-11-27.12:49:05::SCWMssOS::Checking the sw design at  F:/Ian_Jung/workplace/Harman_Vitis/mblaze_stopwatch_final/microblaze_0/standalone_domain/bsp/system.mss
TRACE::2023-11-27.12:49:05::SCWMssOS::DEBUG:  swdes dump  F:/Ian_Jung/workplace/Harman_Vitis/mblaze_stopwatch_final/microblaze_0/standalone_domain/bsp/system.mss|system||

TRACE::2023-11-27.12:49:05::SCWMssOS::Sw design exists and opened at  F:/Ian_Jung/workplace/Harman_Vitis/mblaze_stopwatch_final/microblaze_0/standalone_domain/bsp/system.mss
TRACE::2023-11-27.12:49:06::SCWMssOS::In reload Mss file.
TRACE::2023-11-27.12:49:06::SCWPlatform::Trying to open the hw design at F:/Ian_Jung/workplace/Harman_Vitis/mblaze_stopwatch_final/hw/mblaze_stopwatch_fin.xsa
TRACE::2023-11-27.12:49:06::SCWPlatform::DSA given F:/Ian_Jung/workplace/Harman_Vitis/mblaze_stopwatch_final/hw/mblaze_stopwatch_fin.xsa
TRACE::2023-11-27.12:49:06::SCWPlatform::DSA absoulate path F:/Ian_Jung/workplace/Harman_Vitis/mblaze_stopwatch_final/hw/mblaze_stopwatch_fin.xsa
TRACE::2023-11-27.12:49:06::SCWPlatform::DSA directory F:/Ian_Jung/workplace/Harman_Vitis/mblaze_stopwatch_final/hw
TRACE::2023-11-27.12:49:06::SCWPlatform:: Platform Path F:/Ian_Jung/workplace/Harman_Vitis/mblaze_stopwatch_final/hw/mblaze_stopwatch_fin.xsa
TRACE::2023-11-27.12:49:06::SCWPlatform:: Unique name xilinx:basys3::0.0
TRACE::2023-11-27.12:49:06::SCWPlatform::Trying to set the existing hwdb with name mblaze_stopwatch_wrapper_15
TRACE::2023-11-27.12:49:06::SCWPlatform::Opened existing hwdb mblaze_stopwatch_wrapper_15
TRACE::2023-11-27.12:49:06::SCWPlatform::Found the Hw Db part of the input DSA
TRACE::2023-11-27.12:49:06::SCWMssOS::Checking the sw design at  F:/Ian_Jung/workplace/Harman_Vitis/mblaze_stopwatch_final/microblaze_0/standalone_domain/bsp/system.mss
TRACE::2023-11-27.12:49:06::SCWMssOS::DEBUG:  swdes dump  F:/Ian_Jung/workplace/Harman_Vitis/mblaze_stopwatch_final/microblaze_0/standalone_domain/bsp/system.mss|system||

KEYINFO::2023-11-27.12:49:06::SCWMssOS::Could not open the swdb for system
KEYINFO::2023-11-27.12:49:06::SCWMssOS::Could not open the sw design at  system
ERROR: [Hsi 55-1558] Software Design system is not found

TRACE::2023-11-27.12:49:06::SCWMssOS::Cleared the swdb table entry
TRACE::2023-11-27.12:49:06::SCWMssOS::No sw design opened at  F:/Ian_Jung/workplace/Harman_Vitis/mblaze_stopwatch_final/microblaze_0/standalone_domain/bsp/system.mss
TRACE::2023-11-27.12:49:06::SCWMssOS::mss exists loading the mss file  F:/Ian_Jung/workplace/Harman_Vitis/mblaze_stopwatch_final/microblaze_0/standalone_domain/bsp/system.mss
TRACE::2023-11-27.12:49:06::SCWMssOS::Opened the sw design from mss  F:/Ian_Jung/workplace/Harman_Vitis/mblaze_stopwatch_final/microblaze_0/standalone_domain/bsp/system.mss
TRACE::2023-11-27.12:49:06::SCWMssOS::Adding the swdes entry F:/Ian_Jung/workplace/Harman_Vitis/mblaze_stopwatch_final/microblaze_0/standalone_domain/bsp/system.mss with des name system
TRACE::2023-11-27.12:49:06::SCWMssOS::updating the scw layer about changes
TRACE::2023-11-27.12:49:06::SCWMssOS::Opened the sw design.  F:/Ian_Jung/workplace/Harman_Vitis/mblaze_stopwatch_final/microblaze_0/standalone_domain/bsp/system.mss
TRACE::2023-11-27.12:49:06::SCWPlatform::Trying to open the hw design at F:/Ian_Jung/workplace/Harman_Vitis/mblaze_stopwatch_final/hw/mblaze_stopwatch_fin.xsa
TRACE::2023-11-27.12:49:06::SCWPlatform::DSA given F:/Ian_Jung/workplace/Harman_Vitis/mblaze_stopwatch_final/hw/mblaze_stopwatch_fin.xsa
TRACE::2023-11-27.12:49:06::SCWPlatform::DSA absoulate path F:/Ian_Jung/workplace/Harman_Vitis/mblaze_stopwatch_final/hw/mblaze_stopwatch_fin.xsa
TRACE::2023-11-27.12:49:06::SCWPlatform::DSA directory F:/Ian_Jung/workplace/Harman_Vitis/mblaze_stopwatch_final/hw
TRACE::2023-11-27.12:49:06::SCWPlatform:: Platform Path F:/Ian_Jung/workplace/Harman_Vitis/mblaze_stopwatch_final/hw/mblaze_stopwatch_fin.xsa
TRACE::2023-11-27.12:49:06::SCWPlatform:: Unique name xilinx:basys3::0.0
TRACE::2023-11-27.12:49:06::SCWPlatform::Trying to set the existing hwdb with name mblaze_stopwatch_wrapper_15
TRACE::2023-11-27.12:49:06::SCWPlatform::Opened existing hwdb mblaze_stopwatch_wrapper_15
TRACE::2023-11-27.12:49:06::SCWPlatform::Found the Hw Db part of the input DSA
TRACE::2023-11-27.12:49:06::SCWMssOS::Checking the sw design at  F:/Ian_Jung/workplace/Harman_Vitis/mblaze_stopwatch_final/microblaze_0/standalone_domain/bsp/system.mss
TRACE::2023-11-27.12:49:06::SCWMssOS::DEBUG:  swdes dump  F:/Ian_Jung/workplace/Harman_Vitis/mblaze_stopwatch_final/microblaze_0/standalone_domain/bsp/system.mss|system||

TRACE::2023-11-27.12:49:06::SCWMssOS::Sw design exists and opened at  F:/Ian_Jung/workplace/Harman_Vitis/mblaze_stopwatch_final/microblaze_0/standalone_domain/bsp/system.mss
TRACE::2023-11-27.12:49:06::SCWMssOS::Removing the swdes entry for  F:/Ian_Jung/workplace/Harman_Vitis/mblaze_stopwatch_final/microblaze_0/standalone_domain/bsp/system.mss
LOG::2023-11-27.12:49:13::SCWPlatform::Started generating the artifacts platform mblaze_stopwatch_final
TRACE::2023-11-27.12:49:13::SCWPlatform::Sanity checking of platform is completed
LOG::2023-11-27.12:49:13::SCWPlatform::Started generating the artifacts for system configuration mblaze_stopwatch_final
LOG::2023-11-27.12:49:13::SCWSystem::Checking the domain standalone_domain
LOG::2023-11-27.12:49:13::SCWSystem::Not a boot domain 
LOG::2023-11-27.12:49:13::SCWSystem::Started Processing the domain standalone_domain
TRACE::2023-11-27.12:49:13::SCWDomain::Generating domain artifcats
TRACE::2023-11-27.12:49:13::SCWMssOS::Generating standalone artifcats
TRACE::2023-11-27.12:49:13::SCWMssOS:: Copying the user libraries. 
TRACE::2023-11-27.12:49:13::SCWPlatform::Trying to open the hw design at F:/Ian_Jung/workplace/Harman_Vitis/mblaze_stopwatch_final/hw/mblaze_stopwatch_fin.xsa
TRACE::2023-11-27.12:49:13::SCWPlatform::DSA given F:/Ian_Jung/workplace/Harman_Vitis/mblaze_stopwatch_final/hw/mblaze_stopwatch_fin.xsa
TRACE::2023-11-27.12:49:13::SCWPlatform::DSA absoulate path F:/Ian_Jung/workplace/Harman_Vitis/mblaze_stopwatch_final/hw/mblaze_stopwatch_fin.xsa
TRACE::2023-11-27.12:49:13::SCWPlatform::DSA directory F:/Ian_Jung/workplace/Harman_Vitis/mblaze_stopwatch_final/hw
TRACE::2023-11-27.12:49:13::SCWPlatform:: Platform Path F:/Ian_Jung/workplace/Harman_Vitis/mblaze_stopwatch_final/hw/mblaze_stopwatch_fin.xsa
TRACE::2023-11-27.12:49:13::SCWPlatform:: Unique name xilinx:basys3::0.0
TRACE::2023-11-27.12:49:13::SCWPlatform::Trying to set the existing hwdb with name mblaze_stopwatch_wrapper_15
TRACE::2023-11-27.12:49:13::SCWPlatform::Opened existing hwdb mblaze_stopwatch_wrapper_15
TRACE::2023-11-27.12:49:13::SCWPlatform::Found the Hw Db part of the input DSA
TRACE::2023-11-27.12:49:13::SCWMssOS::Checking the sw design at  F:/Ian_Jung/workplace/Harman_Vitis/mblaze_stopwatch_final/microblaze_0/standalone_domain/bsp/system.mss
TRACE::2023-11-27.12:49:13::SCWMssOS::DEBUG:  swdes dump  
TRACE::2023-11-27.12:49:13::SCWMssOS::No sw design opened at  F:/Ian_Jung/workplace/Harman_Vitis/mblaze_stopwatch_final/microblaze_0/standalone_domain/bsp/system.mss
TRACE::2023-11-27.12:49:13::SCWMssOS::mss exists loading the mss file  F:/Ian_Jung/workplace/Harman_Vitis/mblaze_stopwatch_final/microblaze_0/standalone_domain/bsp/system.mss
TRACE::2023-11-27.12:49:13::SCWMssOS::Opened the sw design from mss  F:/Ian_Jung/workplace/Harman_Vitis/mblaze_stopwatch_final/microblaze_0/standalone_domain/bsp/system.mss
TRACE::2023-11-27.12:49:13::SCWMssOS::Adding the swdes entry F:/Ian_Jung/workplace/Harman_Vitis/mblaze_stopwatch_final/microblaze_0/standalone_domain/bsp/system.mss with des name system
TRACE::2023-11-27.12:49:13::SCWMssOS::updating the scw layer about changes
TRACE::2023-11-27.12:49:13::SCWMssOS::Opened the sw design.  F:/Ian_Jung/workplace/Harman_Vitis/mblaze_stopwatch_final/microblaze_0/standalone_domain/bsp/system.mss
TRACE::2023-11-27.12:49:13::SCWMssOS::Completed writing the mss file at F:/Ian_Jung/workplace/Harman_Vitis/mblaze_stopwatch_final/microblaze_0/standalone_domain/bsp
TRACE::2023-11-27.12:49:13::SCWMssOS::Mss edits present, copying mssfile into export location F:/Ian_Jung/workplace/Harman_Vitis/mblaze_stopwatch_final/microblaze_0/standalone_domain/bsp/system.mss
TRACE::2023-11-27.12:49:13::SCWMssOS::bsp generated is upto date with the mss file. Skipping bsp generation.
TRACE::2023-11-27.12:49:13::SCWMssOS::BSP is already built. skipping the bsp build ... 
TRACE::2023-11-27.12:49:13::SCWDomain::Building the domain as part of full build :  standalone_domain
TRACE::2023-11-27.12:49:13::SCWMssOS::doing bsp build ... 
TRACE::2023-11-27.12:49:13::SCWMssOS::System Command Ran  F: & cd  F:/Ian_Jung/workplace/Harman_Vitis/mblaze_stopwatch_final/microblaze_0/standalone_domain/bsp & make 
TRACE::2023-11-27.12:49:13::SCWMssOS::"Running Make include in microblaze_0/libsrc/bram_v4_3/src"

TRACE::2023-11-27.12:49:13::SCWMssOS::make -C microblaze_0/libsrc/bram_v4_3/src -s include  "SHELL=CMD" "COMPILER=mb-gcc" "ASSEMBLER=mb-as" "ARCHIVER=mb-ar" "COMPILE
TRACE::2023-11-27.12:49:13::SCWMssOS::R_FLAGS=  -O2 -c -mcpu=v11.0 -mlittle-endian -mno-xl-reorder -mno-xl-soft-mul -mxl-barrel-shift -mxl-pattern-compare" "EXTRA_CO
TRACE::2023-11-27.12:49:13::SCWMssOS::MPILER_FLAGS=-g -ffunction-sections -fdata-sections -Wall -Wextra"

TRACE::2023-11-27.12:49:13::SCWMssOS::"Running Make include in microblaze_0/libsrc/cpu_v2_10/src"

TRACE::2023-11-27.12:49:13::SCWMssOS::make -C microblaze_0/libsrc/cpu_v2_10/src -s include  "SHELL=CMD" "COMPILER=mb-gcc" "ASSEMBLER=mb-as" "ARCHIVER=mb-ar" "COMPILE
TRACE::2023-11-27.12:49:13::SCWMssOS::R_FLAGS=  -O2 -c -mcpu=v11.0 -mlittle-endian -mno-xl-reorder -mno-xl-soft-mul -mxl-barrel-shift -mxl-pattern-compare" "EXTRA_CO
TRACE::2023-11-27.12:49:13::SCWMssOS::MPILER_FLAGS=-g -ffunction-sections -fdata-sections -Wall -Wextra"

TRACE::2023-11-27.12:49:13::SCWMssOS::"Running Make include in microblaze_0/libsrc/gpio_v4_5/src"

TRACE::2023-11-27.12:49:13::SCWMssOS::make -C microblaze_0/libsrc/gpio_v4_5/src -s include  "SHELL=CMD" "COMPILER=mb-gcc" "ASSEMBLER=mb-as" "ARCHIVER=mb-ar" "COMPILE
TRACE::2023-11-27.12:49:13::SCWMssOS::R_FLAGS=  -O2 -c -mcpu=v11.0 -mlittle-endian -mno-xl-reorder -mno-xl-soft-mul -mxl-barrel-shift -mxl-pattern-compare" "EXTRA_CO
TRACE::2023-11-27.12:49:13::SCWMssOS::MPILER_FLAGS=-g -ffunction-sections -fdata-sections -Wall -Wextra"

TRACE::2023-11-27.12:49:13::SCWMssOS::"Running Make include in microblaze_0/libsrc/myip_stopwatch_v1_0/src"

TRACE::2023-11-27.12:49:13::SCWMssOS::make -C microblaze_0/libsrc/myip_stopwatch_v1_0/src -s include  "SHELL=CMD" "COMPILER=mb-gcc" "ASSEMBLER=mb-as" "ARCHIVER=mb-ar
TRACE::2023-11-27.12:49:13::SCWMssOS::" "COMPILER_FLAGS=  -O2 -c -mcpu=v11.0 -mlittle-endian -mno-xl-reorder -mno-xl-soft-mul -mxl-barrel-shift -mxl-pattern-compare"
TRACE::2023-11-27.12:49:13::SCWMssOS:: "EXTRA_COMPILER_FLAGS=-g -ffunction-sections -fdata-sections -Wall -Wextra"

TRACE::2023-11-27.12:49:13::SCWMssOS::"Running Make include in microblaze_0/libsrc/standalone_v7_1/src"

TRACE::2023-11-27.12:49:13::SCWMssOS::make -C microblaze_0/libsrc/standalone_v7_1/src -s include  "SHELL=CMD" "COMPILER=mb-gcc" "ASSEMBLER=mb-as" "ARCHIVER=mb-ar" "C
TRACE::2023-11-27.12:49:13::SCWMssOS::OMPILER_FLAGS=  -O2 -c -mcpu=v11.0 -mlittle-endian -mno-xl-reorder -mno-xl-soft-mul -mxl-barrel-shift -mxl-pattern-compare" "EX
TRACE::2023-11-27.12:49:13::SCWMssOS::TRA_COMPILER_FLAGS=-g -ffunction-sections -fdata-sections -Wall -Wextra"

TRACE::2023-11-27.12:49:14::SCWMssOS::"Running Make include in microblaze_0/libsrc/uartlite_v3_3/src"

TRACE::2023-11-27.12:49:14::SCWMssOS::make -C microblaze_0/libsrc/uartlite_v3_3/src -s include  "SHELL=CMD" "COMPILER=mb-gcc" "ASSEMBLER=mb-as" "ARCHIVER=mb-ar" "COM
TRACE::2023-11-27.12:49:14::SCWMssOS::PILER_FLAGS=  -O2 -c -mcpu=v11.0 -mlittle-endian -mno-xl-reorder -mno-xl-soft-mul -mxl-barrel-shift -mxl-pattern-compare" "EXTR
TRACE::2023-11-27.12:49:14::SCWMssOS::A_COMPILER_FLAGS=-g -ffunction-sections -fdata-sections -Wall -Wextra"

TRACE::2023-11-27.12:49:14::SCWMssOS::"Running Make libs in microblaze_0/libsrc/bram_v4_3/src"

TRACE::2023-11-27.12:49:14::SCWMssOS::make -C microblaze_0/libsrc/bram_v4_3/src -s libs  "SHELL=CMD" "COMPILER=mb-gcc" "ASSEMBLER=mb-as" "ARCHIVER=mb-ar" "COMPILER_F
TRACE::2023-11-27.12:49:14::SCWMssOS::LAGS=  -O2 -c -mcpu=v11.0 -mlittle-endian -mno-xl-reorder -mno-xl-soft-mul -mxl-barrel-shift -mxl-pattern-compare" "EXTRA_COMPI
TRACE::2023-11-27.12:49:14::SCWMssOS::LER_FLAGS=-g -ffunction-sections -fdata-sections -Wall -Wextra"

TRACE::2023-11-27.12:49:15::SCWMssOS::"Compiling bram"

TRACE::2023-11-27.12:49:15::SCWMssOS::"Running Make libs in microblaze_0/libsrc/cpu_v2_10/src"

TRACE::2023-11-27.12:49:15::SCWMssOS::make -C microblaze_0/libsrc/cpu_v2_10/src -s libs  "SHELL=CMD" "COMPILER=mb-gcc" "ASSEMBLER=mb-as" "ARCHIVER=mb-ar" "COMPILER_F
TRACE::2023-11-27.12:49:15::SCWMssOS::LAGS=  -O2 -c -mcpu=v11.0 -mlittle-endian -mno-xl-reorder -mno-xl-soft-mul -mxl-barrel-shift -mxl-pattern-compare" "EXTRA_COMPI
TRACE::2023-11-27.12:49:15::SCWMssOS::LER_FLAGS=-g -ffunction-sections -fdata-sections -Wall -Wextra"

TRACE::2023-11-27.12:49:15::SCWMssOS::"Compiling cpu"

TRACE::2023-11-27.12:49:16::SCWMssOS::"Running Make libs in microblaze_0/libsrc/gpio_v4_5/src"

TRACE::2023-11-27.12:49:16::SCWMssOS::make -C microblaze_0/libsrc/gpio_v4_5/src -s libs  "SHELL=CMD" "COMPILER=mb-gcc" "ASSEMBLER=mb-as" "ARCHIVER=mb-ar" "COMPILER_F
TRACE::2023-11-27.12:49:16::SCWMssOS::LAGS=  -O2 -c -mcpu=v11.0 -mlittle-endian -mno-xl-reorder -mno-xl-soft-mul -mxl-barrel-shift -mxl-pattern-compare" "EXTRA_COMPI
TRACE::2023-11-27.12:49:16::SCWMssOS::LER_FLAGS=-g -ffunction-sections -fdata-sections -Wall -Wextra"

TRACE::2023-11-27.12:49:16::SCWMssOS::"Compiling gpio"

TRACE::2023-11-27.12:49:17::SCWMssOS::"Running Make libs in microblaze_0/libsrc/myip_stopwatch_v1_0/src"

TRACE::2023-11-27.12:49:17::SCWMssOS::make -C microblaze_0/libsrc/myip_stopwatch_v1_0/src -s libs  "SHELL=CMD" "COMPILER=mb-gcc" "ASSEMBLER=mb-as" "ARCHIVER=mb-ar" "
TRACE::2023-11-27.12:49:17::SCWMssOS::COMPILER_FLAGS=  -O2 -c -mcpu=v11.0 -mlittle-endian -mno-xl-reorder -mno-xl-soft-mul -mxl-barrel-shift -mxl-pattern-compare" "E
TRACE::2023-11-27.12:49:17::SCWMssOS::XTRA_COMPILER_FLAGS=-g -ffunction-sections -fdata-sections -Wall -Wextra"

TRACE::2023-11-27.12:49:17::SCWMssOS::"Compiling myip_stopwatch..."

TRACE::2023-11-27.12:49:17::SCWMssOS::"Running Make libs in microblaze_0/libsrc/standalone_v7_1/src"

TRACE::2023-11-27.12:49:17::SCWMssOS::make -C microblaze_0/libsrc/standalone_v7_1/src -s libs  "SHELL=CMD" "COMPILER=mb-gcc" "ASSEMBLER=mb-as" "ARCHIVER=mb-ar" "COMP
TRACE::2023-11-27.12:49:17::SCWMssOS::ILER_FLAGS=  -O2 -c -mcpu=v11.0 -mlittle-endian -mno-xl-reorder -mno-xl-soft-mul -mxl-barrel-shift -mxl-pattern-compare" "EXTRA
TRACE::2023-11-27.12:49:17::SCWMssOS::_COMPILER_FLAGS=-g -ffunction-sections -fdata-sections -Wall -Wextra"

TRACE::2023-11-27.12:49:18::SCWMssOS::"Compiling standalone";

TRACE::2023-11-27.12:49:22::SCWMssOS::"Running Make libs in microblaze_0/libsrc/uartlite_v3_3/src"

TRACE::2023-11-27.12:49:22::SCWMssOS::make -C microblaze_0/libsrc/uartlite_v3_3/src -s libs  "SHELL=CMD" "COMPILER=mb-gcc" "ASSEMBLER=mb-as" "ARCHIVER=mb-ar" "COMPIL
TRACE::2023-11-27.12:49:22::SCWMssOS::ER_FLAGS=  -O2 -c -mcpu=v11.0 -mlittle-endian -mno-xl-reorder -mno-xl-soft-mul -mxl-barrel-shift -mxl-pattern-compare" "EXTRA_C
TRACE::2023-11-27.12:49:22::SCWMssOS::OMPILER_FLAGS=-g -ffunction-sections -fdata-sections -Wall -Wextra"

TRACE::2023-11-27.12:49:22::SCWMssOS::"Compiling uartlite"

TRACE::2023-11-27.12:49:23::SCWMssOS::'Finished building libraries'

TRACE::2023-11-27.12:49:23::SCWMssOS::Copying to export directory.
TRACE::2023-11-27.12:49:23::SCWMssOS:: Checking if to create the Supporting Applications
TRACE::2023-11-27.12:49:23::SCWMssOS:: No Linux domain exists, trying to generate FSBL 
LOG::2023-11-27.12:49:23::SCWSystem::Completed Processing the domain standalone_domain
LOG::2023-11-27.12:49:23::SCWSystem::Completed Processing the sysconfig mblaze_stopwatch_final
LOG::2023-11-27.12:49:23::SCWPlatform::Completed generating the artifacts for system configuration mblaze_stopwatch_final
TRACE::2023-11-27.12:49:23::SCWPlatform::Started preparing the platform 
TRACE::2023-11-27.12:49:23::SCWSystem::Writing the bif file for system config mblaze_stopwatch_final
TRACE::2023-11-27.12:49:23::SCWSystem::dir created 
TRACE::2023-11-27.12:49:23::SCWSystem::Writing the bif 
TRACE::2023-11-27.12:49:23::SCWPlatform::Started writing the spfm file 
TRACE::2023-11-27.12:49:23::SCWPlatform::Started writing the xpfm file 
TRACE::2023-11-27.12:49:23::SCWPlatform::Completed generating the platform
TRACE::2023-11-27.12:49:23::SCWPlatform::Trying to open the hw design at F:/Ian_Jung/workplace/Harman_Vitis/mblaze_stopwatch_final/hw/mblaze_stopwatch_fin.xsa
TRACE::2023-11-27.12:49:23::SCWPlatform::DSA given F:/Ian_Jung/workplace/Harman_Vitis/mblaze_stopwatch_final/hw/mblaze_stopwatch_fin.xsa
TRACE::2023-11-27.12:49:23::SCWPlatform::DSA absoulate path F:/Ian_Jung/workplace/Harman_Vitis/mblaze_stopwatch_final/hw/mblaze_stopwatch_fin.xsa
TRACE::2023-11-27.12:49:23::SCWPlatform::DSA directory F:/Ian_Jung/workplace/Harman_Vitis/mblaze_stopwatch_final/hw
TRACE::2023-11-27.12:49:23::SCWPlatform:: Platform Path F:/Ian_Jung/workplace/Harman_Vitis/mblaze_stopwatch_final/hw/mblaze_stopwatch_fin.xsa
TRACE::2023-11-27.12:49:23::SCWPlatform:: Unique name xilinx:basys3::0.0
TRACE::2023-11-27.12:49:23::SCWPlatform::Trying to set the existing hwdb with name mblaze_stopwatch_wrapper_15
TRACE::2023-11-27.12:49:23::SCWPlatform::Opened existing hwdb mblaze_stopwatch_wrapper_15
TRACE::2023-11-27.12:49:23::SCWPlatform::Found the Hw Db part of the input DSA
TRACE::2023-11-27.12:49:23::SCWMssOS::Checking the sw design at  F:/Ian_Jung/workplace/Harman_Vitis/mblaze_stopwatch_final/microblaze_0/standalone_domain/bsp/system.mss
TRACE::2023-11-27.12:49:23::SCWMssOS::DEBUG:  swdes dump  F:/Ian_Jung/workplace/Harman_Vitis/mblaze_stopwatch_final/microblaze_0/standalone_domain/bsp/system.mss|system||

TRACE::2023-11-27.12:49:23::SCWMssOS::Sw design exists and opened at  F:/Ian_Jung/workplace/Harman_Vitis/mblaze_stopwatch_final/microblaze_0/standalone_domain/bsp/system.mss
TRACE::2023-11-27.12:49:23::SCWWriter::formatted JSON is {
	"platformName":	"mblaze_stopwatch_final",
	"sprVersion":	"2.0",
	"mode":	"gui",
	"dsaType":	"Fixed",
	"platformDesc":	"mblaze_stopwatch_final",
	"platHandOff":	"F:/Ian_Jung/workplace/cora_z7/cora_cpu_2019/Basys3_Microblaze_real/mblaze_stopwatch_fin.xsa",
	"platIntHandOff":	"<platformDir>/hw/mblaze_stopwatch_fin.xsa",
	"deviceType":	"FPGA",
	"platIsPrebuiltAutogen":	"false",
	"platIsNoBootBsp":	"false",
	"hasFsblMakeHasChanges":	"false",
	"hasPmufwMakeHasChanges":	"false",
	"platPreBuiltFlag":	false,
	"platformSamplesDir":	"",
	"platActiveSys":	"mblaze_stopwatch_final",
	"systems":	[{
			"systemName":	"mblaze_stopwatch_final",
			"systemDesc":	"mblaze_stopwatch_final",
			"sysIsBootAutoGen":	"true",
			"systemDispName":	"mblaze_stopwatch_final",
			"sysActiveDom":	"standalone_domain",
			"sysDefaultDom":	"standalone_domain",
			"domains":	[{
					"domainName":	"standalone_domain",
					"domainDispName":	"standalone on microblaze_0",
					"domainDesc":	"standalone_domain",
					"processors":	"microblaze_0",
					"os":	"standalone",
					"sdxOs":	"standalone",
					"debugEnable":	"False",
					"domRuntimes":	["cpp"],
					"swRepo":	"",
					"mssOsVer":	"7.1",
					"mssFile":	"",
					"md5Digest":	"014f09aa243a9c860dc58c4f989b44fe",
					"compatibleApp":	"",
					"domType":	"mssDomain",
					"appSettings":	{
						"appCompilerFlags":	"",
						"appLinkerFlags":	""
					},
					"addedLibs":	[],
					"libOptions":	{
						"libsContainingOptions":	[]
					},
					"prebuiltLibs":	{
						"prebuiltIncPath":	[],
						"prebuiltLibPath":	[]
					},
					"isolation":	{
					}
				}]
		}]
}
KEYINFO::2023-11-27.12:49:23::SCWPlatform::updated the xpfm file.
TRACE::2023-11-27.12:49:23::SCWPlatform::Trying to open the hw design at F:/Ian_Jung/workplace/Harman_Vitis/mblaze_stopwatch_final/hw/mblaze_stopwatch_fin.xsa
TRACE::2023-11-27.12:49:23::SCWPlatform::DSA given F:/Ian_Jung/workplace/Harman_Vitis/mblaze_stopwatch_final/hw/mblaze_stopwatch_fin.xsa
TRACE::2023-11-27.12:49:23::SCWPlatform::DSA absoulate path F:/Ian_Jung/workplace/Harman_Vitis/mblaze_stopwatch_final/hw/mblaze_stopwatch_fin.xsa
TRACE::2023-11-27.12:49:23::SCWPlatform::DSA directory F:/Ian_Jung/workplace/Harman_Vitis/mblaze_stopwatch_final/hw
TRACE::2023-11-27.12:49:23::SCWPlatform:: Platform Path F:/Ian_Jung/workplace/Harman_Vitis/mblaze_stopwatch_final/hw/mblaze_stopwatch_fin.xsa
TRACE::2023-11-27.12:49:23::SCWPlatform:: Unique name xilinx:basys3::0.0
TRACE::2023-11-27.12:49:23::SCWPlatform::Trying to set the existing hwdb with name mblaze_stopwatch_wrapper_15
TRACE::2023-11-27.12:49:23::SCWPlatform::Opened existing hwdb mblaze_stopwatch_wrapper_15
TRACE::2023-11-27.12:49:23::SCWPlatform::Found the Hw Db part of the input DSA
TRACE::2023-11-27.12:49:23::SCWMssOS::Checking the sw design at  F:/Ian_Jung/workplace/Harman_Vitis/mblaze_stopwatch_final/microblaze_0/standalone_domain/bsp/system.mss
TRACE::2023-11-27.12:49:23::SCWMssOS::DEBUG:  swdes dump  F:/Ian_Jung/workplace/Harman_Vitis/mblaze_stopwatch_final/microblaze_0/standalone_domain/bsp/system.mss|system||

TRACE::2023-11-27.12:49:23::SCWMssOS::Sw design exists and opened at  F:/Ian_Jung/workplace/Harman_Vitis/mblaze_stopwatch_final/microblaze_0/standalone_domain/bsp/system.mss
